2026-03-12 05:16:36  INFO      Model       : florence-2-large (microsoft/Florence-2-large)
2026-03-12 05:16:36  INFO      Recursive   : True
2026-03-12 05:16:36  INFO      Max tags    : 20
2026-03-12 05:16:36  INFO      Silent      : True
2026-03-12 05:16:36  INFO      Continue err: True
2026-03-12 05:16:36  INFO      Log file    : /Users/ben/Dev/imgtagplus/imgtagplus_20260312_051636.log
2026-03-12 05:16:36  INFO      Found 4 image(s) scanning /Users/ben/Dev/imgtagplus/sandbox (recursively)
2026-03-12 05:16:36  INFO      Images to process: 4
2026-03-12 05:16:36  INFO      Resolved florence-2-large to Hugging Face ID: microsoft/Florence-2-large
2026-03-12 05:16:36  INFO      GPU environment detected. Loading native microsoft/Florence-2-large on mps with SDPA...
2026-03-12 05:16:36  DEBUG     close.started
2026-03-12 05:16:36  DEBUG     close.complete
2026-03-12 05:16:36  DEBUG     connect_tcp.started host='huggingface.co' port=443 local_address=None timeout=10 socket_options=None
2026-03-12 05:16:36  DEBUG     connect_tcp.complete return_value=<httpcore._backends.sync.SyncStream object at 0x1175a9450>
2026-03-12 05:16:36  DEBUG     start_tls.started ssl_context=<ssl.SSLContext object at 0x11740f2f0> server_hostname='huggingface.co' timeout=10
2026-03-12 05:16:37  DEBUG     start_tls.complete return_value=<httpcore._backends.sync.SyncStream object at 0x11265efd0>
2026-03-12 05:16:37  DEBUG     send_request_headers.started request=<Request [b'HEAD']>
2026-03-12 05:16:37  DEBUG     send_request_headers.complete
2026-03-12 05:16:37  DEBUG     send_request_body.started request=<Request [b'HEAD']>
2026-03-12 05:16:37  DEBUG     send_request_body.complete
2026-03-12 05:16:37  DEBUG     receive_response_headers.started request=<Request [b'HEAD']>
2026-03-12 05:16:37  DEBUG     receive_response_headers.complete return_value=(b'HTTP/1.1', 404, b'Not Found', [(b'Content-Type', b'text/plain; charset=utf-8'), (b'Content-Length', b'15'), (b'Connection', b'keep-alive'), (b'Date', b'Thu, 12 Mar 2026 09:16:37 GMT'), (b'ETag', b'W/"f-mY2VvLxuxB7KhsoOdQTlMTccuAQ"'), (b'X-Powered-By', b'huggingface-moon'), (b'X-Request-Id', b'Root=1-69b28475-2b74615d0e9240f346253e18;c17e6757-1851-4760-aaa9-2a4c34fe882a'), (b'RateLimit', b'"resolvers";r=2981;t=67'), (b'RateLimit-Policy', b'"fixed window";"resolvers";q=3000;w=300'), (b'cross-origin-opener-policy', b'same-origin'), (b'Referrer-Policy', b'strict-origin-when-cross-origin'), (b'Access-Control-Max-Age', b'86400'), (b'Access-Control-Allow-Origin', b'https://huggingface.co'), (b'Vary', b'Origin'), (b'Access-Control-Expose-Headers', b'X-Repo-Commit,X-Request-Id,X-Error-Code,X-Error-Message,X-Total-Count,ETag,Link,Accept-Ranges,Content-Range,X-Linked-Size,X-Linked-ETag,X-Xet-Hash'), (b'X-Repo-Commit', b'21a599d414c4d928c9032694c424fb94458e3594'), (b'Accept-Ranges', b'bytes'), (b'X-Hub-Cache', b'MISS'), (b'X-Error-Code', b'EntryNotFound'), (b'X-Error-Message', b'Entry not found'), (b'X-Cache', b'Error from cloudfront'), (b'Via', b'1.1 79abce09deb7b574fbeae65ed45cc3de.cloudfront.net (CloudFront)'), (b'X-Amz-Cf-Pop', b'ATL59-P13'), (b'X-Amz-Cf-Id', b'HJwKH96q-jSM6Stkl02TabL_0qRlsbtccEQjWPQAEVOwIfRbbaEIXw==')])
2026-03-12 05:16:37  INFO      HTTP Request: HEAD https://huggingface.co/microsoft/Florence-2-large/resolve/main/processor_config.json "HTTP/1.1 404 Not Found"
2026-03-12 05:16:37  DEBUG     receive_response_body.started request=<Request [b'HEAD']>
2026-03-12 05:16:37  DEBUG     receive_response_body.complete
2026-03-12 05:16:37  DEBUG     response_closed.started
2026-03-12 05:16:37  DEBUG     response_closed.complete
2026-03-12 05:16:37  DEBUG     send_request_headers.started request=<Request [b'HEAD']>
2026-03-12 05:16:37  DEBUG     send_request_headers.complete
2026-03-12 05:16:37  DEBUG     send_request_body.started request=<Request [b'HEAD']>
2026-03-12 05:16:37  DEBUG     send_request_body.complete
2026-03-12 05:16:37  DEBUG     receive_response_headers.started request=<Request [b'HEAD']>
2026-03-12 05:16:37  DEBUG     receive_response_headers.complete return_value=(b'HTTP/1.1', 307, b'Temporary Redirect', [(b'Content-Type', b'text/plain; charset=utf-8'), (b'Content-Length', b'282'), (b'Connection', b'keep-alive'), (b'Date', b'Thu, 12 Mar 2026 09:16:37 GMT'), (b'Location', b'/api/resolve-cache/models/microsoft/Florence-2-large/21a599d414c4d928c9032694c424fb94458e3594/preprocessor_config.json?%2Fmicrosoft%2FFlorence-2-large%2Fresolve%2Fmain%2Fpreprocessor_config.json=&etag=%2285cd7be3568df661ad536b6ab20d59b08ba079ae%22'), (b'X-Powered-By', b'huggingface-moon'), (b'X-Request-Id', b'Root=1-69b28475-78ad46c523c99629057b62f5;4e20a77e-3d51-46ba-9c97-8e18dfcceedd'), (b'RateLimit', b'"resolvers";r=2980;t=67'), (b'RateLimit-Policy', b'"fixed window";"resolvers";q=3000;w=300'), (b'cross-origin-opener-policy', b'same-origin'), (b'Referrer-Policy', b'strict-origin-when-cross-origin'), (b'Access-Control-Max-Age', b'86400'), (b'Access-Control-Allow-Origin', b'https://huggingface.co'), (b'Vary', b'Origin, Accept'), (b'Access-Control-Expose-Headers', b'X-Repo-Commit,X-Request-Id,X-Error-Code,X-Error-Message,X-Total-Count,ETag,Link,Accept-Ranges,Content-Range,X-Linked-Size,X-Linked-ETag,X-Xet-Hash'), (b'X-Repo-Commit', b'21a599d414c4d928c9032694c424fb94458e3594'), (b'Accept-Ranges', b'bytes'), (b'X-HF-Warning', b'unauthenticated; Warning: You are sending unauthenticated requests to the HF Hub. Please set a HF_TOKEN to enable higher rate limits and faster downloads.'), (b'X-Hub-Cache', b'MISS'), (b'Content-Disposition', b'inline; filename*=UTF-8\'\'preprocessor_config.json; filename="preprocessor_config.json";'), (b'Content-Security-Policy', b"default-src 'none'; sandbox"), (b'X-Linked-ETag', b'"85cd7be3568df661ad536b6ab20d59b08ba079ae"'), (b'X-Cache', b'Miss from cloudfront'), (b'Via', b'1.1 79abce09deb7b574fbeae65ed45cc3de.cloudfront.net (CloudFront)'), (b'X-Amz-Cf-Pop', b'ATL59-P13'), (b'X-Amz-Cf-Id', b'1HWo3qYHyx8VbX_3pQGOOX-n2Ni7LiXc513_o8wu3HkpNh9r3UUqxg==')])
2026-03-12 05:16:37  INFO      HTTP Request: HEAD https://huggingface.co/microsoft/Florence-2-large/resolve/main/preprocessor_config.json "HTTP/1.1 307 Temporary Redirect"
2026-03-12 05:16:37  DEBUG     receive_response_body.started request=<Request [b'HEAD']>
2026-03-12 05:16:37  DEBUG     receive_response_body.complete
2026-03-12 05:16:37  DEBUG     response_closed.started
2026-03-12 05:16:37  DEBUG     response_closed.complete
2026-03-12 05:16:37  DEBUG     send_request_headers.started request=<Request [b'HEAD']>
2026-03-12 05:16:37  DEBUG     send_request_headers.complete
2026-03-12 05:16:37  DEBUG     send_request_body.started request=<Request [b'HEAD']>
2026-03-12 05:16:37  DEBUG     send_request_body.complete
2026-03-12 05:16:37  DEBUG     receive_response_headers.started request=<Request [b'HEAD']>
2026-03-12 05:16:37  DEBUG     receive_response_headers.complete return_value=(b'HTTP/1.1', 200, b'OK', [(b'Content-Type', b'text/plain; charset=utf-8'), (b'Content-Length', b'806'), (b'Connection', b'keep-alive'), (b'Date', b'Tue, 05 Aug 2025 08:16:29 GMT'), (b'ETag', b'"85cd7be3568df661ad536b6ab20d59b08ba079ae"'), (b'X-Powered-By', b'huggingface-moon'), (b'cross-origin-opener-policy', b'same-origin'), (b'Referrer-Policy', b'strict-origin-when-cross-origin'), (b'X-Request-Id', b'Root=1-6891bddd-32b9ffe37c867e012b653a45;937f787b-ce8b-4b89-9630-9468e7e7f420'), (b'Access-Control-Allow-Origin', b'https://huggingface.co'), (b'Access-Control-Expose-Headers', b'X-Repo-Commit,X-Request-Id,X-Error-Code,X-Error-Message,X-Total-Count,ETag,Link,Accept-Ranges,Content-Range,X-Linked-Size,X-Linked-ETag,X-Xet-Hash'), (b'Set-Cookie', b'token=; Path=/; Expires=Thu, 01 Jan 1970 00:00:00 GMT; Secure; SameSite=None'), (b'Set-Cookie', b'token=; Domain=huggingface.co; Path=/; Expires=Thu, 01 Jan 1970 00:00:00 GMT; Secure; SameSite=Lax'), (b'X-Repo-Commit', b'21a599d414c4d928c9032694c424fb94458e3594'), (b'Accept-Ranges', b'bytes'), (b'Content-Disposition', b'inline; filename*=UTF-8\'\'preprocessor_config.json; filename="preprocessor_config.json";'), (b'Content-Security-Policy', b"default-src 'none'; sandbox"), (b'Vary', b'Origin'), (b'X-Cache', b'Hit from cloudfront'), (b'Via', b'1.1 79abce09deb7b574fbeae65ed45cc3de.cloudfront.net (CloudFront)'), (b'X-Amz-Cf-Pop', b'ATL59-P13'), (b'X-Amz-Cf-Id', b'bDkfmft8gkwdjzavPU2QU-tkQe4esQ7GtNhrXAZpCCnxT9wZnCD0Mg=='), (b'Age', b'18925208')])
2026-03-12 05:16:37  INFO      HTTP Request: HEAD https://huggingface.co/api/resolve-cache/models/microsoft/Florence-2-large/21a599d414c4d928c9032694c424fb94458e3594/preprocessor_config.json "HTTP/1.1 200 OK"
2026-03-12 05:16:37  DEBUG     receive_response_body.started request=<Request [b'HEAD']>
2026-03-12 05:16:37  DEBUG     receive_response_body.complete
2026-03-12 05:16:37  DEBUG     response_closed.started
2026-03-12 05:16:37  DEBUG     response_closed.complete
2026-03-12 05:16:37  DEBUG     send_request_headers.started request=<Request [b'HEAD']>
2026-03-12 05:16:37  DEBUG     send_request_headers.complete
2026-03-12 05:16:37  DEBUG     send_request_body.started request=<Request [b'HEAD']>
2026-03-12 05:16:37  DEBUG     send_request_body.complete
2026-03-12 05:16:37  DEBUG     receive_response_headers.started request=<Request [b'HEAD']>
2026-03-12 05:16:37  DEBUG     receive_response_headers.complete return_value=(b'HTTP/1.1', 404, b'Not Found', [(b'Content-Type', b'text/plain; charset=utf-8'), (b'Content-Length', b'15'), (b'Connection', b'keep-alive'), (b'Date', b'Thu, 12 Mar 2026 09:16:37 GMT'), (b'ETag', b'W/"f-mY2VvLxuxB7KhsoOdQTlMTccuAQ"'), (b'X-Powered-By', b'huggingface-moon'), (b'X-Request-Id', b'Root=1-69b28475-4057d8c9163817020dd7acf1;079f0226-46ac-4b1a-8bf5-70fcbcd0c254'), (b'RateLimit', b'"resolvers";r=2979;t=67'), (b'RateLimit-Policy', b'"fixed window";"resolvers";q=3000;w=300'), (b'cross-origin-opener-policy', b'same-origin'), (b'Referrer-Policy', b'strict-origin-when-cross-origin'), (b'Access-Control-Max-Age', b'86400'), (b'Access-Control-Allow-Origin', b'https://huggingface.co'), (b'Vary', b'Origin'), (b'Access-Control-Expose-Headers', b'X-Repo-Commit,X-Request-Id,X-Error-Code,X-Error-Message,X-Total-Count,ETag,Link,Accept-Ranges,Content-Range,X-Linked-Size,X-Linked-ETag,X-Xet-Hash'), (b'X-Repo-Commit', b'21a599d414c4d928c9032694c424fb94458e3594'), (b'Accept-Ranges', b'bytes'), (b'X-Hub-Cache', b'MISS'), (b'X-Error-Code', b'EntryNotFound'), (b'X-Error-Message', b'Entry not found'), (b'X-Cache', b'Error from cloudfront'), (b'Via', b'1.1 79abce09deb7b574fbeae65ed45cc3de.cloudfront.net (CloudFront)'), (b'X-Amz-Cf-Pop', b'ATL59-P13'), (b'X-Amz-Cf-Id', b'6epE3AJkgg3kBliy4em15OlAGFF5uWHftZXGOiq3sBh-D9zgC3Vavg==')])
2026-03-12 05:16:37  INFO      HTTP Request: HEAD https://huggingface.co/microsoft/Florence-2-large/resolve/main/processor_config.json "HTTP/1.1 404 Not Found"
2026-03-12 05:16:37  DEBUG     receive_response_body.started request=<Request [b'HEAD']>
2026-03-12 05:16:37  DEBUG     receive_response_body.complete
2026-03-12 05:16:37  DEBUG     response_closed.started
2026-03-12 05:16:37  DEBUG     response_closed.complete
2026-03-12 05:16:37  DEBUG     send_request_headers.started request=<Request [b'HEAD']>
2026-03-12 05:16:37  DEBUG     send_request_headers.complete
2026-03-12 05:16:37  DEBUG     send_request_body.started request=<Request [b'HEAD']>
2026-03-12 05:16:37  DEBUG     send_request_body.complete
2026-03-12 05:16:37  DEBUG     receive_response_headers.started request=<Request [b'HEAD']>
2026-03-12 05:16:37  DEBUG     receive_response_headers.complete return_value=(b'HTTP/1.1', 307, b'Temporary Redirect', [(b'Content-Type', b'text/plain; charset=utf-8'), (b'Content-Length', b'282'), (b'Connection', b'keep-alive'), (b'Date', b'Thu, 12 Mar 2026 09:16:37 GMT'), (b'Location', b'/api/resolve-cache/models/microsoft/Florence-2-large/21a599d414c4d928c9032694c424fb94458e3594/preprocessor_config.json?%2Fmicrosoft%2FFlorence-2-large%2Fresolve%2Fmain%2Fpreprocessor_config.json=&etag=%2285cd7be3568df661ad536b6ab20d59b08ba079ae%22'), (b'X-Powered-By', b'huggingface-moon'), (b'X-Request-Id', b'Root=1-69b28475-73fe62c4649dd1f47a9f6512;59ade0a1-6796-498d-9a1a-95e85d84f46b'), (b'RateLimit', b'"resolvers";r=2978;t=67'), (b'RateLimit-Policy', b'"fixed window";"resolvers";q=3000;w=300'), (b'cross-origin-opener-policy', b'same-origin'), (b'Referrer-Policy', b'strict-origin-when-cross-origin'), (b'Access-Control-Max-Age', b'86400'), (b'Access-Control-Allow-Origin', b'https://huggingface.co'), (b'Vary', b'Origin, Accept'), (b'Access-Control-Expose-Headers', b'X-Repo-Commit,X-Request-Id,X-Error-Code,X-Error-Message,X-Total-Count,ETag,Link,Accept-Ranges,Content-Range,X-Linked-Size,X-Linked-ETag,X-Xet-Hash'), (b'X-Repo-Commit', b'21a599d414c4d928c9032694c424fb94458e3594'), (b'Accept-Ranges', b'bytes'), (b'X-Hub-Cache', b'HIT'), (b'Content-Disposition', b'inline; filename*=UTF-8\'\'preprocessor_config.json; filename="preprocessor_config.json";'), (b'Content-Security-Policy', b"default-src 'none'; sandbox"), (b'X-Linked-ETag', b'"85cd7be3568df661ad536b6ab20d59b08ba079ae"'), (b'X-Cache', b'Miss from cloudfront'), (b'Via', b'1.1 79abce09deb7b574fbeae65ed45cc3de.cloudfront.net (CloudFront)'), (b'X-Amz-Cf-Pop', b'ATL59-P13'), (b'X-Amz-Cf-Id', b'3wOrsKN0mN4Cgf_5yGmz9-9Tdx69fnPtgRqjxkWsPIrMReb1PhS5qg==')])
2026-03-12 05:16:37  INFO      HTTP Request: HEAD https://huggingface.co/microsoft/Florence-2-large/resolve/main/preprocessor_config.json "HTTP/1.1 307 Temporary Redirect"
2026-03-12 05:16:37  DEBUG     receive_response_body.started request=<Request [b'HEAD']>
2026-03-12 05:16:37  DEBUG     receive_response_body.complete
2026-03-12 05:16:37  DEBUG     response_closed.started
2026-03-12 05:16:37  DEBUG     response_closed.complete
2026-03-12 05:16:37  DEBUG     send_request_headers.started request=<Request [b'HEAD']>
2026-03-12 05:16:37  DEBUG     send_request_headers.complete
2026-03-12 05:16:37  DEBUG     send_request_body.started request=<Request [b'HEAD']>
2026-03-12 05:16:37  DEBUG     send_request_body.complete
2026-03-12 05:16:37  DEBUG     receive_response_headers.started request=<Request [b'HEAD']>
2026-03-12 05:16:38  DEBUG     receive_response_headers.complete return_value=(b'HTTP/1.1', 200, b'OK', [(b'Content-Type', b'text/plain; charset=utf-8'), (b'Content-Length', b'806'), (b'Connection', b'keep-alive'), (b'Date', b'Tue, 20 Jan 2026 11:17:10 GMT'), (b'ETag', b'"85cd7be3568df661ad536b6ab20d59b08ba079ae"'), (b'X-Powered-By', b'huggingface-moon'), (b'X-Request-Id', b'Root=1-696f6436-11d5d1345fc0876359369977;fde06e75-6581-494c-a6f3-050111942dc8'), (b'RateLimit', b'"resolvers";r=2999;t=38'), (b'RateLimit-Policy', b'"fixed window";"resolvers";q=3000;w=300'), (b'cross-origin-opener-policy', b'same-origin'), (b'Referrer-Policy', b'strict-origin-when-cross-origin'), (b'Access-Control-Max-Age', b'86400'), (b'Access-Control-Allow-Origin', b'https://huggingface.co'), (b'Access-Control-Expose-Headers', b'X-Repo-Commit,X-Request-Id,X-Error-Code,X-Error-Message,X-Total-Count,ETag,Link,Accept-Ranges,Content-Range,X-Linked-Size,X-Linked-ETag,X-Xet-Hash'), (b'X-Repo-Commit', b'21a599d414c4d928c9032694c424fb94458e3594'), (b'Accept-Ranges', b'bytes'), (b'Content-Disposition', b'inline; filename*=UTF-8\'\'preprocessor_config.json; filename="preprocessor_config.json";'), (b'Content-Security-Policy', b"default-src 'none'; sandbox"), (b'Vary', b'Origin'), (b'X-Cache', b'Hit from cloudfront'), (b'Via', b'1.1 79abce09deb7b574fbeae65ed45cc3de.cloudfront.net (CloudFront)'), (b'X-Amz-Cf-Pop', b'ATL59-P13'), (b'X-Amz-Cf-Id', b'8GFq7UYQppdV8FMydtgWcGlwmT4RTuWb-mqidKUrBNZu4mzpuVZmSQ=='), (b'Age', b'4399168')])
2026-03-12 05:16:38  INFO      HTTP Request: HEAD https://huggingface.co/api/resolve-cache/models/microsoft/Florence-2-large/21a599d414c4d928c9032694c424fb94458e3594/preprocessor_config.json "HTTP/1.1 200 OK"
2026-03-12 05:16:38  DEBUG     receive_response_body.started request=<Request [b'HEAD']>
2026-03-12 05:16:38  DEBUG     receive_response_body.complete
2026-03-12 05:16:38  DEBUG     response_closed.started
2026-03-12 05:16:38  DEBUG     response_closed.complete
2026-03-12 05:16:38  DEBUG     send_request_headers.started request=<Request [b'HEAD']>
2026-03-12 05:16:38  DEBUG     send_request_headers.complete
2026-03-12 05:16:38  DEBUG     send_request_body.started request=<Request [b'HEAD']>
2026-03-12 05:16:38  DEBUG     send_request_body.complete
2026-03-12 05:16:38  DEBUG     receive_response_headers.started request=<Request [b'HEAD']>
2026-03-12 05:16:38  DEBUG     receive_response_headers.complete return_value=(b'HTTP/1.1', 307, b'Temporary Redirect', [(b'Content-Type', b'text/plain; charset=utf-8'), (b'Content-Length', b'280'), (b'Connection', b'keep-alive'), (b'Date', b'Thu, 12 Mar 2026 09:16:38 GMT'), (b'Location', b'/api/resolve-cache/models/microsoft/Florence-2-large/21a599d414c4d928c9032694c424fb94458e3594/processing_florence2.py?%2Fmicrosoft%2FFlorence-2-large%2Fresolve%2Fmain%2Fprocessing_florence2.py=&etag=%22dcb745103fcc4c35345d3ed1afe5002173f449d2%22'), (b'X-Powered-By', b'huggingface-moon'), (b'X-Request-Id', b'Root=1-69b28476-1152034629edbf452e99b98c;e0ebda74-752d-4226-96c2-b2e249ed9308'), (b'RateLimit', b'"resolvers";r=2977;t=66'), (b'RateLimit-Policy', b'"fixed window";"resolvers";q=3000;w=300'), (b'cross-origin-opener-policy', b'same-origin'), (b'Referrer-Policy', b'strict-origin-when-cross-origin'), (b'Access-Control-Max-Age', b'86400'), (b'Access-Control-Allow-Origin', b'https://huggingface.co'), (b'Vary', b'Origin, Accept'), (b'Access-Control-Expose-Headers', b'X-Repo-Commit,X-Request-Id,X-Error-Code,X-Error-Message,X-Total-Count,ETag,Link,Accept-Ranges,Content-Range,X-Linked-Size,X-Linked-ETag,X-Xet-Hash'), (b'X-Repo-Commit', b'21a599d414c4d928c9032694c424fb94458e3594'), (b'Accept-Ranges', b'bytes'), (b'X-Hub-Cache', b'HIT'), (b'Content-Disposition', b'inline; filename*=UTF-8\'\'processing_florence2.py; filename="processing_florence2.py";'), (b'Content-Security-Policy', b"default-src 'none'; sandbox"), (b'X-Linked-ETag', b'"dcb745103fcc4c35345d3ed1afe5002173f449d2"'), (b'X-Cache', b'Miss from cloudfront'), (b'Via', b'1.1 79abce09deb7b574fbeae65ed45cc3de.cloudfront.net (CloudFront)'), (b'X-Amz-Cf-Pop', b'ATL59-P13'), (b'X-Amz-Cf-Id', b'VfSzcrPHXWehOY56kXTynpT93tLPsG1ETrQepCIDUST2WgW2eKfo4w==')])
2026-03-12 05:16:38  INFO      HTTP Request: HEAD https://huggingface.co/microsoft/Florence-2-large/resolve/main/processing_florence2.py "HTTP/1.1 307 Temporary Redirect"
2026-03-12 05:16:38  DEBUG     receive_response_body.started request=<Request [b'HEAD']>
2026-03-12 05:16:38  DEBUG     receive_response_body.complete
2026-03-12 05:16:38  DEBUG     response_closed.started
2026-03-12 05:16:38  DEBUG     response_closed.complete
2026-03-12 05:16:38  DEBUG     send_request_headers.started request=<Request [b'HEAD']>
2026-03-12 05:16:38  DEBUG     send_request_headers.complete
2026-03-12 05:16:38  DEBUG     send_request_body.started request=<Request [b'HEAD']>
2026-03-12 05:16:38  DEBUG     send_request_body.complete
2026-03-12 05:16:38  DEBUG     receive_response_headers.started request=<Request [b'HEAD']>
2026-03-12 05:16:38  DEBUG     receive_response_headers.complete return_value=(b'HTTP/1.1', 200, b'OK', [(b'Content-Type', b'text/plain; charset=utf-8'), (b'Content-Length', b'48674'), (b'Connection', b'keep-alive'), (b'Date', b'Mon, 01 Sep 2025 00:12:15 GMT'), (b'ETag', b'"dcb745103fcc4c35345d3ed1afe5002173f449d2"'), (b'X-Powered-By', b'huggingface-moon'), (b'cross-origin-opener-policy', b'same-origin'), (b'Referrer-Policy', b'strict-origin-when-cross-origin'), (b'X-Request-Id', b'Root=1-68b4e4df-07cfec8d15ab153d3b79d757;29a12c6d-1f27-4534-84c1-777e967e43ef'), (b'Access-Control-Allow-Origin', b'https://huggingface.co'), (b'Access-Control-Expose-Headers', b'X-Repo-Commit,X-Request-Id,X-Error-Code,X-Error-Message,X-Total-Count,ETag,Link,Accept-Ranges,Content-Range,X-Linked-Size,X-Linked-ETag,X-Xet-Hash'), (b'X-Repo-Commit', b'21a599d414c4d928c9032694c424fb94458e3594'), (b'Accept-Ranges', b'bytes'), (b'Content-Disposition', b'inline; filename*=UTF-8\'\'processing_florence2.py; filename="processing_florence2.py";'), (b'Content-Security-Policy', b"default-src 'none'; sandbox"), (b'Vary', b'Origin'), (b'X-Cache', b'Hit from cloudfront'), (b'Via', b'1.1 79abce09deb7b574fbeae65ed45cc3de.cloudfront.net (CloudFront)'), (b'X-Amz-Cf-Pop', b'ATL59-P13'), (b'X-Amz-Cf-Id', b'iDYqLkJa1m9WGzBKfWF6Blqz7Qx0857Wfc__rrW6b7_HzffoyURaAg=='), (b'Age', b'16621463')])
2026-03-12 05:16:38  INFO      HTTP Request: HEAD https://huggingface.co/api/resolve-cache/models/microsoft/Florence-2-large/21a599d414c4d928c9032694c424fb94458e3594/processing_florence2.py "HTTP/1.1 200 OK"
2026-03-12 05:16:38  DEBUG     receive_response_body.started request=<Request [b'HEAD']>
2026-03-12 05:16:38  DEBUG     receive_response_body.complete
2026-03-12 05:16:38  DEBUG     response_closed.started
2026-03-12 05:16:38  DEBUG     response_closed.complete
2026-03-12 05:16:38  DEBUG     send_request_headers.started request=<Request [b'GET']>
2026-03-12 05:16:38  DEBUG     send_request_headers.complete
2026-03-12 05:16:38  DEBUG     send_request_body.started request=<Request [b'GET']>
2026-03-12 05:16:38  DEBUG     send_request_body.complete
2026-03-12 05:16:38  DEBUG     receive_response_headers.started request=<Request [b'GET']>
2026-03-12 05:16:38  DEBUG     receive_response_headers.complete return_value=(b'HTTP/1.1', 404, b'Not Found', [(b'Content-Type', b'application/json; charset=utf-8'), (b'Content-Length', b'64'), (b'Connection', b'keep-alive'), (b'Date', b'Thu, 12 Mar 2026 09:16:38 GMT'), (b'ETag', b'W/"40-09f9IAqP13xarAhQxFS2W8rvRkM"'), (b'X-Powered-By', b'huggingface-moon'), (b'X-Request-Id', b'Root=1-69b28476-64a9ce2813988e496b9ba988;0f80b7e2-1cfd-442e-89e3-218a624ad68c'), (b'RateLimit', b'"api";r=496;t=66'), (b'RateLimit-Policy', b'"fixed window";"api";q=500;w=300'), (b'cross-origin-opener-policy', b'same-origin'), (b'Referrer-Policy', b'strict-origin-when-cross-origin'), (b'Access-Control-Max-Age', b'86400'), (b'Access-Control-Allow-Origin', b'https://huggingface.co'), (b'Vary', b'Origin'), (b'Access-Control-Expose-Headers', b'X-Repo-Commit,X-Request-Id,X-Error-Code,X-Error-Message,X-Total-Count,ETag,Link,Accept-Ranges,Content-Range,X-Linked-Size,X-Linked-ETag,X-Xet-Hash'), (b'X-Error-Code', b'EntryNotFound'), (b'X-Error-Message', b'additional_chat_templates does not exist on "main"'), (b'X-Cache', b'Error from cloudfront'), (b'Via', b'1.1 79abce09deb7b574fbeae65ed45cc3de.cloudfront.net (CloudFront)'), (b'X-Amz-Cf-Pop', b'ATL59-P13'), (b'X-Amz-Cf-Id', b'_nRkUeWcTLTRaLLLND68t7Z9RVz6AEUVLwYEmysBDp2Rl-9QIKnHqA==')])
2026-03-12 05:16:38  INFO      HTTP Request: GET https://huggingface.co/api/models/microsoft/Florence-2-large/tree/main/additional_chat_templates?recursive=false&expand=false "HTTP/1.1 404 Not Found"
2026-03-12 05:16:38  DEBUG     receive_response_body.started request=<Request [b'GET']>
2026-03-12 05:16:38  DEBUG     receive_response_body.complete
2026-03-12 05:16:38  DEBUG     response_closed.started
2026-03-12 05:16:38  DEBUG     response_closed.complete
2026-03-12 05:16:38  DEBUG     send_request_headers.started request=<Request [b'HEAD']>
2026-03-12 05:16:38  DEBUG     send_request_headers.complete
2026-03-12 05:16:38  DEBUG     send_request_body.started request=<Request [b'HEAD']>
2026-03-12 05:16:38  DEBUG     send_request_body.complete
2026-03-12 05:16:38  DEBUG     receive_response_headers.started request=<Request [b'HEAD']>
2026-03-12 05:16:38  DEBUG     receive_response_headers.complete return_value=(b'HTTP/1.1', 404, b'Not Found', [(b'Content-Type', b'text/plain; charset=utf-8'), (b'Content-Length', b'15'), (b'Connection', b'keep-alive'), (b'Date', b'Thu, 12 Mar 2026 09:16:38 GMT'), (b'ETag', b'W/"f-mY2VvLxuxB7KhsoOdQTlMTccuAQ"'), (b'X-Powered-By', b'huggingface-moon'), (b'X-Request-Id', b'Root=1-69b28476-04c7fc3a55cfd5ad475baf20;3cef2cc9-e027-47f2-ab5a-c9cafc4521eb'), (b'RateLimit', b'"resolvers";r=2976;t=66'), (b'RateLimit-Policy', b'"fixed window";"resolvers";q=3000;w=300'), (b'cross-origin-opener-policy', b'same-origin'), (b'Referrer-Policy', b'strict-origin-when-cross-origin'), (b'Access-Control-Max-Age', b'86400'), (b'Access-Control-Allow-Origin', b'https://huggingface.co'), (b'Vary', b'Origin'), (b'Access-Control-Expose-Headers', b'X-Repo-Commit,X-Request-Id,X-Error-Code,X-Error-Message,X-Total-Count,ETag,Link,Accept-Ranges,Content-Range,X-Linked-Size,X-Linked-ETag,X-Xet-Hash'), (b'X-Repo-Commit', b'21a599d414c4d928c9032694c424fb94458e3594'), (b'Accept-Ranges', b'bytes'), (b'X-Hub-Cache', b'MISS'), (b'X-Error-Code', b'EntryNotFound'), (b'X-Error-Message', b'Entry not found'), (b'X-Cache', b'Error from cloudfront'), (b'Via', b'1.1 79abce09deb7b574fbeae65ed45cc3de.cloudfront.net (CloudFront)'), (b'X-Amz-Cf-Pop', b'ATL59-P13'), (b'X-Amz-Cf-Id', b'XfgdrMrS0zDLkrOyr9vnIDiTRpzehb1bQ-M2ep5eIh0gEnhJBnXvFA==')])
2026-03-12 05:16:38  INFO      HTTP Request: HEAD https://huggingface.co/microsoft/Florence-2-large/resolve/main/processor_config.json "HTTP/1.1 404 Not Found"
2026-03-12 05:16:38  DEBUG     receive_response_body.started request=<Request [b'HEAD']>
2026-03-12 05:16:38  DEBUG     receive_response_body.complete
2026-03-12 05:16:38  DEBUG     response_closed.started
2026-03-12 05:16:38  DEBUG     response_closed.complete
2026-03-12 05:16:38  DEBUG     send_request_headers.started request=<Request [b'HEAD']>
2026-03-12 05:16:38  DEBUG     send_request_headers.complete
2026-03-12 05:16:38  DEBUG     send_request_body.started request=<Request [b'HEAD']>
2026-03-12 05:16:38  DEBUG     send_request_body.complete
2026-03-12 05:16:38  DEBUG     receive_response_headers.started request=<Request [b'HEAD']>
2026-03-12 05:16:39  DEBUG     receive_response_headers.complete return_value=(b'HTTP/1.1', 404, b'Not Found', [(b'Content-Type', b'text/plain; charset=utf-8'), (b'Content-Length', b'15'), (b'Connection', b'keep-alive'), (b'Date', b'Thu, 12 Mar 2026 09:16:39 GMT'), (b'ETag', b'W/"f-mY2VvLxuxB7KhsoOdQTlMTccuAQ"'), (b'X-Powered-By', b'huggingface-moon'), (b'X-Request-Id', b'Root=1-69b28477-0b500fa712fe487f16c6749e;5e9739ad-d777-4fa4-88cb-4f309a170e26'), (b'RateLimit', b'"resolvers";r=2975;t=65'), (b'RateLimit-Policy', b'"fixed window";"resolvers";q=3000;w=300'), (b'cross-origin-opener-policy', b'same-origin'), (b'Referrer-Policy', b'strict-origin-when-cross-origin'), (b'Access-Control-Max-Age', b'86400'), (b'Access-Control-Allow-Origin', b'https://huggingface.co'), (b'Vary', b'Origin'), (b'Access-Control-Expose-Headers', b'X-Repo-Commit,X-Request-Id,X-Error-Code,X-Error-Message,X-Total-Count,ETag,Link,Accept-Ranges,Content-Range,X-Linked-Size,X-Linked-ETag,X-Xet-Hash'), (b'X-Repo-Commit', b'21a599d414c4d928c9032694c424fb94458e3594'), (b'Accept-Ranges', b'bytes'), (b'X-Hub-Cache', b'MISS'), (b'X-Error-Code', b'EntryNotFound'), (b'X-Error-Message', b'Entry not found'), (b'X-Cache', b'Error from cloudfront'), (b'Via', b'1.1 79abce09deb7b574fbeae65ed45cc3de.cloudfront.net (CloudFront)'), (b'X-Amz-Cf-Pop', b'ATL59-P13'), (b'X-Amz-Cf-Id', b'd4q7vz0coo8YZfsOHkvluno8s1tZkUjyzRfX9G0zrhfcgXP_inr_Kw==')])
2026-03-12 05:16:39  INFO      HTTP Request: HEAD https://huggingface.co/microsoft/Florence-2-large/resolve/main/chat_template.json "HTTP/1.1 404 Not Found"
2026-03-12 05:16:39  DEBUG     receive_response_body.started request=<Request [b'HEAD']>
2026-03-12 05:16:39  DEBUG     receive_response_body.complete
2026-03-12 05:16:39  DEBUG     response_closed.started
2026-03-12 05:16:39  DEBUG     response_closed.complete
2026-03-12 05:16:39  DEBUG     send_request_headers.started request=<Request [b'HEAD']>
2026-03-12 05:16:39  DEBUG     send_request_headers.complete
2026-03-12 05:16:39  DEBUG     send_request_body.started request=<Request [b'HEAD']>
2026-03-12 05:16:39  DEBUG     send_request_body.complete
2026-03-12 05:16:39  DEBUG     receive_response_headers.started request=<Request [b'HEAD']>
2026-03-12 05:16:39  DEBUG     receive_response_headers.complete return_value=(b'HTTP/1.1', 404, b'Not Found', [(b'Content-Type', b'text/plain; charset=utf-8'), (b'Content-Length', b'15'), (b'Connection', b'keep-alive'), (b'Date', b'Thu, 12 Mar 2026 09:16:39 GMT'), (b'ETag', b'W/"f-mY2VvLxuxB7KhsoOdQTlMTccuAQ"'), (b'X-Powered-By', b'huggingface-moon'), (b'X-Request-Id', b'Root=1-69b28477-2f2f159c3f81d1892db39681;f09a2da2-48da-46a5-b375-32e001dbc812'), (b'RateLimit', b'"resolvers";r=2974;t=65'), (b'RateLimit-Policy', b'"fixed window";"resolvers";q=3000;w=300'), (b'cross-origin-opener-policy', b'same-origin'), (b'Referrer-Policy', b'strict-origin-when-cross-origin'), (b'Access-Control-Max-Age', b'86400'), (b'Access-Control-Allow-Origin', b'https://huggingface.co'), (b'Vary', b'Origin'), (b'Access-Control-Expose-Headers', b'X-Repo-Commit,X-Request-Id,X-Error-Code,X-Error-Message,X-Total-Count,ETag,Link,Accept-Ranges,Content-Range,X-Linked-Size,X-Linked-ETag,X-Xet-Hash'), (b'X-Repo-Commit', b'21a599d414c4d928c9032694c424fb94458e3594'), (b'Accept-Ranges', b'bytes'), (b'X-Hub-Cache', b'MISS'), (b'X-Error-Code', b'EntryNotFound'), (b'X-Error-Message', b'Entry not found'), (b'X-Cache', b'Error from cloudfront'), (b'Via', b'1.1 79abce09deb7b574fbeae65ed45cc3de.cloudfront.net (CloudFront)'), (b'X-Amz-Cf-Pop', b'ATL59-P13'), (b'X-Amz-Cf-Id', b'vGkKNwZoob9bE0vuqrxuimTyCLpB4-N1p9JptO02oc2OEwT4A_DPbg==')])
2026-03-12 05:16:39  INFO      HTTP Request: HEAD https://huggingface.co/microsoft/Florence-2-large/resolve/main/chat_template.jinja "HTTP/1.1 404 Not Found"
2026-03-12 05:16:39  DEBUG     receive_response_body.started request=<Request [b'HEAD']>
2026-03-12 05:16:39  DEBUG     receive_response_body.complete
2026-03-12 05:16:39  DEBUG     response_closed.started
2026-03-12 05:16:39  DEBUG     response_closed.complete
2026-03-12 05:16:39  DEBUG     send_request_headers.started request=<Request [b'HEAD']>
2026-03-12 05:16:39  DEBUG     send_request_headers.complete
2026-03-12 05:16:39  DEBUG     send_request_body.started request=<Request [b'HEAD']>
2026-03-12 05:16:39  DEBUG     send_request_body.complete
2026-03-12 05:16:39  DEBUG     receive_response_headers.started request=<Request [b'HEAD']>
2026-03-12 05:16:39  DEBUG     receive_response_headers.complete return_value=(b'HTTP/1.1', 404, b'Not Found', [(b'Content-Type', b'text/plain; charset=utf-8'), (b'Content-Length', b'15'), (b'Connection', b'keep-alive'), (b'Date', b'Thu, 12 Mar 2026 09:16:39 GMT'), (b'ETag', b'W/"f-mY2VvLxuxB7KhsoOdQTlMTccuAQ"'), (b'X-Powered-By', b'huggingface-moon'), (b'X-Request-Id', b'Root=1-69b28477-1c73da073befb0533608bfb8;5c0a4802-091b-4760-b3d6-532ad38b476f'), (b'RateLimit', b'"resolvers";r=2973;t=65'), (b'RateLimit-Policy', b'"fixed window";"resolvers";q=3000;w=300'), (b'cross-origin-opener-policy', b'same-origin'), (b'Referrer-Policy', b'strict-origin-when-cross-origin'), (b'Access-Control-Max-Age', b'86400'), (b'Access-Control-Allow-Origin', b'https://huggingface.co'), (b'Vary', b'Origin'), (b'Access-Control-Expose-Headers', b'X-Repo-Commit,X-Request-Id,X-Error-Code,X-Error-Message,X-Total-Count,ETag,Link,Accept-Ranges,Content-Range,X-Linked-Size,X-Linked-ETag,X-Xet-Hash'), (b'X-Repo-Commit', b'21a599d414c4d928c9032694c424fb94458e3594'), (b'Accept-Ranges', b'bytes'), (b'X-Hub-Cache', b'MISS'), (b'X-Error-Code', b'EntryNotFound'), (b'X-Error-Message', b'Entry not found'), (b'X-Cache', b'Error from cloudfront'), (b'Via', b'1.1 79abce09deb7b574fbeae65ed45cc3de.cloudfront.net (CloudFront)'), (b'X-Amz-Cf-Pop', b'ATL59-P13'), (b'X-Amz-Cf-Id', b'NTfvKqR8MR_84Do7lXt2eYeOtVBHteMhzyxJ5Llxl2ElNiKSwxULFw==')])
2026-03-12 05:16:39  INFO      HTTP Request: HEAD https://huggingface.co/microsoft/Florence-2-large/resolve/main/audio_tokenizer_config.json "HTTP/1.1 404 Not Found"
2026-03-12 05:16:39  DEBUG     receive_response_body.started request=<Request [b'HEAD']>
2026-03-12 05:16:39  DEBUG     receive_response_body.complete
2026-03-12 05:16:39  DEBUG     response_closed.started
2026-03-12 05:16:39  DEBUG     response_closed.complete
2026-03-12 05:16:39  DEBUG     send_request_headers.started request=<Request [b'HEAD']>
2026-03-12 05:16:39  DEBUG     send_request_headers.complete
2026-03-12 05:16:39  DEBUG     send_request_body.started request=<Request [b'HEAD']>
2026-03-12 05:16:39  DEBUG     send_request_body.complete
2026-03-12 05:16:39  DEBUG     receive_response_headers.started request=<Request [b'HEAD']>
2026-03-12 05:16:39  DEBUG     receive_response_headers.complete return_value=(b'HTTP/1.1', 404, b'Not Found', [(b'Content-Type', b'text/plain; charset=utf-8'), (b'Content-Length', b'15'), (b'Connection', b'keep-alive'), (b'Date', b'Thu, 12 Mar 2026 09:16:39 GMT'), (b'ETag', b'W/"f-mY2VvLxuxB7KhsoOdQTlMTccuAQ"'), (b'X-Powered-By', b'huggingface-moon'), (b'X-Request-Id', b'Root=1-69b28477-6589688a2dd17c9c6d3a7f9c;a4c89e73-4b1d-4a1c-b5bc-7bb3bf167356'), (b'RateLimit', b'"resolvers";r=2972;t=65'), (b'RateLimit-Policy', b'"fixed window";"resolvers";q=3000;w=300'), (b'cross-origin-opener-policy', b'same-origin'), (b'Referrer-Policy', b'strict-origin-when-cross-origin'), (b'Access-Control-Max-Age', b'86400'), (b'Access-Control-Allow-Origin', b'https://huggingface.co'), (b'Vary', b'Origin'), (b'Access-Control-Expose-Headers', b'X-Repo-Commit,X-Request-Id,X-Error-Code,X-Error-Message,X-Total-Count,ETag,Link,Accept-Ranges,Content-Range,X-Linked-Size,X-Linked-ETag,X-Xet-Hash'), (b'X-Repo-Commit', b'21a599d414c4d928c9032694c424fb94458e3594'), (b'Accept-Ranges', b'bytes'), (b'X-Hub-Cache', b'MISS'), (b'X-Error-Code', b'EntryNotFound'), (b'X-Error-Message', b'Entry not found'), (b'X-Cache', b'Error from cloudfront'), (b'Via', b'1.1 79abce09deb7b574fbeae65ed45cc3de.cloudfront.net (CloudFront)'), (b'X-Amz-Cf-Pop', b'ATL59-P13'), (b'X-Amz-Cf-Id', b'riF4s-K6OFzb2sk_hnAvL75hRvaPOIBx-Scjz94kEpH_VwI20obGDw==')])
2026-03-12 05:16:39  INFO      HTTP Request: HEAD https://huggingface.co/microsoft/Florence-2-large/resolve/main/processor_config.json "HTTP/1.1 404 Not Found"
2026-03-12 05:16:39  DEBUG     receive_response_body.started request=<Request [b'HEAD']>
2026-03-12 05:16:39  DEBUG     receive_response_body.complete
2026-03-12 05:16:39  DEBUG     response_closed.started
2026-03-12 05:16:39  DEBUG     response_closed.complete
2026-03-12 05:16:39  DEBUG     send_request_headers.started request=<Request [b'HEAD']>
2026-03-12 05:16:39  DEBUG     send_request_headers.complete
2026-03-12 05:16:39  DEBUG     send_request_body.started request=<Request [b'HEAD']>
2026-03-12 05:16:39  DEBUG     send_request_body.complete
2026-03-12 05:16:39  DEBUG     receive_response_headers.started request=<Request [b'HEAD']>
2026-03-12 05:16:39  DEBUG     receive_response_headers.complete return_value=(b'HTTP/1.1', 307, b'Temporary Redirect', [(b'Content-Type', b'text/plain; charset=utf-8'), (b'Content-Length', b'282'), (b'Connection', b'keep-alive'), (b'Date', b'Thu, 12 Mar 2026 09:16:39 GMT'), (b'Location', b'/api/resolve-cache/models/microsoft/Florence-2-large/21a599d414c4d928c9032694c424fb94458e3594/preprocessor_config.json?%2Fmicrosoft%2FFlorence-2-large%2Fresolve%2Fmain%2Fpreprocessor_config.json=&etag=%2285cd7be3568df661ad536b6ab20d59b08ba079ae%22'), (b'X-Powered-By', b'huggingface-moon'), (b'X-Request-Id', b'Root=1-69b28477-1858760003b1d3a11b9bd5f6;93d88ed7-614c-4e17-8b3f-11c41a3b6837'), (b'RateLimit', b'"resolvers";r=2971;t=65'), (b'RateLimit-Policy', b'"fixed window";"resolvers";q=3000;w=300'), (b'cross-origin-opener-policy', b'same-origin'), (b'Referrer-Policy', b'strict-origin-when-cross-origin'), (b'Access-Control-Max-Age', b'86400'), (b'Access-Control-Allow-Origin', b'https://huggingface.co'), (b'Vary', b'Origin, Accept'), (b'Access-Control-Expose-Headers', b'X-Repo-Commit,X-Request-Id,X-Error-Code,X-Error-Message,X-Total-Count,ETag,Link,Accept-Ranges,Content-Range,X-Linked-Size,X-Linked-ETag,X-Xet-Hash'), (b'X-Repo-Commit', b'21a599d414c4d928c9032694c424fb94458e3594'), (b'Accept-Ranges', b'bytes'), (b'X-HF-Warning', b'unauthenticated; Warning: You are sending unauthenticated requests to the HF Hub. Please set a HF_TOKEN to enable higher rate limits and faster downloads.'), (b'X-Hub-Cache', b'MISS'), (b'Content-Disposition', b'inline; filename*=UTF-8\'\'preprocessor_config.json; filename="preprocessor_config.json";'), (b'Content-Security-Policy', b"default-src 'none'; sandbox"), (b'X-Linked-ETag', b'"85cd7be3568df661ad536b6ab20d59b08ba079ae"'), (b'X-Cache', b'Miss from cloudfront'), (b'Via', b'1.1 79abce09deb7b574fbeae65ed45cc3de.cloudfront.net (CloudFront)'), (b'X-Amz-Cf-Pop', b'ATL59-P13'), (b'X-Amz-Cf-Id', b'I89aXEpxHF5fOj9sBVuZv1rVDodt4DxShZWdBTyiu03_yia83zqKiA==')])
2026-03-12 05:16:39  INFO      HTTP Request: HEAD https://huggingface.co/microsoft/Florence-2-large/resolve/main/preprocessor_config.json "HTTP/1.1 307 Temporary Redirect"
2026-03-12 05:16:39  DEBUG     receive_response_body.started request=<Request [b'HEAD']>
2026-03-12 05:16:39  DEBUG     receive_response_body.complete
2026-03-12 05:16:39  DEBUG     response_closed.started
2026-03-12 05:16:39  DEBUG     response_closed.complete
2026-03-12 05:16:39  DEBUG     send_request_headers.started request=<Request [b'HEAD']>
2026-03-12 05:16:39  DEBUG     send_request_headers.complete
2026-03-12 05:16:39  DEBUG     send_request_body.started request=<Request [b'HEAD']>
2026-03-12 05:16:39  DEBUG     send_request_body.complete
2026-03-12 05:16:39  DEBUG     receive_response_headers.started request=<Request [b'HEAD']>
2026-03-12 05:16:39  DEBUG     receive_response_headers.complete return_value=(b'HTTP/1.1', 200, b'OK', [(b'Content-Type', b'text/plain; charset=utf-8'), (b'Content-Length', b'806'), (b'Connection', b'keep-alive'), (b'Date', b'Tue, 20 Jan 2026 11:17:10 GMT'), (b'ETag', b'"85cd7be3568df661ad536b6ab20d59b08ba079ae"'), (b'X-Powered-By', b'huggingface-moon'), (b'X-Request-Id', b'Root=1-696f6436-11d5d1345fc0876359369977;fde06e75-6581-494c-a6f3-050111942dc8'), (b'RateLimit', b'"resolvers";r=2999;t=38'), (b'RateLimit-Policy', b'"fixed window";"resolvers";q=3000;w=300'), (b'cross-origin-opener-policy', b'same-origin'), (b'Referrer-Policy', b'strict-origin-when-cross-origin'), (b'Access-Control-Max-Age', b'86400'), (b'Access-Control-Allow-Origin', b'https://huggingface.co'), (b'Access-Control-Expose-Headers', b'X-Repo-Commit,X-Request-Id,X-Error-Code,X-Error-Message,X-Total-Count,ETag,Link,Accept-Ranges,Content-Range,X-Linked-Size,X-Linked-ETag,X-Xet-Hash'), (b'X-Repo-Commit', b'21a599d414c4d928c9032694c424fb94458e3594'), (b'Accept-Ranges', b'bytes'), (b'Content-Disposition', b'inline; filename*=UTF-8\'\'preprocessor_config.json; filename="preprocessor_config.json";'), (b'Content-Security-Policy', b"default-src 'none'; sandbox"), (b'Vary', b'Origin'), (b'X-Cache', b'Hit from cloudfront'), (b'Via', b'1.1 79abce09deb7b574fbeae65ed45cc3de.cloudfront.net (CloudFront)'), (b'X-Amz-Cf-Pop', b'ATL59-P13'), (b'X-Amz-Cf-Id', b'Y89aygZ6u7SYlsAzK_jjjVRSLojcsJVvMPeAR0-cwgHiA2bZeGmaTw=='), (b'Age', b'4399169')])
2026-03-12 05:16:39  INFO      HTTP Request: HEAD https://huggingface.co/api/resolve-cache/models/microsoft/Florence-2-large/21a599d414c4d928c9032694c424fb94458e3594/preprocessor_config.json "HTTP/1.1 200 OK"
2026-03-12 05:16:39  DEBUG     receive_response_body.started request=<Request [b'HEAD']>
2026-03-12 05:16:39  DEBUG     receive_response_body.complete
2026-03-12 05:16:39  DEBUG     response_closed.started
2026-03-12 05:16:39  DEBUG     response_closed.complete
2026-03-12 05:16:39  DEBUG     send_request_headers.started request=<Request [b'HEAD']>
2026-03-12 05:16:39  DEBUG     send_request_headers.complete
2026-03-12 05:16:39  DEBUG     send_request_body.started request=<Request [b'HEAD']>
2026-03-12 05:16:39  DEBUG     send_request_body.complete
2026-03-12 05:16:39  DEBUG     receive_response_headers.started request=<Request [b'HEAD']>
2026-03-12 05:16:39  DEBUG     receive_response_headers.complete return_value=(b'HTTP/1.1', 404, b'Not Found', [(b'Content-Type', b'text/plain; charset=utf-8'), (b'Content-Length', b'15'), (b'Connection', b'keep-alive'), (b'Date', b'Thu, 12 Mar 2026 09:16:39 GMT'), (b'ETag', b'W/"f-mY2VvLxuxB7KhsoOdQTlMTccuAQ"'), (b'X-Powered-By', b'huggingface-moon'), (b'X-Request-Id', b'Root=1-69b28477-675edb8d1bb414166bb3e170;d4e0c1bb-d62d-4e01-89d8-aac60c6fd3bd'), (b'RateLimit', b'"resolvers";r=2970;t=65'), (b'RateLimit-Policy', b'"fixed window";"resolvers";q=3000;w=300'), (b'cross-origin-opener-policy', b'same-origin'), (b'Referrer-Policy', b'strict-origin-when-cross-origin'), (b'Access-Control-Max-Age', b'86400'), (b'Access-Control-Allow-Origin', b'https://huggingface.co'), (b'Vary', b'Origin'), (b'Access-Control-Expose-Headers', b'X-Repo-Commit,X-Request-Id,X-Error-Code,X-Error-Message,X-Total-Count,ETag,Link,Accept-Ranges,Content-Range,X-Linked-Size,X-Linked-ETag,X-Xet-Hash'), (b'X-Repo-Commit', b'21a599d414c4d928c9032694c424fb94458e3594'), (b'Accept-Ranges', b'bytes'), (b'X-Hub-Cache', b'MISS'), (b'X-Error-Code', b'EntryNotFound'), (b'X-Error-Message', b'Entry not found'), (b'X-Cache', b'Error from cloudfront'), (b'Via', b'1.1 79abce09deb7b574fbeae65ed45cc3de.cloudfront.net (CloudFront)'), (b'X-Amz-Cf-Pop', b'ATL59-P13'), (b'X-Amz-Cf-Id', b'pmjHfRLGQhfd7BC1vOpUCnpU67FkGjYP3k3ZtCOuykXiwEFwE7-EEA==')])
2026-03-12 05:16:39  INFO      HTTP Request: HEAD https://huggingface.co/microsoft/Florence-2-large/resolve/main/processor_config.json "HTTP/1.1 404 Not Found"
2026-03-12 05:16:39  DEBUG     receive_response_body.started request=<Request [b'HEAD']>
2026-03-12 05:16:39  DEBUG     receive_response_body.complete
2026-03-12 05:16:39  DEBUG     response_closed.started
2026-03-12 05:16:39  DEBUG     response_closed.complete
2026-03-12 05:16:39  DEBUG     send_request_headers.started request=<Request [b'HEAD']>
2026-03-12 05:16:39  DEBUG     send_request_headers.complete
2026-03-12 05:16:39  DEBUG     send_request_body.started request=<Request [b'HEAD']>
2026-03-12 05:16:39  DEBUG     send_request_body.complete
2026-03-12 05:16:39  DEBUG     receive_response_headers.started request=<Request [b'HEAD']>
2026-03-12 05:16:39  DEBUG     receive_response_headers.complete return_value=(b'HTTP/1.1', 307, b'Temporary Redirect', [(b'Content-Type', b'text/plain; charset=utf-8'), (b'Content-Length', b'282'), (b'Connection', b'keep-alive'), (b'Date', b'Thu, 12 Mar 2026 09:16:39 GMT'), (b'Location', b'/api/resolve-cache/models/microsoft/Florence-2-large/21a599d414c4d928c9032694c424fb94458e3594/preprocessor_config.json?%2Fmicrosoft%2FFlorence-2-large%2Fresolve%2Fmain%2Fpreprocessor_config.json=&etag=%2285cd7be3568df661ad536b6ab20d59b08ba079ae%22'), (b'X-Powered-By', b'huggingface-moon'), (b'X-Request-Id', b'Root=1-69b28477-66edc81801bf005f261c02ec;7d3aa231-41a5-410a-a73a-1bb7cb103e61'), (b'RateLimit', b'"resolvers";r=2969;t=65'), (b'RateLimit-Policy', b'"fixed window";"resolvers";q=3000;w=300'), (b'cross-origin-opener-policy', b'same-origin'), (b'Referrer-Policy', b'strict-origin-when-cross-origin'), (b'Access-Control-Max-Age', b'86400'), (b'Access-Control-Allow-Origin', b'https://huggingface.co'), (b'Vary', b'Origin, Accept'), (b'Access-Control-Expose-Headers', b'X-Repo-Commit,X-Request-Id,X-Error-Code,X-Error-Message,X-Total-Count,ETag,Link,Accept-Ranges,Content-Range,X-Linked-Size,X-Linked-ETag,X-Xet-Hash'), (b'X-Repo-Commit', b'21a599d414c4d928c9032694c424fb94458e3594'), (b'Accept-Ranges', b'bytes'), (b'X-HF-Warning', b'unauthenticated; Warning: You are sending unauthenticated requests to the HF Hub. Please set a HF_TOKEN to enable higher rate limits and faster downloads.'), (b'X-Hub-Cache', b'MISS'), (b'Content-Disposition', b'inline; filename*=UTF-8\'\'preprocessor_config.json; filename="preprocessor_config.json";'), (b'Content-Security-Policy', b"default-src 'none'; sandbox"), (b'X-Linked-ETag', b'"85cd7be3568df661ad536b6ab20d59b08ba079ae"'), (b'X-Cache', b'Miss from cloudfront'), (b'Via', b'1.1 79abce09deb7b574fbeae65ed45cc3de.cloudfront.net (CloudFront)'), (b'X-Amz-Cf-Pop', b'ATL59-P13'), (b'X-Amz-Cf-Id', b'5P5zmyH0fyHJK5hnHnMnpFf6qdq5OSHLwbl_U824jdzzK9yX4-iGSg==')])
2026-03-12 05:16:39  INFO      HTTP Request: HEAD https://huggingface.co/microsoft/Florence-2-large/resolve/main/preprocessor_config.json "HTTP/1.1 307 Temporary Redirect"
2026-03-12 05:16:39  DEBUG     receive_response_body.started request=<Request [b'HEAD']>
2026-03-12 05:16:39  DEBUG     receive_response_body.complete
2026-03-12 05:16:39  DEBUG     response_closed.started
2026-03-12 05:16:39  DEBUG     response_closed.complete
2026-03-12 05:16:39  DEBUG     send_request_headers.started request=<Request [b'HEAD']>
2026-03-12 05:16:39  DEBUG     send_request_headers.complete
2026-03-12 05:16:39  DEBUG     send_request_body.started request=<Request [b'HEAD']>
2026-03-12 05:16:39  DEBUG     send_request_body.complete
2026-03-12 05:16:39  DEBUG     receive_response_headers.started request=<Request [b'HEAD']>
2026-03-12 05:16:39  DEBUG     receive_response_headers.complete return_value=(b'HTTP/1.1', 200, b'OK', [(b'Content-Type', b'text/plain; charset=utf-8'), (b'Content-Length', b'806'), (b'Connection', b'keep-alive'), (b'Date', b'Tue, 20 Jan 2026 11:17:10 GMT'), (b'ETag', b'"85cd7be3568df661ad536b6ab20d59b08ba079ae"'), (b'X-Powered-By', b'huggingface-moon'), (b'X-Request-Id', b'Root=1-696f6436-11d5d1345fc0876359369977;fde06e75-6581-494c-a6f3-050111942dc8'), (b'RateLimit', b'"resolvers";r=2999;t=38'), (b'RateLimit-Policy', b'"fixed window";"resolvers";q=3000;w=300'), (b'cross-origin-opener-policy', b'same-origin'), (b'Referrer-Policy', b'strict-origin-when-cross-origin'), (b'Access-Control-Max-Age', b'86400'), (b'Access-Control-Allow-Origin', b'https://huggingface.co'), (b'Access-Control-Expose-Headers', b'X-Repo-Commit,X-Request-Id,X-Error-Code,X-Error-Message,X-Total-Count,ETag,Link,Accept-Ranges,Content-Range,X-Linked-Size,X-Linked-ETag,X-Xet-Hash'), (b'X-Repo-Commit', b'21a599d414c4d928c9032694c424fb94458e3594'), (b'Accept-Ranges', b'bytes'), (b'Content-Disposition', b'inline; filename*=UTF-8\'\'preprocessor_config.json; filename="preprocessor_config.json";'), (b'Content-Security-Policy', b"default-src 'none'; sandbox"), (b'Vary', b'Origin'), (b'X-Cache', b'Hit from cloudfront'), (b'Via', b'1.1 79abce09deb7b574fbeae65ed45cc3de.cloudfront.net (CloudFront)'), (b'X-Amz-Cf-Pop', b'ATL59-P13'), (b'X-Amz-Cf-Id', b'1hFRf_FKOWsmtcfmm1OGBEeV3hwC3IGRWNpyAuINrZihZZef0teqSA=='), (b'Age', b'4399169')])
2026-03-12 05:16:39  INFO      HTTP Request: HEAD https://huggingface.co/api/resolve-cache/models/microsoft/Florence-2-large/21a599d414c4d928c9032694c424fb94458e3594/preprocessor_config.json "HTTP/1.1 200 OK"
2026-03-12 05:16:39  DEBUG     receive_response_body.started request=<Request [b'HEAD']>
2026-03-12 05:16:39  DEBUG     receive_response_body.complete
2026-03-12 05:16:39  DEBUG     response_closed.started
2026-03-12 05:16:39  DEBUG     response_closed.complete
2026-03-12 05:16:39  DEBUG     send_request_headers.started request=<Request [b'HEAD']>
2026-03-12 05:16:39  DEBUG     send_request_headers.complete
2026-03-12 05:16:39  DEBUG     send_request_body.started request=<Request [b'HEAD']>
2026-03-12 05:16:39  DEBUG     send_request_body.complete
2026-03-12 05:16:39  DEBUG     receive_response_headers.started request=<Request [b'HEAD']>
2026-03-12 05:16:40  DEBUG     receive_response_headers.complete return_value=(b'HTTP/1.1', 307, b'Temporary Redirect', [(b'Content-Type', b'text/plain; charset=utf-8'), (b'Content-Length', b'256'), (b'Connection', b'keep-alive'), (b'Date', b'Thu, 12 Mar 2026 09:16:40 GMT'), (b'Location', b'/api/resolve-cache/models/microsoft/Florence-2-large/21a599d414c4d928c9032694c424fb94458e3594/config.json?%2Fmicrosoft%2FFlorence-2-large%2Fresolve%2Fmain%2Fconfig.json=&etag=%22b6ddc8da42783bb08019a4d330a9622f1696efdd%22'), (b'X-Powered-By', b'huggingface-moon'), (b'X-Request-Id', b'Root=1-69b28478-19c7d049661e31717a4d4725;b7d9c352-b756-4f93-bc0c-b7bb860a8a1c'), (b'RateLimit', b'"resolvers";r=2968;t=64'), (b'RateLimit-Policy', b'"fixed window";"resolvers";q=3000;w=300'), (b'cross-origin-opener-policy', b'same-origin'), (b'Referrer-Policy', b'strict-origin-when-cross-origin'), (b'Access-Control-Max-Age', b'86400'), (b'Access-Control-Allow-Origin', b'https://huggingface.co'), (b'Vary', b'Origin, Accept'), (b'Access-Control-Expose-Headers', b'X-Repo-Commit,X-Request-Id,X-Error-Code,X-Error-Message,X-Total-Count,ETag,Link,Accept-Ranges,Content-Range,X-Linked-Size,X-Linked-ETag,X-Xet-Hash'), (b'X-Repo-Commit', b'21a599d414c4d928c9032694c424fb94458e3594'), (b'Accept-Ranges', b'bytes'), (b'X-Hub-Cache', b'HIT'), (b'Content-Disposition', b'inline; filename*=UTF-8\'\'config.json; filename="config.json";'), (b'Content-Security-Policy', b"default-src 'none'; sandbox"), (b'X-Linked-ETag', b'"b6ddc8da42783bb08019a4d330a9622f1696efdd"'), (b'X-Cache', b'Miss from cloudfront'), (b'Via', b'1.1 79abce09deb7b574fbeae65ed45cc3de.cloudfront.net (CloudFront)'), (b'X-Amz-Cf-Pop', b'ATL59-P13'), (b'X-Amz-Cf-Id', b'S79FY4SP2hl1QTn9ZduEMpFRqFR1IVwMktL7Gwn54fvBD7a8ibgWLQ==')])
2026-03-12 05:16:40  INFO      HTTP Request: HEAD https://huggingface.co/microsoft/Florence-2-large/resolve/main/config.json "HTTP/1.1 307 Temporary Redirect"
2026-03-12 05:16:40  DEBUG     receive_response_body.started request=<Request [b'HEAD']>
2026-03-12 05:16:40  DEBUG     receive_response_body.complete
2026-03-12 05:16:40  DEBUG     response_closed.started
2026-03-12 05:16:40  DEBUG     response_closed.complete
2026-03-12 05:16:40  DEBUG     send_request_headers.started request=<Request [b'HEAD']>
2026-03-12 05:16:40  DEBUG     send_request_headers.complete
2026-03-12 05:16:40  DEBUG     send_request_body.started request=<Request [b'HEAD']>
2026-03-12 05:16:40  DEBUG     send_request_body.complete
2026-03-12 05:16:40  DEBUG     receive_response_headers.started request=<Request [b'HEAD']>
2026-03-12 05:16:40  DEBUG     receive_response_headers.complete return_value=(b'HTTP/1.1', 200, b'OK', [(b'Content-Type', b'text/plain; charset=utf-8'), (b'Content-Length', b'2445'), (b'Connection', b'keep-alive'), (b'Date', b'Fri, 29 Aug 2025 12:07:03 GMT'), (b'ETag', b'"b6ddc8da42783bb08019a4d330a9622f1696efdd"'), (b'X-Powered-By', b'huggingface-moon'), (b'cross-origin-opener-policy', b'same-origin'), (b'Referrer-Policy', b'strict-origin-when-cross-origin'), (b'X-Request-Id', b'Root=1-68b197e7-3a937c7b5650416b7ea6cf6d;28bddb60-d2a4-44a2-8e82-d3312cb3d8c3'), (b'Access-Control-Allow-Origin', b'https://huggingface.co'), (b'Access-Control-Expose-Headers', b'X-Repo-Commit,X-Request-Id,X-Error-Code,X-Error-Message,X-Total-Count,ETag,Link,Accept-Ranges,Content-Range,X-Linked-Size,X-Linked-ETag,X-Xet-Hash'), (b'X-Repo-Commit', b'21a599d414c4d928c9032694c424fb94458e3594'), (b'Accept-Ranges', b'bytes'), (b'Content-Disposition', b'inline; filename*=UTF-8\'\'config.json; filename="config.json";'), (b'Content-Security-Policy', b"default-src 'none'; sandbox"), (b'Vary', b'Origin'), (b'X-Cache', b'Hit from cloudfront'), (b'Via', b'1.1 79abce09deb7b574fbeae65ed45cc3de.cloudfront.net (CloudFront)'), (b'X-Amz-Cf-Pop', b'ATL59-P13'), (b'X-Amz-Cf-Id', b'Bx-UToU5Z22o2vsPU_J5XVn9cpErcz6BtjMmYQprgdHKLf-UdJ4DEw=='), (b'Age', b'16837777')])
2026-03-12 05:16:40  INFO      HTTP Request: HEAD https://huggingface.co/api/resolve-cache/models/microsoft/Florence-2-large/21a599d414c4d928c9032694c424fb94458e3594/config.json "HTTP/1.1 200 OK"
2026-03-12 05:16:40  DEBUG     receive_response_body.started request=<Request [b'HEAD']>
2026-03-12 05:16:40  DEBUG     receive_response_body.complete
2026-03-12 05:16:40  DEBUG     response_closed.started
2026-03-12 05:16:40  DEBUG     response_closed.complete
2026-03-12 05:16:40  DEBUG     send_request_headers.started request=<Request [b'HEAD']>
2026-03-12 05:16:40  DEBUG     send_request_headers.complete
2026-03-12 05:16:40  DEBUG     send_request_body.started request=<Request [b'HEAD']>
2026-03-12 05:16:40  DEBUG     send_request_body.complete
2026-03-12 05:16:40  DEBUG     receive_response_headers.started request=<Request [b'HEAD']>
2026-03-12 05:16:40  DEBUG     receive_response_headers.complete return_value=(b'HTTP/1.1', 307, b'Temporary Redirect', [(b'Content-Type', b'text/plain; charset=utf-8'), (b'Content-Length', b'286'), (b'Connection', b'keep-alive'), (b'Date', b'Thu, 12 Mar 2026 09:16:40 GMT'), (b'Location', b'/api/resolve-cache/models/microsoft/Florence-2-large/21a599d414c4d928c9032694c424fb94458e3594/configuration_florence2.py?%2Fmicrosoft%2FFlorence-2-large%2Fresolve%2Fmain%2Fconfiguration_florence2.py=&etag=%22b8869617ef8dfd0f04d421cf59b83ca662c363ad%22'), (b'X-Powered-By', b'huggingface-moon'), (b'X-Request-Id', b'Root=1-69b28478-442c66736c4b5e6775cd3001;4991bb70-60c5-404d-baa7-80e2371c49a2'), (b'RateLimit', b'"resolvers";r=2967;t=64'), (b'RateLimit-Policy', b'"fixed window";"resolvers";q=3000;w=300'), (b'cross-origin-opener-policy', b'same-origin'), (b'Referrer-Policy', b'strict-origin-when-cross-origin'), (b'Access-Control-Max-Age', b'86400'), (b'Access-Control-Allow-Origin', b'https://huggingface.co'), (b'Vary', b'Origin, Accept'), (b'Access-Control-Expose-Headers', b'X-Repo-Commit,X-Request-Id,X-Error-Code,X-Error-Message,X-Total-Count,ETag,Link,Accept-Ranges,Content-Range,X-Linked-Size,X-Linked-ETag,X-Xet-Hash'), (b'X-Repo-Commit', b'21a599d414c4d928c9032694c424fb94458e3594'), (b'Accept-Ranges', b'bytes'), (b'X-Hub-Cache', b'HIT'), (b'Content-Disposition', b'inline; filename*=UTF-8\'\'configuration_florence2.py; filename="configuration_florence2.py";'), (b'Content-Security-Policy', b"default-src 'none'; sandbox"), (b'X-Linked-ETag', b'"b8869617ef8dfd0f04d421cf59b83ca662c363ad"'), (b'X-Cache', b'Miss from cloudfront'), (b'Via', b'1.1 79abce09deb7b574fbeae65ed45cc3de.cloudfront.net (CloudFront)'), (b'X-Amz-Cf-Pop', b'ATL59-P13'), (b'X-Amz-Cf-Id', b'8mXUOMBX-_Lc97jZSw9BWtgODJIJwiSaj0CkTg7RHXNwPq-o6xcmNw==')])
2026-03-12 05:16:40  INFO      HTTP Request: HEAD https://huggingface.co/microsoft/Florence-2-large/resolve/main/configuration_florence2.py "HTTP/1.1 307 Temporary Redirect"
2026-03-12 05:16:40  DEBUG     receive_response_body.started request=<Request [b'HEAD']>
2026-03-12 05:16:40  DEBUG     receive_response_body.complete
2026-03-12 05:16:40  DEBUG     response_closed.started
2026-03-12 05:16:40  DEBUG     response_closed.complete
2026-03-12 05:16:40  DEBUG     send_request_headers.started request=<Request [b'HEAD']>
2026-03-12 05:16:40  DEBUG     send_request_headers.complete
2026-03-12 05:16:40  DEBUG     send_request_body.started request=<Request [b'HEAD']>
2026-03-12 05:16:40  DEBUG     send_request_body.complete
2026-03-12 05:16:40  DEBUG     receive_response_headers.started request=<Request [b'HEAD']>
2026-03-12 05:16:40  DEBUG     receive_response_headers.complete return_value=(b'HTTP/1.1', 200, b'OK', [(b'Content-Type', b'text/plain; charset=utf-8'), (b'Content-Length', b'15119'), (b'Connection', b'keep-alive'), (b'Date', b'Tue, 05 Aug 2025 08:15:51 GMT'), (b'ETag', b'"b8869617ef8dfd0f04d421cf59b83ca662c363ad"'), (b'X-Powered-By', b'huggingface-moon'), (b'cross-origin-opener-policy', b'same-origin'), (b'Referrer-Policy', b'strict-origin-when-cross-origin'), (b'X-Request-Id', b'Root=1-6891bdb7-4b20fdab20d85d8f111851fc;c7a1eeed-95ef-4dba-97d4-b01e5fc2f460'), (b'Access-Control-Allow-Origin', b'https://huggingface.co'), (b'Access-Control-Expose-Headers', b'X-Repo-Commit,X-Request-Id,X-Error-Code,X-Error-Message,X-Total-Count,ETag,Link,Accept-Ranges,Content-Range,X-Linked-Size,X-Linked-ETag,X-Xet-Hash'), (b'Set-Cookie', b'token=; Path=/; Expires=Thu, 01 Jan 1970 00:00:00 GMT; Secure; SameSite=None'), (b'Set-Cookie', b'token=; Domain=huggingface.co; Path=/; Expires=Thu, 01 Jan 1970 00:00:00 GMT; Secure; SameSite=Lax'), (b'X-Repo-Commit', b'21a599d414c4d928c9032694c424fb94458e3594'), (b'Accept-Ranges', b'bytes'), (b'Content-Disposition', b'inline; filename*=UTF-8\'\'configuration_florence2.py; filename="configuration_florence2.py";'), (b'Content-Security-Policy', b"default-src 'none'; sandbox"), (b'Vary', b'Origin'), (b'X-Cache', b'Hit from cloudfront'), (b'Via', b'1.1 79abce09deb7b574fbeae65ed45cc3de.cloudfront.net (CloudFront)'), (b'X-Amz-Cf-Pop', b'ATL59-P13'), (b'X-Amz-Cf-Id', b'GBAw-hNJFz30Bjjj7qEpKiVnz4Nh7UU9pIK3hL1tMVUIMr-R_piLuA=='), (b'Age', b'18925249')])
2026-03-12 05:16:40  INFO      HTTP Request: HEAD https://huggingface.co/api/resolve-cache/models/microsoft/Florence-2-large/21a599d414c4d928c9032694c424fb94458e3594/configuration_florence2.py "HTTP/1.1 200 OK"
2026-03-12 05:16:40  DEBUG     receive_response_body.started request=<Request [b'HEAD']>
2026-03-12 05:16:40  DEBUG     receive_response_body.complete
2026-03-12 05:16:40  DEBUG     response_closed.started
2026-03-12 05:16:40  DEBUG     response_closed.complete
2026-03-12 05:16:40  DEBUG     send_request_headers.started request=<Request [b'HEAD']>
2026-03-12 05:16:40  DEBUG     send_request_headers.complete
2026-03-12 05:16:40  DEBUG     send_request_body.started request=<Request [b'HEAD']>
2026-03-12 05:16:40  DEBUG     send_request_body.complete
2026-03-12 05:16:40  DEBUG     receive_response_headers.started request=<Request [b'HEAD']>
2026-03-12 05:16:40  DEBUG     receive_response_headers.complete return_value=(b'HTTP/1.1', 307, b'Temporary Redirect', [(b'Content-Type', b'text/plain; charset=utf-8'), (b'Content-Length', b'256'), (b'Connection', b'keep-alive'), (b'Date', b'Thu, 12 Mar 2026 09:16:40 GMT'), (b'Location', b'/api/resolve-cache/models/microsoft/Florence-2-large/21a599d414c4d928c9032694c424fb94458e3594/config.json?%2Fmicrosoft%2FFlorence-2-large%2Fresolve%2Fmain%2Fconfig.json=&etag=%22b6ddc8da42783bb08019a4d330a9622f1696efdd%22'), (b'X-Powered-By', b'huggingface-moon'), (b'X-Request-Id', b'Root=1-69b28478-5661c82e41d2c7d73df97bc5;2a9f6ae4-2222-4868-8196-8e9e9c86b6a0'), (b'RateLimit', b'"resolvers";r=2966;t=64'), (b'RateLimit-Policy', b'"fixed window";"resolvers";q=3000;w=300'), (b'cross-origin-opener-policy', b'same-origin'), (b'Referrer-Policy', b'strict-origin-when-cross-origin'), (b'Access-Control-Max-Age', b'86400'), (b'Access-Control-Allow-Origin', b'https://huggingface.co'), (b'Vary', b'Origin, Accept'), (b'Access-Control-Expose-Headers', b'X-Repo-Commit,X-Request-Id,X-Error-Code,X-Error-Message,X-Total-Count,ETag,Link,Accept-Ranges,Content-Range,X-Linked-Size,X-Linked-ETag,X-Xet-Hash'), (b'X-Repo-Commit', b'21a599d414c4d928c9032694c424fb94458e3594'), (b'Accept-Ranges', b'bytes'), (b'X-Hub-Cache', b'HIT'), (b'Content-Disposition', b'inline; filename*=UTF-8\'\'config.json; filename="config.json";'), (b'Content-Security-Policy', b"default-src 'none'; sandbox"), (b'X-Linked-ETag', b'"b6ddc8da42783bb08019a4d330a9622f1696efdd"'), (b'X-Cache', b'Miss from cloudfront'), (b'Via', b'1.1 79abce09deb7b574fbeae65ed45cc3de.cloudfront.net (CloudFront)'), (b'X-Amz-Cf-Pop', b'ATL59-P13'), (b'X-Amz-Cf-Id', b'IoXLr-MXnRzXBJP8nT-BR9M7WdURmL3uNbI9AkJ_ir_pdpu3dB4DJA==')])
2026-03-12 05:16:40  INFO      HTTP Request: HEAD https://huggingface.co/microsoft/Florence-2-large/resolve/main/config.json "HTTP/1.1 307 Temporary Redirect"
2026-03-12 05:16:40  DEBUG     receive_response_body.started request=<Request [b'HEAD']>
2026-03-12 05:16:40  DEBUG     receive_response_body.complete
2026-03-12 05:16:40  DEBUG     response_closed.started
2026-03-12 05:16:40  DEBUG     response_closed.complete
2026-03-12 05:16:40  DEBUG     send_request_headers.started request=<Request [b'HEAD']>
2026-03-12 05:16:40  DEBUG     send_request_headers.complete
2026-03-12 05:16:40  DEBUG     send_request_body.started request=<Request [b'HEAD']>
2026-03-12 05:16:40  DEBUG     send_request_body.complete
2026-03-12 05:16:40  DEBUG     receive_response_headers.started request=<Request [b'HEAD']>
2026-03-12 05:16:40  DEBUG     receive_response_headers.complete return_value=(b'HTTP/1.1', 200, b'OK', [(b'Content-Type', b'text/plain; charset=utf-8'), (b'Content-Length', b'2445'), (b'Connection', b'keep-alive'), (b'Date', b'Fri, 29 Aug 2025 12:07:03 GMT'), (b'ETag', b'"b6ddc8da42783bb08019a4d330a9622f1696efdd"'), (b'X-Powered-By', b'huggingface-moon'), (b'cross-origin-opener-policy', b'same-origin'), (b'Referrer-Policy', b'strict-origin-when-cross-origin'), (b'X-Request-Id', b'Root=1-68b197e7-3a937c7b5650416b7ea6cf6d;28bddb60-d2a4-44a2-8e82-d3312cb3d8c3'), (b'Access-Control-Allow-Origin', b'https://huggingface.co'), (b'Access-Control-Expose-Headers', b'X-Repo-Commit,X-Request-Id,X-Error-Code,X-Error-Message,X-Total-Count,ETag,Link,Accept-Ranges,Content-Range,X-Linked-Size,X-Linked-ETag,X-Xet-Hash'), (b'X-Repo-Commit', b'21a599d414c4d928c9032694c424fb94458e3594'), (b'Accept-Ranges', b'bytes'), (b'Content-Disposition', b'inline; filename*=UTF-8\'\'config.json; filename="config.json";'), (b'Content-Security-Policy', b"default-src 'none'; sandbox"), (b'Vary', b'Origin'), (b'X-Cache', b'Hit from cloudfront'), (b'Via', b'1.1 79abce09deb7b574fbeae65ed45cc3de.cloudfront.net (CloudFront)'), (b'X-Amz-Cf-Pop', b'ATL59-P13'), (b'X-Amz-Cf-Id', b'ErZg6ySXuCWnYtPNv0_rJjrQgO-LUNyUSPnhCdafA2I3vQ28KwD9Ow=='), (b'Age', b'16837777')])
2026-03-12 05:16:40  INFO      HTTP Request: HEAD https://huggingface.co/api/resolve-cache/models/microsoft/Florence-2-large/21a599d414c4d928c9032694c424fb94458e3594/config.json "HTTP/1.1 200 OK"
2026-03-12 05:16:40  DEBUG     receive_response_body.started request=<Request [b'HEAD']>
2026-03-12 05:16:40  DEBUG     receive_response_body.complete
2026-03-12 05:16:40  DEBUG     response_closed.started
2026-03-12 05:16:40  DEBUG     response_closed.complete
2026-03-12 05:16:40  DEBUG     send_request_headers.started request=<Request [b'HEAD']>
2026-03-12 05:16:40  DEBUG     send_request_headers.complete
2026-03-12 05:16:40  DEBUG     send_request_body.started request=<Request [b'HEAD']>
2026-03-12 05:16:40  DEBUG     send_request_body.complete
2026-03-12 05:16:40  DEBUG     receive_response_headers.started request=<Request [b'HEAD']>
2026-03-12 05:16:40  DEBUG     receive_response_headers.complete return_value=(b'HTTP/1.1', 307, b'Temporary Redirect', [(b'Content-Type', b'text/plain; charset=utf-8'), (b'Content-Length', b'256'), (b'Connection', b'keep-alive'), (b'Date', b'Thu, 12 Mar 2026 09:16:40 GMT'), (b'Location', b'/api/resolve-cache/models/microsoft/Florence-2-large/21a599d414c4d928c9032694c424fb94458e3594/config.json?%2Fmicrosoft%2FFlorence-2-large%2Fresolve%2Fmain%2Fconfig.json=&etag=%22b6ddc8da42783bb08019a4d330a9622f1696efdd%22'), (b'X-Powered-By', b'huggingface-moon'), (b'X-Request-Id', b'Root=1-69b28478-0353c4a26d20129c5d2dcdaf;5df36ee4-0206-42bd-a8c0-4ce8aff23240'), (b'RateLimit', b'"resolvers";r=2965;t=64'), (b'RateLimit-Policy', b'"fixed window";"resolvers";q=3000;w=300'), (b'cross-origin-opener-policy', b'same-origin'), (b'Referrer-Policy', b'strict-origin-when-cross-origin'), (b'Access-Control-Max-Age', b'86400'), (b'Access-Control-Allow-Origin', b'https://huggingface.co'), (b'Vary', b'Origin, Accept'), (b'Access-Control-Expose-Headers', b'X-Repo-Commit,X-Request-Id,X-Error-Code,X-Error-Message,X-Total-Count,ETag,Link,Accept-Ranges,Content-Range,X-Linked-Size,X-Linked-ETag,X-Xet-Hash'), (b'X-Repo-Commit', b'21a599d414c4d928c9032694c424fb94458e3594'), (b'Accept-Ranges', b'bytes'), (b'X-Hub-Cache', b'HIT'), (b'Content-Disposition', b'inline; filename*=UTF-8\'\'config.json; filename="config.json";'), (b'Content-Security-Policy', b"default-src 'none'; sandbox"), (b'X-Linked-ETag', b'"b6ddc8da42783bb08019a4d330a9622f1696efdd"'), (b'X-Cache', b'Miss from cloudfront'), (b'Via', b'1.1 79abce09deb7b574fbeae65ed45cc3de.cloudfront.net (CloudFront)'), (b'X-Amz-Cf-Pop', b'ATL59-P13'), (b'X-Amz-Cf-Id', b'FAHs_oJG8C3HzYAscPZ-5elPe1Bq-7FEdVJOl_hRg5SADSzK2DsaCA==')])
2026-03-12 05:16:40  INFO      HTTP Request: HEAD https://huggingface.co/microsoft/Florence-2-large/resolve/main/config.json "HTTP/1.1 307 Temporary Redirect"
2026-03-12 05:16:40  DEBUG     receive_response_body.started request=<Request [b'HEAD']>
2026-03-12 05:16:40  DEBUG     receive_response_body.complete
2026-03-12 05:16:40  DEBUG     response_closed.started
2026-03-12 05:16:40  DEBUG     response_closed.complete
2026-03-12 05:16:40  DEBUG     send_request_headers.started request=<Request [b'HEAD']>
2026-03-12 05:16:40  DEBUG     send_request_headers.complete
2026-03-12 05:16:40  DEBUG     send_request_body.started request=<Request [b'HEAD']>
2026-03-12 05:16:40  DEBUG     send_request_body.complete
2026-03-12 05:16:40  DEBUG     receive_response_headers.started request=<Request [b'HEAD']>
2026-03-12 05:16:40  DEBUG     receive_response_headers.complete return_value=(b'HTTP/1.1', 200, b'OK', [(b'Content-Type', b'text/plain; charset=utf-8'), (b'Content-Length', b'2445'), (b'Connection', b'keep-alive'), (b'Date', b'Fri, 29 Aug 2025 12:07:03 GMT'), (b'ETag', b'"b6ddc8da42783bb08019a4d330a9622f1696efdd"'), (b'X-Powered-By', b'huggingface-moon'), (b'cross-origin-opener-policy', b'same-origin'), (b'Referrer-Policy', b'strict-origin-when-cross-origin'), (b'X-Request-Id', b'Root=1-68b197e7-3a937c7b5650416b7ea6cf6d;28bddb60-d2a4-44a2-8e82-d3312cb3d8c3'), (b'Access-Control-Allow-Origin', b'https://huggingface.co'), (b'Access-Control-Expose-Headers', b'X-Repo-Commit,X-Request-Id,X-Error-Code,X-Error-Message,X-Total-Count,ETag,Link,Accept-Ranges,Content-Range,X-Linked-Size,X-Linked-ETag,X-Xet-Hash'), (b'X-Repo-Commit', b'21a599d414c4d928c9032694c424fb94458e3594'), (b'Accept-Ranges', b'bytes'), (b'Content-Disposition', b'inline; filename*=UTF-8\'\'config.json; filename="config.json";'), (b'Content-Security-Policy', b"default-src 'none'; sandbox"), (b'Vary', b'Origin'), (b'X-Cache', b'Hit from cloudfront'), (b'Via', b'1.1 79abce09deb7b574fbeae65ed45cc3de.cloudfront.net (CloudFront)'), (b'X-Amz-Cf-Pop', b'ATL59-P13'), (b'X-Amz-Cf-Id', b'NbBdoXlkaMGrlYZUx_wkmYVwE9YMVopcE0aYDFUDct77v4fUg9bEvA=='), (b'Age', b'16837777')])
2026-03-12 05:16:40  INFO      HTTP Request: HEAD https://huggingface.co/api/resolve-cache/models/microsoft/Florence-2-large/21a599d414c4d928c9032694c424fb94458e3594/config.json "HTTP/1.1 200 OK"
2026-03-12 05:16:40  DEBUG     receive_response_body.started request=<Request [b'HEAD']>
2026-03-12 05:16:40  DEBUG     receive_response_body.complete
2026-03-12 05:16:40  DEBUG     response_closed.started
2026-03-12 05:16:40  DEBUG     response_closed.complete
2026-03-12 05:16:40  DEBUG     send_request_headers.started request=<Request [b'HEAD']>
2026-03-12 05:16:40  DEBUG     send_request_headers.complete
2026-03-12 05:16:40  DEBUG     send_request_body.started request=<Request [b'HEAD']>
2026-03-12 05:16:40  DEBUG     send_request_body.complete
2026-03-12 05:16:40  DEBUG     receive_response_headers.started request=<Request [b'HEAD']>
2026-03-12 05:16:41  DEBUG     receive_response_headers.complete return_value=(b'HTTP/1.1', 307, b'Temporary Redirect', [(b'Content-Type', b'text/plain; charset=utf-8'), (b'Content-Length', b'276'), (b'Connection', b'keep-alive'), (b'Date', b'Thu, 12 Mar 2026 09:16:40 GMT'), (b'Location', b'/api/resolve-cache/models/microsoft/Florence-2-large/21a599d414c4d928c9032694c424fb94458e3594/tokenizer_config.json?%2Fmicrosoft%2FFlorence-2-large%2Fresolve%2Fmain%2Ftokenizer_config.json=&etag=%2244784bc58d4cb18d3549ad71e062efcf032d9ef5%22'), (b'X-Powered-By', b'huggingface-moon'), (b'X-Request-Id', b'Root=1-69b28478-2abf2f5b423dca20258802fe;5c6d25dc-4bde-4923-9416-b25a50e367f9'), (b'RateLimit', b'"resolvers";r=2964;t=64'), (b'RateLimit-Policy', b'"fixed window";"resolvers";q=3000;w=300'), (b'cross-origin-opener-policy', b'same-origin'), (b'Referrer-Policy', b'strict-origin-when-cross-origin'), (b'Access-Control-Max-Age', b'86400'), (b'Access-Control-Allow-Origin', b'https://huggingface.co'), (b'Vary', b'Origin, Accept'), (b'Access-Control-Expose-Headers', b'X-Repo-Commit,X-Request-Id,X-Error-Code,X-Error-Message,X-Total-Count,ETag,Link,Accept-Ranges,Content-Range,X-Linked-Size,X-Linked-ETag,X-Xet-Hash'), (b'X-Repo-Commit', b'21a599d414c4d928c9032694c424fb94458e3594'), (b'Accept-Ranges', b'bytes'), (b'X-Hub-Cache', b'MISS'), (b'Content-Disposition', b'inline; filename*=UTF-8\'\'tokenizer_config.json; filename="tokenizer_config.json";'), (b'Content-Security-Policy', b"default-src 'none'; sandbox"), (b'X-Linked-ETag', b'"44784bc58d4cb18d3549ad71e062efcf032d9ef5"'), (b'X-Cache', b'Miss from cloudfront'), (b'Via', b'1.1 79abce09deb7b574fbeae65ed45cc3de.cloudfront.net (CloudFront)'), (b'X-Amz-Cf-Pop', b'ATL59-P13'), (b'X-Amz-Cf-Id', b'hAYZ153PcC1V_WXW1qL__P_aodfkvnlmvyR5WGeyAo0RWCzUU6PceA==')])
2026-03-12 05:16:41  INFO      HTTP Request: HEAD https://huggingface.co/microsoft/Florence-2-large/resolve/main/tokenizer_config.json "HTTP/1.1 307 Temporary Redirect"
2026-03-12 05:16:41  DEBUG     receive_response_body.started request=<Request [b'HEAD']>
2026-03-12 05:16:41  DEBUG     receive_response_body.complete
2026-03-12 05:16:41  DEBUG     response_closed.started
2026-03-12 05:16:41  DEBUG     response_closed.complete
2026-03-12 05:16:41  DEBUG     send_request_headers.started request=<Request [b'HEAD']>
2026-03-12 05:16:41  DEBUG     send_request_headers.complete
2026-03-12 05:16:41  DEBUG     send_request_body.started request=<Request [b'HEAD']>
2026-03-12 05:16:41  DEBUG     send_request_body.complete
2026-03-12 05:16:41  DEBUG     receive_response_headers.started request=<Request [b'HEAD']>
2026-03-12 05:16:41  DEBUG     receive_response_headers.complete return_value=(b'HTTP/1.1', 200, b'OK', [(b'Content-Type', b'text/plain; charset=utf-8'), (b'Content-Length', b'34'), (b'Connection', b'keep-alive'), (b'Date', b'Tue, 20 Jan 2026 11:17:12 GMT'), (b'ETag', b'"44784bc58d4cb18d3549ad71e062efcf032d9ef5"'), (b'X-Powered-By', b'huggingface-moon'), (b'X-Request-Id', b'Root=1-696f6438-1d3f993131ee91db763f3ded;d63bfeb2-dd35-4284-9c37-61d184d438f6'), (b'RateLimit', b'"resolvers";r=2999;t=8'), (b'RateLimit-Policy', b'"fixed window";"resolvers";q=3000;w=300'), (b'cross-origin-opener-policy', b'same-origin'), (b'Referrer-Policy', b'strict-origin-when-cross-origin'), (b'Access-Control-Max-Age', b'86400'), (b'Access-Control-Allow-Origin', b'https://huggingface.co'), (b'Access-Control-Expose-Headers', b'X-Repo-Commit,X-Request-Id,X-Error-Code,X-Error-Message,X-Total-Count,ETag,Link,Accept-Ranges,Content-Range,X-Linked-Size,X-Linked-ETag,X-Xet-Hash'), (b'X-Repo-Commit', b'21a599d414c4d928c9032694c424fb94458e3594'), (b'Accept-Ranges', b'bytes'), (b'Content-Disposition', b'inline; filename*=UTF-8\'\'tokenizer_config.json; filename="tokenizer_config.json";'), (b'Content-Security-Policy', b"default-src 'none'; sandbox"), (b'Vary', b'Origin'), (b'X-Cache', b'Hit from cloudfront'), (b'Via', b'1.1 79abce09deb7b574fbeae65ed45cc3de.cloudfront.net (CloudFront)'), (b'X-Amz-Cf-Pop', b'ATL59-P13'), (b'X-Amz-Cf-Id', b'i9TehPKHlaATwz4O7KHkYyNHw2T3FWCPbm-pZNWkpLua-XGXkA2-6Q=='), (b'Age', b'4399169')])
2026-03-12 05:16:41  INFO      HTTP Request: HEAD https://huggingface.co/api/resolve-cache/models/microsoft/Florence-2-large/21a599d414c4d928c9032694c424fb94458e3594/tokenizer_config.json "HTTP/1.1 200 OK"
2026-03-12 05:16:41  DEBUG     receive_response_body.started request=<Request [b'HEAD']>
2026-03-12 05:16:41  DEBUG     receive_response_body.complete
2026-03-12 05:16:41  DEBUG     response_closed.started
2026-03-12 05:16:41  DEBUG     response_closed.complete
2026-03-12 05:16:41  DEBUG     send_request_headers.started request=<Request [b'GET']>
2026-03-12 05:16:41  DEBUG     send_request_headers.complete
2026-03-12 05:16:41  DEBUG     send_request_body.started request=<Request [b'GET']>
2026-03-12 05:16:41  DEBUG     send_request_body.complete
2026-03-12 05:16:41  DEBUG     receive_response_headers.started request=<Request [b'GET']>
2026-03-12 05:16:41  DEBUG     receive_response_headers.complete return_value=(b'HTTP/1.1', 404, b'Not Found', [(b'Content-Type', b'application/json; charset=utf-8'), (b'Content-Length', b'64'), (b'Connection', b'keep-alive'), (b'Date', b'Thu, 12 Mar 2026 09:16:41 GMT'), (b'ETag', b'W/"40-09f9IAqP13xarAhQxFS2W8rvRkM"'), (b'X-Powered-By', b'huggingface-moon'), (b'X-Request-Id', b'Root=1-69b28479-7fd9a02c7644e34036631d99;e876e3a3-46a2-4547-8080-0661d135ce08'), (b'RateLimit', b'"api";r=495;t=63'), (b'RateLimit-Policy', b'"fixed window";"api";q=500;w=300'), (b'cross-origin-opener-policy', b'same-origin'), (b'Referrer-Policy', b'strict-origin-when-cross-origin'), (b'Access-Control-Max-Age', b'86400'), (b'Access-Control-Allow-Origin', b'https://huggingface.co'), (b'Vary', b'Origin'), (b'Access-Control-Expose-Headers', b'X-Repo-Commit,X-Request-Id,X-Error-Code,X-Error-Message,X-Total-Count,ETag,Link,Accept-Ranges,Content-Range,X-Linked-Size,X-Linked-ETag,X-Xet-Hash'), (b'X-Error-Code', b'EntryNotFound'), (b'X-Error-Message', b'additional_chat_templates does not exist on "main"'), (b'X-Cache', b'Error from cloudfront'), (b'Via', b'1.1 79abce09deb7b574fbeae65ed45cc3de.cloudfront.net (CloudFront)'), (b'X-Amz-Cf-Pop', b'ATL59-P13'), (b'X-Amz-Cf-Id', b'4nSbLl9ZZ-Yj6rGzBgOxuhFR3PINirnxyloDybyv_NMDWD-1AJsRRg==')])
2026-03-12 05:16:41  INFO      HTTP Request: GET https://huggingface.co/api/models/microsoft/Florence-2-large/tree/main/additional_chat_templates?recursive=false&expand=false "HTTP/1.1 404 Not Found"
2026-03-12 05:16:41  DEBUG     receive_response_body.started request=<Request [b'GET']>
2026-03-12 05:16:41  DEBUG     receive_response_body.complete
2026-03-12 05:16:41  DEBUG     response_closed.started
2026-03-12 05:16:41  DEBUG     response_closed.complete
2026-03-12 05:16:41  DEBUG     send_request_headers.started request=<Request [b'GET']>
2026-03-12 05:16:41  DEBUG     send_request_headers.complete
2026-03-12 05:16:41  DEBUG     send_request_body.started request=<Request [b'GET']>
2026-03-12 05:16:41  DEBUG     send_request_body.complete
2026-03-12 05:16:41  DEBUG     receive_response_headers.started request=<Request [b'GET']>
2026-03-12 05:16:41  DEBUG     receive_response_headers.complete return_value=(b'HTTP/1.1', 200, b'OK', [(b'Content-Type', b'application/json; charset=utf-8'), (b'Transfer-Encoding', b'chunked'), (b'Connection', b'keep-alive'), (b'Date', b'Thu, 12 Mar 2026 09:16:41 GMT'), (b'Access-Control-Expose-Headers', b'X-Repo-Commit,X-Request-Id,X-Error-Code,X-Error-Message,X-Total-Count,ETag,Link,Accept-Ranges,Content-Range,X-Linked-Size,X-Linked-ETag,X-Xet-Hash'), (b'content-encoding', b'gzip'), (b'X-Powered-By', b'huggingface-moon'), (b'X-Request-Id', b'Root=1-69b28479-433771592a4dbd6f7b230e98;0c5e9a60-7268-4dc2-9fe1-1ee9fc3b6a13'), (b'RateLimit', b'"api";r=494;t=63'), (b'RateLimit-Policy', b'"fixed window";"api";q=500;w=300'), (b'cross-origin-opener-policy', b'same-origin'), (b'Referrer-Policy', b'strict-origin-when-cross-origin'), (b'Access-Control-Max-Age', b'86400'), (b'Access-Control-Allow-Origin', b'https://huggingface.co'), (b'Vary', b'Origin'), (b'vary', b'accept-encoding'), (b'ETag', b'W/"8e0-Rq5HmqYJijifmyhJBtnkrIpymEE"'), (b'X-Cache', b'Miss from cloudfront'), (b'Via', b'1.1 79abce09deb7b574fbeae65ed45cc3de.cloudfront.net (CloudFront)'), (b'X-Amz-Cf-Pop', b'ATL59-P13'), (b'X-Amz-Cf-Id', b'iwcnuMnIpZyZxIqsXSS041RqlPEM_-ZUWw9FTTo54msgDKMCykjKIg==')])
2026-03-12 05:16:41  INFO      HTTP Request: GET https://huggingface.co/api/models/microsoft/Florence-2-large/tree/main?recursive=true&expand=false "HTTP/1.1 200 OK"
2026-03-12 05:16:41  DEBUG     receive_response_body.started request=<Request [b'GET']>
2026-03-12 05:16:41  DEBUG     receive_response_body.complete
2026-03-12 05:16:41  DEBUG     response_closed.started
2026-03-12 05:16:41  DEBUG     response_closed.complete
2026-03-12 05:16:41  ERROR     Failed to load AI model: TokenizersBackend has no attribute additional_special_tokens
Traceback (most recent call last):
  File "/Users/ben/Dev/imgtagplus/imgtagplus/app.py", line 146, in run
    tagger = FlorenceTagger(model_id=hf_model_id, model_dir=args.model_dir)
  File "/Users/ben/Dev/imgtagplus/imgtagplus/vlm.py", line 69, in __init__
    self.processor = AutoProcessor.from_pretrained(self._model_id, trust_remote_code=True, cache_dir=str(self._model_dir))
                     ~~~~~~~~~~~~~~~~~~~~~~~~~~~~~^^^^^^^^^^^^^^^^^^^^^^^^^^^^^^^^^^^^^^^^^^^^^^^^^^^^^^^^^^^^^^^^^^^^^^^^
  File "/Users/ben/Dev/imgtagplus/.venv/lib/python3.14/site-packages/transformers/models/auto/processing_auto.py", line 407, in from_pretrained
    return processor_class.from_pretrained(
           ~~~~~~~~~~~~~~~~~~~~~~~~~~~~~~~^
        pretrained_model_name_or_path, trust_remote_code=trust_remote_code, **kwargs
        ^^^^^^^^^^^^^^^^^^^^^^^^^^^^^^^^^^^^^^^^^^^^^^^^^^^^^^^^^^^^^^^^^^^^^^^^^^^^
    )
    ^
  File "/Users/ben/Dev/imgtagplus/.venv/lib/python3.14/site-packages/transformers/processing_utils.py", line 1404, in from_pretrained
    return cls.from_args_and_dict(args, processor_dict, **instantiation_kwargs)
           ~~~~~~~~~~~~~~~~~~~~~~^^^^^^^^^^^^^^^^^^^^^^^^^^^^^^^^^^^^^^^^^^^^^^
  File "/Users/ben/Dev/imgtagplus/.venv/lib/python3.14/site-packages/transformers/processing_utils.py", line 1171, in from_args_and_dict
    processor = cls(*args, **valid_kwargs)
  File "/Users/ben/.cache/imgtagplus/modules/transformers_modules/microsoft/Florence_hyphen_2_hyphen_large/21a599d414c4d928c9032694c424fb94458e3594/processing_florence2.py", line 89, in __init__
    tokenizer.additional_special_tokens + \
    ^^^^^^^^^^^^^^^^^^^^^^^^^^^^^^^^^^^
  File "/Users/ben/Dev/imgtagplus/.venv/lib/python3.14/site-packages/transformers/tokenization_utils_base.py", line 1293, in __getattr__
    raise AttributeError(f"{self.__class__.__name__} has no attribute {key}")
AttributeError: TokenizersBackend has no attribute additional_special_tokens. Did you mean: 'add_special_tokens'?
