2026-03-12 05:08:00  INFO      Model       : florence-2-base (microsoft/Florence-2-base)
2026-03-12 05:08:00  INFO      Recursive   : True
2026-03-12 05:08:00  INFO      Max tags    : 10
2026-03-12 05:08:00  INFO      Silent      : True
2026-03-12 05:08:00  INFO      Continue err: True
2026-03-12 05:08:00  INFO      Log file    : /Users/ben/Dev/imgtagplus/imgtagplus_20260312_050800.log
2026-03-12 05:08:00  INFO      Found 4 image(s) scanning /Users/ben/Dev/imgtagplus/sandbox (recursively)
2026-03-12 05:08:00  INFO      Images to process: 4
2026-03-12 05:08:00  INFO      Resolved florence-2-base to Hugging Face ID: microsoft/Florence-2-base
2026-03-12 05:08:00  INFO      GPU environment detected. Loading native microsoft/Florence-2-base on mps with SDPA...
2026-03-12 05:08:00  DEBUG     close.started
2026-03-12 05:08:00  DEBUG     close.complete
2026-03-12 05:08:00  DEBUG     connect_tcp.started host='huggingface.co' port=443 local_address=None timeout=10 socket_options=None
2026-03-12 05:08:00  DEBUG     connect_tcp.complete return_value=<httpcore._backends.sync.SyncStream object at 0x116252a50>
2026-03-12 05:08:00  DEBUG     start_tls.started ssl_context=<ssl.SSLContext object at 0x112fc32f0> server_hostname='huggingface.co' timeout=10
2026-03-12 05:08:00  DEBUG     start_tls.complete return_value=<httpcore._backends.sync.SyncStream object at 0x116516050>
2026-03-12 05:08:00  DEBUG     send_request_headers.started request=<Request [b'HEAD']>
2026-03-12 05:08:00  DEBUG     send_request_headers.complete
2026-03-12 05:08:00  DEBUG     send_request_body.started request=<Request [b'HEAD']>
2026-03-12 05:08:00  DEBUG     send_request_body.complete
2026-03-12 05:08:00  DEBUG     receive_response_headers.started request=<Request [b'HEAD']>
2026-03-12 05:08:00  DEBUG     receive_response_headers.complete return_value=(b'HTTP/1.1', 404, b'Not Found', [(b'Content-Type', b'text/plain; charset=utf-8'), (b'Content-Length', b'15'), (b'Connection', b'keep-alive'), (b'Date', b'Thu, 12 Mar 2026 09:08:00 GMT'), (b'ETag', b'W/"f-mY2VvLxuxB7KhsoOdQTlMTccuAQ"'), (b'X-Powered-By', b'huggingface-moon'), (b'X-Request-Id', b'Root=1-69b28270-5255a4a12fd236ad553c8027;285955c3-9363-4277-8f39-9af0b1ec7160'), (b'RateLimit', b'"resolvers";r=2999;t=284'), (b'RateLimit-Policy', b'"fixed window";"resolvers";q=3000;w=300'), (b'cross-origin-opener-policy', b'same-origin'), (b'Referrer-Policy', b'strict-origin-when-cross-origin'), (b'Access-Control-Max-Age', b'86400'), (b'Access-Control-Allow-Origin', b'https://huggingface.co'), (b'Vary', b'Origin'), (b'Access-Control-Expose-Headers', b'X-Repo-Commit,X-Request-Id,X-Error-Code,X-Error-Message,X-Total-Count,ETag,Link,Accept-Ranges,Content-Range,X-Linked-Size,X-Linked-ETag,X-Xet-Hash'), (b'X-Repo-Commit', b'5ca5edf5bd017b9919c05d08aebef5e4c7ac3bac'), (b'Accept-Ranges', b'bytes'), (b'X-Hub-Cache', b'MISS'), (b'X-Error-Code', b'EntryNotFound'), (b'X-Error-Message', b'Entry not found'), (b'X-Cache', b'Error from cloudfront'), (b'Via', b'1.1 493303bd82437243d9548b7bdc9081fc.cloudfront.net (CloudFront)'), (b'X-Amz-Cf-Pop', b'ATL59-P13'), (b'X-Amz-Cf-Id', b'lS4Ji8j-rJ9Wd_5dCVmQ4qKTA9IR5FBmO4WgMcspRLozzdsbUI1srw==')])
2026-03-12 05:08:00  INFO      HTTP Request: HEAD https://huggingface.co/microsoft/Florence-2-base/resolve/main/processor_config.json "HTTP/1.1 404 Not Found"
2026-03-12 05:08:00  DEBUG     receive_response_body.started request=<Request [b'HEAD']>
2026-03-12 05:08:00  DEBUG     receive_response_body.complete
2026-03-12 05:08:00  DEBUG     response_closed.started
2026-03-12 05:08:00  DEBUG     response_closed.complete
2026-03-12 05:08:00  DEBUG     send_request_headers.started request=<Request [b'HEAD']>
2026-03-12 05:08:00  DEBUG     send_request_headers.complete
2026-03-12 05:08:00  DEBUG     send_request_body.started request=<Request [b'HEAD']>
2026-03-12 05:08:00  DEBUG     send_request_body.complete
2026-03-12 05:08:00  DEBUG     receive_response_headers.started request=<Request [b'HEAD']>
2026-03-12 05:08:00  DEBUG     receive_response_headers.complete return_value=(b'HTTP/1.1', 307, b'Temporary Redirect', [(b'Content-Type', b'text/plain; charset=utf-8'), (b'Content-Length', b'280'), (b'Connection', b'keep-alive'), (b'Date', b'Thu, 12 Mar 2026 09:08:00 GMT'), (b'Location', b'/api/resolve-cache/models/microsoft/Florence-2-base/5ca5edf5bd017b9919c05d08aebef5e4c7ac3bac/preprocessor_config.json?%2Fmicrosoft%2FFlorence-2-base%2Fresolve%2Fmain%2Fpreprocessor_config.json=&etag=%2285cd7be3568df661ad536b6ab20d59b08ba079ae%22'), (b'X-Powered-By', b'huggingface-moon'), (b'X-Request-Id', b'Root=1-69b28270-21c6c6fb5754a170460f5b1c;8eb87e32-72a5-47dd-aa1f-04735ed63990'), (b'RateLimit', b'"resolvers";r=2998;t=284'), (b'RateLimit-Policy', b'"fixed window";"resolvers";q=3000;w=300'), (b'cross-origin-opener-policy', b'same-origin'), (b'Referrer-Policy', b'strict-origin-when-cross-origin'), (b'Access-Control-Max-Age', b'86400'), (b'Access-Control-Allow-Origin', b'https://huggingface.co'), (b'Vary', b'Origin, Accept'), (b'Access-Control-Expose-Headers', b'X-Repo-Commit,X-Request-Id,X-Error-Code,X-Error-Message,X-Total-Count,ETag,Link,Accept-Ranges,Content-Range,X-Linked-Size,X-Linked-ETag,X-Xet-Hash'), (b'X-Repo-Commit', b'5ca5edf5bd017b9919c05d08aebef5e4c7ac3bac'), (b'Accept-Ranges', b'bytes'), (b'X-Hub-Cache', b'HIT'), (b'Content-Disposition', b'inline; filename*=UTF-8\'\'preprocessor_config.json; filename="preprocessor_config.json";'), (b'Content-Security-Policy', b"default-src 'none'; sandbox"), (b'X-Linked-ETag', b'"85cd7be3568df661ad536b6ab20d59b08ba079ae"'), (b'X-Cache', b'Miss from cloudfront'), (b'Via', b'1.1 493303bd82437243d9548b7bdc9081fc.cloudfront.net (CloudFront)'), (b'X-Amz-Cf-Pop', b'ATL59-P13'), (b'X-Amz-Cf-Id', b'BSOO_xgvw6jWFY0bja255x-GXM2TVHzD4UlNKZDXawJ82ltZGOE6jg==')])
2026-03-12 05:08:00  INFO      HTTP Request: HEAD https://huggingface.co/microsoft/Florence-2-base/resolve/main/preprocessor_config.json "HTTP/1.1 307 Temporary Redirect"
2026-03-12 05:08:00  DEBUG     receive_response_body.started request=<Request [b'HEAD']>
2026-03-12 05:08:00  DEBUG     receive_response_body.complete
2026-03-12 05:08:00  DEBUG     response_closed.started
2026-03-12 05:08:00  DEBUG     response_closed.complete
2026-03-12 05:08:00  DEBUG     send_request_headers.started request=<Request [b'HEAD']>
2026-03-12 05:08:00  DEBUG     send_request_headers.complete
2026-03-12 05:08:00  DEBUG     send_request_body.started request=<Request [b'HEAD']>
2026-03-12 05:08:00  DEBUG     send_request_body.complete
2026-03-12 05:08:00  DEBUG     receive_response_headers.started request=<Request [b'HEAD']>
2026-03-12 05:08:00  DEBUG     receive_response_headers.complete return_value=(b'HTTP/1.1', 200, b'OK', [(b'Content-Type', b'text/plain; charset=utf-8'), (b'Content-Length', b'806'), (b'Connection', b'keep-alive'), (b'Date', b'Tue, 27 Jan 2026 01:41:37 GMT'), (b'ETag', b'"85cd7be3568df661ad536b6ab20d59b08ba079ae"'), (b'X-Powered-By', b'huggingface-moon'), (b'X-Request-Id', b'Root=1-697817d0-059260574dd4c8de754bd81a;3efadae7-e406-40ec-9d8a-654040c73720'), (b'RateLimit', b'"resolvers";r=2998;t=196'), (b'RateLimit-Policy', b'"fixed window";"resolvers";q=3000;w=300'), (b'cross-origin-opener-policy', b'same-origin'), (b'Referrer-Policy', b'strict-origin-when-cross-origin'), (b'Access-Control-Max-Age', b'86400'), (b'Access-Control-Allow-Origin', b'https://huggingface.co'), (b'Access-Control-Expose-Headers', b'X-Repo-Commit,X-Request-Id,X-Error-Code,X-Error-Message,X-Total-Count,ETag,Link,Accept-Ranges,Content-Range,X-Linked-Size,X-Linked-ETag,X-Xet-Hash'), (b'X-Repo-Commit', b'5ca5edf5bd017b9919c05d08aebef5e4c7ac3bac'), (b'Accept-Ranges', b'bytes'), (b'Content-Disposition', b'inline; filename*=UTF-8\'\'preprocessor_config.json; filename="preprocessor_config.json";'), (b'Content-Security-Policy', b"default-src 'none'; sandbox"), (b'Vary', b'Origin'), (b'X-Cache', b'Hit from cloudfront'), (b'Via', b'1.1 493303bd82437243d9548b7bdc9081fc.cloudfront.net (CloudFront)'), (b'X-Amz-Cf-Pop', b'ATL59-P13'), (b'X-Amz-Cf-Id', b'LHrVmdHke70RvQxrU_tQIVWk9SJzBoRBXCJasc2KAYhcfF07GkpEeQ=='), (b'Age', b'3828383')])
2026-03-12 05:08:00  INFO      HTTP Request: HEAD https://huggingface.co/api/resolve-cache/models/microsoft/Florence-2-base/5ca5edf5bd017b9919c05d08aebef5e4c7ac3bac/preprocessor_config.json "HTTP/1.1 200 OK"
2026-03-12 05:08:00  DEBUG     receive_response_body.started request=<Request [b'HEAD']>
2026-03-12 05:08:00  DEBUG     receive_response_body.complete
2026-03-12 05:08:00  DEBUG     response_closed.started
2026-03-12 05:08:00  DEBUG     response_closed.complete
2026-03-12 05:08:00  DEBUG     send_request_headers.started request=<Request [b'HEAD']>
2026-03-12 05:08:00  DEBUG     send_request_headers.complete
2026-03-12 05:08:00  DEBUG     send_request_body.started request=<Request [b'HEAD']>
2026-03-12 05:08:00  DEBUG     send_request_body.complete
2026-03-12 05:08:00  DEBUG     receive_response_headers.started request=<Request [b'HEAD']>
2026-03-12 05:08:00  DEBUG     receive_response_headers.complete return_value=(b'HTTP/1.1', 404, b'Not Found', [(b'Content-Type', b'text/plain; charset=utf-8'), (b'Content-Length', b'15'), (b'Connection', b'keep-alive'), (b'Date', b'Thu, 12 Mar 2026 09:08:00 GMT'), (b'ETag', b'W/"f-mY2VvLxuxB7KhsoOdQTlMTccuAQ"'), (b'X-Powered-By', b'huggingface-moon'), (b'X-Request-Id', b'Root=1-69b28270-5798bd6d349c70626149ee11;ef9af950-7054-4833-b29c-a495e314fb7e'), (b'RateLimit', b'"resolvers";r=2997;t=284'), (b'RateLimit-Policy', b'"fixed window";"resolvers";q=3000;w=300'), (b'cross-origin-opener-policy', b'same-origin'), (b'Referrer-Policy', b'strict-origin-when-cross-origin'), (b'Access-Control-Max-Age', b'86400'), (b'Access-Control-Allow-Origin', b'https://huggingface.co'), (b'Vary', b'Origin'), (b'Access-Control-Expose-Headers', b'X-Repo-Commit,X-Request-Id,X-Error-Code,X-Error-Message,X-Total-Count,ETag,Link,Accept-Ranges,Content-Range,X-Linked-Size,X-Linked-ETag,X-Xet-Hash'), (b'X-Repo-Commit', b'5ca5edf5bd017b9919c05d08aebef5e4c7ac3bac'), (b'Accept-Ranges', b'bytes'), (b'X-Hub-Cache', b'MISS'), (b'X-Error-Code', b'EntryNotFound'), (b'X-Error-Message', b'Entry not found'), (b'X-Cache', b'Error from cloudfront'), (b'Via', b'1.1 493303bd82437243d9548b7bdc9081fc.cloudfront.net (CloudFront)'), (b'X-Amz-Cf-Pop', b'ATL59-P13'), (b'X-Amz-Cf-Id', b'WoQpFOF5CrTbtlD283ZwEYGlY-BiTcYhwK6fnagqliLNNPC9byZKfA==')])
2026-03-12 05:08:00  INFO      HTTP Request: HEAD https://huggingface.co/microsoft/Florence-2-base/resolve/main/processor_config.json "HTTP/1.1 404 Not Found"
2026-03-12 05:08:00  DEBUG     receive_response_body.started request=<Request [b'HEAD']>
2026-03-12 05:08:00  DEBUG     receive_response_body.complete
2026-03-12 05:08:00  DEBUG     response_closed.started
2026-03-12 05:08:00  DEBUG     response_closed.complete
2026-03-12 05:08:00  DEBUG     send_request_headers.started request=<Request [b'HEAD']>
2026-03-12 05:08:00  DEBUG     send_request_headers.complete
2026-03-12 05:08:00  DEBUG     send_request_body.started request=<Request [b'HEAD']>
2026-03-12 05:08:00  DEBUG     send_request_body.complete
2026-03-12 05:08:00  DEBUG     receive_response_headers.started request=<Request [b'HEAD']>
2026-03-12 05:08:00  DEBUG     receive_response_headers.complete return_value=(b'HTTP/1.1', 307, b'Temporary Redirect', [(b'Content-Type', b'text/plain; charset=utf-8'), (b'Content-Length', b'280'), (b'Connection', b'keep-alive'), (b'Date', b'Thu, 12 Mar 2026 09:08:00 GMT'), (b'Location', b'/api/resolve-cache/models/microsoft/Florence-2-base/5ca5edf5bd017b9919c05d08aebef5e4c7ac3bac/preprocessor_config.json?%2Fmicrosoft%2FFlorence-2-base%2Fresolve%2Fmain%2Fpreprocessor_config.json=&etag=%2285cd7be3568df661ad536b6ab20d59b08ba079ae%22'), (b'X-Powered-By', b'huggingface-moon'), (b'X-Request-Id', b'Root=1-69b28270-65409e9f05f9eebb5dfa73fe;6de4e41e-9102-4bfa-bf7b-c8a89b7afce2'), (b'RateLimit', b'"resolvers";r=2996;t=284'), (b'RateLimit-Policy', b'"fixed window";"resolvers";q=3000;w=300'), (b'cross-origin-opener-policy', b'same-origin'), (b'Referrer-Policy', b'strict-origin-when-cross-origin'), (b'Access-Control-Max-Age', b'86400'), (b'Access-Control-Allow-Origin', b'https://huggingface.co'), (b'Vary', b'Origin, Accept'), (b'Access-Control-Expose-Headers', b'X-Repo-Commit,X-Request-Id,X-Error-Code,X-Error-Message,X-Total-Count,ETag,Link,Accept-Ranges,Content-Range,X-Linked-Size,X-Linked-ETag,X-Xet-Hash'), (b'X-Repo-Commit', b'5ca5edf5bd017b9919c05d08aebef5e4c7ac3bac'), (b'Accept-Ranges', b'bytes'), (b'X-HF-Warning', b'unauthenticated; Warning: You are sending unauthenticated requests to the HF Hub. Please set a HF_TOKEN to enable higher rate limits and faster downloads.'), (b'X-Hub-Cache', b'HIT'), (b'Content-Disposition', b'inline; filename*=UTF-8\'\'preprocessor_config.json; filename="preprocessor_config.json";'), (b'Content-Security-Policy', b"default-src 'none'; sandbox"), (b'X-Linked-ETag', b'"85cd7be3568df661ad536b6ab20d59b08ba079ae"'), (b'X-Cache', b'Miss from cloudfront'), (b'Via', b'1.1 493303bd82437243d9548b7bdc9081fc.cloudfront.net (CloudFront)'), (b'X-Amz-Cf-Pop', b'ATL59-P13'), (b'X-Amz-Cf-Id', b'AvRU_HK8RsoYH7VZfUkF17kXaz_wHBvDWFrzi23uRH_sdmd_xX8Msg==')])
2026-03-12 05:08:00  INFO      HTTP Request: HEAD https://huggingface.co/microsoft/Florence-2-base/resolve/main/preprocessor_config.json "HTTP/1.1 307 Temporary Redirect"
2026-03-12 05:08:00  DEBUG     receive_response_body.started request=<Request [b'HEAD']>
2026-03-12 05:08:00  DEBUG     receive_response_body.complete
2026-03-12 05:08:00  DEBUG     response_closed.started
2026-03-12 05:08:00  DEBUG     response_closed.complete
2026-03-12 05:08:00  DEBUG     send_request_headers.started request=<Request [b'HEAD']>
2026-03-12 05:08:00  DEBUG     send_request_headers.complete
2026-03-12 05:08:00  DEBUG     send_request_body.started request=<Request [b'HEAD']>
2026-03-12 05:08:00  DEBUG     send_request_body.complete
2026-03-12 05:08:00  DEBUG     receive_response_headers.started request=<Request [b'HEAD']>
2026-03-12 05:08:00  DEBUG     receive_response_headers.complete return_value=(b'HTTP/1.1', 200, b'OK', [(b'Content-Type', b'text/plain; charset=utf-8'), (b'Content-Length', b'806'), (b'Connection', b'keep-alive'), (b'Date', b'Fri, 29 Aug 2025 11:01:00 GMT'), (b'ETag', b'"85cd7be3568df661ad536b6ab20d59b08ba079ae"'), (b'X-Powered-By', b'huggingface-moon'), (b'cross-origin-opener-policy', b'same-origin'), (b'Referrer-Policy', b'strict-origin-when-cross-origin'), (b'X-Request-Id', b'Root=1-68b1886c-3d4f6bff3d722a4d12726afd;ef87aadc-03fd-42a9-938c-074af063b721'), (b'Access-Control-Allow-Origin', b'https://huggingface.co'), (b'Access-Control-Expose-Headers', b'X-Repo-Commit,X-Request-Id,X-Error-Code,X-Error-Message,X-Total-Count,ETag,Link,Accept-Ranges,Content-Range,X-Linked-Size,X-Linked-ETag,X-Xet-Hash'), (b'X-Repo-Commit', b'5ca5edf5bd017b9919c05d08aebef5e4c7ac3bac'), (b'Accept-Ranges', b'bytes'), (b'Content-Disposition', b'inline; filename*=UTF-8\'\'preprocessor_config.json; filename="preprocessor_config.json";'), (b'Content-Security-Policy', b"default-src 'none'; sandbox"), (b'Vary', b'Origin'), (b'X-Cache', b'Hit from cloudfront'), (b'Via', b'1.1 493303bd82437243d9548b7bdc9081fc.cloudfront.net (CloudFront)'), (b'X-Amz-Cf-Pop', b'ATL59-P13'), (b'X-Amz-Cf-Id', b'W9CSdGEX8uC923iLhjWoPYZ6rVgwtGQwRW1tBW5cnokvZNlC81H11Q=='), (b'Age', b'16841220')])
2026-03-12 05:08:00  INFO      HTTP Request: HEAD https://huggingface.co/api/resolve-cache/models/microsoft/Florence-2-base/5ca5edf5bd017b9919c05d08aebef5e4c7ac3bac/preprocessor_config.json "HTTP/1.1 200 OK"
2026-03-12 05:08:00  DEBUG     receive_response_body.started request=<Request [b'HEAD']>
2026-03-12 05:08:00  DEBUG     receive_response_body.complete
2026-03-12 05:08:00  DEBUG     response_closed.started
2026-03-12 05:08:00  DEBUG     response_closed.complete
2026-03-12 05:08:00  DEBUG     send_request_headers.started request=<Request [b'HEAD']>
2026-03-12 05:08:00  DEBUG     send_request_headers.complete
2026-03-12 05:08:00  DEBUG     send_request_body.started request=<Request [b'HEAD']>
2026-03-12 05:08:00  DEBUG     send_request_body.complete
2026-03-12 05:08:00  DEBUG     receive_response_headers.started request=<Request [b'HEAD']>
2026-03-12 05:08:00  DEBUG     receive_response_headers.complete return_value=(b'HTTP/1.1', 307, b'Temporary Redirect', [(b'Content-Type', b'text/plain; charset=utf-8'), (b'Content-Length', b'278'), (b'Connection', b'keep-alive'), (b'Date', b'Thu, 12 Mar 2026 09:08:00 GMT'), (b'Location', b'/api/resolve-cache/models/microsoft/Florence-2-base/5ca5edf5bd017b9919c05d08aebef5e4c7ac3bac/processing_florence2.py?%2Fmicrosoft%2FFlorence-2-base%2Fresolve%2Fmain%2Fprocessing_florence2.py=&etag=%223cd9815895c8c2b355f1e07ff983186f1e05c9e9%22'), (b'X-Powered-By', b'huggingface-moon'), (b'X-Request-Id', b'Root=1-69b28270-19244b411dd534a80f1436b0;6895fa40-f568-48ac-a25d-37c6b200e617'), (b'RateLimit', b'"resolvers";r=2995;t=284'), (b'RateLimit-Policy', b'"fixed window";"resolvers";q=3000;w=300'), (b'cross-origin-opener-policy', b'same-origin'), (b'Referrer-Policy', b'strict-origin-when-cross-origin'), (b'Access-Control-Max-Age', b'86400'), (b'Access-Control-Allow-Origin', b'https://huggingface.co'), (b'Vary', b'Origin, Accept'), (b'Access-Control-Expose-Headers', b'X-Repo-Commit,X-Request-Id,X-Error-Code,X-Error-Message,X-Total-Count,ETag,Link,Accept-Ranges,Content-Range,X-Linked-Size,X-Linked-ETag,X-Xet-Hash'), (b'X-Repo-Commit', b'5ca5edf5bd017b9919c05d08aebef5e4c7ac3bac'), (b'Accept-Ranges', b'bytes'), (b'X-HF-Warning', b'unauthenticated; Warning: You are sending unauthenticated requests to the HF Hub. Please set a HF_TOKEN to enable higher rate limits and faster downloads.'), (b'X-Hub-Cache', b'HIT'), (b'Content-Disposition', b'inline; filename*=UTF-8\'\'processing_florence2.py; filename="processing_florence2.py";'), (b'Content-Security-Policy', b"default-src 'none'; sandbox"), (b'X-Linked-ETag', b'"3cd9815895c8c2b355f1e07ff983186f1e05c9e9"'), (b'X-Cache', b'Miss from cloudfront'), (b'Via', b'1.1 493303bd82437243d9548b7bdc9081fc.cloudfront.net (CloudFront)'), (b'X-Amz-Cf-Pop', b'ATL59-P13'), (b'X-Amz-Cf-Id', b'YWGaPVyLQ8gdLoP1koAUj-0x2UZqJiGMyuAgHnopUoEhXk3d1VaF0w==')])
2026-03-12 05:08:00  INFO      HTTP Request: HEAD https://huggingface.co/microsoft/Florence-2-base/resolve/main/processing_florence2.py "HTTP/1.1 307 Temporary Redirect"
2026-03-12 05:08:00  DEBUG     receive_response_body.started request=<Request [b'HEAD']>
2026-03-12 05:08:00  DEBUG     receive_response_body.complete
2026-03-12 05:08:00  DEBUG     response_closed.started
2026-03-12 05:08:00  DEBUG     response_closed.complete
2026-03-12 05:08:00  DEBUG     send_request_headers.started request=<Request [b'HEAD']>
2026-03-12 05:08:00  DEBUG     send_request_headers.complete
2026-03-12 05:08:00  DEBUG     send_request_body.started request=<Request [b'HEAD']>
2026-03-12 05:08:00  DEBUG     send_request_body.complete
2026-03-12 05:08:00  DEBUG     receive_response_headers.started request=<Request [b'HEAD']>
2026-03-12 05:08:00  DEBUG     receive_response_headers.complete return_value=(b'HTTP/1.1', 200, b'OK', [(b'Content-Type', b'text/plain; charset=utf-8'), (b'Content-Length', b'48676'), (b'Connection', b'keep-alive'), (b'Date', b'Tue, 27 Jan 2026 01:41:37 GMT'), (b'ETag', b'"3cd9815895c8c2b355f1e07ff983186f1e05c9e9"'), (b'X-Powered-By', b'huggingface-moon'), (b'X-Request-Id', b'Root=1-697817d1-2010b7734ab967d303e2217d;477500f6-2525-48f6-abf8-0aa01b00427e'), (b'RateLimit', b'"resolvers";r=2998;t=79'), (b'RateLimit-Policy', b'"fixed window";"resolvers";q=3000;w=300'), (b'cross-origin-opener-policy', b'same-origin'), (b'Referrer-Policy', b'strict-origin-when-cross-origin'), (b'Access-Control-Max-Age', b'86400'), (b'Access-Control-Allow-Origin', b'https://huggingface.co'), (b'Access-Control-Expose-Headers', b'X-Repo-Commit,X-Request-Id,X-Error-Code,X-Error-Message,X-Total-Count,ETag,Link,Accept-Ranges,Content-Range,X-Linked-Size,X-Linked-ETag,X-Xet-Hash'), (b'X-Repo-Commit', b'5ca5edf5bd017b9919c05d08aebef5e4c7ac3bac'), (b'Accept-Ranges', b'bytes'), (b'Content-Disposition', b'inline; filename*=UTF-8\'\'processing_florence2.py; filename="processing_florence2.py";'), (b'Content-Security-Policy', b"default-src 'none'; sandbox"), (b'Vary', b'Origin'), (b'X-Cache', b'Hit from cloudfront'), (b'Via', b'1.1 493303bd82437243d9548b7bdc9081fc.cloudfront.net (CloudFront)'), (b'X-Amz-Cf-Pop', b'ATL59-P13'), (b'X-Amz-Cf-Id', b'4aWvMXQy_eZB6cdOH5X2UJNH3GwCu0k7Ktmn3363EEUXGjhCQAXEZw=='), (b'Age', b'3828383')])
2026-03-12 05:08:00  INFO      HTTP Request: HEAD https://huggingface.co/api/resolve-cache/models/microsoft/Florence-2-base/5ca5edf5bd017b9919c05d08aebef5e4c7ac3bac/processing_florence2.py "HTTP/1.1 200 OK"
2026-03-12 05:08:00  DEBUG     receive_response_body.started request=<Request [b'HEAD']>
2026-03-12 05:08:00  DEBUG     receive_response_body.complete
2026-03-12 05:08:00  DEBUG     response_closed.started
2026-03-12 05:08:00  DEBUG     response_closed.complete
2026-03-12 05:08:00  DEBUG     send_request_headers.started request=<Request [b'GET']>
2026-03-12 05:08:00  DEBUG     send_request_headers.complete
2026-03-12 05:08:00  DEBUG     send_request_body.started request=<Request [b'GET']>
2026-03-12 05:08:00  DEBUG     send_request_body.complete
2026-03-12 05:08:00  DEBUG     receive_response_headers.started request=<Request [b'GET']>
2026-03-12 05:08:00  DEBUG     receive_response_headers.complete return_value=(b'HTTP/1.1', 404, b'Not Found', [(b'Content-Type', b'application/json; charset=utf-8'), (b'Content-Length', b'64'), (b'Connection', b'keep-alive'), (b'Date', b'Thu, 12 Mar 2026 09:08:00 GMT'), (b'ETag', b'W/"40-09f9IAqP13xarAhQxFS2W8rvRkM"'), (b'X-Powered-By', b'huggingface-moon'), (b'X-Request-Id', b'Root=1-69b28270-055dfe2d122630690d7914ea;2a5f4b37-47f6-45ac-a41f-4ef5ea38c837'), (b'RateLimit', b'"api";r=499;t=284'), (b'RateLimit-Policy', b'"fixed window";"api";q=500;w=300'), (b'cross-origin-opener-policy', b'same-origin'), (b'Referrer-Policy', b'strict-origin-when-cross-origin'), (b'Access-Control-Max-Age', b'86400'), (b'Access-Control-Allow-Origin', b'https://huggingface.co'), (b'Vary', b'Origin'), (b'Access-Control-Expose-Headers', b'X-Repo-Commit,X-Request-Id,X-Error-Code,X-Error-Message,X-Total-Count,ETag,Link,Accept-Ranges,Content-Range,X-Linked-Size,X-Linked-ETag,X-Xet-Hash'), (b'X-Error-Code', b'EntryNotFound'), (b'X-Error-Message', b'additional_chat_templates does not exist on "main"'), (b'X-Cache', b'Error from cloudfront'), (b'Via', b'1.1 493303bd82437243d9548b7bdc9081fc.cloudfront.net (CloudFront)'), (b'X-Amz-Cf-Pop', b'ATL59-P13'), (b'X-Amz-Cf-Id', b'12CPzIG_f8WyRN8BZoTAFw-3n-aS44a17BUwpUVjGGlY93LH0CHxDQ==')])
2026-03-12 05:08:00  INFO      HTTP Request: GET https://huggingface.co/api/models/microsoft/Florence-2-base/tree/main/additional_chat_templates?recursive=false&expand=false "HTTP/1.1 404 Not Found"
2026-03-12 05:08:00  DEBUG     receive_response_body.started request=<Request [b'GET']>
2026-03-12 05:08:00  DEBUG     receive_response_body.complete
2026-03-12 05:08:00  DEBUG     response_closed.started
2026-03-12 05:08:00  DEBUG     response_closed.complete
2026-03-12 05:08:00  DEBUG     send_request_headers.started request=<Request [b'HEAD']>
2026-03-12 05:08:00  DEBUG     send_request_headers.complete
2026-03-12 05:08:00  DEBUG     send_request_body.started request=<Request [b'HEAD']>
2026-03-12 05:08:00  DEBUG     send_request_body.complete
2026-03-12 05:08:00  DEBUG     receive_response_headers.started request=<Request [b'HEAD']>
2026-03-12 05:08:00  DEBUG     receive_response_headers.complete return_value=(b'HTTP/1.1', 404, b'Not Found', [(b'Content-Type', b'text/plain; charset=utf-8'), (b'Content-Length', b'15'), (b'Connection', b'keep-alive'), (b'Date', b'Thu, 12 Mar 2026 09:08:00 GMT'), (b'ETag', b'W/"f-mY2VvLxuxB7KhsoOdQTlMTccuAQ"'), (b'X-Powered-By', b'huggingface-moon'), (b'X-Request-Id', b'Root=1-69b28270-17aa56c76fc33ea541fe227f;ea30974a-6780-4752-b5d3-e88754b817e6'), (b'RateLimit', b'"resolvers";r=2994;t=284'), (b'RateLimit-Policy', b'"fixed window";"resolvers";q=3000;w=300'), (b'cross-origin-opener-policy', b'same-origin'), (b'Referrer-Policy', b'strict-origin-when-cross-origin'), (b'Access-Control-Max-Age', b'86400'), (b'Access-Control-Allow-Origin', b'https://huggingface.co'), (b'Vary', b'Origin'), (b'Access-Control-Expose-Headers', b'X-Repo-Commit,X-Request-Id,X-Error-Code,X-Error-Message,X-Total-Count,ETag,Link,Accept-Ranges,Content-Range,X-Linked-Size,X-Linked-ETag,X-Xet-Hash'), (b'X-Repo-Commit', b'5ca5edf5bd017b9919c05d08aebef5e4c7ac3bac'), (b'Accept-Ranges', b'bytes'), (b'X-Hub-Cache', b'MISS'), (b'X-Error-Code', b'EntryNotFound'), (b'X-Error-Message', b'Entry not found'), (b'X-Cache', b'Error from cloudfront'), (b'Via', b'1.1 493303bd82437243d9548b7bdc9081fc.cloudfront.net (CloudFront)'), (b'X-Amz-Cf-Pop', b'ATL59-P13'), (b'X-Amz-Cf-Id', b'FwK1mrnqGmZi6xVN02IxdwoM2cgnXZlH1oWfMZqiujoE5yqm-HzZ1A==')])
2026-03-12 05:08:00  INFO      HTTP Request: HEAD https://huggingface.co/microsoft/Florence-2-base/resolve/main/processor_config.json "HTTP/1.1 404 Not Found"
2026-03-12 05:08:00  DEBUG     receive_response_body.started request=<Request [b'HEAD']>
2026-03-12 05:08:00  DEBUG     receive_response_body.complete
2026-03-12 05:08:00  DEBUG     response_closed.started
2026-03-12 05:08:00  DEBUG     response_closed.complete
2026-03-12 05:08:00  DEBUG     send_request_headers.started request=<Request [b'HEAD']>
2026-03-12 05:08:00  DEBUG     send_request_headers.complete
2026-03-12 05:08:00  DEBUG     send_request_body.started request=<Request [b'HEAD']>
2026-03-12 05:08:00  DEBUG     send_request_body.complete
2026-03-12 05:08:00  DEBUG     receive_response_headers.started request=<Request [b'HEAD']>
2026-03-12 05:08:00  DEBUG     receive_response_headers.complete return_value=(b'HTTP/1.1', 404, b'Not Found', [(b'Content-Type', b'text/plain; charset=utf-8'), (b'Content-Length', b'15'), (b'Connection', b'keep-alive'), (b'Date', b'Thu, 12 Mar 2026 09:08:00 GMT'), (b'ETag', b'W/"f-mY2VvLxuxB7KhsoOdQTlMTccuAQ"'), (b'X-Powered-By', b'huggingface-moon'), (b'X-Request-Id', b'Root=1-69b28270-06070f650edf1fde22d109f8;4b5561d7-80fd-43a2-9c23-fa2a47bfa455'), (b'RateLimit', b'"resolvers";r=2993;t=284'), (b'RateLimit-Policy', b'"fixed window";"resolvers";q=3000;w=300'), (b'cross-origin-opener-policy', b'same-origin'), (b'Referrer-Policy', b'strict-origin-when-cross-origin'), (b'Access-Control-Max-Age', b'86400'), (b'Access-Control-Allow-Origin', b'https://huggingface.co'), (b'Vary', b'Origin'), (b'Access-Control-Expose-Headers', b'X-Repo-Commit,X-Request-Id,X-Error-Code,X-Error-Message,X-Total-Count,ETag,Link,Accept-Ranges,Content-Range,X-Linked-Size,X-Linked-ETag,X-Xet-Hash'), (b'X-Repo-Commit', b'5ca5edf5bd017b9919c05d08aebef5e4c7ac3bac'), (b'Accept-Ranges', b'bytes'), (b'X-Hub-Cache', b'MISS'), (b'X-Error-Code', b'EntryNotFound'), (b'X-Error-Message', b'Entry not found'), (b'X-Cache', b'Error from cloudfront'), (b'Via', b'1.1 493303bd82437243d9548b7bdc9081fc.cloudfront.net (CloudFront)'), (b'X-Amz-Cf-Pop', b'ATL59-P13'), (b'X-Amz-Cf-Id', b'qbmCSlRfVw7Qndu0B5WmoOt06eWAaYO-VWqETuxgSRInranGkPjPIQ==')])
2026-03-12 05:08:00  INFO      HTTP Request: HEAD https://huggingface.co/microsoft/Florence-2-base/resolve/main/chat_template.json "HTTP/1.1 404 Not Found"
2026-03-12 05:08:00  DEBUG     receive_response_body.started request=<Request [b'HEAD']>
2026-03-12 05:08:00  DEBUG     receive_response_body.complete
2026-03-12 05:08:00  DEBUG     response_closed.started
2026-03-12 05:08:00  DEBUG     response_closed.complete
2026-03-12 05:08:00  DEBUG     send_request_headers.started request=<Request [b'HEAD']>
2026-03-12 05:08:00  DEBUG     send_request_headers.complete
2026-03-12 05:08:00  DEBUG     send_request_body.started request=<Request [b'HEAD']>
2026-03-12 05:08:00  DEBUG     send_request_body.complete
2026-03-12 05:08:00  DEBUG     receive_response_headers.started request=<Request [b'HEAD']>
2026-03-12 05:08:01  DEBUG     receive_response_headers.complete return_value=(b'HTTP/1.1', 404, b'Not Found', [(b'Content-Type', b'text/plain; charset=utf-8'), (b'Content-Length', b'15'), (b'Connection', b'keep-alive'), (b'Date', b'Thu, 12 Mar 2026 09:08:01 GMT'), (b'ETag', b'W/"f-mY2VvLxuxB7KhsoOdQTlMTccuAQ"'), (b'X-Powered-By', b'huggingface-moon'), (b'X-Request-Id', b'Root=1-69b28271-6f8ccb6f6f053be868f2e367;839642c3-c548-4795-964c-cf8df042b85b'), (b'RateLimit', b'"resolvers";r=2992;t=283'), (b'RateLimit-Policy', b'"fixed window";"resolvers";q=3000;w=300'), (b'cross-origin-opener-policy', b'same-origin'), (b'Referrer-Policy', b'strict-origin-when-cross-origin'), (b'Access-Control-Max-Age', b'86400'), (b'Access-Control-Allow-Origin', b'https://huggingface.co'), (b'Vary', b'Origin'), (b'Access-Control-Expose-Headers', b'X-Repo-Commit,X-Request-Id,X-Error-Code,X-Error-Message,X-Total-Count,ETag,Link,Accept-Ranges,Content-Range,X-Linked-Size,X-Linked-ETag,X-Xet-Hash'), (b'X-Repo-Commit', b'5ca5edf5bd017b9919c05d08aebef5e4c7ac3bac'), (b'Accept-Ranges', b'bytes'), (b'X-Hub-Cache', b'MISS'), (b'X-Error-Code', b'EntryNotFound'), (b'X-Error-Message', b'Entry not found'), (b'X-Cache', b'Error from cloudfront'), (b'Via', b'1.1 493303bd82437243d9548b7bdc9081fc.cloudfront.net (CloudFront)'), (b'X-Amz-Cf-Pop', b'ATL59-P13'), (b'X-Amz-Cf-Id', b'U5B5c750cmWIOUPtGiUuu--PxLkx8abnz3dx3WRG1-s-uoA3MPOnAg==')])
2026-03-12 05:08:01  INFO      HTTP Request: HEAD https://huggingface.co/microsoft/Florence-2-base/resolve/main/chat_template.jinja "HTTP/1.1 404 Not Found"
2026-03-12 05:08:01  DEBUG     receive_response_body.started request=<Request [b'HEAD']>
2026-03-12 05:08:01  DEBUG     receive_response_body.complete
2026-03-12 05:08:01  DEBUG     response_closed.started
2026-03-12 05:08:01  DEBUG     response_closed.complete
2026-03-12 05:08:01  DEBUG     send_request_headers.started request=<Request [b'HEAD']>
2026-03-12 05:08:01  DEBUG     send_request_headers.complete
2026-03-12 05:08:01  DEBUG     send_request_body.started request=<Request [b'HEAD']>
2026-03-12 05:08:01  DEBUG     send_request_body.complete
2026-03-12 05:08:01  DEBUG     receive_response_headers.started request=<Request [b'HEAD']>
2026-03-12 05:08:01  DEBUG     receive_response_headers.complete return_value=(b'HTTP/1.1', 404, b'Not Found', [(b'Content-Type', b'text/plain; charset=utf-8'), (b'Content-Length', b'15'), (b'Connection', b'keep-alive'), (b'Date', b'Thu, 12 Mar 2026 09:08:01 GMT'), (b'ETag', b'W/"f-mY2VvLxuxB7KhsoOdQTlMTccuAQ"'), (b'X-Powered-By', b'huggingface-moon'), (b'X-Request-Id', b'Root=1-69b28271-7c128eb8663e51de77bfc9a5;c29e696c-7de0-429d-8eae-c791168e17ab'), (b'RateLimit', b'"resolvers";r=2991;t=283'), (b'RateLimit-Policy', b'"fixed window";"resolvers";q=3000;w=300'), (b'cross-origin-opener-policy', b'same-origin'), (b'Referrer-Policy', b'strict-origin-when-cross-origin'), (b'Access-Control-Max-Age', b'86400'), (b'Access-Control-Allow-Origin', b'https://huggingface.co'), (b'Vary', b'Origin'), (b'Access-Control-Expose-Headers', b'X-Repo-Commit,X-Request-Id,X-Error-Code,X-Error-Message,X-Total-Count,ETag,Link,Accept-Ranges,Content-Range,X-Linked-Size,X-Linked-ETag,X-Xet-Hash'), (b'X-Repo-Commit', b'5ca5edf5bd017b9919c05d08aebef5e4c7ac3bac'), (b'Accept-Ranges', b'bytes'), (b'X-Hub-Cache', b'MISS'), (b'X-Error-Code', b'EntryNotFound'), (b'X-Error-Message', b'Entry not found'), (b'X-Cache', b'Error from cloudfront'), (b'Via', b'1.1 493303bd82437243d9548b7bdc9081fc.cloudfront.net (CloudFront)'), (b'X-Amz-Cf-Pop', b'ATL59-P13'), (b'X-Amz-Cf-Id', b'bef2U2ds8cug0M4d_HCUgQ2Urnl6rdNVm6C12MhvIixV_Z_aGy503w==')])
2026-03-12 05:08:01  INFO      HTTP Request: HEAD https://huggingface.co/microsoft/Florence-2-base/resolve/main/audio_tokenizer_config.json "HTTP/1.1 404 Not Found"
2026-03-12 05:08:01  DEBUG     receive_response_body.started request=<Request [b'HEAD']>
2026-03-12 05:08:01  DEBUG     receive_response_body.complete
2026-03-12 05:08:01  DEBUG     response_closed.started
2026-03-12 05:08:01  DEBUG     response_closed.complete
2026-03-12 05:08:01  DEBUG     send_request_headers.started request=<Request [b'HEAD']>
2026-03-12 05:08:01  DEBUG     send_request_headers.complete
2026-03-12 05:08:01  DEBUG     send_request_body.started request=<Request [b'HEAD']>
2026-03-12 05:08:01  DEBUG     send_request_body.complete
2026-03-12 05:08:01  DEBUG     receive_response_headers.started request=<Request [b'HEAD']>
2026-03-12 05:08:01  DEBUG     receive_response_headers.complete return_value=(b'HTTP/1.1', 404, b'Not Found', [(b'Content-Type', b'text/plain; charset=utf-8'), (b'Content-Length', b'15'), (b'Connection', b'keep-alive'), (b'Date', b'Thu, 12 Mar 2026 09:08:01 GMT'), (b'ETag', b'W/"f-mY2VvLxuxB7KhsoOdQTlMTccuAQ"'), (b'X-Powered-By', b'huggingface-moon'), (b'X-Request-Id', b'Root=1-69b28271-3a9338110557985c0dbe545e;07ec8783-14d8-4e99-816f-e476279e1a65'), (b'RateLimit', b'"resolvers";r=2990;t=283'), (b'RateLimit-Policy', b'"fixed window";"resolvers";q=3000;w=300'), (b'cross-origin-opener-policy', b'same-origin'), (b'Referrer-Policy', b'strict-origin-when-cross-origin'), (b'Access-Control-Max-Age', b'86400'), (b'Access-Control-Allow-Origin', b'https://huggingface.co'), (b'Vary', b'Origin'), (b'Access-Control-Expose-Headers', b'X-Repo-Commit,X-Request-Id,X-Error-Code,X-Error-Message,X-Total-Count,ETag,Link,Accept-Ranges,Content-Range,X-Linked-Size,X-Linked-ETag,X-Xet-Hash'), (b'X-Repo-Commit', b'5ca5edf5bd017b9919c05d08aebef5e4c7ac3bac'), (b'Accept-Ranges', b'bytes'), (b'X-Hub-Cache', b'MISS'), (b'X-Error-Code', b'EntryNotFound'), (b'X-Error-Message', b'Entry not found'), (b'X-Cache', b'Error from cloudfront'), (b'Via', b'1.1 493303bd82437243d9548b7bdc9081fc.cloudfront.net (CloudFront)'), (b'X-Amz-Cf-Pop', b'ATL59-P13'), (b'X-Amz-Cf-Id', b'nUVY5IqkkG8lgQ3zsjU3wYqkbSJa7HeCt_T9kPlvVcke4QxcNh9Q0w==')])
2026-03-12 05:08:01  INFO      HTTP Request: HEAD https://huggingface.co/microsoft/Florence-2-base/resolve/main/processor_config.json "HTTP/1.1 404 Not Found"
2026-03-12 05:08:01  DEBUG     receive_response_body.started request=<Request [b'HEAD']>
2026-03-12 05:08:01  DEBUG     receive_response_body.complete
2026-03-12 05:08:01  DEBUG     response_closed.started
2026-03-12 05:08:01  DEBUG     response_closed.complete
2026-03-12 05:08:01  DEBUG     send_request_headers.started request=<Request [b'HEAD']>
2026-03-12 05:08:01  DEBUG     send_request_headers.complete
2026-03-12 05:08:01  DEBUG     send_request_body.started request=<Request [b'HEAD']>
2026-03-12 05:08:01  DEBUG     send_request_body.complete
2026-03-12 05:08:01  DEBUG     receive_response_headers.started request=<Request [b'HEAD']>
2026-03-12 05:08:01  DEBUG     receive_response_headers.complete return_value=(b'HTTP/1.1', 307, b'Temporary Redirect', [(b'Content-Type', b'text/plain; charset=utf-8'), (b'Content-Length', b'280'), (b'Connection', b'keep-alive'), (b'Date', b'Thu, 12 Mar 2026 09:08:01 GMT'), (b'Location', b'/api/resolve-cache/models/microsoft/Florence-2-base/5ca5edf5bd017b9919c05d08aebef5e4c7ac3bac/preprocessor_config.json?%2Fmicrosoft%2FFlorence-2-base%2Fresolve%2Fmain%2Fpreprocessor_config.json=&etag=%2285cd7be3568df661ad536b6ab20d59b08ba079ae%22'), (b'X-Powered-By', b'huggingface-moon'), (b'X-Request-Id', b'Root=1-69b28271-717445fb73904e5c74ed962b;77c217ba-2f14-4136-90de-7edd179db683'), (b'RateLimit', b'"resolvers";r=2989;t=283'), (b'RateLimit-Policy', b'"fixed window";"resolvers";q=3000;w=300'), (b'cross-origin-opener-policy', b'same-origin'), (b'Referrer-Policy', b'strict-origin-when-cross-origin'), (b'Access-Control-Max-Age', b'86400'), (b'Access-Control-Allow-Origin', b'https://huggingface.co'), (b'Vary', b'Origin, Accept'), (b'Access-Control-Expose-Headers', b'X-Repo-Commit,X-Request-Id,X-Error-Code,X-Error-Message,X-Total-Count,ETag,Link,Accept-Ranges,Content-Range,X-Linked-Size,X-Linked-ETag,X-Xet-Hash'), (b'X-Repo-Commit', b'5ca5edf5bd017b9919c05d08aebef5e4c7ac3bac'), (b'Accept-Ranges', b'bytes'), (b'X-Hub-Cache', b'HIT'), (b'Content-Disposition', b'inline; filename*=UTF-8\'\'preprocessor_config.json; filename="preprocessor_config.json";'), (b'Content-Security-Policy', b"default-src 'none'; sandbox"), (b'X-Linked-ETag', b'"85cd7be3568df661ad536b6ab20d59b08ba079ae"'), (b'X-Cache', b'Miss from cloudfront'), (b'Via', b'1.1 493303bd82437243d9548b7bdc9081fc.cloudfront.net (CloudFront)'), (b'X-Amz-Cf-Pop', b'ATL59-P13'), (b'X-Amz-Cf-Id', b'_s9d13wIK-skLbdO5uWKQthcTOnYiV_8ryM16C48nkhZSOCxMUxC7A==')])
2026-03-12 05:08:01  INFO      HTTP Request: HEAD https://huggingface.co/microsoft/Florence-2-base/resolve/main/preprocessor_config.json "HTTP/1.1 307 Temporary Redirect"
2026-03-12 05:08:01  DEBUG     receive_response_body.started request=<Request [b'HEAD']>
2026-03-12 05:08:01  DEBUG     receive_response_body.complete
2026-03-12 05:08:01  DEBUG     response_closed.started
2026-03-12 05:08:01  DEBUG     response_closed.complete
2026-03-12 05:08:01  DEBUG     send_request_headers.started request=<Request [b'HEAD']>
2026-03-12 05:08:01  DEBUG     send_request_headers.complete
2026-03-12 05:08:01  DEBUG     send_request_body.started request=<Request [b'HEAD']>
2026-03-12 05:08:01  DEBUG     send_request_body.complete
2026-03-12 05:08:01  DEBUG     receive_response_headers.started request=<Request [b'HEAD']>
2026-03-12 05:08:01  DEBUG     receive_response_headers.complete return_value=(b'HTTP/1.1', 200, b'OK', [(b'Content-Type', b'text/plain; charset=utf-8'), (b'Content-Length', b'806'), (b'Connection', b'keep-alive'), (b'Date', b'Fri, 29 Aug 2025 11:01:00 GMT'), (b'ETag', b'"85cd7be3568df661ad536b6ab20d59b08ba079ae"'), (b'X-Powered-By', b'huggingface-moon'), (b'cross-origin-opener-policy', b'same-origin'), (b'Referrer-Policy', b'strict-origin-when-cross-origin'), (b'X-Request-Id', b'Root=1-68b1886c-3d4f6bff3d722a4d12726afd;ef87aadc-03fd-42a9-938c-074af063b721'), (b'Access-Control-Allow-Origin', b'https://huggingface.co'), (b'Access-Control-Expose-Headers', b'X-Repo-Commit,X-Request-Id,X-Error-Code,X-Error-Message,X-Total-Count,ETag,Link,Accept-Ranges,Content-Range,X-Linked-Size,X-Linked-ETag,X-Xet-Hash'), (b'X-Repo-Commit', b'5ca5edf5bd017b9919c05d08aebef5e4c7ac3bac'), (b'Accept-Ranges', b'bytes'), (b'Content-Disposition', b'inline; filename*=UTF-8\'\'preprocessor_config.json; filename="preprocessor_config.json";'), (b'Content-Security-Policy', b"default-src 'none'; sandbox"), (b'Vary', b'Origin'), (b'X-Cache', b'Hit from cloudfront'), (b'Via', b'1.1 493303bd82437243d9548b7bdc9081fc.cloudfront.net (CloudFront)'), (b'X-Amz-Cf-Pop', b'ATL59-P13'), (b'X-Amz-Cf-Id', b'HXxkkE0NZrjc5itgeuj2lFobNqRC1lxZJ1ZL5tXJAGMTHlk2I45J5w=='), (b'Age', b'16841221')])
2026-03-12 05:08:01  INFO      HTTP Request: HEAD https://huggingface.co/api/resolve-cache/models/microsoft/Florence-2-base/5ca5edf5bd017b9919c05d08aebef5e4c7ac3bac/preprocessor_config.json "HTTP/1.1 200 OK"
2026-03-12 05:08:01  DEBUG     receive_response_body.started request=<Request [b'HEAD']>
2026-03-12 05:08:01  DEBUG     receive_response_body.complete
2026-03-12 05:08:01  DEBUG     response_closed.started
2026-03-12 05:08:01  DEBUG     response_closed.complete
2026-03-12 05:08:01  DEBUG     send_request_headers.started request=<Request [b'HEAD']>
2026-03-12 05:08:01  DEBUG     send_request_headers.complete
2026-03-12 05:08:01  DEBUG     send_request_body.started request=<Request [b'HEAD']>
2026-03-12 05:08:01  DEBUG     send_request_body.complete
2026-03-12 05:08:01  DEBUG     receive_response_headers.started request=<Request [b'HEAD']>
2026-03-12 05:08:01  DEBUG     receive_response_headers.complete return_value=(b'HTTP/1.1', 404, b'Not Found', [(b'Content-Type', b'text/plain; charset=utf-8'), (b'Content-Length', b'15'), (b'Connection', b'keep-alive'), (b'Date', b'Thu, 12 Mar 2026 09:08:01 GMT'), (b'ETag', b'W/"f-mY2VvLxuxB7KhsoOdQTlMTccuAQ"'), (b'X-Powered-By', b'huggingface-moon'), (b'X-Request-Id', b'Root=1-69b28271-543687380c6f1fdf4cd89a6c;01a53ae9-329c-4e68-be46-a39907dad4cc'), (b'RateLimit', b'"resolvers";r=2988;t=283'), (b'RateLimit-Policy', b'"fixed window";"resolvers";q=3000;w=300'), (b'cross-origin-opener-policy', b'same-origin'), (b'Referrer-Policy', b'strict-origin-when-cross-origin'), (b'Access-Control-Max-Age', b'86400'), (b'Access-Control-Allow-Origin', b'https://huggingface.co'), (b'Vary', b'Origin'), (b'Access-Control-Expose-Headers', b'X-Repo-Commit,X-Request-Id,X-Error-Code,X-Error-Message,X-Total-Count,ETag,Link,Accept-Ranges,Content-Range,X-Linked-Size,X-Linked-ETag,X-Xet-Hash'), (b'X-Repo-Commit', b'5ca5edf5bd017b9919c05d08aebef5e4c7ac3bac'), (b'Accept-Ranges', b'bytes'), (b'X-HF-Warning', b'unauthenticated; Warning: You are sending unauthenticated requests to the HF Hub. Please set a HF_TOKEN to enable higher rate limits and faster downloads.'), (b'X-Hub-Cache', b'MISS'), (b'X-Error-Code', b'EntryNotFound'), (b'X-Error-Message', b'Entry not found'), (b'X-Cache', b'Error from cloudfront'), (b'Via', b'1.1 493303bd82437243d9548b7bdc9081fc.cloudfront.net (CloudFront)'), (b'X-Amz-Cf-Pop', b'ATL59-P13'), (b'X-Amz-Cf-Id', b'W-osAINeOJcpYoXKTKl_S5bLak2znJroW9tzEa4Bo6qF3F6CDzND8A==')])
2026-03-12 05:08:01  INFO      HTTP Request: HEAD https://huggingface.co/microsoft/Florence-2-base/resolve/main/processor_config.json "HTTP/1.1 404 Not Found"
2026-03-12 05:08:01  DEBUG     receive_response_body.started request=<Request [b'HEAD']>
2026-03-12 05:08:01  DEBUG     receive_response_body.complete
2026-03-12 05:08:01  DEBUG     response_closed.started
2026-03-12 05:08:01  DEBUG     response_closed.complete
2026-03-12 05:08:01  DEBUG     send_request_headers.started request=<Request [b'HEAD']>
2026-03-12 05:08:01  DEBUG     send_request_headers.complete
2026-03-12 05:08:01  DEBUG     send_request_body.started request=<Request [b'HEAD']>
2026-03-12 05:08:01  DEBUG     send_request_body.complete
2026-03-12 05:08:01  DEBUG     receive_response_headers.started request=<Request [b'HEAD']>
2026-03-12 05:08:01  DEBUG     receive_response_headers.complete return_value=(b'HTTP/1.1', 307, b'Temporary Redirect', [(b'Content-Type', b'text/plain; charset=utf-8'), (b'Content-Length', b'280'), (b'Connection', b'keep-alive'), (b'Date', b'Thu, 12 Mar 2026 09:08:01 GMT'), (b'Location', b'/api/resolve-cache/models/microsoft/Florence-2-base/5ca5edf5bd017b9919c05d08aebef5e4c7ac3bac/preprocessor_config.json?%2Fmicrosoft%2FFlorence-2-base%2Fresolve%2Fmain%2Fpreprocessor_config.json=&etag=%2285cd7be3568df661ad536b6ab20d59b08ba079ae%22'), (b'X-Powered-By', b'huggingface-moon'), (b'X-Request-Id', b'Root=1-69b28271-260338965d44f814523ce968;ee56014f-9955-404d-a9f3-d8afcd54b95f'), (b'RateLimit', b'"resolvers";r=2987;t=283'), (b'RateLimit-Policy', b'"fixed window";"resolvers";q=3000;w=300'), (b'cross-origin-opener-policy', b'same-origin'), (b'Referrer-Policy', b'strict-origin-when-cross-origin'), (b'Access-Control-Max-Age', b'86400'), (b'Access-Control-Allow-Origin', b'https://huggingface.co'), (b'Vary', b'Origin, Accept'), (b'Access-Control-Expose-Headers', b'X-Repo-Commit,X-Request-Id,X-Error-Code,X-Error-Message,X-Total-Count,ETag,Link,Accept-Ranges,Content-Range,X-Linked-Size,X-Linked-ETag,X-Xet-Hash'), (b'X-Repo-Commit', b'5ca5edf5bd017b9919c05d08aebef5e4c7ac3bac'), (b'Accept-Ranges', b'bytes'), (b'X-HF-Warning', b'unauthenticated; Warning: You are sending unauthenticated requests to the HF Hub. Please set a HF_TOKEN to enable higher rate limits and faster downloads.'), (b'X-Hub-Cache', b'HIT'), (b'Content-Disposition', b'inline; filename*=UTF-8\'\'preprocessor_config.json; filename="preprocessor_config.json";'), (b'Content-Security-Policy', b"default-src 'none'; sandbox"), (b'X-Linked-ETag', b'"85cd7be3568df661ad536b6ab20d59b08ba079ae"'), (b'X-Cache', b'Miss from cloudfront'), (b'Via', b'1.1 493303bd82437243d9548b7bdc9081fc.cloudfront.net (CloudFront)'), (b'X-Amz-Cf-Pop', b'ATL59-P13'), (b'X-Amz-Cf-Id', b'tl1GGMFJLs0N0EbFef9eMdG1GfQBkrngfMOttGad0X8Diq7F8E6bPg==')])
2026-03-12 05:08:01  INFO      HTTP Request: HEAD https://huggingface.co/microsoft/Florence-2-base/resolve/main/preprocessor_config.json "HTTP/1.1 307 Temporary Redirect"
2026-03-12 05:08:01  DEBUG     receive_response_body.started request=<Request [b'HEAD']>
2026-03-12 05:08:01  DEBUG     receive_response_body.complete
2026-03-12 05:08:01  DEBUG     response_closed.started
2026-03-12 05:08:01  DEBUG     response_closed.complete
2026-03-12 05:08:01  DEBUG     send_request_headers.started request=<Request [b'HEAD']>
2026-03-12 05:08:01  DEBUG     send_request_headers.complete
2026-03-12 05:08:01  DEBUG     send_request_body.started request=<Request [b'HEAD']>
2026-03-12 05:08:01  DEBUG     send_request_body.complete
2026-03-12 05:08:01  DEBUG     receive_response_headers.started request=<Request [b'HEAD']>
2026-03-12 05:08:01  DEBUG     receive_response_headers.complete return_value=(b'HTTP/1.1', 200, b'OK', [(b'Content-Type', b'text/plain; charset=utf-8'), (b'Content-Length', b'806'), (b'Connection', b'keep-alive'), (b'Date', b'Fri, 29 Aug 2025 11:01:00 GMT'), (b'ETag', b'"85cd7be3568df661ad536b6ab20d59b08ba079ae"'), (b'X-Powered-By', b'huggingface-moon'), (b'cross-origin-opener-policy', b'same-origin'), (b'Referrer-Policy', b'strict-origin-when-cross-origin'), (b'X-Request-Id', b'Root=1-68b1886c-3d4f6bff3d722a4d12726afd;ef87aadc-03fd-42a9-938c-074af063b721'), (b'Access-Control-Allow-Origin', b'https://huggingface.co'), (b'Access-Control-Expose-Headers', b'X-Repo-Commit,X-Request-Id,X-Error-Code,X-Error-Message,X-Total-Count,ETag,Link,Accept-Ranges,Content-Range,X-Linked-Size,X-Linked-ETag,X-Xet-Hash'), (b'X-Repo-Commit', b'5ca5edf5bd017b9919c05d08aebef5e4c7ac3bac'), (b'Accept-Ranges', b'bytes'), (b'Content-Disposition', b'inline; filename*=UTF-8\'\'preprocessor_config.json; filename="preprocessor_config.json";'), (b'Content-Security-Policy', b"default-src 'none'; sandbox"), (b'Vary', b'Origin'), (b'X-Cache', b'Hit from cloudfront'), (b'Via', b'1.1 493303bd82437243d9548b7bdc9081fc.cloudfront.net (CloudFront)'), (b'X-Amz-Cf-Pop', b'ATL59-P13'), (b'X-Amz-Cf-Id', b'VgiB1fziti3SFiZXYHcFFtyOeGftmlI1WAcuQdZFbXNc8HxsrakKzg=='), (b'Age', b'16841221')])
2026-03-12 05:08:01  INFO      HTTP Request: HEAD https://huggingface.co/api/resolve-cache/models/microsoft/Florence-2-base/5ca5edf5bd017b9919c05d08aebef5e4c7ac3bac/preprocessor_config.json "HTTP/1.1 200 OK"
2026-03-12 05:08:01  DEBUG     receive_response_body.started request=<Request [b'HEAD']>
2026-03-12 05:08:01  DEBUG     receive_response_body.complete
2026-03-12 05:08:01  DEBUG     response_closed.started
2026-03-12 05:08:01  DEBUG     response_closed.complete
2026-03-12 05:08:01  DEBUG     send_request_headers.started request=<Request [b'HEAD']>
2026-03-12 05:08:01  DEBUG     send_request_headers.complete
2026-03-12 05:08:01  DEBUG     send_request_body.started request=<Request [b'HEAD']>
2026-03-12 05:08:01  DEBUG     send_request_body.complete
2026-03-12 05:08:01  DEBUG     receive_response_headers.started request=<Request [b'HEAD']>
2026-03-12 05:08:01  DEBUG     receive_response_headers.complete return_value=(b'HTTP/1.1', 307, b'Temporary Redirect', [(b'Content-Type', b'text/plain; charset=utf-8'), (b'Content-Length', b'254'), (b'Connection', b'keep-alive'), (b'Date', b'Thu, 12 Mar 2026 09:08:01 GMT'), (b'Location', b'/api/resolve-cache/models/microsoft/Florence-2-base/5ca5edf5bd017b9919c05d08aebef5e4c7ac3bac/config.json?%2Fmicrosoft%2FFlorence-2-base%2Fresolve%2Fmain%2Fconfig.json=&etag=%2274a4482afd52515c89ae8d7d388a537a16f5d350%22'), (b'X-Powered-By', b'huggingface-moon'), (b'X-Request-Id', b'Root=1-69b28271-4a994bcd48fbdac60b63ce62;6357498e-f986-414b-b2d5-575d1aec237c'), (b'RateLimit', b'"resolvers";r=2986;t=283'), (b'RateLimit-Policy', b'"fixed window";"resolvers";q=3000;w=300'), (b'cross-origin-opener-policy', b'same-origin'), (b'Referrer-Policy', b'strict-origin-when-cross-origin'), (b'Access-Control-Max-Age', b'86400'), (b'Access-Control-Allow-Origin', b'https://huggingface.co'), (b'Vary', b'Origin, Accept'), (b'Access-Control-Expose-Headers', b'X-Repo-Commit,X-Request-Id,X-Error-Code,X-Error-Message,X-Total-Count,ETag,Link,Accept-Ranges,Content-Range,X-Linked-Size,X-Linked-ETag,X-Xet-Hash'), (b'X-Repo-Commit', b'5ca5edf5bd017b9919c05d08aebef5e4c7ac3bac'), (b'Accept-Ranges', b'bytes'), (b'X-HF-Warning', b'unauthenticated; Warning: You are sending unauthenticated requests to the HF Hub. Please set a HF_TOKEN to enable higher rate limits and faster downloads.'), (b'X-Hub-Cache', b'HIT'), (b'Content-Disposition', b'inline; filename*=UTF-8\'\'config.json; filename="config.json";'), (b'Content-Security-Policy', b"default-src 'none'; sandbox"), (b'X-Linked-ETag', b'"74a4482afd52515c89ae8d7d388a537a16f5d350"'), (b'X-Cache', b'Miss from cloudfront'), (b'Via', b'1.1 493303bd82437243d9548b7bdc9081fc.cloudfront.net (CloudFront)'), (b'X-Amz-Cf-Pop', b'ATL59-P13'), (b'X-Amz-Cf-Id', b'P144U0xAY-l3sY447lgjwz04rjknSv5pL87U6oHEuOV-mD--U6bFCw==')])
2026-03-12 05:08:01  INFO      HTTP Request: HEAD https://huggingface.co/microsoft/Florence-2-base/resolve/main/config.json "HTTP/1.1 307 Temporary Redirect"
2026-03-12 05:08:01  DEBUG     receive_response_body.started request=<Request [b'HEAD']>
2026-03-12 05:08:01  DEBUG     receive_response_body.complete
2026-03-12 05:08:01  DEBUG     response_closed.started
2026-03-12 05:08:01  DEBUG     response_closed.complete
2026-03-12 05:08:01  DEBUG     send_request_headers.started request=<Request [b'HEAD']>
2026-03-12 05:08:01  DEBUG     send_request_headers.complete
2026-03-12 05:08:01  DEBUG     send_request_body.started request=<Request [b'HEAD']>
2026-03-12 05:08:01  DEBUG     send_request_body.complete
2026-03-12 05:08:01  DEBUG     receive_response_headers.started request=<Request [b'HEAD']>
2026-03-12 05:08:01  DEBUG     receive_response_headers.complete return_value=(b'HTTP/1.1', 200, b'OK', [(b'Content-Type', b'text/plain; charset=utf-8'), (b'Content-Length', b'2430'), (b'Connection', b'keep-alive'), (b'Date', b'Fri, 29 Aug 2025 10:27:59 GMT'), (b'ETag', b'"74a4482afd52515c89ae8d7d388a537a16f5d350"'), (b'X-Powered-By', b'huggingface-moon'), (b'cross-origin-opener-policy', b'same-origin'), (b'Referrer-Policy', b'strict-origin-when-cross-origin'), (b'X-Request-Id', b'Root=1-68b180af-2bdeb06a69de599e4d19f3fe;3c79d66e-c4e0-4ed2-b6ce-cc626ee80382'), (b'Access-Control-Allow-Origin', b'https://huggingface.co'), (b'Access-Control-Expose-Headers', b'X-Repo-Commit,X-Request-Id,X-Error-Code,X-Error-Message,X-Total-Count,ETag,Link,Accept-Ranges,Content-Range,X-Linked-Size,X-Linked-ETag,X-Xet-Hash'), (b'X-Repo-Commit', b'5ca5edf5bd017b9919c05d08aebef5e4c7ac3bac'), (b'Accept-Ranges', b'bytes'), (b'Content-Disposition', b'inline; filename*=UTF-8\'\'config.json; filename="config.json";'), (b'Content-Security-Policy', b"default-src 'none'; sandbox"), (b'Vary', b'Origin'), (b'X-Cache', b'Hit from cloudfront'), (b'Via', b'1.1 493303bd82437243d9548b7bdc9081fc.cloudfront.net (CloudFront)'), (b'X-Amz-Cf-Pop', b'ATL59-P13'), (b'X-Amz-Cf-Id', b'1XG7-wXPFkbsUIjfiHelR2Su8VBIyupanMLo7ERYRNG2f93M-AwRHw=='), (b'Age', b'16843202')])
2026-03-12 05:08:01  INFO      HTTP Request: HEAD https://huggingface.co/api/resolve-cache/models/microsoft/Florence-2-base/5ca5edf5bd017b9919c05d08aebef5e4c7ac3bac/config.json "HTTP/1.1 200 OK"
2026-03-12 05:08:01  DEBUG     receive_response_body.started request=<Request [b'HEAD']>
2026-03-12 05:08:01  DEBUG     receive_response_body.complete
2026-03-12 05:08:01  DEBUG     response_closed.started
2026-03-12 05:08:01  DEBUG     response_closed.complete
2026-03-12 05:08:01  DEBUG     send_request_headers.started request=<Request [b'HEAD']>
2026-03-12 05:08:01  DEBUG     send_request_headers.complete
2026-03-12 05:08:01  DEBUG     send_request_body.started request=<Request [b'HEAD']>
2026-03-12 05:08:01  DEBUG     send_request_body.complete
2026-03-12 05:08:01  DEBUG     receive_response_headers.started request=<Request [b'HEAD']>
2026-03-12 05:08:01  DEBUG     receive_response_headers.complete return_value=(b'HTTP/1.1', 307, b'Temporary Redirect', [(b'Content-Type', b'text/plain; charset=utf-8'), (b'Content-Length', b'284'), (b'Connection', b'keep-alive'), (b'Date', b'Thu, 12 Mar 2026 09:08:01 GMT'), (b'Location', b'/api/resolve-cache/models/microsoft/Florence-2-base/5ca5edf5bd017b9919c05d08aebef5e4c7ac3bac/configuration_florence2.py?%2Fmicrosoft%2FFlorence-2-base%2Fresolve%2Fmain%2Fconfiguration_florence2.py=&etag=%22b8869617ef8dfd0f04d421cf59b83ca662c363ad%22'), (b'X-Powered-By', b'huggingface-moon'), (b'X-Request-Id', b'Root=1-69b28271-2fecb33928b2a7d46a0c748b;f66a84ae-19da-40a4-b91c-5522394396d4'), (b'RateLimit', b'"resolvers";r=2985;t=283'), (b'RateLimit-Policy', b'"fixed window";"resolvers";q=3000;w=300'), (b'cross-origin-opener-policy', b'same-origin'), (b'Referrer-Policy', b'strict-origin-when-cross-origin'), (b'Access-Control-Max-Age', b'86400'), (b'Access-Control-Allow-Origin', b'https://huggingface.co'), (b'Vary', b'Origin, Accept'), (b'Access-Control-Expose-Headers', b'X-Repo-Commit,X-Request-Id,X-Error-Code,X-Error-Message,X-Total-Count,ETag,Link,Accept-Ranges,Content-Range,X-Linked-Size,X-Linked-ETag,X-Xet-Hash'), (b'X-Repo-Commit', b'5ca5edf5bd017b9919c05d08aebef5e4c7ac3bac'), (b'Accept-Ranges', b'bytes'), (b'X-Hub-Cache', b'HIT'), (b'Content-Disposition', b'inline; filename*=UTF-8\'\'configuration_florence2.py; filename="configuration_florence2.py";'), (b'Content-Security-Policy', b"default-src 'none'; sandbox"), (b'X-Linked-ETag', b'"b8869617ef8dfd0f04d421cf59b83ca662c363ad"'), (b'X-Cache', b'Miss from cloudfront'), (b'Via', b'1.1 493303bd82437243d9548b7bdc9081fc.cloudfront.net (CloudFront)'), (b'X-Amz-Cf-Pop', b'ATL59-P13'), (b'X-Amz-Cf-Id', b'tYoDb_yYt_OdXtknemrrBFt5kdoWJhhs38lh0GnCJK4HEGWOH4IqZQ==')])
2026-03-12 05:08:01  INFO      HTTP Request: HEAD https://huggingface.co/microsoft/Florence-2-base/resolve/main/configuration_florence2.py "HTTP/1.1 307 Temporary Redirect"
2026-03-12 05:08:01  DEBUG     receive_response_body.started request=<Request [b'HEAD']>
2026-03-12 05:08:01  DEBUG     receive_response_body.complete
2026-03-12 05:08:01  DEBUG     response_closed.started
2026-03-12 05:08:01  DEBUG     response_closed.complete
2026-03-12 05:08:01  DEBUG     send_request_headers.started request=<Request [b'HEAD']>
2026-03-12 05:08:01  DEBUG     send_request_headers.complete
2026-03-12 05:08:01  DEBUG     send_request_body.started request=<Request [b'HEAD']>
2026-03-12 05:08:01  DEBUG     send_request_body.complete
2026-03-12 05:08:01  DEBUG     receive_response_headers.started request=<Request [b'HEAD']>
2026-03-12 05:08:01  DEBUG     receive_response_headers.complete return_value=(b'HTTP/1.1', 200, b'OK', [(b'Content-Type', b'text/plain; charset=utf-8'), (b'Content-Length', b'15119'), (b'Connection', b'keep-alive'), (b'Date', b'Fri, 29 Aug 2025 10:28:00 GMT'), (b'ETag', b'"b8869617ef8dfd0f04d421cf59b83ca662c363ad"'), (b'X-Powered-By', b'huggingface-moon'), (b'cross-origin-opener-policy', b'same-origin'), (b'Referrer-Policy', b'strict-origin-when-cross-origin'), (b'X-Request-Id', b'Root=1-68b180b0-2c44fee4114328806c9f1031;1bfda5f7-3121-4226-a1e6-bfc61b7768cf'), (b'Access-Control-Allow-Origin', b'https://huggingface.co'), (b'Access-Control-Expose-Headers', b'X-Repo-Commit,X-Request-Id,X-Error-Code,X-Error-Message,X-Total-Count,ETag,Link,Accept-Ranges,Content-Range,X-Linked-Size,X-Linked-ETag,X-Xet-Hash'), (b'X-Repo-Commit', b'5ca5edf5bd017b9919c05d08aebef5e4c7ac3bac'), (b'Accept-Ranges', b'bytes'), (b'Content-Disposition', b'inline; filename*=UTF-8\'\'configuration_florence2.py; filename="configuration_florence2.py";'), (b'Content-Security-Policy', b"default-src 'none'; sandbox"), (b'Vary', b'Origin'), (b'X-Cache', b'Hit from cloudfront'), (b'Via', b'1.1 493303bd82437243d9548b7bdc9081fc.cloudfront.net (CloudFront)'), (b'X-Amz-Cf-Pop', b'ATL59-P13'), (b'X-Amz-Cf-Id', b'0O7qtI8kZo-QzN4GXJE9pYWA_5G5XY3EQJSLmuiKPIDm3iwA_7ihhA=='), (b'Age', b'16843201')])
2026-03-12 05:08:01  INFO      HTTP Request: HEAD https://huggingface.co/api/resolve-cache/models/microsoft/Florence-2-base/5ca5edf5bd017b9919c05d08aebef5e4c7ac3bac/configuration_florence2.py "HTTP/1.1 200 OK"
2026-03-12 05:08:01  DEBUG     receive_response_body.started request=<Request [b'HEAD']>
2026-03-12 05:08:01  DEBUG     receive_response_body.complete
2026-03-12 05:08:01  DEBUG     response_closed.started
2026-03-12 05:08:01  DEBUG     response_closed.complete
2026-03-12 05:08:01  DEBUG     send_request_headers.started request=<Request [b'HEAD']>
2026-03-12 05:08:01  DEBUG     send_request_headers.complete
2026-03-12 05:08:01  DEBUG     send_request_body.started request=<Request [b'HEAD']>
2026-03-12 05:08:01  DEBUG     send_request_body.complete
2026-03-12 05:08:01  DEBUG     receive_response_headers.started request=<Request [b'HEAD']>
2026-03-12 05:08:01  DEBUG     receive_response_headers.complete return_value=(b'HTTP/1.1', 307, b'Temporary Redirect', [(b'Content-Type', b'text/plain; charset=utf-8'), (b'Content-Length', b'254'), (b'Connection', b'keep-alive'), (b'Date', b'Thu, 12 Mar 2026 09:08:01 GMT'), (b'Location', b'/api/resolve-cache/models/microsoft/Florence-2-base/5ca5edf5bd017b9919c05d08aebef5e4c7ac3bac/config.json?%2Fmicrosoft%2FFlorence-2-base%2Fresolve%2Fmain%2Fconfig.json=&etag=%2274a4482afd52515c89ae8d7d388a537a16f5d350%22'), (b'X-Powered-By', b'huggingface-moon'), (b'X-Request-Id', b'Root=1-69b28271-5c041a1124cbf03c257444b3;9e51a1ad-913d-43f7-8612-dfc76369ed85'), (b'RateLimit', b'"resolvers";r=2984;t=283'), (b'RateLimit-Policy', b'"fixed window";"resolvers";q=3000;w=300'), (b'cross-origin-opener-policy', b'same-origin'), (b'Referrer-Policy', b'strict-origin-when-cross-origin'), (b'Access-Control-Max-Age', b'86400'), (b'Access-Control-Allow-Origin', b'https://huggingface.co'), (b'Vary', b'Origin, Accept'), (b'Access-Control-Expose-Headers', b'X-Repo-Commit,X-Request-Id,X-Error-Code,X-Error-Message,X-Total-Count,ETag,Link,Accept-Ranges,Content-Range,X-Linked-Size,X-Linked-ETag,X-Xet-Hash'), (b'X-Repo-Commit', b'5ca5edf5bd017b9919c05d08aebef5e4c7ac3bac'), (b'Accept-Ranges', b'bytes'), (b'X-HF-Warning', b'unauthenticated; Warning: You are sending unauthenticated requests to the HF Hub. Please set a HF_TOKEN to enable higher rate limits and faster downloads.'), (b'X-Hub-Cache', b'HIT'), (b'Content-Disposition', b'inline; filename*=UTF-8\'\'config.json; filename="config.json";'), (b'Content-Security-Policy', b"default-src 'none'; sandbox"), (b'X-Linked-ETag', b'"74a4482afd52515c89ae8d7d388a537a16f5d350"'), (b'X-Cache', b'Miss from cloudfront'), (b'Via', b'1.1 493303bd82437243d9548b7bdc9081fc.cloudfront.net (CloudFront)'), (b'X-Amz-Cf-Pop', b'ATL59-P13'), (b'X-Amz-Cf-Id', b'qXVZ3psYM-otP6Dupqg8lj2cn9-uPoxH2jopTD6y713fKbVCD_JqOg==')])
2026-03-12 05:08:01  INFO      HTTP Request: HEAD https://huggingface.co/microsoft/Florence-2-base/resolve/main/config.json "HTTP/1.1 307 Temporary Redirect"
2026-03-12 05:08:01  DEBUG     receive_response_body.started request=<Request [b'HEAD']>
2026-03-12 05:08:01  DEBUG     receive_response_body.complete
2026-03-12 05:08:01  DEBUG     response_closed.started
2026-03-12 05:08:01  DEBUG     response_closed.complete
2026-03-12 05:08:01  DEBUG     send_request_headers.started request=<Request [b'HEAD']>
2026-03-12 05:08:01  DEBUG     send_request_headers.complete
2026-03-12 05:08:01  DEBUG     send_request_body.started request=<Request [b'HEAD']>
2026-03-12 05:08:01  DEBUG     send_request_body.complete
2026-03-12 05:08:01  DEBUG     receive_response_headers.started request=<Request [b'HEAD']>
2026-03-12 05:08:01  DEBUG     receive_response_headers.complete return_value=(b'HTTP/1.1', 200, b'OK', [(b'Content-Type', b'text/plain; charset=utf-8'), (b'Content-Length', b'2430'), (b'Connection', b'keep-alive'), (b'Date', b'Fri, 29 Aug 2025 10:27:59 GMT'), (b'ETag', b'"74a4482afd52515c89ae8d7d388a537a16f5d350"'), (b'X-Powered-By', b'huggingface-moon'), (b'cross-origin-opener-policy', b'same-origin'), (b'Referrer-Policy', b'strict-origin-when-cross-origin'), (b'X-Request-Id', b'Root=1-68b180af-2bdeb06a69de599e4d19f3fe;3c79d66e-c4e0-4ed2-b6ce-cc626ee80382'), (b'Access-Control-Allow-Origin', b'https://huggingface.co'), (b'Access-Control-Expose-Headers', b'X-Repo-Commit,X-Request-Id,X-Error-Code,X-Error-Message,X-Total-Count,ETag,Link,Accept-Ranges,Content-Range,X-Linked-Size,X-Linked-ETag,X-Xet-Hash'), (b'X-Repo-Commit', b'5ca5edf5bd017b9919c05d08aebef5e4c7ac3bac'), (b'Accept-Ranges', b'bytes'), (b'Content-Disposition', b'inline; filename*=UTF-8\'\'config.json; filename="config.json";'), (b'Content-Security-Policy', b"default-src 'none'; sandbox"), (b'Vary', b'Origin'), (b'X-Cache', b'Hit from cloudfront'), (b'Via', b'1.1 493303bd82437243d9548b7bdc9081fc.cloudfront.net (CloudFront)'), (b'X-Amz-Cf-Pop', b'ATL59-P13'), (b'X-Amz-Cf-Id', b'GwHn5XlPjojJmp9wFbshFC5Lin2V1ansCS9LKOYlGX2iqqScQ99yOQ=='), (b'Age', b'16843202')])
2026-03-12 05:08:01  INFO      HTTP Request: HEAD https://huggingface.co/api/resolve-cache/models/microsoft/Florence-2-base/5ca5edf5bd017b9919c05d08aebef5e4c7ac3bac/config.json "HTTP/1.1 200 OK"
2026-03-12 05:08:01  DEBUG     receive_response_body.started request=<Request [b'HEAD']>
2026-03-12 05:08:01  DEBUG     receive_response_body.complete
2026-03-12 05:08:01  DEBUG     response_closed.started
2026-03-12 05:08:01  DEBUG     response_closed.complete
2026-03-12 05:08:01  DEBUG     send_request_headers.started request=<Request [b'HEAD']>
2026-03-12 05:08:01  DEBUG     send_request_headers.complete
2026-03-12 05:08:01  DEBUG     send_request_body.started request=<Request [b'HEAD']>
2026-03-12 05:08:01  DEBUG     send_request_body.complete
2026-03-12 05:08:01  DEBUG     receive_response_headers.started request=<Request [b'HEAD']>
2026-03-12 05:08:01  DEBUG     receive_response_headers.complete return_value=(b'HTTP/1.1', 307, b'Temporary Redirect', [(b'Content-Type', b'text/plain; charset=utf-8'), (b'Content-Length', b'254'), (b'Connection', b'keep-alive'), (b'Date', b'Thu, 12 Mar 2026 09:08:01 GMT'), (b'Location', b'/api/resolve-cache/models/microsoft/Florence-2-base/5ca5edf5bd017b9919c05d08aebef5e4c7ac3bac/config.json?%2Fmicrosoft%2FFlorence-2-base%2Fresolve%2Fmain%2Fconfig.json=&etag=%2274a4482afd52515c89ae8d7d388a537a16f5d350%22'), (b'X-Powered-By', b'huggingface-moon'), (b'X-Request-Id', b'Root=1-69b28271-5c7c2831568e392527b2ae3a;3789c815-6f2b-4d50-8272-5f1dc2429098'), (b'RateLimit', b'"resolvers";r=2983;t=283'), (b'RateLimit-Policy', b'"fixed window";"resolvers";q=3000;w=300'), (b'cross-origin-opener-policy', b'same-origin'), (b'Referrer-Policy', b'strict-origin-when-cross-origin'), (b'Access-Control-Max-Age', b'86400'), (b'Access-Control-Allow-Origin', b'https://huggingface.co'), (b'Vary', b'Origin, Accept'), (b'Access-Control-Expose-Headers', b'X-Repo-Commit,X-Request-Id,X-Error-Code,X-Error-Message,X-Total-Count,ETag,Link,Accept-Ranges,Content-Range,X-Linked-Size,X-Linked-ETag,X-Xet-Hash'), (b'X-Repo-Commit', b'5ca5edf5bd017b9919c05d08aebef5e4c7ac3bac'), (b'Accept-Ranges', b'bytes'), (b'X-Hub-Cache', b'HIT'), (b'Content-Disposition', b'inline; filename*=UTF-8\'\'config.json; filename="config.json";'), (b'Content-Security-Policy', b"default-src 'none'; sandbox"), (b'X-Linked-ETag', b'"74a4482afd52515c89ae8d7d388a537a16f5d350"'), (b'X-Cache', b'Miss from cloudfront'), (b'Via', b'1.1 493303bd82437243d9548b7bdc9081fc.cloudfront.net (CloudFront)'), (b'X-Amz-Cf-Pop', b'ATL59-P13'), (b'X-Amz-Cf-Id', b'LFOopv45JB0BT0I-AlF09i2nF52nhJVCwpHTThXBqW4YeLTeOk5Vuw==')])
2026-03-12 05:08:01  INFO      HTTP Request: HEAD https://huggingface.co/microsoft/Florence-2-base/resolve/main/config.json "HTTP/1.1 307 Temporary Redirect"
2026-03-12 05:08:01  DEBUG     receive_response_body.started request=<Request [b'HEAD']>
2026-03-12 05:08:01  DEBUG     receive_response_body.complete
2026-03-12 05:08:01  DEBUG     response_closed.started
2026-03-12 05:08:01  DEBUG     response_closed.complete
2026-03-12 05:08:01  DEBUG     send_request_headers.started request=<Request [b'HEAD']>
2026-03-12 05:08:01  DEBUG     send_request_headers.complete
2026-03-12 05:08:01  DEBUG     send_request_body.started request=<Request [b'HEAD']>
2026-03-12 05:08:01  DEBUG     send_request_body.complete
2026-03-12 05:08:01  DEBUG     receive_response_headers.started request=<Request [b'HEAD']>
2026-03-12 05:08:01  DEBUG     receive_response_headers.complete return_value=(b'HTTP/1.1', 200, b'OK', [(b'Content-Type', b'text/plain; charset=utf-8'), (b'Content-Length', b'2430'), (b'Connection', b'keep-alive'), (b'Date', b'Fri, 29 Aug 2025 10:27:59 GMT'), (b'ETag', b'"74a4482afd52515c89ae8d7d388a537a16f5d350"'), (b'X-Powered-By', b'huggingface-moon'), (b'cross-origin-opener-policy', b'same-origin'), (b'Referrer-Policy', b'strict-origin-when-cross-origin'), (b'X-Request-Id', b'Root=1-68b180af-2bdeb06a69de599e4d19f3fe;3c79d66e-c4e0-4ed2-b6ce-cc626ee80382'), (b'Access-Control-Allow-Origin', b'https://huggingface.co'), (b'Access-Control-Expose-Headers', b'X-Repo-Commit,X-Request-Id,X-Error-Code,X-Error-Message,X-Total-Count,ETag,Link,Accept-Ranges,Content-Range,X-Linked-Size,X-Linked-ETag,X-Xet-Hash'), (b'X-Repo-Commit', b'5ca5edf5bd017b9919c05d08aebef5e4c7ac3bac'), (b'Accept-Ranges', b'bytes'), (b'Content-Disposition', b'inline; filename*=UTF-8\'\'config.json; filename="config.json";'), (b'Content-Security-Policy', b"default-src 'none'; sandbox"), (b'Vary', b'Origin'), (b'X-Cache', b'Hit from cloudfront'), (b'Via', b'1.1 493303bd82437243d9548b7bdc9081fc.cloudfront.net (CloudFront)'), (b'X-Amz-Cf-Pop', b'ATL59-P13'), (b'X-Amz-Cf-Id', b'6hcVQe5Gn-V3I_e4Izj_bbPW488VLHEM3r-NsAnrHMB468o4SbFnJw=='), (b'Age', b'16843202')])
2026-03-12 05:08:01  INFO      HTTP Request: HEAD https://huggingface.co/api/resolve-cache/models/microsoft/Florence-2-base/5ca5edf5bd017b9919c05d08aebef5e4c7ac3bac/config.json "HTTP/1.1 200 OK"
2026-03-12 05:08:01  DEBUG     receive_response_body.started request=<Request [b'HEAD']>
2026-03-12 05:08:01  DEBUG     receive_response_body.complete
2026-03-12 05:08:01  DEBUG     response_closed.started
2026-03-12 05:08:01  DEBUG     response_closed.complete
2026-03-12 05:08:01  DEBUG     send_request_headers.started request=<Request [b'HEAD']>
2026-03-12 05:08:01  DEBUG     send_request_headers.complete
2026-03-12 05:08:01  DEBUG     send_request_body.started request=<Request [b'HEAD']>
2026-03-12 05:08:01  DEBUG     send_request_body.complete
2026-03-12 05:08:01  DEBUG     receive_response_headers.started request=<Request [b'HEAD']>
2026-03-12 05:08:02  DEBUG     receive_response_headers.complete return_value=(b'HTTP/1.1', 307, b'Temporary Redirect', [(b'Content-Type', b'text/plain; charset=utf-8'), (b'Content-Length', b'274'), (b'Connection', b'keep-alive'), (b'Date', b'Thu, 12 Mar 2026 09:08:02 GMT'), (b'Location', b'/api/resolve-cache/models/microsoft/Florence-2-base/5ca5edf5bd017b9919c05d08aebef5e4c7ac3bac/tokenizer_config.json?%2Fmicrosoft%2FFlorence-2-base%2Fresolve%2Fmain%2Ftokenizer_config.json=&etag=%2244784bc58d4cb18d3549ad71e062efcf032d9ef5%22'), (b'X-Powered-By', b'huggingface-moon'), (b'X-Request-Id', b'Root=1-69b28272-6a0b260846856e8f3496dfd2;39e1927c-76aa-4f76-baf9-996d564b37c1'), (b'RateLimit', b'"resolvers";r=2982;t=282'), (b'RateLimit-Policy', b'"fixed window";"resolvers";q=3000;w=300'), (b'cross-origin-opener-policy', b'same-origin'), (b'Referrer-Policy', b'strict-origin-when-cross-origin'), (b'Access-Control-Max-Age', b'86400'), (b'Access-Control-Allow-Origin', b'https://huggingface.co'), (b'Vary', b'Origin, Accept'), (b'Access-Control-Expose-Headers', b'X-Repo-Commit,X-Request-Id,X-Error-Code,X-Error-Message,X-Total-Count,ETag,Link,Accept-Ranges,Content-Range,X-Linked-Size,X-Linked-ETag,X-Xet-Hash'), (b'X-Repo-Commit', b'5ca5edf5bd017b9919c05d08aebef5e4c7ac3bac'), (b'Accept-Ranges', b'bytes'), (b'X-Hub-Cache', b'HIT'), (b'Content-Disposition', b'inline; filename*=UTF-8\'\'tokenizer_config.json; filename="tokenizer_config.json";'), (b'Content-Security-Policy', b"default-src 'none'; sandbox"), (b'X-Linked-ETag', b'"44784bc58d4cb18d3549ad71e062efcf032d9ef5"'), (b'X-Cache', b'Miss from cloudfront'), (b'Via', b'1.1 493303bd82437243d9548b7bdc9081fc.cloudfront.net (CloudFront)'), (b'X-Amz-Cf-Pop', b'ATL59-P13'), (b'X-Amz-Cf-Id', b'mKTb3S4xvHL4Gfqkl33H3buEGt1GkLiiihEIojAEL3uDl8odGMye7w==')])
2026-03-12 05:08:02  INFO      HTTP Request: HEAD https://huggingface.co/microsoft/Florence-2-base/resolve/main/tokenizer_config.json "HTTP/1.1 307 Temporary Redirect"
2026-03-12 05:08:02  DEBUG     receive_response_body.started request=<Request [b'HEAD']>
2026-03-12 05:08:02  DEBUG     receive_response_body.complete
2026-03-12 05:08:02  DEBUG     response_closed.started
2026-03-12 05:08:02  DEBUG     response_closed.complete
2026-03-12 05:08:02  DEBUG     send_request_headers.started request=<Request [b'HEAD']>
2026-03-12 05:08:02  DEBUG     send_request_headers.complete
2026-03-12 05:08:02  DEBUG     send_request_body.started request=<Request [b'HEAD']>
2026-03-12 05:08:02  DEBUG     send_request_body.complete
2026-03-12 05:08:02  DEBUG     receive_response_headers.started request=<Request [b'HEAD']>
2026-03-12 05:08:02  DEBUG     receive_response_headers.complete return_value=(b'HTTP/1.1', 200, b'OK', [(b'Content-Type', b'text/plain; charset=utf-8'), (b'Content-Length', b'34'), (b'Connection', b'keep-alive'), (b'Date', b'Mon, 26 Jan 2026 18:36:12 GMT'), (b'ETag', b'"44784bc58d4cb18d3549ad71e062efcf032d9ef5"'), (b'X-Powered-By', b'huggingface-moon'), (b'X-Request-Id', b'Root=1-6977b41c-7cd2987d3ffd44cd050df45a;73bcbb39-bec3-4d34-8af5-f5d3a4176c48'), (b'RateLimit', b'"resolvers";r=2999;t=224'), (b'RateLimit-Policy', b'"fixed window";"resolvers";q=3000;w=300'), (b'cross-origin-opener-policy', b'same-origin'), (b'Referrer-Policy', b'strict-origin-when-cross-origin'), (b'Access-Control-Max-Age', b'86400'), (b'Access-Control-Allow-Origin', b'https://huggingface.co'), (b'Access-Control-Expose-Headers', b'X-Repo-Commit,X-Request-Id,X-Error-Code,X-Error-Message,X-Total-Count,ETag,Link,Accept-Ranges,Content-Range,X-Linked-Size,X-Linked-ETag,X-Xet-Hash'), (b'X-Repo-Commit', b'5ca5edf5bd017b9919c05d08aebef5e4c7ac3bac'), (b'Accept-Ranges', b'bytes'), (b'Content-Disposition', b'inline; filename*=UTF-8\'\'tokenizer_config.json; filename="tokenizer_config.json";'), (b'Content-Security-Policy', b"default-src 'none'; sandbox"), (b'Vary', b'Origin'), (b'X-Cache', b'Hit from cloudfront'), (b'Via', b'1.1 493303bd82437243d9548b7bdc9081fc.cloudfront.net (CloudFront)'), (b'X-Amz-Cf-Pop', b'ATL59-P13'), (b'X-Amz-Cf-Id', b'nkyv2dzAVcpNI4a8iJJegzCKOR6o-qXaokGf0NKU-oa8s_NaxCzPPA=='), (b'Age', b'3853910')])
2026-03-12 05:08:02  INFO      HTTP Request: HEAD https://huggingface.co/api/resolve-cache/models/microsoft/Florence-2-base/5ca5edf5bd017b9919c05d08aebef5e4c7ac3bac/tokenizer_config.json "HTTP/1.1 200 OK"
2026-03-12 05:08:02  DEBUG     receive_response_body.started request=<Request [b'HEAD']>
2026-03-12 05:08:02  DEBUG     receive_response_body.complete
2026-03-12 05:08:02  DEBUG     response_closed.started
2026-03-12 05:08:02  DEBUG     response_closed.complete
2026-03-12 05:08:02  DEBUG     send_request_headers.started request=<Request [b'GET']>
2026-03-12 05:08:02  DEBUG     send_request_headers.complete
2026-03-12 05:08:02  DEBUG     send_request_body.started request=<Request [b'GET']>
2026-03-12 05:08:02  DEBUG     send_request_body.complete
2026-03-12 05:08:02  DEBUG     receive_response_headers.started request=<Request [b'GET']>
2026-03-12 05:08:02  DEBUG     receive_response_headers.complete return_value=(b'HTTP/1.1', 404, b'Not Found', [(b'Content-Type', b'application/json; charset=utf-8'), (b'Content-Length', b'64'), (b'Connection', b'keep-alive'), (b'Date', b'Thu, 12 Mar 2026 09:08:02 GMT'), (b'ETag', b'W/"40-09f9IAqP13xarAhQxFS2W8rvRkM"'), (b'X-Powered-By', b'huggingface-moon'), (b'X-Request-Id', b'Root=1-69b28272-30b81411070871d8141dd7f9;261594ea-4df3-4d4d-998b-60f201e85621'), (b'RateLimit', b'"api";r=498;t=282'), (b'RateLimit-Policy', b'"fixed window";"api";q=500;w=300'), (b'cross-origin-opener-policy', b'same-origin'), (b'Referrer-Policy', b'strict-origin-when-cross-origin'), (b'Access-Control-Max-Age', b'86400'), (b'Access-Control-Allow-Origin', b'https://huggingface.co'), (b'Vary', b'Origin'), (b'Access-Control-Expose-Headers', b'X-Repo-Commit,X-Request-Id,X-Error-Code,X-Error-Message,X-Total-Count,ETag,Link,Accept-Ranges,Content-Range,X-Linked-Size,X-Linked-ETag,X-Xet-Hash'), (b'X-Error-Code', b'EntryNotFound'), (b'X-Error-Message', b'additional_chat_templates does not exist on "main"'), (b'X-Cache', b'Error from cloudfront'), (b'Via', b'1.1 493303bd82437243d9548b7bdc9081fc.cloudfront.net (CloudFront)'), (b'X-Amz-Cf-Pop', b'ATL59-P13'), (b'X-Amz-Cf-Id', b'ogo492l9ksCiQXAq8F7eLQCRHUY4nhUoylLaaVx90kP9YSWFHPuD8g==')])
2026-03-12 05:08:02  INFO      HTTP Request: GET https://huggingface.co/api/models/microsoft/Florence-2-base/tree/main/additional_chat_templates?recursive=false&expand=false "HTTP/1.1 404 Not Found"
2026-03-12 05:08:02  DEBUG     receive_response_body.started request=<Request [b'GET']>
2026-03-12 05:08:02  DEBUG     receive_response_body.complete
2026-03-12 05:08:02  DEBUG     response_closed.started
2026-03-12 05:08:02  DEBUG     response_closed.complete
2026-03-12 05:08:02  DEBUG     send_request_headers.started request=<Request [b'GET']>
2026-03-12 05:08:02  DEBUG     send_request_headers.complete
2026-03-12 05:08:02  DEBUG     send_request_body.started request=<Request [b'GET']>
2026-03-12 05:08:02  DEBUG     send_request_body.complete
2026-03-12 05:08:02  DEBUG     receive_response_headers.started request=<Request [b'GET']>
2026-03-12 05:08:02  DEBUG     receive_response_headers.complete return_value=(b'HTTP/1.1', 200, b'OK', [(b'Content-Type', b'application/json; charset=utf-8'), (b'Transfer-Encoding', b'chunked'), (b'Connection', b'keep-alive'), (b'Date', b'Thu, 12 Mar 2026 09:08:02 GMT'), (b'Access-Control-Expose-Headers', b'X-Repo-Commit,X-Request-Id,X-Error-Code,X-Error-Message,X-Total-Count,ETag,Link,Accept-Ranges,Content-Range,X-Linked-Size,X-Linked-ETag,X-Xet-Hash'), (b'content-encoding', b'gzip'), (b'X-Powered-By', b'huggingface-moon'), (b'X-Request-Id', b'Root=1-69b28272-4317b7f9776befc06f9b7a07;fd1ddca3-abe3-4f77-a47e-b73b8d11c720'), (b'RateLimit', b'"api";r=497;t=282'), (b'RateLimit-Policy', b'"fixed window";"api";q=500;w=300'), (b'cross-origin-opener-policy', b'same-origin'), (b'Referrer-Policy', b'strict-origin-when-cross-origin'), (b'Access-Control-Max-Age', b'86400'), (b'Access-Control-Allow-Origin', b'https://huggingface.co'), (b'Vary', b'Origin'), (b'vary', b'accept-encoding'), (b'ETag', b'W/"801-8wfJdkULAAa2bZfXhisB0NSy3Jo"'), (b'X-Cache', b'Miss from cloudfront'), (b'Via', b'1.1 493303bd82437243d9548b7bdc9081fc.cloudfront.net (CloudFront)'), (b'X-Amz-Cf-Pop', b'ATL59-P13'), (b'X-Amz-Cf-Id', b'MwewB8ZF3Jcfr4J15eJzt6DHgVJFtZMBREUogYRiLolinu8uhdv-tA==')])
2026-03-12 05:08:02  INFO      HTTP Request: GET https://huggingface.co/api/models/microsoft/Florence-2-base/tree/main?recursive=true&expand=false "HTTP/1.1 200 OK"
2026-03-12 05:08:02  DEBUG     receive_response_body.started request=<Request [b'GET']>
2026-03-12 05:08:02  DEBUG     receive_response_body.complete
2026-03-12 05:08:02  DEBUG     response_closed.started
2026-03-12 05:08:02  DEBUG     response_closed.complete
2026-03-12 05:08:02  ERROR     Failed to load AI model: TokenizersBackend has no attribute additional_special_tokens
Traceback (most recent call last):
  File "/Users/ben/Dev/imgtagplus/imgtagplus/app.py", line 146, in run
    tagger = FlorenceTagger(model_id=hf_model_id, model_dir=args.model_dir)
  File "/Users/ben/Dev/imgtagplus/imgtagplus/vlm.py", line 69, in __init__
    self.processor = AutoProcessor.from_pretrained(self._model_id, trust_remote_code=True, cache_dir=str(self._model_dir), use_fast=False)
                     ~~~~~~~~~~~~~~~~~~~~~~~~~~~~~^^^^^^^^^^^^^^^^^^^^^^^^^^^^^^^^^^^^^^^^^^^^^^^^^^^^^^^^^^^^^^^^^^^^^^^^^^^^^^^^^^^^^^^^
  File "/Users/ben/Dev/imgtagplus/.venv/lib/python3.14/site-packages/transformers/models/auto/processing_auto.py", line 407, in from_pretrained
    return processor_class.from_pretrained(
           ~~~~~~~~~~~~~~~~~~~~~~~~~~~~~~~^
        pretrained_model_name_or_path, trust_remote_code=trust_remote_code, **kwargs
        ^^^^^^^^^^^^^^^^^^^^^^^^^^^^^^^^^^^^^^^^^^^^^^^^^^^^^^^^^^^^^^^^^^^^^^^^^^^^
    )
    ^
  File "/Users/ben/Dev/imgtagplus/.venv/lib/python3.14/site-packages/transformers/processing_utils.py", line 1404, in from_pretrained
    return cls.from_args_and_dict(args, processor_dict, **instantiation_kwargs)
           ~~~~~~~~~~~~~~~~~~~~~~^^^^^^^^^^^^^^^^^^^^^^^^^^^^^^^^^^^^^^^^^^^^^^
  File "/Users/ben/Dev/imgtagplus/.venv/lib/python3.14/site-packages/transformers/processing_utils.py", line 1171, in from_args_and_dict
    processor = cls(*args, **valid_kwargs)
  File "/Users/ben/.cache/imgtagplus/modules/transformers_modules/microsoft/Florence_hyphen_2_hyphen_base/5ca5edf5bd017b9919c05d08aebef5e4c7ac3bac/processing_florence2.py", line 89, in __init__
    tokenizer.additional_special_tokens + \
    ^^^^^^^^^^^^^^^^^^^^^^^^^^^^^^^^^^^
  File "/Users/ben/Dev/imgtagplus/.venv/lib/python3.14/site-packages/transformers/tokenization_utils_base.py", line 1293, in __getattr__
    raise AttributeError(f"{self.__class__.__name__} has no attribute {key}")
AttributeError: TokenizersBackend has no attribute additional_special_tokens. Did you mean: 'add_special_tokens'?
