2026-03-12 05:04:43  INFO      ImgTagPlus starting
2026-03-12 05:04:43  INFO      Input       : /Users/ben/Dev/imgtagplus/sandbox
2026-03-12 05:04:43  INFO      Recursive   : True
2026-03-12 05:04:43  INFO      Threshold   : 0.25
2026-03-12 05:04:43  INFO      Max tags    : 20
2026-03-12 05:04:43  INFO      Model       : undefined
2026-03-12 05:04:43  INFO      Silent      : True
2026-03-12 05:04:43  INFO      Continue err: True
2026-03-12 05:04:43  INFO      Log file    : /Users/ben/Dev/imgtagplus/imgtagplus_20260312_050443.log
2026-03-12 05:04:43  INFO      Found 4 image(s) scanning /Users/ben/Dev/imgtagplus/sandbox (recursively)
2026-03-12 05:04:43  INFO      Images to process: 4
2026-03-12 05:04:43  WARNING   Unknown model 'undefined', falling back to 'clip'.
2026-03-12 05:04:43  DEBUG     close.started
2026-03-12 05:04:43  DEBUG     close.complete
2026-03-12 05:04:43  DEBUG     connect_tcp.started host='huggingface.co' port=443 local_address=None timeout=10 socket_options=None
2026-03-12 05:04:43  DEBUG     connect_tcp.complete return_value=<httpcore._backends.sync.SyncStream object at 0x12d35a7b0>
2026-03-12 05:04:43  DEBUG     start_tls.started ssl_context=<ssl.SSLContext object at 0x10fc28200> server_hostname='huggingface.co' timeout=10
2026-03-12 05:04:43  DEBUG     start_tls.complete return_value=<httpcore._backends.sync.SyncStream object at 0x12d35a8a0>
2026-03-12 05:04:43  DEBUG     send_request_headers.started request=<Request [b'HEAD']>
2026-03-12 05:04:43  DEBUG     send_request_headers.complete
2026-03-12 05:04:43  DEBUG     send_request_body.started request=<Request [b'HEAD']>
2026-03-12 05:04:43  DEBUG     send_request_body.complete
2026-03-12 05:04:43  DEBUG     receive_response_headers.started request=<Request [b'HEAD']>
2026-03-12 05:04:43  DEBUG     receive_response_headers.complete return_value=(b'HTTP/1.1', 302, b'Found', [(b'Content-Type', b'text/plain; charset=utf-8'), (b'Content-Length', b'1353'), (b'Connection', b'keep-alive'), (b'Date', b'Thu, 12 Mar 2026 09:04:43 GMT'), (b'Location', b'https://cas-bridge.xethub.hf.co/xet-bridge-us/646760a4a48c2b6f0d5edaba/581a113c3b8efbfe361c0ddc6debf45f59f2760a49de41fbbf13f28731c920bf?X-Amz-Algorithm=AWS4-HMAC-SHA256&X-Amz-Content-Sha256=UNSIGNED-PAYLOAD&X-Amz-Credential=cas%2F20260312%2Fus-east-1%2Fs3%2Faws4_request&X-Amz-Date=20260312T090443Z&X-Amz-Expires=3600&X-Amz-Signature=787eb7b1bf8d412a5693dc16f462950b22f706202dcc9686bb1035aa2f6de033&X-Amz-SignedHeaders=host&X-Xet-Cas-Uid=public&response-content-disposition=inline%3B+filename*%3DUTF-8%27%27vision_model.onnx%3B+filename%3D%22vision_model.onnx%22%3B&x-amz-checksum-mode=ENABLED&x-id=GetObject&Expires=1773309883&Policy=eyJTdGF0ZW1lbnQiOlt7IkNvbmRpdGlvbiI6eyJEYXRlTGVzc1RoYW4iOnsiQVdTOkVwb2NoVGltZSI6MTc3MzMwOTg4M319LCJSZXNvdXJjZSI6Imh0dHBzOi8vY2FzLWJyaWRnZS54ZXRodWIuaGYuY28veGV0LWJyaWRnZS11cy82NDY3NjBhNGE0OGMyYjZmMGQ1ZWRhYmEvNTgxYTExM2MzYjhlZmJmZTM2MWMwZGRjNmRlYmY0NWY1OWYyNzYwYTQ5ZGU0MWZiYmYxM2YyODczMWM5MjBiZioifV19&Signature=LJ9jl%7EAMWSoRGP4OSgPl3sbemM81Js6ri00x8zECuKTVp8ljzrjHTiWj2jq0TW0VxrepCj7Uj5rNB892l15acCUt9dhdW4wMq9KxJUTD%7EHQnXBR-0BdePgXwGHfyJAGGmUkORSq0ByQa1HNFqBVLx3KA2Oo1vSruuKP%7ElSRdHOXS8arEmsht4aeBhMVs4gO9enEz8ZuhCniL9rslfR1ARcPwACm%7ErIGTG3IcpuehCKWuk5J7nGRl27u%7EUDQEbhIEn5J5p0DiD0PDcUQS%7E3OxFGIUPI6va2YWQBOKUrJLZ6k7L-FlnsuNQCO2yZqlohp7OoAiUAwq4xZnUpTY%7EoLKZQ__&Key-Pair-Id=K2L8F4GPSG1IFC'), (b'X-Powered-By', b'huggingface-moon'), (b'X-Request-Id', b'Root=1-69b281ab-4115dd534cd7f8db02cfd4d3;3387c679-daf1-442c-8309-99a464e32c11'), (b'RateLimit', b'"resolvers";r=2999;t=181'), (b'RateLimit-Policy', b'"fixed window";"resolvers";q=3000;w=300'), (b'cross-origin-opener-policy', b'same-origin'), (b'Referrer-Policy', b'strict-origin-when-cross-origin'), (b'Access-Control-Max-Age', b'86400'), (b'Access-Control-Allow-Origin', b'https://huggingface.co'), (b'Vary', b'Origin, Accept'), (b'Access-Control-Expose-Headers', b'X-Repo-Commit,X-Request-Id,X-Error-Code,X-Error-Message,X-Total-Count,ETag,Link,Accept-Ranges,Content-Range,X-Linked-Size,X-Linked-ETag,X-Xet-Hash'), (b'X-Repo-Commit', b'd15189d7028b43f1d3e65039190477f6af591c2a'), (b'Accept-Ranges', b'bytes'), (b'X-Hub-Cache', b'MISS'), (b'X-Linked-Size', b'351685709'), (b'X-Linked-ETag', b'"fd6e1402a588279d1723c7534d4bcba5bc0b14b47dfab0e46f8c47b8270d7d40"'), (b'X-Xet-Hash', b'581a113c3b8efbfe361c0ddc6debf45f59f2760a49de41fbbf13f28731c920bf'), (b'Link', b'<https://huggingface.co/api/models/Xenova/clip-vit-base-patch32/xet-read-token/d15189d7028b43f1d3e65039190477f6af591c2a>; rel="xet-auth", <https://cas-server.xethub.hf.co/v1/reconstructions/581a113c3b8efbfe361c0ddc6debf45f59f2760a49de41fbbf13f28731c920bf>; rel="xet-reconstruction-info"'), (b'X-Cache', b'Miss from cloudfront'), (b'Via', b'1.1 e524152ad532d7972ffa6099b8e1a4f8.cloudfront.net (CloudFront)'), (b'X-Amz-Cf-Pop', b'ATL59-P13'), (b'X-Amz-Cf-Id', b'2JPbgapqIVI8Ka8QJ5-v012bqE5Mzw0eF872x7h2jGRAk1unjTqD_w==')])
2026-03-12 05:04:43  INFO      HTTP Request: HEAD https://huggingface.co/Xenova/clip-vit-base-patch32/resolve/main/onnx/vision_model.onnx "HTTP/1.1 302 Found"
2026-03-12 05:04:43  DEBUG     receive_response_body.started request=<Request [b'HEAD']>
2026-03-12 05:04:43  DEBUG     receive_response_body.complete
2026-03-12 05:04:43  DEBUG     response_closed.started
2026-03-12 05:04:43  DEBUG     response_closed.complete
2026-03-12 05:04:43  DEBUG     send_request_headers.started request=<Request [b'HEAD']>
2026-03-12 05:04:43  DEBUG     send_request_headers.complete
2026-03-12 05:04:43  DEBUG     send_request_body.started request=<Request [b'HEAD']>
2026-03-12 05:04:43  DEBUG     send_request_body.complete
2026-03-12 05:04:43  DEBUG     receive_response_headers.started request=<Request [b'HEAD']>
2026-03-12 05:04:43  DEBUG     receive_response_headers.complete return_value=(b'HTTP/1.1', 302, b'Found', [(b'Content-Type', b'text/plain; charset=utf-8'), (b'Content-Length', b'1355'), (b'Connection', b'keep-alive'), (b'Date', b'Thu, 12 Mar 2026 09:04:43 GMT'), (b'Location', b'https://cas-bridge.xethub.hf.co/xet-bridge-us/646760a4a48c2b6f0d5edaba/7cc6053c4289104b59c16c0e17aef1da1ec90a9f8d3385f4d99d976d3c2cc713?X-Amz-Algorithm=AWS4-HMAC-SHA256&X-Amz-Content-Sha256=UNSIGNED-PAYLOAD&X-Amz-Credential=cas%2F20260312%2Fus-east-1%2Fs3%2Faws4_request&X-Amz-Date=20260312T090443Z&X-Amz-Expires=3600&X-Amz-Signature=1eb7fa10989f264ab8b3b249ef2e22c9a870197423ed28ee232a3556e4f4f9a5&X-Amz-SignedHeaders=host&X-Xet-Cas-Uid=public&response-content-disposition=inline%3B+filename*%3DUTF-8%27%27text_model.onnx%3B+filename%3D%22text_model.onnx%22%3B&x-amz-checksum-mode=ENABLED&x-id=GetObject&Expires=1773309883&Policy=eyJTdGF0ZW1lbnQiOlt7IkNvbmRpdGlvbiI6eyJEYXRlTGVzc1RoYW4iOnsiQVdTOkVwb2NoVGltZSI6MTc3MzMwOTg4M319LCJSZXNvdXJjZSI6Imh0dHBzOi8vY2FzLWJyaWRnZS54ZXRodWIuaGYuY28veGV0LWJyaWRnZS11cy82NDY3NjBhNGE0OGMyYjZmMGQ1ZWRhYmEvN2NjNjA1M2M0Mjg5MTA0YjU5YzE2YzBlMTdhZWYxZGExZWM5MGE5ZjhkMzM4NWY0ZDk5ZDk3NmQzYzJjYzcxMyoifV19&Signature=NEeagOQoKG-7jCYPvBKELpRpAw3-5RxtQ%7EUbXa3Fhb2T%7E%7Ep5yqTPPrGahdQ7-rsh-5dHQ%7E0kaPomX-E%7EKAoQ0yfwQgGYGegYkpZgbZLQF%7EZghwm18Cs%7EbADYl2EtWajkqI5B-2yUNoRx%7EK5M70-jhg5rOQpMZ%7ETJhe8byxh307HSxp0x8MxJt4dvP-CAQSnH7lbwQ%7EU2-Vzp3Ude2Q3yWftFjdIqmSrTlqMFpZI2O3nBbwH2BCUjaI2tNv18IMLoJYgVxCop-xDNJE6298UNlzFOX8lMCP6LYbaZ3gBLWTnX7tOQdVXb4VRJtl7Vg0bAij37WmQsSG6Lz46cwOFOYQ__&Key-Pair-Id=K2L8F4GPSG1IFC'), (b'X-Powered-By', b'huggingface-moon'), (b'X-Request-Id', b'Root=1-69b281ab-63a012311c0bd3037c6ddb68;9cddd425-7fc1-4cde-a868-2e88ac6e9dd7'), (b'RateLimit', b'"resolvers";r=2998;t=181'), (b'RateLimit-Policy', b'"fixed window";"resolvers";q=3000;w=300'), (b'cross-origin-opener-policy', b'same-origin'), (b'Referrer-Policy', b'strict-origin-when-cross-origin'), (b'Access-Control-Max-Age', b'86400'), (b'Access-Control-Allow-Origin', b'https://huggingface.co'), (b'Vary', b'Origin, Accept'), (b'Access-Control-Expose-Headers', b'X-Repo-Commit,X-Request-Id,X-Error-Code,X-Error-Message,X-Total-Count,ETag,Link,Accept-Ranges,Content-Range,X-Linked-Size,X-Linked-ETag,X-Xet-Hash'), (b'X-Repo-Commit', b'd15189d7028b43f1d3e65039190477f6af591c2a'), (b'Accept-Ranges', b'bytes'), (b'X-HF-Warning', b'unauthenticated; Warning: You are sending unauthenticated requests to the HF Hub. Please set a HF_TOKEN to enable higher rate limits and faster downloads.'), (b'X-Hub-Cache', b'MISS'), (b'X-Linked-Size', b'254058553'), (b'X-Linked-ETag', b'"3f6571f5bad13a97c469c1622e1cfc4d9aef78b79fdbfcff804ca357bfada8cc"'), (b'X-Xet-Hash', b'7cc6053c4289104b59c16c0e17aef1da1ec90a9f8d3385f4d99d976d3c2cc713'), (b'Link', b'<https://huggingface.co/api/models/Xenova/clip-vit-base-patch32/xet-read-token/d15189d7028b43f1d3e65039190477f6af591c2a>; rel="xet-auth", <https://cas-server.xethub.hf.co/v1/reconstructions/7cc6053c4289104b59c16c0e17aef1da1ec90a9f8d3385f4d99d976d3c2cc713>; rel="xet-reconstruction-info"'), (b'X-Cache', b'Miss from cloudfront'), (b'Via', b'1.1 e524152ad532d7972ffa6099b8e1a4f8.cloudfront.net (CloudFront)'), (b'X-Amz-Cf-Pop', b'ATL59-P13'), (b'X-Amz-Cf-Id', b'UKnMCgi3lCXgiK_0t_jsYphkHsF1RtcV4lIC3O69qZUuD433OSlXrQ==')])
2026-03-12 05:04:43  INFO      HTTP Request: HEAD https://huggingface.co/Xenova/clip-vit-base-patch32/resolve/main/onnx/text_model.onnx "HTTP/1.1 302 Found"
2026-03-12 05:04:43  DEBUG     receive_response_body.started request=<Request [b'HEAD']>
2026-03-12 05:04:43  DEBUG     receive_response_body.complete
2026-03-12 05:04:43  DEBUG     response_closed.started
2026-03-12 05:04:43  DEBUG     response_closed.complete
2026-03-12 05:04:43  DEBUG     send_request_headers.started request=<Request [b'HEAD']>
2026-03-12 05:04:43  DEBUG     send_request_headers.complete
2026-03-12 05:04:43  DEBUG     send_request_body.started request=<Request [b'HEAD']>
2026-03-12 05:04:43  DEBUG     send_request_body.complete
2026-03-12 05:04:43  DEBUG     receive_response_headers.started request=<Request [b'HEAD']>
2026-03-12 05:04:43  DEBUG     receive_response_headers.complete return_value=(b'HTTP/1.1', 307, b'Temporary Redirect', [(b'Content-Type', b'text/plain; charset=utf-8'), (b'Content-Length', b'266'), (b'Connection', b'keep-alive'), (b'Date', b'Thu, 12 Mar 2026 09:04:43 GMT'), (b'Location', b'/api/resolve-cache/models/Xenova/clip-vit-base-patch32/d15189d7028b43f1d3e65039190477f6af591c2a/tokenizer.json?%2FXenova%2Fclip-vit-base-patch32%2Fresolve%2Fmain%2Ftokenizer.json=&etag=%22bc1f77d20440541dd073ebae6f6c401087c7d34e%22'), (b'X-Powered-By', b'huggingface-moon'), (b'X-Request-Id', b'Root=1-69b281ab-7e4ccce77a22d8125920a862;793f6d10-0dec-4546-b9ff-1da8bebf3fbd'), (b'RateLimit', b'"resolvers";r=2997;t=181'), (b'RateLimit-Policy', b'"fixed window";"resolvers";q=3000;w=300'), (b'cross-origin-opener-policy', b'same-origin'), (b'Referrer-Policy', b'strict-origin-when-cross-origin'), (b'Access-Control-Max-Age', b'86400'), (b'Access-Control-Allow-Origin', b'https://huggingface.co'), (b'Vary', b'Origin, Accept'), (b'Access-Control-Expose-Headers', b'X-Repo-Commit,X-Request-Id,X-Error-Code,X-Error-Message,X-Total-Count,ETag,Link,Accept-Ranges,Content-Range,X-Linked-Size,X-Linked-ETag,X-Xet-Hash'), (b'X-Repo-Commit', b'd15189d7028b43f1d3e65039190477f6af591c2a'), (b'Accept-Ranges', b'bytes'), (b'X-Hub-Cache', b'MISS'), (b'Content-Disposition', b'inline; filename*=UTF-8\'\'tokenizer.json; filename="tokenizer.json";'), (b'Content-Security-Policy', b"default-src 'none'; sandbox"), (b'X-Linked-ETag', b'"bc1f77d20440541dd073ebae6f6c401087c7d34e"'), (b'X-Cache', b'Miss from cloudfront'), (b'Via', b'1.1 e524152ad532d7972ffa6099b8e1a4f8.cloudfront.net (CloudFront)'), (b'X-Amz-Cf-Pop', b'ATL59-P13'), (b'X-Amz-Cf-Id', b'r08aPLuifUryQjsi6-M1fHl1u7Ru7FQ9X761Qjv9pWhKsuyurTxvoQ==')])
2026-03-12 05:04:43  INFO      HTTP Request: HEAD https://huggingface.co/Xenova/clip-vit-base-patch32/resolve/main/tokenizer.json "HTTP/1.1 307 Temporary Redirect"
2026-03-12 05:04:43  DEBUG     receive_response_body.started request=<Request [b'HEAD']>
2026-03-12 05:04:43  DEBUG     receive_response_body.complete
2026-03-12 05:04:43  DEBUG     response_closed.started
2026-03-12 05:04:43  DEBUG     response_closed.complete
2026-03-12 05:04:43  DEBUG     send_request_headers.started request=<Request [b'HEAD']>
2026-03-12 05:04:43  DEBUG     send_request_headers.complete
2026-03-12 05:04:43  DEBUG     send_request_body.started request=<Request [b'HEAD']>
2026-03-12 05:04:43  DEBUG     send_request_body.complete
2026-03-12 05:04:43  DEBUG     receive_response_headers.started request=<Request [b'HEAD']>
2026-03-12 05:04:43  DEBUG     receive_response_headers.complete return_value=(b'HTTP/1.1', 200, b'OK', [(b'Content-Type', b'text/plain; charset=utf-8'), (b'Content-Length', b'2224119'), (b'Connection', b'keep-alive'), (b'Date', b'Thu, 12 Mar 2026 07:58:57 GMT'), (b'ETag', b'"bc1f77d20440541dd073ebae6f6c401087c7d34e"'), (b'X-Powered-By', b'huggingface-moon'), (b'X-Request-Id', b'Root=1-69b27241-2462f936318f7477324cbe43;a7186e2e-02c1-43f0-a55e-3012e1162472'), (b'RateLimit', b'"resolvers";r=2996;t=227'), (b'RateLimit-Policy', b'"fixed window";"resolvers";q=3000;w=300'), (b'cross-origin-opener-policy', b'same-origin'), (b'Referrer-Policy', b'strict-origin-when-cross-origin'), (b'Access-Control-Max-Age', b'86400'), (b'Access-Control-Allow-Origin', b'https://huggingface.co'), (b'Access-Control-Expose-Headers', b'X-Repo-Commit,X-Request-Id,X-Error-Code,X-Error-Message,X-Total-Count,ETag,Link,Accept-Ranges,Content-Range,X-Linked-Size,X-Linked-ETag,X-Xet-Hash'), (b'X-Repo-Commit', b'd15189d7028b43f1d3e65039190477f6af591c2a'), (b'Accept-Ranges', b'bytes'), (b'X-Hub-Cache', b'MISS'), (b'Content-Disposition', b'inline; filename*=UTF-8\'\'tokenizer.json; filename="tokenizer.json";'), (b'Content-Security-Policy', b"default-src 'none'; sandbox"), (b'Vary', b'Origin'), (b'X-Cache', b'Hit from cloudfront'), (b'Via', b'1.1 e524152ad532d7972ffa6099b8e1a4f8.cloudfront.net (CloudFront)'), (b'X-Amz-Cf-Pop', b'ATL59-P13'), (b'X-Amz-Cf-Id', b'u7TmtZoH9Vg21A0capgfXPZXH9KJewtR40yLKuFpPf_gniE0W8JPuA=='), (b'Age', b'3946')])
2026-03-12 05:04:43  INFO      HTTP Request: HEAD https://huggingface.co/api/resolve-cache/models/Xenova/clip-vit-base-patch32/d15189d7028b43f1d3e65039190477f6af591c2a/tokenizer.json "HTTP/1.1 200 OK"
2026-03-12 05:04:43  DEBUG     receive_response_body.started request=<Request [b'HEAD']>
2026-03-12 05:04:43  DEBUG     receive_response_body.complete
2026-03-12 05:04:43  DEBUG     response_closed.started
2026-03-12 05:04:43  DEBUG     response_closed.complete
2026-03-12 05:04:43  INFO      Loading CLIP visual model …
2026-03-12 05:04:43  INFO      Loading CLIP text model …
2026-03-12 05:04:43  INFO      Loading tokenizer …
2026-03-12 05:04:43  INFO      Pre-computing text embeddings for 701 tags …
2026-03-12 05:04:50  INFO      Text embeddings ready: shape (701, 512)
2026-03-12 05:04:50  INFO      [1/4] Tagging: /Users/ben/Dev/imgtagplus/sandbox/pexels-connorscottmcmanus-12797153.jpg
2026-03-12 05:04:50  INFO        -> 1 tag(s): overcast
2026-03-12 05:04:50  INFO      [2/4] Tagging: /Users/ben/Dev/imgtagplus/sandbox/pexels-connorscottmcmanus-12797165.jpg
2026-03-12 05:04:51  INFO        -> 1 tag(s): rooftop
2026-03-12 05:04:51  INFO      [3/4] Tagging: /Users/ben/Dev/imgtagplus/sandbox/pexels-david-martin-jr-291182065-13185335.jpg
2026-03-12 05:04:51  INFO        -> 1 tag(s): bridge
2026-03-12 05:04:51  INFO      [4/4] Tagging: /Users/ben/Dev/imgtagplus/sandbox/pexels-david-martin-jr-291182065-13185339.jpg
2026-03-12 05:04:51  INFO        -> 1 tag(s): drone photography
