2026-03-12 10:26:35  INFO      Model       : florence-2-base (microsoft/Florence-2-base)
2026-03-12 10:26:35  INFO      Recursive   : True
2026-03-12 10:26:35  INFO      Max tags    : 20
2026-03-12 10:26:35  INFO      Silent      : True
2026-03-12 10:26:35  INFO      Continue err: True
2026-03-12 10:26:35  INFO      Log file    : /Users/ben/Dev/imgtagplus/imgtagplus_20260312_102635.log
2026-03-12 10:26:35  INFO      Found 4 image(s) scanning /Users/ben/Dev/imgtagplus/sandbox (recursively)
2026-03-12 10:26:35  INFO      Images to process: 4
2026-03-12 10:26:35  INFO      Resolved florence-2-base to Hugging Face ID: microsoft/Florence-2-base
2026-03-12 10:26:36  INFO      GPU environment detected. Loading native microsoft/Florence-2-base on mps with eager attention...
2026-03-12 10:26:36  DEBUG     connect_tcp.started host='huggingface.co' port=443 local_address=None timeout=10 socket_options=None
2026-03-12 10:26:36  DEBUG     connect_tcp.complete return_value=<httpcore._backends.sync.SyncStream object at 0x113143770>
2026-03-12 10:26:36  DEBUG     start_tls.started ssl_context=<ssl.SSLContext object at 0x1131272f0> server_hostname='huggingface.co' timeout=10
2026-03-12 10:26:36  DEBUG     start_tls.complete return_value=<httpcore._backends.sync.SyncStream object at 0x111611e50>
2026-03-12 10:26:36  DEBUG     send_request_headers.started request=<Request [b'HEAD']>
2026-03-12 10:26:36  DEBUG     send_request_headers.complete
2026-03-12 10:26:36  DEBUG     send_request_body.started request=<Request [b'HEAD']>
2026-03-12 10:26:36  DEBUG     send_request_body.complete
2026-03-12 10:26:36  DEBUG     receive_response_headers.started request=<Request [b'HEAD']>
2026-03-12 10:26:37  DEBUG     receive_response_headers.complete return_value=(b'HTTP/1.1', 404, b'Not Found', [(b'Content-Type', b'text/plain; charset=utf-8'), (b'Content-Length', b'15'), (b'Connection', b'keep-alive'), (b'Date', b'Thu, 12 Mar 2026 14:26:37 GMT'), (b'ETag', b'W/"f-mY2VvLxuxB7KhsoOdQTlMTccuAQ"'), (b'X-Powered-By', b'huggingface-moon'), (b'X-Request-Id', b'Root=1-69b2cd1d-7b7c56865e2742d16f622b94;6672a92b-fcfe-493f-bbce-a1b4dd72d2a6'), (b'RateLimit', b'"resolvers";r=2999;t=67'), (b'RateLimit-Policy', b'"fixed window";"resolvers";q=3000;w=300'), (b'cross-origin-opener-policy', b'same-origin'), (b'Referrer-Policy', b'strict-origin-when-cross-origin'), (b'Access-Control-Max-Age', b'86400'), (b'Access-Control-Allow-Origin', b'https://huggingface.co'), (b'Vary', b'Origin'), (b'Access-Control-Expose-Headers', b'X-Repo-Commit,X-Request-Id,X-Error-Code,X-Error-Message,X-Total-Count,ETag,Link,Accept-Ranges,Content-Range,X-Linked-Size,X-Linked-ETag,X-Xet-Hash'), (b'X-Repo-Commit', b'5ca5edf5bd017b9919c05d08aebef5e4c7ac3bac'), (b'Accept-Ranges', b'bytes'), (b'X-HF-Warning', b'unauthenticated; Warning: You are sending unauthenticated requests to the HF Hub. Please set a HF_TOKEN to enable higher rate limits and faster downloads.'), (b'X-Hub-Cache', b'MISS'), (b'X-Error-Code', b'EntryNotFound'), (b'X-Error-Message', b'Entry not found'), (b'X-Cache', b'Error from cloudfront'), (b'Via', b'1.1 b4c6d384cd4ac0baedf90ea4169ded4a.cloudfront.net (CloudFront)'), (b'X-Amz-Cf-Pop', b'ATL59-P13'), (b'X-Amz-Cf-Id', b'mr1aq61H9cepv4aps5NA9OpFN4SRK-ZxsRmo-L-AesapYcQpCxaW3w==')])
2026-03-12 10:26:37  INFO      HTTP Request: HEAD https://huggingface.co/microsoft/Florence-2-base/resolve/main/processor_config.json "HTTP/1.1 404 Not Found"
2026-03-12 10:26:37  DEBUG     receive_response_body.started request=<Request [b'HEAD']>
2026-03-12 10:26:37  DEBUG     receive_response_body.complete
2026-03-12 10:26:37  DEBUG     response_closed.started
2026-03-12 10:26:37  DEBUG     response_closed.complete
2026-03-12 10:26:37  WARNING   Warning: You are sending unauthenticated requests to the HF Hub. Please set a HF_TOKEN to enable higher rate limits and faster downloads.
2026-03-12 10:26:37  DEBUG     send_request_headers.started request=<Request [b'HEAD']>
2026-03-12 10:26:37  DEBUG     send_request_headers.complete
2026-03-12 10:26:37  DEBUG     send_request_body.started request=<Request [b'HEAD']>
2026-03-12 10:26:37  DEBUG     send_request_body.complete
2026-03-12 10:26:37  DEBUG     receive_response_headers.started request=<Request [b'HEAD']>
2026-03-12 10:26:37  DEBUG     receive_response_headers.complete return_value=(b'HTTP/1.1', 307, b'Temporary Redirect', [(b'Content-Type', b'text/plain; charset=utf-8'), (b'Content-Length', b'280'), (b'Connection', b'keep-alive'), (b'Date', b'Thu, 12 Mar 2026 14:26:37 GMT'), (b'Location', b'/api/resolve-cache/models/microsoft/Florence-2-base/5ca5edf5bd017b9919c05d08aebef5e4c7ac3bac/preprocessor_config.json?%2Fmicrosoft%2FFlorence-2-base%2Fresolve%2Fmain%2Fpreprocessor_config.json=&etag=%2285cd7be3568df661ad536b6ab20d59b08ba079ae%22'), (b'X-Powered-By', b'huggingface-moon'), (b'X-Request-Id', b'Root=1-69b2cd1d-0a25f9a8708d7278507fc4fb;e35bdf5a-8475-4fe6-a7b4-3398d94cde21'), (b'RateLimit', b'"resolvers";r=2998;t=67'), (b'RateLimit-Policy', b'"fixed window";"resolvers";q=3000;w=300'), (b'cross-origin-opener-policy', b'same-origin'), (b'Referrer-Policy', b'strict-origin-when-cross-origin'), (b'Access-Control-Max-Age', b'86400'), (b'Access-Control-Allow-Origin', b'https://huggingface.co'), (b'Vary', b'Origin, Accept'), (b'Access-Control-Expose-Headers', b'X-Repo-Commit,X-Request-Id,X-Error-Code,X-Error-Message,X-Total-Count,ETag,Link,Accept-Ranges,Content-Range,X-Linked-Size,X-Linked-ETag,X-Xet-Hash'), (b'X-Repo-Commit', b'5ca5edf5bd017b9919c05d08aebef5e4c7ac3bac'), (b'Accept-Ranges', b'bytes'), (b'X-HF-Warning', b'unauthenticated; Warning: You are sending unauthenticated requests to the HF Hub. Please set a HF_TOKEN to enable higher rate limits and faster downloads.'), (b'X-Hub-Cache', b'HIT'), (b'Content-Disposition', b'inline; filename*=UTF-8\'\'preprocessor_config.json; filename="preprocessor_config.json";'), (b'Content-Security-Policy', b"default-src 'none'; sandbox"), (b'X-Linked-ETag', b'"85cd7be3568df661ad536b6ab20d59b08ba079ae"'), (b'X-Cache', b'Miss from cloudfront'), (b'Via', b'1.1 b4c6d384cd4ac0baedf90ea4169ded4a.cloudfront.net (CloudFront)'), (b'X-Amz-Cf-Pop', b'ATL59-P13'), (b'X-Amz-Cf-Id', b'XoeQeeBK0gQ6r2x7kVSlyCyYAz54hvwim25BHSOv49gvM6X4wnsfvQ==')])
2026-03-12 10:26:37  INFO      HTTP Request: HEAD https://huggingface.co/microsoft/Florence-2-base/resolve/main/preprocessor_config.json "HTTP/1.1 307 Temporary Redirect"
2026-03-12 10:26:37  DEBUG     receive_response_body.started request=<Request [b'HEAD']>
2026-03-12 10:26:37  DEBUG     receive_response_body.complete
2026-03-12 10:26:37  DEBUG     response_closed.started
2026-03-12 10:26:37  DEBUG     response_closed.complete
2026-03-12 10:26:37  DEBUG     send_request_headers.started request=<Request [b'HEAD']>
2026-03-12 10:26:37  DEBUG     send_request_headers.complete
2026-03-12 10:26:37  DEBUG     send_request_body.started request=<Request [b'HEAD']>
2026-03-12 10:26:37  DEBUG     send_request_body.complete
2026-03-12 10:26:37  DEBUG     receive_response_headers.started request=<Request [b'HEAD']>
2026-03-12 10:26:37  DEBUG     receive_response_headers.complete return_value=(b'HTTP/1.1', 200, b'OK', [(b'Content-Type', b'text/plain; charset=utf-8'), (b'Content-Length', b'806'), (b'Connection', b'keep-alive'), (b'Date', b'Tue, 27 Jan 2026 01:41:37 GMT'), (b'ETag', b'"85cd7be3568df661ad536b6ab20d59b08ba079ae"'), (b'X-Powered-By', b'huggingface-moon'), (b'X-Request-Id', b'Root=1-697817d0-059260574dd4c8de754bd81a;3efadae7-e406-40ec-9d8a-654040c73720'), (b'RateLimit', b'"resolvers";r=2998;t=196'), (b'RateLimit-Policy', b'"fixed window";"resolvers";q=3000;w=300'), (b'cross-origin-opener-policy', b'same-origin'), (b'Referrer-Policy', b'strict-origin-when-cross-origin'), (b'Access-Control-Max-Age', b'86400'), (b'Access-Control-Allow-Origin', b'https://huggingface.co'), (b'Access-Control-Expose-Headers', b'X-Repo-Commit,X-Request-Id,X-Error-Code,X-Error-Message,X-Total-Count,ETag,Link,Accept-Ranges,Content-Range,X-Linked-Size,X-Linked-ETag,X-Xet-Hash'), (b'X-Repo-Commit', b'5ca5edf5bd017b9919c05d08aebef5e4c7ac3bac'), (b'Accept-Ranges', b'bytes'), (b'Content-Disposition', b'inline; filename*=UTF-8\'\'preprocessor_config.json; filename="preprocessor_config.json";'), (b'Content-Security-Policy', b"default-src 'none'; sandbox"), (b'Vary', b'Origin'), (b'X-Cache', b'Hit from cloudfront'), (b'Via', b'1.1 b4c6d384cd4ac0baedf90ea4169ded4a.cloudfront.net (CloudFront)'), (b'X-Amz-Cf-Pop', b'ATL59-P13'), (b'X-Amz-Cf-Id', b'UTBeVwu-NPyw5oEPMKGneVZ7SXOT-kGAAbHkFmZg11nhLwLtF4b_Cw=='), (b'Age', b'3847500')])
2026-03-12 10:26:37  INFO      HTTP Request: HEAD https://huggingface.co/api/resolve-cache/models/microsoft/Florence-2-base/5ca5edf5bd017b9919c05d08aebef5e4c7ac3bac/preprocessor_config.json "HTTP/1.1 200 OK"
2026-03-12 10:26:37  DEBUG     receive_response_body.started request=<Request [b'HEAD']>
2026-03-12 10:26:37  DEBUG     receive_response_body.complete
2026-03-12 10:26:37  DEBUG     response_closed.started
2026-03-12 10:26:37  DEBUG     response_closed.complete
2026-03-12 10:26:37  DEBUG     send_request_headers.started request=<Request [b'HEAD']>
2026-03-12 10:26:37  DEBUG     send_request_headers.complete
2026-03-12 10:26:37  DEBUG     send_request_body.started request=<Request [b'HEAD']>
2026-03-12 10:26:37  DEBUG     send_request_body.complete
2026-03-12 10:26:37  DEBUG     receive_response_headers.started request=<Request [b'HEAD']>
2026-03-12 10:26:37  DEBUG     receive_response_headers.complete return_value=(b'HTTP/1.1', 404, b'Not Found', [(b'Content-Type', b'text/plain; charset=utf-8'), (b'Content-Length', b'15'), (b'Connection', b'keep-alive'), (b'Date', b'Thu, 12 Mar 2026 14:26:37 GMT'), (b'ETag', b'W/"f-mY2VvLxuxB7KhsoOdQTlMTccuAQ"'), (b'X-Powered-By', b'huggingface-moon'), (b'X-Request-Id', b'Root=1-69b2cd1d-7a9e95a53704e3e94e62c3ec;680a46c1-3bab-4842-b6cf-58ba3ddd0cff'), (b'RateLimit', b'"resolvers";r=2997;t=67'), (b'RateLimit-Policy', b'"fixed window";"resolvers";q=3000;w=300'), (b'cross-origin-opener-policy', b'same-origin'), (b'Referrer-Policy', b'strict-origin-when-cross-origin'), (b'Access-Control-Max-Age', b'86400'), (b'Access-Control-Allow-Origin', b'https://huggingface.co'), (b'Vary', b'Origin'), (b'Access-Control-Expose-Headers', b'X-Repo-Commit,X-Request-Id,X-Error-Code,X-Error-Message,X-Total-Count,ETag,Link,Accept-Ranges,Content-Range,X-Linked-Size,X-Linked-ETag,X-Xet-Hash'), (b'X-Repo-Commit', b'5ca5edf5bd017b9919c05d08aebef5e4c7ac3bac'), (b'Accept-Ranges', b'bytes'), (b'X-Hub-Cache', b'MISS'), (b'X-Error-Code', b'EntryNotFound'), (b'X-Error-Message', b'Entry not found'), (b'X-Cache', b'Error from cloudfront'), (b'Via', b'1.1 b4c6d384cd4ac0baedf90ea4169ded4a.cloudfront.net (CloudFront)'), (b'X-Amz-Cf-Pop', b'ATL59-P13'), (b'X-Amz-Cf-Id', b'KCKff7Ugaz5IZNZk5b32UMfUaxPwovixfudZo2MbypxWSD38N8d5gQ==')])
2026-03-12 10:26:37  INFO      HTTP Request: HEAD https://huggingface.co/microsoft/Florence-2-base/resolve/main/processor_config.json "HTTP/1.1 404 Not Found"
2026-03-12 10:26:37  DEBUG     receive_response_body.started request=<Request [b'HEAD']>
2026-03-12 10:26:37  DEBUG     receive_response_body.complete
2026-03-12 10:26:37  DEBUG     response_closed.started
2026-03-12 10:26:37  DEBUG     response_closed.complete
2026-03-12 10:26:37  DEBUG     send_request_headers.started request=<Request [b'HEAD']>
2026-03-12 10:26:37  DEBUG     send_request_headers.complete
2026-03-12 10:26:37  DEBUG     send_request_body.started request=<Request [b'HEAD']>
2026-03-12 10:26:37  DEBUG     send_request_body.complete
2026-03-12 10:26:37  DEBUG     receive_response_headers.started request=<Request [b'HEAD']>
2026-03-12 10:26:37  DEBUG     receive_response_headers.complete return_value=(b'HTTP/1.1', 307, b'Temporary Redirect', [(b'Content-Type', b'text/plain; charset=utf-8'), (b'Content-Length', b'280'), (b'Connection', b'keep-alive'), (b'Date', b'Thu, 12 Mar 2026 14:26:37 GMT'), (b'Location', b'/api/resolve-cache/models/microsoft/Florence-2-base/5ca5edf5bd017b9919c05d08aebef5e4c7ac3bac/preprocessor_config.json?%2Fmicrosoft%2FFlorence-2-base%2Fresolve%2Fmain%2Fpreprocessor_config.json=&etag=%2285cd7be3568df661ad536b6ab20d59b08ba079ae%22'), (b'X-Powered-By', b'huggingface-moon'), (b'X-Request-Id', b'Root=1-69b2cd1d-3b3fbf9e71b267325dfd3f3f;28697862-4f22-404d-bd57-47d0be21f215'), (b'RateLimit', b'"resolvers";r=2996;t=67'), (b'RateLimit-Policy', b'"fixed window";"resolvers";q=3000;w=300'), (b'cross-origin-opener-policy', b'same-origin'), (b'Referrer-Policy', b'strict-origin-when-cross-origin'), (b'Access-Control-Max-Age', b'86400'), (b'Access-Control-Allow-Origin', b'https://huggingface.co'), (b'Vary', b'Origin, Accept'), (b'Access-Control-Expose-Headers', b'X-Repo-Commit,X-Request-Id,X-Error-Code,X-Error-Message,X-Total-Count,ETag,Link,Accept-Ranges,Content-Range,X-Linked-Size,X-Linked-ETag,X-Xet-Hash'), (b'X-Repo-Commit', b'5ca5edf5bd017b9919c05d08aebef5e4c7ac3bac'), (b'Accept-Ranges', b'bytes'), (b'X-Hub-Cache', b'HIT'), (b'Content-Disposition', b'inline; filename*=UTF-8\'\'preprocessor_config.json; filename="preprocessor_config.json";'), (b'Content-Security-Policy', b"default-src 'none'; sandbox"), (b'X-Linked-ETag', b'"85cd7be3568df661ad536b6ab20d59b08ba079ae"'), (b'X-Cache', b'Miss from cloudfront'), (b'Via', b'1.1 b4c6d384cd4ac0baedf90ea4169ded4a.cloudfront.net (CloudFront)'), (b'X-Amz-Cf-Pop', b'ATL59-P13'), (b'X-Amz-Cf-Id', b'cjHx7gdcYjVbqHOpm8porTYP8b_A9WlJaSt8KiOhSq6aKXJCvyrWNg==')])
2026-03-12 10:26:37  INFO      HTTP Request: HEAD https://huggingface.co/microsoft/Florence-2-base/resolve/main/preprocessor_config.json "HTTP/1.1 307 Temporary Redirect"
2026-03-12 10:26:37  DEBUG     receive_response_body.started request=<Request [b'HEAD']>
2026-03-12 10:26:37  DEBUG     receive_response_body.complete
2026-03-12 10:26:37  DEBUG     response_closed.started
2026-03-12 10:26:37  DEBUG     response_closed.complete
2026-03-12 10:26:37  DEBUG     send_request_headers.started request=<Request [b'HEAD']>
2026-03-12 10:26:37  DEBUG     send_request_headers.complete
2026-03-12 10:26:37  DEBUG     send_request_body.started request=<Request [b'HEAD']>
2026-03-12 10:26:37  DEBUG     send_request_body.complete
2026-03-12 10:26:37  DEBUG     receive_response_headers.started request=<Request [b'HEAD']>
2026-03-12 10:26:37  DEBUG     receive_response_headers.complete return_value=(b'HTTP/1.1', 200, b'OK', [(b'Content-Type', b'text/plain; charset=utf-8'), (b'Content-Length', b'806'), (b'Connection', b'keep-alive'), (b'Date', b'Fri, 29 Aug 2025 11:01:00 GMT'), (b'ETag', b'"85cd7be3568df661ad536b6ab20d59b08ba079ae"'), (b'X-Powered-By', b'huggingface-moon'), (b'cross-origin-opener-policy', b'same-origin'), (b'Referrer-Policy', b'strict-origin-when-cross-origin'), (b'X-Request-Id', b'Root=1-68b1886c-3d4f6bff3d722a4d12726afd;ef87aadc-03fd-42a9-938c-074af063b721'), (b'Access-Control-Allow-Origin', b'https://huggingface.co'), (b'Access-Control-Expose-Headers', b'X-Repo-Commit,X-Request-Id,X-Error-Code,X-Error-Message,X-Total-Count,ETag,Link,Accept-Ranges,Content-Range,X-Linked-Size,X-Linked-ETag,X-Xet-Hash'), (b'X-Repo-Commit', b'5ca5edf5bd017b9919c05d08aebef5e4c7ac3bac'), (b'Accept-Ranges', b'bytes'), (b'Content-Disposition', b'inline; filename*=UTF-8\'\'preprocessor_config.json; filename="preprocessor_config.json";'), (b'Content-Security-Policy', b"default-src 'none'; sandbox"), (b'Vary', b'Origin'), (b'X-Cache', b'Hit from cloudfront'), (b'Via', b'1.1 b4c6d384cd4ac0baedf90ea4169ded4a.cloudfront.net (CloudFront)'), (b'X-Amz-Cf-Pop', b'ATL59-P13'), (b'X-Amz-Cf-Id', b'30ORt16yBwHXW-c2re2egZfkHHk-KyT1cJLfOyMWuHw2TafjtdIF1w=='), (b'Age', b'16860337')])
2026-03-12 10:26:37  INFO      HTTP Request: HEAD https://huggingface.co/api/resolve-cache/models/microsoft/Florence-2-base/5ca5edf5bd017b9919c05d08aebef5e4c7ac3bac/preprocessor_config.json "HTTP/1.1 200 OK"
2026-03-12 10:26:37  DEBUG     receive_response_body.started request=<Request [b'HEAD']>
2026-03-12 10:26:37  DEBUG     receive_response_body.complete
2026-03-12 10:26:37  DEBUG     response_closed.started
2026-03-12 10:26:37  DEBUG     response_closed.complete
2026-03-12 10:26:37  DEBUG     send_request_headers.started request=<Request [b'HEAD']>
2026-03-12 10:26:37  DEBUG     send_request_headers.complete
2026-03-12 10:26:37  DEBUG     send_request_body.started request=<Request [b'HEAD']>
2026-03-12 10:26:37  DEBUG     send_request_body.complete
2026-03-12 10:26:37  DEBUG     receive_response_headers.started request=<Request [b'HEAD']>
2026-03-12 10:26:37  DEBUG     receive_response_headers.complete return_value=(b'HTTP/1.1', 307, b'Temporary Redirect', [(b'Content-Type', b'text/plain; charset=utf-8'), (b'Content-Length', b'278'), (b'Connection', b'keep-alive'), (b'Date', b'Thu, 12 Mar 2026 14:26:37 GMT'), (b'Location', b'/api/resolve-cache/models/microsoft/Florence-2-base/5ca5edf5bd017b9919c05d08aebef5e4c7ac3bac/processing_florence2.py?%2Fmicrosoft%2FFlorence-2-base%2Fresolve%2Fmain%2Fprocessing_florence2.py=&etag=%223cd9815895c8c2b355f1e07ff983186f1e05c9e9%22'), (b'X-Powered-By', b'huggingface-moon'), (b'X-Request-Id', b'Root=1-69b2cd1d-0d4cae9f6f7f977006e7ae0b;84c3d2d3-25d2-47ee-9b01-54d8d1e44a8c'), (b'RateLimit', b'"resolvers";r=2995;t=67'), (b'RateLimit-Policy', b'"fixed window";"resolvers";q=3000;w=300'), (b'cross-origin-opener-policy', b'same-origin'), (b'Referrer-Policy', b'strict-origin-when-cross-origin'), (b'Access-Control-Max-Age', b'86400'), (b'Access-Control-Allow-Origin', b'https://huggingface.co'), (b'Vary', b'Origin, Accept'), (b'Access-Control-Expose-Headers', b'X-Repo-Commit,X-Request-Id,X-Error-Code,X-Error-Message,X-Total-Count,ETag,Link,Accept-Ranges,Content-Range,X-Linked-Size,X-Linked-ETag,X-Xet-Hash'), (b'X-Repo-Commit', b'5ca5edf5bd017b9919c05d08aebef5e4c7ac3bac'), (b'Accept-Ranges', b'bytes'), (b'X-Hub-Cache', b'MISS'), (b'Content-Disposition', b'inline; filename*=UTF-8\'\'processing_florence2.py; filename="processing_florence2.py";'), (b'Content-Security-Policy', b"default-src 'none'; sandbox"), (b'X-Linked-ETag', b'"3cd9815895c8c2b355f1e07ff983186f1e05c9e9"'), (b'X-Cache', b'Miss from cloudfront'), (b'Via', b'1.1 b4c6d384cd4ac0baedf90ea4169ded4a.cloudfront.net (CloudFront)'), (b'X-Amz-Cf-Pop', b'ATL59-P13'), (b'X-Amz-Cf-Id', b'W4sgQ2jC62SFIZD5eMuea_Fgy7OPqZcwIPSV32QdshhrS8kR8Rx8xA==')])
2026-03-12 10:26:37  INFO      HTTP Request: HEAD https://huggingface.co/microsoft/Florence-2-base/resolve/main/processing_florence2.py "HTTP/1.1 307 Temporary Redirect"
2026-03-12 10:26:37  DEBUG     receive_response_body.started request=<Request [b'HEAD']>
2026-03-12 10:26:37  DEBUG     receive_response_body.complete
2026-03-12 10:26:37  DEBUG     response_closed.started
2026-03-12 10:26:37  DEBUG     response_closed.complete
2026-03-12 10:26:37  DEBUG     send_request_headers.started request=<Request [b'HEAD']>
2026-03-12 10:26:37  DEBUG     send_request_headers.complete
2026-03-12 10:26:37  DEBUG     send_request_body.started request=<Request [b'HEAD']>
2026-03-12 10:26:37  DEBUG     send_request_body.complete
2026-03-12 10:26:37  DEBUG     receive_response_headers.started request=<Request [b'HEAD']>
2026-03-12 10:26:37  DEBUG     receive_response_headers.complete return_value=(b'HTTP/1.1', 200, b'OK', [(b'Content-Type', b'text/plain; charset=utf-8'), (b'Content-Length', b'48676'), (b'Connection', b'keep-alive'), (b'Date', b'Tue, 27 Jan 2026 01:41:37 GMT'), (b'ETag', b'"3cd9815895c8c2b355f1e07ff983186f1e05c9e9"'), (b'X-Powered-By', b'huggingface-moon'), (b'X-Request-Id', b'Root=1-697817d1-2010b7734ab967d303e2217d;477500f6-2525-48f6-abf8-0aa01b00427e'), (b'RateLimit', b'"resolvers";r=2998;t=79'), (b'RateLimit-Policy', b'"fixed window";"resolvers";q=3000;w=300'), (b'cross-origin-opener-policy', b'same-origin'), (b'Referrer-Policy', b'strict-origin-when-cross-origin'), (b'Access-Control-Max-Age', b'86400'), (b'Access-Control-Allow-Origin', b'https://huggingface.co'), (b'Access-Control-Expose-Headers', b'X-Repo-Commit,X-Request-Id,X-Error-Code,X-Error-Message,X-Total-Count,ETag,Link,Accept-Ranges,Content-Range,X-Linked-Size,X-Linked-ETag,X-Xet-Hash'), (b'X-Repo-Commit', b'5ca5edf5bd017b9919c05d08aebef5e4c7ac3bac'), (b'Accept-Ranges', b'bytes'), (b'Content-Disposition', b'inline; filename*=UTF-8\'\'processing_florence2.py; filename="processing_florence2.py";'), (b'Content-Security-Policy', b"default-src 'none'; sandbox"), (b'Vary', b'Origin'), (b'X-Cache', b'Hit from cloudfront'), (b'Via', b'1.1 b4c6d384cd4ac0baedf90ea4169ded4a.cloudfront.net (CloudFront)'), (b'X-Amz-Cf-Pop', b'ATL59-P13'), (b'X-Amz-Cf-Id', b'IkfECIgr-oykdWOEbM_TyIYfLLY4-lEbW-PkwQ4zhctGh0WBfBCMKg=='), (b'Age', b'3847500')])
2026-03-12 10:26:37  INFO      HTTP Request: HEAD https://huggingface.co/api/resolve-cache/models/microsoft/Florence-2-base/5ca5edf5bd017b9919c05d08aebef5e4c7ac3bac/processing_florence2.py "HTTP/1.1 200 OK"
2026-03-12 10:26:37  DEBUG     receive_response_body.started request=<Request [b'HEAD']>
2026-03-12 10:26:37  DEBUG     receive_response_body.complete
2026-03-12 10:26:37  DEBUG     response_closed.started
2026-03-12 10:26:37  DEBUG     response_closed.complete
2026-03-12 10:26:37  DEBUG     send_request_headers.started request=<Request [b'GET']>
2026-03-12 10:26:37  DEBUG     send_request_headers.complete
2026-03-12 10:26:37  DEBUG     send_request_body.started request=<Request [b'GET']>
2026-03-12 10:26:37  DEBUG     send_request_body.complete
2026-03-12 10:26:37  DEBUG     receive_response_headers.started request=<Request [b'GET']>
2026-03-12 10:26:37  DEBUG     receive_response_headers.complete return_value=(b'HTTP/1.1', 404, b'Not Found', [(b'Content-Type', b'application/json; charset=utf-8'), (b'Content-Length', b'64'), (b'Connection', b'keep-alive'), (b'Date', b'Thu, 12 Mar 2026 14:26:37 GMT'), (b'ETag', b'W/"40-09f9IAqP13xarAhQxFS2W8rvRkM"'), (b'X-Powered-By', b'huggingface-moon'), (b'X-Request-Id', b'Root=1-69b2cd1d-5453197a4acdce0e3408d857;c00528ba-be9f-494c-97ec-dbb6ba8fcefc'), (b'RateLimit', b'"api";r=499;t=67'), (b'RateLimit-Policy', b'"fixed window";"api";q=500;w=300'), (b'cross-origin-opener-policy', b'same-origin'), (b'Referrer-Policy', b'strict-origin-when-cross-origin'), (b'Access-Control-Max-Age', b'86400'), (b'Access-Control-Allow-Origin', b'https://huggingface.co'), (b'Vary', b'Origin'), (b'Access-Control-Expose-Headers', b'X-Repo-Commit,X-Request-Id,X-Error-Code,X-Error-Message,X-Total-Count,ETag,Link,Accept-Ranges,Content-Range,X-Linked-Size,X-Linked-ETag,X-Xet-Hash'), (b'X-Error-Code', b'EntryNotFound'), (b'X-Error-Message', b'additional_chat_templates does not exist on "main"'), (b'X-Cache', b'Error from cloudfront'), (b'Via', b'1.1 b4c6d384cd4ac0baedf90ea4169ded4a.cloudfront.net (CloudFront)'), (b'X-Amz-Cf-Pop', b'ATL59-P13'), (b'X-Amz-Cf-Id', b'aU-l91tW6Af_AB36GVRou-lc8KZzqpKZ-ON3f4FJV0OSNaZB30gjIg==')])
2026-03-12 10:26:37  INFO      HTTP Request: GET https://huggingface.co/api/models/microsoft/Florence-2-base/tree/main/additional_chat_templates?recursive=false&expand=false "HTTP/1.1 404 Not Found"
2026-03-12 10:26:37  DEBUG     receive_response_body.started request=<Request [b'GET']>
2026-03-12 10:26:37  DEBUG     receive_response_body.complete
2026-03-12 10:26:37  DEBUG     response_closed.started
2026-03-12 10:26:37  DEBUG     response_closed.complete
2026-03-12 10:26:37  DEBUG     send_request_headers.started request=<Request [b'HEAD']>
2026-03-12 10:26:37  DEBUG     send_request_headers.complete
2026-03-12 10:26:37  DEBUG     send_request_body.started request=<Request [b'HEAD']>
2026-03-12 10:26:37  DEBUG     send_request_body.complete
2026-03-12 10:26:37  DEBUG     receive_response_headers.started request=<Request [b'HEAD']>
2026-03-12 10:26:37  DEBUG     receive_response_headers.complete return_value=(b'HTTP/1.1', 404, b'Not Found', [(b'Content-Type', b'text/plain; charset=utf-8'), (b'Content-Length', b'15'), (b'Connection', b'keep-alive'), (b'Date', b'Thu, 12 Mar 2026 14:26:37 GMT'), (b'ETag', b'W/"f-mY2VvLxuxB7KhsoOdQTlMTccuAQ"'), (b'X-Powered-By', b'huggingface-moon'), (b'X-Request-Id', b'Root=1-69b2cd1d-325be6143b58421e782567cc;a0a2d540-a616-4eb7-9321-5b656450af44'), (b'RateLimit', b'"resolvers";r=2994;t=67'), (b'RateLimit-Policy', b'"fixed window";"resolvers";q=3000;w=300'), (b'cross-origin-opener-policy', b'same-origin'), (b'Referrer-Policy', b'strict-origin-when-cross-origin'), (b'Access-Control-Max-Age', b'86400'), (b'Access-Control-Allow-Origin', b'https://huggingface.co'), (b'Vary', b'Origin'), (b'Access-Control-Expose-Headers', b'X-Repo-Commit,X-Request-Id,X-Error-Code,X-Error-Message,X-Total-Count,ETag,Link,Accept-Ranges,Content-Range,X-Linked-Size,X-Linked-ETag,X-Xet-Hash'), (b'X-Repo-Commit', b'5ca5edf5bd017b9919c05d08aebef5e4c7ac3bac'), (b'Accept-Ranges', b'bytes'), (b'X-Hub-Cache', b'MISS'), (b'X-Error-Code', b'EntryNotFound'), (b'X-Error-Message', b'Entry not found'), (b'X-Cache', b'Error from cloudfront'), (b'Via', b'1.1 b4c6d384cd4ac0baedf90ea4169ded4a.cloudfront.net (CloudFront)'), (b'X-Amz-Cf-Pop', b'ATL59-P13'), (b'X-Amz-Cf-Id', b'OEpSVnA3Pk4f1uP0VyyUI4qUdtb7b5x_6ZjJ1jDmnFPZrk0pTC_dJA==')])
2026-03-12 10:26:37  INFO      HTTP Request: HEAD https://huggingface.co/microsoft/Florence-2-base/resolve/main/processor_config.json "HTTP/1.1 404 Not Found"
2026-03-12 10:26:37  DEBUG     receive_response_body.started request=<Request [b'HEAD']>
2026-03-12 10:26:37  DEBUG     receive_response_body.complete
2026-03-12 10:26:37  DEBUG     response_closed.started
2026-03-12 10:26:37  DEBUG     response_closed.complete
2026-03-12 10:26:37  DEBUG     send_request_headers.started request=<Request [b'HEAD']>
2026-03-12 10:26:37  DEBUG     send_request_headers.complete
2026-03-12 10:26:37  DEBUG     send_request_body.started request=<Request [b'HEAD']>
2026-03-12 10:26:37  DEBUG     send_request_body.complete
2026-03-12 10:26:37  DEBUG     receive_response_headers.started request=<Request [b'HEAD']>
2026-03-12 10:26:37  DEBUG     receive_response_headers.complete return_value=(b'HTTP/1.1', 404, b'Not Found', [(b'Content-Type', b'text/plain; charset=utf-8'), (b'Content-Length', b'15'), (b'Connection', b'keep-alive'), (b'Date', b'Thu, 12 Mar 2026 14:26:37 GMT'), (b'ETag', b'W/"f-mY2VvLxuxB7KhsoOdQTlMTccuAQ"'), (b'X-Powered-By', b'huggingface-moon'), (b'X-Request-Id', b'Root=1-69b2cd1d-7a63c8370c232f4622a41ecc;aba9be2d-9edc-42eb-b0e4-4b32e3ff2bbc'), (b'RateLimit', b'"resolvers";r=2993;t=67'), (b'RateLimit-Policy', b'"fixed window";"resolvers";q=3000;w=300'), (b'cross-origin-opener-policy', b'same-origin'), (b'Referrer-Policy', b'strict-origin-when-cross-origin'), (b'Access-Control-Max-Age', b'86400'), (b'Access-Control-Allow-Origin', b'https://huggingface.co'), (b'Vary', b'Origin'), (b'Access-Control-Expose-Headers', b'X-Repo-Commit,X-Request-Id,X-Error-Code,X-Error-Message,X-Total-Count,ETag,Link,Accept-Ranges,Content-Range,X-Linked-Size,X-Linked-ETag,X-Xet-Hash'), (b'X-Repo-Commit', b'5ca5edf5bd017b9919c05d08aebef5e4c7ac3bac'), (b'Accept-Ranges', b'bytes'), (b'X-HF-Warning', b'unauthenticated; Warning: You are sending unauthenticated requests to the HF Hub. Please set a HF_TOKEN to enable higher rate limits and faster downloads.'), (b'X-Hub-Cache', b'MISS'), (b'X-Error-Code', b'EntryNotFound'), (b'X-Error-Message', b'Entry not found'), (b'X-Cache', b'Error from cloudfront'), (b'Via', b'1.1 b4c6d384cd4ac0baedf90ea4169ded4a.cloudfront.net (CloudFront)'), (b'X-Amz-Cf-Pop', b'ATL59-P13'), (b'X-Amz-Cf-Id', b'LDkSAsJPseytod0vMMdfLeWAseXnyrq9t6aVZOivIJo8qLVMetNAuA==')])
2026-03-12 10:26:37  INFO      HTTP Request: HEAD https://huggingface.co/microsoft/Florence-2-base/resolve/main/chat_template.json "HTTP/1.1 404 Not Found"
2026-03-12 10:26:37  DEBUG     receive_response_body.started request=<Request [b'HEAD']>
2026-03-12 10:26:37  DEBUG     receive_response_body.complete
2026-03-12 10:26:37  DEBUG     response_closed.started
2026-03-12 10:26:37  DEBUG     response_closed.complete
2026-03-12 10:26:37  DEBUG     send_request_headers.started request=<Request [b'HEAD']>
2026-03-12 10:26:37  DEBUG     send_request_headers.complete
2026-03-12 10:26:37  DEBUG     send_request_body.started request=<Request [b'HEAD']>
2026-03-12 10:26:37  DEBUG     send_request_body.complete
2026-03-12 10:26:37  DEBUG     receive_response_headers.started request=<Request [b'HEAD']>
2026-03-12 10:26:37  DEBUG     receive_response_headers.complete return_value=(b'HTTP/1.1', 404, b'Not Found', [(b'Content-Type', b'text/plain; charset=utf-8'), (b'Content-Length', b'15'), (b'Connection', b'keep-alive'), (b'Date', b'Thu, 12 Mar 2026 14:26:37 GMT'), (b'ETag', b'W/"f-mY2VvLxuxB7KhsoOdQTlMTccuAQ"'), (b'X-Powered-By', b'huggingface-moon'), (b'X-Request-Id', b'Root=1-69b2cd1d-1590f1401c2658f12d2852ab;57f99c44-fab0-4c43-b676-75cd9900dd2b'), (b'RateLimit', b'"resolvers";r=2992;t=67'), (b'RateLimit-Policy', b'"fixed window";"resolvers";q=3000;w=300'), (b'cross-origin-opener-policy', b'same-origin'), (b'Referrer-Policy', b'strict-origin-when-cross-origin'), (b'Access-Control-Max-Age', b'86400'), (b'Access-Control-Allow-Origin', b'https://huggingface.co'), (b'Vary', b'Origin'), (b'Access-Control-Expose-Headers', b'X-Repo-Commit,X-Request-Id,X-Error-Code,X-Error-Message,X-Total-Count,ETag,Link,Accept-Ranges,Content-Range,X-Linked-Size,X-Linked-ETag,X-Xet-Hash'), (b'X-Repo-Commit', b'5ca5edf5bd017b9919c05d08aebef5e4c7ac3bac'), (b'Accept-Ranges', b'bytes'), (b'X-Hub-Cache', b'MISS'), (b'X-Error-Code', b'EntryNotFound'), (b'X-Error-Message', b'Entry not found'), (b'X-Cache', b'Error from cloudfront'), (b'Via', b'1.1 b4c6d384cd4ac0baedf90ea4169ded4a.cloudfront.net (CloudFront)'), (b'X-Amz-Cf-Pop', b'ATL59-P13'), (b'X-Amz-Cf-Id', b'ROFTmbeWPoaZ5ua2iL25o1n2d0aGNH4_7Cwaiz2FMvUoIddG6iMH5A==')])
2026-03-12 10:26:37  INFO      HTTP Request: HEAD https://huggingface.co/microsoft/Florence-2-base/resolve/main/chat_template.jinja "HTTP/1.1 404 Not Found"
2026-03-12 10:26:37  DEBUG     receive_response_body.started request=<Request [b'HEAD']>
2026-03-12 10:26:37  DEBUG     receive_response_body.complete
2026-03-12 10:26:37  DEBUG     response_closed.started
2026-03-12 10:26:37  DEBUG     response_closed.complete
2026-03-12 10:26:37  DEBUG     send_request_headers.started request=<Request [b'HEAD']>
2026-03-12 10:26:37  DEBUG     send_request_headers.complete
2026-03-12 10:26:37  DEBUG     send_request_body.started request=<Request [b'HEAD']>
2026-03-12 10:26:37  DEBUG     send_request_body.complete
2026-03-12 10:26:37  DEBUG     receive_response_headers.started request=<Request [b'HEAD']>
2026-03-12 10:26:37  DEBUG     receive_response_headers.complete return_value=(b'HTTP/1.1', 404, b'Not Found', [(b'Content-Type', b'text/plain; charset=utf-8'), (b'Content-Length', b'15'), (b'Connection', b'keep-alive'), (b'Date', b'Thu, 12 Mar 2026 14:26:37 GMT'), (b'ETag', b'W/"f-mY2VvLxuxB7KhsoOdQTlMTccuAQ"'), (b'X-Powered-By', b'huggingface-moon'), (b'X-Request-Id', b'Root=1-69b2cd1d-67de461156c25658152b91bf;e35642c1-4208-4dbd-a431-cfe33e95d348'), (b'RateLimit', b'"resolvers";r=2991;t=67'), (b'RateLimit-Policy', b'"fixed window";"resolvers";q=3000;w=300'), (b'cross-origin-opener-policy', b'same-origin'), (b'Referrer-Policy', b'strict-origin-when-cross-origin'), (b'Access-Control-Max-Age', b'86400'), (b'Access-Control-Allow-Origin', b'https://huggingface.co'), (b'Vary', b'Origin'), (b'Access-Control-Expose-Headers', b'X-Repo-Commit,X-Request-Id,X-Error-Code,X-Error-Message,X-Total-Count,ETag,Link,Accept-Ranges,Content-Range,X-Linked-Size,X-Linked-ETag,X-Xet-Hash'), (b'X-Repo-Commit', b'5ca5edf5bd017b9919c05d08aebef5e4c7ac3bac'), (b'Accept-Ranges', b'bytes'), (b'X-Hub-Cache', b'MISS'), (b'X-Error-Code', b'EntryNotFound'), (b'X-Error-Message', b'Entry not found'), (b'X-Cache', b'Error from cloudfront'), (b'Via', b'1.1 b4c6d384cd4ac0baedf90ea4169ded4a.cloudfront.net (CloudFront)'), (b'X-Amz-Cf-Pop', b'ATL59-P13'), (b'X-Amz-Cf-Id', b'SwJEZiHDY1u-_uMSIkb_jtPDnoBx2_dS-TcxH6IF1sbA1vPVwmEYxA==')])
2026-03-12 10:26:37  INFO      HTTP Request: HEAD https://huggingface.co/microsoft/Florence-2-base/resolve/main/audio_tokenizer_config.json "HTTP/1.1 404 Not Found"
2026-03-12 10:26:37  DEBUG     receive_response_body.started request=<Request [b'HEAD']>
2026-03-12 10:26:37  DEBUG     receive_response_body.complete
2026-03-12 10:26:37  DEBUG     response_closed.started
2026-03-12 10:26:37  DEBUG     response_closed.complete
2026-03-12 10:26:37  DEBUG     send_request_headers.started request=<Request [b'HEAD']>
2026-03-12 10:26:37  DEBUG     send_request_headers.complete
2026-03-12 10:26:37  DEBUG     send_request_body.started request=<Request [b'HEAD']>
2026-03-12 10:26:37  DEBUG     send_request_body.complete
2026-03-12 10:26:37  DEBUG     receive_response_headers.started request=<Request [b'HEAD']>
2026-03-12 10:26:37  DEBUG     receive_response_headers.complete return_value=(b'HTTP/1.1', 404, b'Not Found', [(b'Content-Type', b'text/plain; charset=utf-8'), (b'Content-Length', b'15'), (b'Connection', b'keep-alive'), (b'Date', b'Thu, 12 Mar 2026 14:26:37 GMT'), (b'ETag', b'W/"f-mY2VvLxuxB7KhsoOdQTlMTccuAQ"'), (b'X-Powered-By', b'huggingface-moon'), (b'X-Request-Id', b'Root=1-69b2cd1d-5207ba3b491a12065c8e5fc2;2e4e6acc-b89b-4e7a-911d-83063420dc9a'), (b'RateLimit', b'"resolvers";r=2990;t=67'), (b'RateLimit-Policy', b'"fixed window";"resolvers";q=3000;w=300'), (b'cross-origin-opener-policy', b'same-origin'), (b'Referrer-Policy', b'strict-origin-when-cross-origin'), (b'Access-Control-Max-Age', b'86400'), (b'Access-Control-Allow-Origin', b'https://huggingface.co'), (b'Vary', b'Origin'), (b'Access-Control-Expose-Headers', b'X-Repo-Commit,X-Request-Id,X-Error-Code,X-Error-Message,X-Total-Count,ETag,Link,Accept-Ranges,Content-Range,X-Linked-Size,X-Linked-ETag,X-Xet-Hash'), (b'X-Repo-Commit', b'5ca5edf5bd017b9919c05d08aebef5e4c7ac3bac'), (b'Accept-Ranges', b'bytes'), (b'X-HF-Warning', b'unauthenticated; Warning: You are sending unauthenticated requests to the HF Hub. Please set a HF_TOKEN to enable higher rate limits and faster downloads.'), (b'X-Hub-Cache', b'MISS'), (b'X-Error-Code', b'EntryNotFound'), (b'X-Error-Message', b'Entry not found'), (b'X-Cache', b'Error from cloudfront'), (b'Via', b'1.1 b4c6d384cd4ac0baedf90ea4169ded4a.cloudfront.net (CloudFront)'), (b'X-Amz-Cf-Pop', b'ATL59-P13'), (b'X-Amz-Cf-Id', b'FkqiJ3ir3ZFJoA0rneLBBpxM6L_F8O4nNnqWLJV1TZRHEbS-MOpk4Q==')])
2026-03-12 10:26:37  INFO      HTTP Request: HEAD https://huggingface.co/microsoft/Florence-2-base/resolve/main/processor_config.json "HTTP/1.1 404 Not Found"
2026-03-12 10:26:37  DEBUG     receive_response_body.started request=<Request [b'HEAD']>
2026-03-12 10:26:37  DEBUG     receive_response_body.complete
2026-03-12 10:26:37  DEBUG     response_closed.started
2026-03-12 10:26:37  DEBUG     response_closed.complete
2026-03-12 10:26:37  DEBUG     send_request_headers.started request=<Request [b'HEAD']>
2026-03-12 10:26:37  DEBUG     send_request_headers.complete
2026-03-12 10:26:37  DEBUG     send_request_body.started request=<Request [b'HEAD']>
2026-03-12 10:26:37  DEBUG     send_request_body.complete
2026-03-12 10:26:37  DEBUG     receive_response_headers.started request=<Request [b'HEAD']>
2026-03-12 10:26:37  DEBUG     receive_response_headers.complete return_value=(b'HTTP/1.1', 307, b'Temporary Redirect', [(b'Content-Type', b'text/plain; charset=utf-8'), (b'Content-Length', b'280'), (b'Connection', b'keep-alive'), (b'Date', b'Thu, 12 Mar 2026 14:26:37 GMT'), (b'Location', b'/api/resolve-cache/models/microsoft/Florence-2-base/5ca5edf5bd017b9919c05d08aebef5e4c7ac3bac/preprocessor_config.json?%2Fmicrosoft%2FFlorence-2-base%2Fresolve%2Fmain%2Fpreprocessor_config.json=&etag=%2285cd7be3568df661ad536b6ab20d59b08ba079ae%22'), (b'X-Powered-By', b'huggingface-moon'), (b'X-Request-Id', b'Root=1-69b2cd1d-1787e4cb1c88fcda18b9654e;eaf3074e-4322-4c32-ab23-27e6a8f8f261'), (b'RateLimit', b'"resolvers";r=2989;t=67'), (b'RateLimit-Policy', b'"fixed window";"resolvers";q=3000;w=300'), (b'cross-origin-opener-policy', b'same-origin'), (b'Referrer-Policy', b'strict-origin-when-cross-origin'), (b'Access-Control-Max-Age', b'86400'), (b'Access-Control-Allow-Origin', b'https://huggingface.co'), (b'Vary', b'Origin, Accept'), (b'Access-Control-Expose-Headers', b'X-Repo-Commit,X-Request-Id,X-Error-Code,X-Error-Message,X-Total-Count,ETag,Link,Accept-Ranges,Content-Range,X-Linked-Size,X-Linked-ETag,X-Xet-Hash'), (b'X-Repo-Commit', b'5ca5edf5bd017b9919c05d08aebef5e4c7ac3bac'), (b'Accept-Ranges', b'bytes'), (b'X-HF-Warning', b'unauthenticated; Warning: You are sending unauthenticated requests to the HF Hub. Please set a HF_TOKEN to enable higher rate limits and faster downloads.'), (b'X-Hub-Cache', b'HIT'), (b'Content-Disposition', b'inline; filename*=UTF-8\'\'preprocessor_config.json; filename="preprocessor_config.json";'), (b'Content-Security-Policy', b"default-src 'none'; sandbox"), (b'X-Linked-ETag', b'"85cd7be3568df661ad536b6ab20d59b08ba079ae"'), (b'X-Cache', b'Miss from cloudfront'), (b'Via', b'1.1 b4c6d384cd4ac0baedf90ea4169ded4a.cloudfront.net (CloudFront)'), (b'X-Amz-Cf-Pop', b'ATL59-P13'), (b'X-Amz-Cf-Id', b'mdsKXlOF2DmgvKstfZA49jW6uLX7OGeaFVKGHjzxUuYGWKcrMzaJVQ==')])
2026-03-12 10:26:37  INFO      HTTP Request: HEAD https://huggingface.co/microsoft/Florence-2-base/resolve/main/preprocessor_config.json "HTTP/1.1 307 Temporary Redirect"
2026-03-12 10:26:37  DEBUG     receive_response_body.started request=<Request [b'HEAD']>
2026-03-12 10:26:37  DEBUG     receive_response_body.complete
2026-03-12 10:26:37  DEBUG     response_closed.started
2026-03-12 10:26:37  DEBUG     response_closed.complete
2026-03-12 10:26:38  DEBUG     send_request_headers.started request=<Request [b'HEAD']>
2026-03-12 10:26:38  DEBUG     send_request_headers.complete
2026-03-12 10:26:38  DEBUG     send_request_body.started request=<Request [b'HEAD']>
2026-03-12 10:26:38  DEBUG     send_request_body.complete
2026-03-12 10:26:38  DEBUG     receive_response_headers.started request=<Request [b'HEAD']>
2026-03-12 10:26:38  DEBUG     receive_response_headers.complete return_value=(b'HTTP/1.1', 200, b'OK', [(b'Content-Type', b'text/plain; charset=utf-8'), (b'Content-Length', b'806'), (b'Connection', b'keep-alive'), (b'Date', b'Fri, 29 Aug 2025 11:01:00 GMT'), (b'ETag', b'"85cd7be3568df661ad536b6ab20d59b08ba079ae"'), (b'X-Powered-By', b'huggingface-moon'), (b'cross-origin-opener-policy', b'same-origin'), (b'Referrer-Policy', b'strict-origin-when-cross-origin'), (b'X-Request-Id', b'Root=1-68b1886c-3d4f6bff3d722a4d12726afd;ef87aadc-03fd-42a9-938c-074af063b721'), (b'Access-Control-Allow-Origin', b'https://huggingface.co'), (b'Access-Control-Expose-Headers', b'X-Repo-Commit,X-Request-Id,X-Error-Code,X-Error-Message,X-Total-Count,ETag,Link,Accept-Ranges,Content-Range,X-Linked-Size,X-Linked-ETag,X-Xet-Hash'), (b'X-Repo-Commit', b'5ca5edf5bd017b9919c05d08aebef5e4c7ac3bac'), (b'Accept-Ranges', b'bytes'), (b'Content-Disposition', b'inline; filename*=UTF-8\'\'preprocessor_config.json; filename="preprocessor_config.json";'), (b'Content-Security-Policy', b"default-src 'none'; sandbox"), (b'Vary', b'Origin'), (b'X-Cache', b'Hit from cloudfront'), (b'Via', b'1.1 b4c6d384cd4ac0baedf90ea4169ded4a.cloudfront.net (CloudFront)'), (b'X-Amz-Cf-Pop', b'ATL59-P13'), (b'X-Amz-Cf-Id', b'3VuPzcyZ4S2MkmGqe8iC2BICpoT5xsQc3U04aLS7r50f_BAuCkKxiA=='), (b'Age', b'16860338')])
2026-03-12 10:26:38  INFO      HTTP Request: HEAD https://huggingface.co/api/resolve-cache/models/microsoft/Florence-2-base/5ca5edf5bd017b9919c05d08aebef5e4c7ac3bac/preprocessor_config.json "HTTP/1.1 200 OK"
2026-03-12 10:26:38  DEBUG     receive_response_body.started request=<Request [b'HEAD']>
2026-03-12 10:26:38  DEBUG     receive_response_body.complete
2026-03-12 10:26:38  DEBUG     response_closed.started
2026-03-12 10:26:38  DEBUG     response_closed.complete
2026-03-12 10:26:38  DEBUG     send_request_headers.started request=<Request [b'HEAD']>
2026-03-12 10:26:38  DEBUG     send_request_headers.complete
2026-03-12 10:26:38  DEBUG     send_request_body.started request=<Request [b'HEAD']>
2026-03-12 10:26:38  DEBUG     send_request_body.complete
2026-03-12 10:26:38  DEBUG     receive_response_headers.started request=<Request [b'HEAD']>
2026-03-12 10:26:38  DEBUG     receive_response_headers.complete return_value=(b'HTTP/1.1', 404, b'Not Found', [(b'Content-Type', b'text/plain; charset=utf-8'), (b'Content-Length', b'15'), (b'Connection', b'keep-alive'), (b'Date', b'Thu, 12 Mar 2026 14:26:38 GMT'), (b'ETag', b'W/"f-mY2VvLxuxB7KhsoOdQTlMTccuAQ"'), (b'X-Powered-By', b'huggingface-moon'), (b'X-Request-Id', b'Root=1-69b2cd1e-71fe700315d84ccb5d1d998c;611efaa2-b3f9-40d5-97e9-a6bb9ebffff5'), (b'RateLimit', b'"resolvers";r=2988;t=66'), (b'RateLimit-Policy', b'"fixed window";"resolvers";q=3000;w=300'), (b'cross-origin-opener-policy', b'same-origin'), (b'Referrer-Policy', b'strict-origin-when-cross-origin'), (b'Access-Control-Max-Age', b'86400'), (b'Access-Control-Allow-Origin', b'https://huggingface.co'), (b'Vary', b'Origin'), (b'Access-Control-Expose-Headers', b'X-Repo-Commit,X-Request-Id,X-Error-Code,X-Error-Message,X-Total-Count,ETag,Link,Accept-Ranges,Content-Range,X-Linked-Size,X-Linked-ETag,X-Xet-Hash'), (b'X-Repo-Commit', b'5ca5edf5bd017b9919c05d08aebef5e4c7ac3bac'), (b'Accept-Ranges', b'bytes'), (b'X-Hub-Cache', b'MISS'), (b'X-Error-Code', b'EntryNotFound'), (b'X-Error-Message', b'Entry not found'), (b'X-Cache', b'Error from cloudfront'), (b'Via', b'1.1 b4c6d384cd4ac0baedf90ea4169ded4a.cloudfront.net (CloudFront)'), (b'X-Amz-Cf-Pop', b'ATL59-P13'), (b'X-Amz-Cf-Id', b'Y33y2_rxZNZZ0G0X8hN6ISMVj_6MySEFBhNebIR1g519wNcYSb-ugA==')])
2026-03-12 10:26:38  INFO      HTTP Request: HEAD https://huggingface.co/microsoft/Florence-2-base/resolve/main/processor_config.json "HTTP/1.1 404 Not Found"
2026-03-12 10:26:38  DEBUG     receive_response_body.started request=<Request [b'HEAD']>
2026-03-12 10:26:38  DEBUG     receive_response_body.complete
2026-03-12 10:26:38  DEBUG     response_closed.started
2026-03-12 10:26:38  DEBUG     response_closed.complete
2026-03-12 10:26:38  DEBUG     send_request_headers.started request=<Request [b'HEAD']>
2026-03-12 10:26:38  DEBUG     send_request_headers.complete
2026-03-12 10:26:38  DEBUG     send_request_body.started request=<Request [b'HEAD']>
2026-03-12 10:26:38  DEBUG     send_request_body.complete
2026-03-12 10:26:38  DEBUG     receive_response_headers.started request=<Request [b'HEAD']>
2026-03-12 10:26:38  DEBUG     receive_response_headers.complete return_value=(b'HTTP/1.1', 307, b'Temporary Redirect', [(b'Content-Type', b'text/plain; charset=utf-8'), (b'Content-Length', b'280'), (b'Connection', b'keep-alive'), (b'Date', b'Thu, 12 Mar 2026 14:26:38 GMT'), (b'Location', b'/api/resolve-cache/models/microsoft/Florence-2-base/5ca5edf5bd017b9919c05d08aebef5e4c7ac3bac/preprocessor_config.json?%2Fmicrosoft%2FFlorence-2-base%2Fresolve%2Fmain%2Fpreprocessor_config.json=&etag=%2285cd7be3568df661ad536b6ab20d59b08ba079ae%22'), (b'X-Powered-By', b'huggingface-moon'), (b'X-Request-Id', b'Root=1-69b2cd1e-4d45de8d31d6c60b61cf7c9c;7ff98178-4650-41f2-bfce-e145eace361c'), (b'RateLimit', b'"resolvers";r=2987;t=66'), (b'RateLimit-Policy', b'"fixed window";"resolvers";q=3000;w=300'), (b'cross-origin-opener-policy', b'same-origin'), (b'Referrer-Policy', b'strict-origin-when-cross-origin'), (b'Access-Control-Max-Age', b'86400'), (b'Access-Control-Allow-Origin', b'https://huggingface.co'), (b'Vary', b'Origin, Accept'), (b'Access-Control-Expose-Headers', b'X-Repo-Commit,X-Request-Id,X-Error-Code,X-Error-Message,X-Total-Count,ETag,Link,Accept-Ranges,Content-Range,X-Linked-Size,X-Linked-ETag,X-Xet-Hash'), (b'X-Repo-Commit', b'5ca5edf5bd017b9919c05d08aebef5e4c7ac3bac'), (b'Accept-Ranges', b'bytes'), (b'X-HF-Warning', b'unauthenticated; Warning: You are sending unauthenticated requests to the HF Hub. Please set a HF_TOKEN to enable higher rate limits and faster downloads.'), (b'X-Hub-Cache', b'HIT'), (b'Content-Disposition', b'inline; filename*=UTF-8\'\'preprocessor_config.json; filename="preprocessor_config.json";'), (b'Content-Security-Policy', b"default-src 'none'; sandbox"), (b'X-Linked-ETag', b'"85cd7be3568df661ad536b6ab20d59b08ba079ae"'), (b'X-Cache', b'Miss from cloudfront'), (b'Via', b'1.1 b4c6d384cd4ac0baedf90ea4169ded4a.cloudfront.net (CloudFront)'), (b'X-Amz-Cf-Pop', b'ATL59-P13'), (b'X-Amz-Cf-Id', b'G5MTv02UKOza0IlicfDR_1qXfL3_vNU2LPpZRp6UHxEgiovEdZ-atw==')])
2026-03-12 10:26:38  INFO      HTTP Request: HEAD https://huggingface.co/microsoft/Florence-2-base/resolve/main/preprocessor_config.json "HTTP/1.1 307 Temporary Redirect"
2026-03-12 10:26:38  DEBUG     receive_response_body.started request=<Request [b'HEAD']>
2026-03-12 10:26:38  DEBUG     receive_response_body.complete
2026-03-12 10:26:38  DEBUG     response_closed.started
2026-03-12 10:26:38  DEBUG     response_closed.complete
2026-03-12 10:26:38  DEBUG     send_request_headers.started request=<Request [b'HEAD']>
2026-03-12 10:26:38  DEBUG     send_request_headers.complete
2026-03-12 10:26:38  DEBUG     send_request_body.started request=<Request [b'HEAD']>
2026-03-12 10:26:38  DEBUG     send_request_body.complete
2026-03-12 10:26:38  DEBUG     receive_response_headers.started request=<Request [b'HEAD']>
2026-03-12 10:26:38  DEBUG     receive_response_headers.complete return_value=(b'HTTP/1.1', 200, b'OK', [(b'Content-Type', b'text/plain; charset=utf-8'), (b'Content-Length', b'806'), (b'Connection', b'keep-alive'), (b'Date', b'Fri, 29 Aug 2025 11:01:00 GMT'), (b'ETag', b'"85cd7be3568df661ad536b6ab20d59b08ba079ae"'), (b'X-Powered-By', b'huggingface-moon'), (b'cross-origin-opener-policy', b'same-origin'), (b'Referrer-Policy', b'strict-origin-when-cross-origin'), (b'X-Request-Id', b'Root=1-68b1886c-3d4f6bff3d722a4d12726afd;ef87aadc-03fd-42a9-938c-074af063b721'), (b'Access-Control-Allow-Origin', b'https://huggingface.co'), (b'Access-Control-Expose-Headers', b'X-Repo-Commit,X-Request-Id,X-Error-Code,X-Error-Message,X-Total-Count,ETag,Link,Accept-Ranges,Content-Range,X-Linked-Size,X-Linked-ETag,X-Xet-Hash'), (b'X-Repo-Commit', b'5ca5edf5bd017b9919c05d08aebef5e4c7ac3bac'), (b'Accept-Ranges', b'bytes'), (b'Content-Disposition', b'inline; filename*=UTF-8\'\'preprocessor_config.json; filename="preprocessor_config.json";'), (b'Content-Security-Policy', b"default-src 'none'; sandbox"), (b'Vary', b'Origin'), (b'X-Cache', b'Hit from cloudfront'), (b'Via', b'1.1 b4c6d384cd4ac0baedf90ea4169ded4a.cloudfront.net (CloudFront)'), (b'X-Amz-Cf-Pop', b'ATL59-P13'), (b'X-Amz-Cf-Id', b'7Xl7F5Z_vy-z3mf9CNi0S60474Z6gLGhDTtMOTfw1AIasnJLc03fkw=='), (b'Age', b'16860338')])
2026-03-12 10:26:38  INFO      HTTP Request: HEAD https://huggingface.co/api/resolve-cache/models/microsoft/Florence-2-base/5ca5edf5bd017b9919c05d08aebef5e4c7ac3bac/preprocessor_config.json "HTTP/1.1 200 OK"
2026-03-12 10:26:38  DEBUG     receive_response_body.started request=<Request [b'HEAD']>
2026-03-12 10:26:38  DEBUG     receive_response_body.complete
2026-03-12 10:26:38  DEBUG     response_closed.started
2026-03-12 10:26:38  DEBUG     response_closed.complete
2026-03-12 10:26:38  DEBUG     send_request_headers.started request=<Request [b'HEAD']>
2026-03-12 10:26:38  DEBUG     send_request_headers.complete
2026-03-12 10:26:38  DEBUG     send_request_body.started request=<Request [b'HEAD']>
2026-03-12 10:26:38  DEBUG     send_request_body.complete
2026-03-12 10:26:38  DEBUG     receive_response_headers.started request=<Request [b'HEAD']>
2026-03-12 10:26:38  DEBUG     receive_response_headers.complete return_value=(b'HTTP/1.1', 307, b'Temporary Redirect', [(b'Content-Type', b'text/plain; charset=utf-8'), (b'Content-Length', b'254'), (b'Connection', b'keep-alive'), (b'Date', b'Thu, 12 Mar 2026 14:26:38 GMT'), (b'Location', b'/api/resolve-cache/models/microsoft/Florence-2-base/5ca5edf5bd017b9919c05d08aebef5e4c7ac3bac/config.json?%2Fmicrosoft%2FFlorence-2-base%2Fresolve%2Fmain%2Fconfig.json=&etag=%2274a4482afd52515c89ae8d7d388a537a16f5d350%22'), (b'X-Powered-By', b'huggingface-moon'), (b'X-Request-Id', b'Root=1-69b2cd1e-66a93dd31450f8ad77a1faef;e37e5da1-7050-4a2e-8dd1-4c74f7a03418'), (b'RateLimit', b'"resolvers";r=2986;t=66'), (b'RateLimit-Policy', b'"fixed window";"resolvers";q=3000;w=300'), (b'cross-origin-opener-policy', b'same-origin'), (b'Referrer-Policy', b'strict-origin-when-cross-origin'), (b'Access-Control-Max-Age', b'86400'), (b'Access-Control-Allow-Origin', b'https://huggingface.co'), (b'Vary', b'Origin, Accept'), (b'Access-Control-Expose-Headers', b'X-Repo-Commit,X-Request-Id,X-Error-Code,X-Error-Message,X-Total-Count,ETag,Link,Accept-Ranges,Content-Range,X-Linked-Size,X-Linked-ETag,X-Xet-Hash'), (b'X-Repo-Commit', b'5ca5edf5bd017b9919c05d08aebef5e4c7ac3bac'), (b'Accept-Ranges', b'bytes'), (b'X-Hub-Cache', b'HIT'), (b'Content-Disposition', b'inline; filename*=UTF-8\'\'config.json; filename="config.json";'), (b'Content-Security-Policy', b"default-src 'none'; sandbox"), (b'X-Linked-ETag', b'"74a4482afd52515c89ae8d7d388a537a16f5d350"'), (b'X-Cache', b'Miss from cloudfront'), (b'Via', b'1.1 b4c6d384cd4ac0baedf90ea4169ded4a.cloudfront.net (CloudFront)'), (b'X-Amz-Cf-Pop', b'ATL59-P13'), (b'X-Amz-Cf-Id', b'LaTbMz0UZVn40Zfqc359f4LdiPAYNv3gNKb95z_7v3LxvVqP7A5YJQ==')])
2026-03-12 10:26:38  INFO      HTTP Request: HEAD https://huggingface.co/microsoft/Florence-2-base/resolve/main/config.json "HTTP/1.1 307 Temporary Redirect"
2026-03-12 10:26:38  DEBUG     receive_response_body.started request=<Request [b'HEAD']>
2026-03-12 10:26:38  DEBUG     receive_response_body.complete
2026-03-12 10:26:38  DEBUG     response_closed.started
2026-03-12 10:26:38  DEBUG     response_closed.complete
2026-03-12 10:26:38  DEBUG     send_request_headers.started request=<Request [b'HEAD']>
2026-03-12 10:26:38  DEBUG     send_request_headers.complete
2026-03-12 10:26:38  DEBUG     send_request_body.started request=<Request [b'HEAD']>
2026-03-12 10:26:38  DEBUG     send_request_body.complete
2026-03-12 10:26:38  DEBUG     receive_response_headers.started request=<Request [b'HEAD']>
2026-03-12 10:26:38  DEBUG     receive_response_headers.complete return_value=(b'HTTP/1.1', 200, b'OK', [(b'Content-Type', b'text/plain; charset=utf-8'), (b'Content-Length', b'2430'), (b'Connection', b'keep-alive'), (b'Date', b'Fri, 29 Aug 2025 10:27:59 GMT'), (b'ETag', b'"74a4482afd52515c89ae8d7d388a537a16f5d350"'), (b'X-Powered-By', b'huggingface-moon'), (b'cross-origin-opener-policy', b'same-origin'), (b'Referrer-Policy', b'strict-origin-when-cross-origin'), (b'X-Request-Id', b'Root=1-68b180af-2bdeb06a69de599e4d19f3fe;3c79d66e-c4e0-4ed2-b6ce-cc626ee80382'), (b'Access-Control-Allow-Origin', b'https://huggingface.co'), (b'Access-Control-Expose-Headers', b'X-Repo-Commit,X-Request-Id,X-Error-Code,X-Error-Message,X-Total-Count,ETag,Link,Accept-Ranges,Content-Range,X-Linked-Size,X-Linked-ETag,X-Xet-Hash'), (b'X-Repo-Commit', b'5ca5edf5bd017b9919c05d08aebef5e4c7ac3bac'), (b'Accept-Ranges', b'bytes'), (b'Content-Disposition', b'inline; filename*=UTF-8\'\'config.json; filename="config.json";'), (b'Content-Security-Policy', b"default-src 'none'; sandbox"), (b'Vary', b'Origin'), (b'X-Cache', b'Hit from cloudfront'), (b'Via', b'1.1 b4c6d384cd4ac0baedf90ea4169ded4a.cloudfront.net (CloudFront)'), (b'X-Amz-Cf-Pop', b'ATL59-P13'), (b'X-Amz-Cf-Id', b'hDZw-4WRtnlla7hJNwIVfB_Rar4XDwO8cy_D8O9EGoOKQ2GLm1geSA=='), (b'Age', b'16862319')])
2026-03-12 10:26:38  INFO      HTTP Request: HEAD https://huggingface.co/api/resolve-cache/models/microsoft/Florence-2-base/5ca5edf5bd017b9919c05d08aebef5e4c7ac3bac/config.json "HTTP/1.1 200 OK"
2026-03-12 10:26:38  DEBUG     receive_response_body.started request=<Request [b'HEAD']>
2026-03-12 10:26:38  DEBUG     receive_response_body.complete
2026-03-12 10:26:38  DEBUG     response_closed.started
2026-03-12 10:26:38  DEBUG     response_closed.complete
2026-03-12 10:26:38  DEBUG     send_request_headers.started request=<Request [b'HEAD']>
2026-03-12 10:26:38  DEBUG     send_request_headers.complete
2026-03-12 10:26:38  DEBUG     send_request_body.started request=<Request [b'HEAD']>
2026-03-12 10:26:38  DEBUG     send_request_body.complete
2026-03-12 10:26:38  DEBUG     receive_response_headers.started request=<Request [b'HEAD']>
2026-03-12 10:26:38  DEBUG     receive_response_headers.complete return_value=(b'HTTP/1.1', 307, b'Temporary Redirect', [(b'Content-Type', b'text/plain; charset=utf-8'), (b'Content-Length', b'284'), (b'Connection', b'keep-alive'), (b'Date', b'Thu, 12 Mar 2026 14:26:38 GMT'), (b'Location', b'/api/resolve-cache/models/microsoft/Florence-2-base/5ca5edf5bd017b9919c05d08aebef5e4c7ac3bac/configuration_florence2.py?%2Fmicrosoft%2FFlorence-2-base%2Fresolve%2Fmain%2Fconfiguration_florence2.py=&etag=%22b8869617ef8dfd0f04d421cf59b83ca662c363ad%22'), (b'X-Powered-By', b'huggingface-moon'), (b'X-Request-Id', b'Root=1-69b2cd1e-71234fe057be086e63a6aaae;b026266b-6519-4569-b46a-ff33926cb6a5'), (b'RateLimit', b'"resolvers";r=2985;t=66'), (b'RateLimit-Policy', b'"fixed window";"resolvers";q=3000;w=300'), (b'cross-origin-opener-policy', b'same-origin'), (b'Referrer-Policy', b'strict-origin-when-cross-origin'), (b'Access-Control-Max-Age', b'86400'), (b'Access-Control-Allow-Origin', b'https://huggingface.co'), (b'Vary', b'Origin, Accept'), (b'Access-Control-Expose-Headers', b'X-Repo-Commit,X-Request-Id,X-Error-Code,X-Error-Message,X-Total-Count,ETag,Link,Accept-Ranges,Content-Range,X-Linked-Size,X-Linked-ETag,X-Xet-Hash'), (b'X-Repo-Commit', b'5ca5edf5bd017b9919c05d08aebef5e4c7ac3bac'), (b'Accept-Ranges', b'bytes'), (b'X-HF-Warning', b'unauthenticated; Warning: You are sending unauthenticated requests to the HF Hub. Please set a HF_TOKEN to enable higher rate limits and faster downloads.'), (b'X-Hub-Cache', b'HIT'), (b'Content-Disposition', b'inline; filename*=UTF-8\'\'configuration_florence2.py; filename="configuration_florence2.py";'), (b'Content-Security-Policy', b"default-src 'none'; sandbox"), (b'X-Linked-ETag', b'"b8869617ef8dfd0f04d421cf59b83ca662c363ad"'), (b'X-Cache', b'Miss from cloudfront'), (b'Via', b'1.1 b4c6d384cd4ac0baedf90ea4169ded4a.cloudfront.net (CloudFront)'), (b'X-Amz-Cf-Pop', b'ATL59-P13'), (b'X-Amz-Cf-Id', b'yNbs1Hn4I119dY5iaJnpM-eyyknVukFj7MTQnCSipDZQJqlhAVgzsA==')])
2026-03-12 10:26:38  INFO      HTTP Request: HEAD https://huggingface.co/microsoft/Florence-2-base/resolve/main/configuration_florence2.py "HTTP/1.1 307 Temporary Redirect"
2026-03-12 10:26:38  DEBUG     receive_response_body.started request=<Request [b'HEAD']>
2026-03-12 10:26:38  DEBUG     receive_response_body.complete
2026-03-12 10:26:38  DEBUG     response_closed.started
2026-03-12 10:26:38  DEBUG     response_closed.complete
2026-03-12 10:26:38  DEBUG     send_request_headers.started request=<Request [b'HEAD']>
2026-03-12 10:26:38  DEBUG     send_request_headers.complete
2026-03-12 10:26:38  DEBUG     send_request_body.started request=<Request [b'HEAD']>
2026-03-12 10:26:38  DEBUG     send_request_body.complete
2026-03-12 10:26:38  DEBUG     receive_response_headers.started request=<Request [b'HEAD']>
2026-03-12 10:26:38  DEBUG     receive_response_headers.complete return_value=(b'HTTP/1.1', 200, b'OK', [(b'Content-Type', b'text/plain; charset=utf-8'), (b'Content-Length', b'15119'), (b'Connection', b'keep-alive'), (b'Date', b'Fri, 29 Aug 2025 10:28:00 GMT'), (b'ETag', b'"b8869617ef8dfd0f04d421cf59b83ca662c363ad"'), (b'X-Powered-By', b'huggingface-moon'), (b'cross-origin-opener-policy', b'same-origin'), (b'Referrer-Policy', b'strict-origin-when-cross-origin'), (b'X-Request-Id', b'Root=1-68b180b0-2c44fee4114328806c9f1031;1bfda5f7-3121-4226-a1e6-bfc61b7768cf'), (b'Access-Control-Allow-Origin', b'https://huggingface.co'), (b'Access-Control-Expose-Headers', b'X-Repo-Commit,X-Request-Id,X-Error-Code,X-Error-Message,X-Total-Count,ETag,Link,Accept-Ranges,Content-Range,X-Linked-Size,X-Linked-ETag,X-Xet-Hash'), (b'X-Repo-Commit', b'5ca5edf5bd017b9919c05d08aebef5e4c7ac3bac'), (b'Accept-Ranges', b'bytes'), (b'Content-Disposition', b'inline; filename*=UTF-8\'\'configuration_florence2.py; filename="configuration_florence2.py";'), (b'Content-Security-Policy', b"default-src 'none'; sandbox"), (b'Vary', b'Origin'), (b'X-Cache', b'Hit from cloudfront'), (b'Via', b'1.1 b4c6d384cd4ac0baedf90ea4169ded4a.cloudfront.net (CloudFront)'), (b'X-Amz-Cf-Pop', b'ATL59-P13'), (b'X-Amz-Cf-Id', b'wBH3gRF5kump88A7TCEL5TWD0nOuOi5oV5PPH5UQRWKZ5LtotBtU9A=='), (b'Age', b'16862318')])
2026-03-12 10:26:38  INFO      HTTP Request: HEAD https://huggingface.co/api/resolve-cache/models/microsoft/Florence-2-base/5ca5edf5bd017b9919c05d08aebef5e4c7ac3bac/configuration_florence2.py "HTTP/1.1 200 OK"
2026-03-12 10:26:38  DEBUG     receive_response_body.started request=<Request [b'HEAD']>
2026-03-12 10:26:38  DEBUG     receive_response_body.complete
2026-03-12 10:26:38  DEBUG     response_closed.started
2026-03-12 10:26:38  DEBUG     response_closed.complete
2026-03-12 10:26:38  DEBUG     send_request_headers.started request=<Request [b'HEAD']>
2026-03-12 10:26:38  DEBUG     send_request_headers.complete
2026-03-12 10:26:38  DEBUG     send_request_body.started request=<Request [b'HEAD']>
2026-03-12 10:26:38  DEBUG     send_request_body.complete
2026-03-12 10:26:38  DEBUG     receive_response_headers.started request=<Request [b'HEAD']>
2026-03-12 10:26:38  DEBUG     receive_response_headers.complete return_value=(b'HTTP/1.1', 307, b'Temporary Redirect', [(b'Content-Type', b'text/plain; charset=utf-8'), (b'Content-Length', b'254'), (b'Connection', b'keep-alive'), (b'Date', b'Thu, 12 Mar 2026 14:26:38 GMT'), (b'Location', b'/api/resolve-cache/models/microsoft/Florence-2-base/5ca5edf5bd017b9919c05d08aebef5e4c7ac3bac/config.json?%2Fmicrosoft%2FFlorence-2-base%2Fresolve%2Fmain%2Fconfig.json=&etag=%2274a4482afd52515c89ae8d7d388a537a16f5d350%22'), (b'X-Powered-By', b'huggingface-moon'), (b'X-Request-Id', b'Root=1-69b2cd1e-6699b077376c90b66111a03b;9bc061ff-4189-4b28-8632-ef7de5cc5bdd'), (b'RateLimit', b'"resolvers";r=2984;t=66'), (b'RateLimit-Policy', b'"fixed window";"resolvers";q=3000;w=300'), (b'cross-origin-opener-policy', b'same-origin'), (b'Referrer-Policy', b'strict-origin-when-cross-origin'), (b'Access-Control-Max-Age', b'86400'), (b'Access-Control-Allow-Origin', b'https://huggingface.co'), (b'Vary', b'Origin, Accept'), (b'Access-Control-Expose-Headers', b'X-Repo-Commit,X-Request-Id,X-Error-Code,X-Error-Message,X-Total-Count,ETag,Link,Accept-Ranges,Content-Range,X-Linked-Size,X-Linked-ETag,X-Xet-Hash'), (b'X-Repo-Commit', b'5ca5edf5bd017b9919c05d08aebef5e4c7ac3bac'), (b'Accept-Ranges', b'bytes'), (b'X-Hub-Cache', b'HIT'), (b'Content-Disposition', b'inline; filename*=UTF-8\'\'config.json; filename="config.json";'), (b'Content-Security-Policy', b"default-src 'none'; sandbox"), (b'X-Linked-ETag', b'"74a4482afd52515c89ae8d7d388a537a16f5d350"'), (b'X-Cache', b'Miss from cloudfront'), (b'Via', b'1.1 b4c6d384cd4ac0baedf90ea4169ded4a.cloudfront.net (CloudFront)'), (b'X-Amz-Cf-Pop', b'ATL59-P13'), (b'X-Amz-Cf-Id', b'Q6WRrnr56GDl_H0SIsXnrgXuzzupXqdoMNv7VTbNECxc0m74QKbhmg==')])
2026-03-12 10:26:38  INFO      HTTP Request: HEAD https://huggingface.co/microsoft/Florence-2-base/resolve/main/config.json "HTTP/1.1 307 Temporary Redirect"
2026-03-12 10:26:38  DEBUG     receive_response_body.started request=<Request [b'HEAD']>
2026-03-12 10:26:38  DEBUG     receive_response_body.complete
2026-03-12 10:26:38  DEBUG     response_closed.started
2026-03-12 10:26:38  DEBUG     response_closed.complete
2026-03-12 10:26:38  DEBUG     send_request_headers.started request=<Request [b'HEAD']>
2026-03-12 10:26:38  DEBUG     send_request_headers.complete
2026-03-12 10:26:38  DEBUG     send_request_body.started request=<Request [b'HEAD']>
2026-03-12 10:26:38  DEBUG     send_request_body.complete
2026-03-12 10:26:38  DEBUG     receive_response_headers.started request=<Request [b'HEAD']>
2026-03-12 10:26:38  DEBUG     receive_response_headers.complete return_value=(b'HTTP/1.1', 200, b'OK', [(b'Content-Type', b'text/plain; charset=utf-8'), (b'Content-Length', b'2430'), (b'Connection', b'keep-alive'), (b'Date', b'Fri, 29 Aug 2025 10:27:59 GMT'), (b'ETag', b'"74a4482afd52515c89ae8d7d388a537a16f5d350"'), (b'X-Powered-By', b'huggingface-moon'), (b'cross-origin-opener-policy', b'same-origin'), (b'Referrer-Policy', b'strict-origin-when-cross-origin'), (b'X-Request-Id', b'Root=1-68b180af-2bdeb06a69de599e4d19f3fe;3c79d66e-c4e0-4ed2-b6ce-cc626ee80382'), (b'Access-Control-Allow-Origin', b'https://huggingface.co'), (b'Access-Control-Expose-Headers', b'X-Repo-Commit,X-Request-Id,X-Error-Code,X-Error-Message,X-Total-Count,ETag,Link,Accept-Ranges,Content-Range,X-Linked-Size,X-Linked-ETag,X-Xet-Hash'), (b'X-Repo-Commit', b'5ca5edf5bd017b9919c05d08aebef5e4c7ac3bac'), (b'Accept-Ranges', b'bytes'), (b'Content-Disposition', b'inline; filename*=UTF-8\'\'config.json; filename="config.json";'), (b'Content-Security-Policy', b"default-src 'none'; sandbox"), (b'Vary', b'Origin'), (b'X-Cache', b'Hit from cloudfront'), (b'Via', b'1.1 b4c6d384cd4ac0baedf90ea4169ded4a.cloudfront.net (CloudFront)'), (b'X-Amz-Cf-Pop', b'ATL59-P13'), (b'X-Amz-Cf-Id', b'EVFteBDXb0A0NvlcSHuMKHjKGOUdSZsFVfP7qkddzXGmqMmrdsZjag=='), (b'Age', b'16862319')])
2026-03-12 10:26:38  INFO      HTTP Request: HEAD https://huggingface.co/api/resolve-cache/models/microsoft/Florence-2-base/5ca5edf5bd017b9919c05d08aebef5e4c7ac3bac/config.json "HTTP/1.1 200 OK"
2026-03-12 10:26:38  DEBUG     receive_response_body.started request=<Request [b'HEAD']>
2026-03-12 10:26:38  DEBUG     receive_response_body.complete
2026-03-12 10:26:38  DEBUG     response_closed.started
2026-03-12 10:26:38  DEBUG     response_closed.complete
2026-03-12 10:26:38  DEBUG     send_request_headers.started request=<Request [b'HEAD']>
2026-03-12 10:26:38  DEBUG     send_request_headers.complete
2026-03-12 10:26:38  DEBUG     send_request_body.started request=<Request [b'HEAD']>
2026-03-12 10:26:38  DEBUG     send_request_body.complete
2026-03-12 10:26:38  DEBUG     receive_response_headers.started request=<Request [b'HEAD']>
2026-03-12 10:26:38  DEBUG     receive_response_headers.complete return_value=(b'HTTP/1.1', 307, b'Temporary Redirect', [(b'Content-Type', b'text/plain; charset=utf-8'), (b'Content-Length', b'274'), (b'Connection', b'keep-alive'), (b'Date', b'Thu, 12 Mar 2026 14:26:38 GMT'), (b'Location', b'/api/resolve-cache/models/microsoft/Florence-2-base/5ca5edf5bd017b9919c05d08aebef5e4c7ac3bac/tokenizer_config.json?%2Fmicrosoft%2FFlorence-2-base%2Fresolve%2Fmain%2Ftokenizer_config.json=&etag=%2244784bc58d4cb18d3549ad71e062efcf032d9ef5%22'), (b'X-Powered-By', b'huggingface-moon'), (b'X-Request-Id', b'Root=1-69b2cd1e-218f1cb40277433637a3076e;e7a953be-8778-448c-bc64-a589ffa9c1e8'), (b'RateLimit', b'"resolvers";r=2983;t=66'), (b'RateLimit-Policy', b'"fixed window";"resolvers";q=3000;w=300'), (b'cross-origin-opener-policy', b'same-origin'), (b'Referrer-Policy', b'strict-origin-when-cross-origin'), (b'Access-Control-Max-Age', b'86400'), (b'Access-Control-Allow-Origin', b'https://huggingface.co'), (b'Vary', b'Origin, Accept'), (b'Access-Control-Expose-Headers', b'X-Repo-Commit,X-Request-Id,X-Error-Code,X-Error-Message,X-Total-Count,ETag,Link,Accept-Ranges,Content-Range,X-Linked-Size,X-Linked-ETag,X-Xet-Hash'), (b'X-Repo-Commit', b'5ca5edf5bd017b9919c05d08aebef5e4c7ac3bac'), (b'Accept-Ranges', b'bytes'), (b'X-Hub-Cache', b'HIT'), (b'Content-Disposition', b'inline; filename*=UTF-8\'\'tokenizer_config.json; filename="tokenizer_config.json";'), (b'Content-Security-Policy', b"default-src 'none'; sandbox"), (b'X-Linked-ETag', b'"44784bc58d4cb18d3549ad71e062efcf032d9ef5"'), (b'X-Cache', b'Miss from cloudfront'), (b'Via', b'1.1 b4c6d384cd4ac0baedf90ea4169ded4a.cloudfront.net (CloudFront)'), (b'X-Amz-Cf-Pop', b'ATL59-P13'), (b'X-Amz-Cf-Id', b'Hp8kjH9V0O5gfN4d91sfuy8XnrXrE_49cKzqV7tW0zd_5uI8xaJvCw==')])
2026-03-12 10:26:38  INFO      HTTP Request: HEAD https://huggingface.co/microsoft/Florence-2-base/resolve/main/tokenizer_config.json "HTTP/1.1 307 Temporary Redirect"
2026-03-12 10:26:38  DEBUG     receive_response_body.started request=<Request [b'HEAD']>
2026-03-12 10:26:38  DEBUG     receive_response_body.complete
2026-03-12 10:26:38  DEBUG     response_closed.started
2026-03-12 10:26:38  DEBUG     response_closed.complete
2026-03-12 10:26:38  DEBUG     send_request_headers.started request=<Request [b'HEAD']>
2026-03-12 10:26:38  DEBUG     send_request_headers.complete
2026-03-12 10:26:38  DEBUG     send_request_body.started request=<Request [b'HEAD']>
2026-03-12 10:26:38  DEBUG     send_request_body.complete
2026-03-12 10:26:38  DEBUG     receive_response_headers.started request=<Request [b'HEAD']>
2026-03-12 10:26:38  DEBUG     receive_response_headers.complete return_value=(b'HTTP/1.1', 200, b'OK', [(b'Content-Type', b'text/plain; charset=utf-8'), (b'Content-Length', b'34'), (b'Connection', b'keep-alive'), (b'Date', b'Mon, 26 Jan 2026 18:36:12 GMT'), (b'ETag', b'"44784bc58d4cb18d3549ad71e062efcf032d9ef5"'), (b'X-Powered-By', b'huggingface-moon'), (b'X-Request-Id', b'Root=1-6977b41c-7cd2987d3ffd44cd050df45a;73bcbb39-bec3-4d34-8af5-f5d3a4176c48'), (b'RateLimit', b'"resolvers";r=2999;t=224'), (b'RateLimit-Policy', b'"fixed window";"resolvers";q=3000;w=300'), (b'cross-origin-opener-policy', b'same-origin'), (b'Referrer-Policy', b'strict-origin-when-cross-origin'), (b'Access-Control-Max-Age', b'86400'), (b'Access-Control-Allow-Origin', b'https://huggingface.co'), (b'Access-Control-Expose-Headers', b'X-Repo-Commit,X-Request-Id,X-Error-Code,X-Error-Message,X-Total-Count,ETag,Link,Accept-Ranges,Content-Range,X-Linked-Size,X-Linked-ETag,X-Xet-Hash'), (b'X-Repo-Commit', b'5ca5edf5bd017b9919c05d08aebef5e4c7ac3bac'), (b'Accept-Ranges', b'bytes'), (b'Content-Disposition', b'inline; filename*=UTF-8\'\'tokenizer_config.json; filename="tokenizer_config.json";'), (b'Content-Security-Policy', b"default-src 'none'; sandbox"), (b'Vary', b'Origin'), (b'X-Cache', b'Hit from cloudfront'), (b'Via', b'1.1 b4c6d384cd4ac0baedf90ea4169ded4a.cloudfront.net (CloudFront)'), (b'X-Amz-Cf-Pop', b'ATL59-P13'), (b'X-Amz-Cf-Id', b'01RwYI4BUY5A52dmaKaS8aTGcXnuSuVejyw77PxfU75QZeOJBpTFPw=='), (b'Age', b'3873026')])
2026-03-12 10:26:38  INFO      HTTP Request: HEAD https://huggingface.co/api/resolve-cache/models/microsoft/Florence-2-base/5ca5edf5bd017b9919c05d08aebef5e4c7ac3bac/tokenizer_config.json "HTTP/1.1 200 OK"
2026-03-12 10:26:38  DEBUG     receive_response_body.started request=<Request [b'HEAD']>
2026-03-12 10:26:38  DEBUG     receive_response_body.complete
2026-03-12 10:26:38  DEBUG     response_closed.started
2026-03-12 10:26:38  DEBUG     response_closed.complete
2026-03-12 10:26:38  DEBUG     send_request_headers.started request=<Request [b'GET']>
2026-03-12 10:26:38  DEBUG     send_request_headers.complete
2026-03-12 10:26:38  DEBUG     send_request_body.started request=<Request [b'GET']>
2026-03-12 10:26:38  DEBUG     send_request_body.complete
2026-03-12 10:26:38  DEBUG     receive_response_headers.started request=<Request [b'GET']>
2026-03-12 10:26:38  DEBUG     receive_response_headers.complete return_value=(b'HTTP/1.1', 404, b'Not Found', [(b'Content-Type', b'application/json; charset=utf-8'), (b'Content-Length', b'64'), (b'Connection', b'keep-alive'), (b'Date', b'Thu, 12 Mar 2026 14:26:38 GMT'), (b'ETag', b'W/"40-09f9IAqP13xarAhQxFS2W8rvRkM"'), (b'X-Powered-By', b'huggingface-moon'), (b'X-Request-Id', b'Root=1-69b2cd1e-2b82e6f84187542962a96fe8;11191f09-1be7-4fd9-a85f-b9de0859548a'), (b'RateLimit', b'"api";r=498;t=66'), (b'RateLimit-Policy', b'"fixed window";"api";q=500;w=300'), (b'cross-origin-opener-policy', b'same-origin'), (b'Referrer-Policy', b'strict-origin-when-cross-origin'), (b'Access-Control-Max-Age', b'86400'), (b'Access-Control-Allow-Origin', b'https://huggingface.co'), (b'Vary', b'Origin'), (b'Access-Control-Expose-Headers', b'X-Repo-Commit,X-Request-Id,X-Error-Code,X-Error-Message,X-Total-Count,ETag,Link,Accept-Ranges,Content-Range,X-Linked-Size,X-Linked-ETag,X-Xet-Hash'), (b'X-Error-Code', b'EntryNotFound'), (b'X-Error-Message', b'additional_chat_templates does not exist on "main"'), (b'X-Cache', b'Error from cloudfront'), (b'Via', b'1.1 b4c6d384cd4ac0baedf90ea4169ded4a.cloudfront.net (CloudFront)'), (b'X-Amz-Cf-Pop', b'ATL59-P13'), (b'X-Amz-Cf-Id', b'-XCfefN87wtLk47SzHEbBfVaLHvFZmE1ifDr6pGo_0OLZI_Em7QJ6g==')])
2026-03-12 10:26:38  INFO      HTTP Request: GET https://huggingface.co/api/models/microsoft/Florence-2-base/tree/main/additional_chat_templates?recursive=false&expand=false "HTTP/1.1 404 Not Found"
2026-03-12 10:26:38  DEBUG     receive_response_body.started request=<Request [b'GET']>
2026-03-12 10:26:38  DEBUG     receive_response_body.complete
2026-03-12 10:26:38  DEBUG     response_closed.started
2026-03-12 10:26:38  DEBUG     response_closed.complete
2026-03-12 10:26:38  DEBUG     send_request_headers.started request=<Request [b'GET']>
2026-03-12 10:26:38  DEBUG     send_request_headers.complete
2026-03-12 10:26:38  DEBUG     send_request_body.started request=<Request [b'GET']>
2026-03-12 10:26:38  DEBUG     send_request_body.complete
2026-03-12 10:26:38  DEBUG     receive_response_headers.started request=<Request [b'GET']>
2026-03-12 10:26:38  DEBUG     receive_response_headers.complete return_value=(b'HTTP/1.1', 200, b'OK', [(b'Content-Type', b'application/json; charset=utf-8'), (b'Transfer-Encoding', b'chunked'), (b'Connection', b'keep-alive'), (b'Date', b'Thu, 12 Mar 2026 14:26:38 GMT'), (b'Access-Control-Expose-Headers', b'X-Repo-Commit,X-Request-Id,X-Error-Code,X-Error-Message,X-Total-Count,ETag,Link,Accept-Ranges,Content-Range,X-Linked-Size,X-Linked-ETag,X-Xet-Hash'), (b'content-encoding', b'gzip'), (b'X-Powered-By', b'huggingface-moon'), (b'X-Request-Id', b'Root=1-69b2cd1e-3e22e7de57b2c4a77b573931;b92f9105-cdbf-44e4-ba5d-494fafa76acd'), (b'RateLimit', b'"api";r=497;t=66'), (b'RateLimit-Policy', b'"fixed window";"api";q=500;w=300'), (b'cross-origin-opener-policy', b'same-origin'), (b'Referrer-Policy', b'strict-origin-when-cross-origin'), (b'Access-Control-Max-Age', b'86400'), (b'Access-Control-Allow-Origin', b'https://huggingface.co'), (b'Vary', b'Origin'), (b'vary', b'accept-encoding'), (b'ETag', b'W/"801-8wfJdkULAAa2bZfXhisB0NSy3Jo"'), (b'X-Cache', b'Miss from cloudfront'), (b'Via', b'1.1 b4c6d384cd4ac0baedf90ea4169ded4a.cloudfront.net (CloudFront)'), (b'X-Amz-Cf-Pop', b'ATL59-P13'), (b'X-Amz-Cf-Id', b'xPEV9ylIatnrbEY-FN7Anx90I8x77rXDhNzxTTifzjgggwb90vZeow==')])
2026-03-12 10:26:38  INFO      HTTP Request: GET https://huggingface.co/api/models/microsoft/Florence-2-base/tree/main?recursive=true&expand=false "HTTP/1.1 200 OK"
2026-03-12 10:26:38  DEBUG     receive_response_body.started request=<Request [b'GET']>
2026-03-12 10:26:38  DEBUG     receive_response_body.complete
2026-03-12 10:26:38  DEBUG     response_closed.started
2026-03-12 10:26:38  DEBUG     response_closed.complete
2026-03-12 10:26:39  DEBUG     send_request_headers.started request=<Request [b'HEAD']>
2026-03-12 10:26:39  DEBUG     send_request_headers.complete
2026-03-12 10:26:39  DEBUG     send_request_body.started request=<Request [b'HEAD']>
2026-03-12 10:26:39  DEBUG     send_request_body.complete
2026-03-12 10:26:39  DEBUG     receive_response_headers.started request=<Request [b'HEAD']>
2026-03-12 10:26:39  DEBUG     receive_response_headers.complete return_value=(b'HTTP/1.1', 307, b'Temporary Redirect', [(b'Content-Type', b'text/plain; charset=utf-8'), (b'Content-Length', b'254'), (b'Connection', b'keep-alive'), (b'Date', b'Thu, 12 Mar 2026 14:26:39 GMT'), (b'Location', b'/api/resolve-cache/models/microsoft/Florence-2-base/5ca5edf5bd017b9919c05d08aebef5e4c7ac3bac/config.json?%2Fmicrosoft%2FFlorence-2-base%2Fresolve%2Fmain%2Fconfig.json=&etag=%2274a4482afd52515c89ae8d7d388a537a16f5d350%22'), (b'X-Powered-By', b'huggingface-moon'), (b'X-Request-Id', b'Root=1-69b2cd1f-23f49ae007a60c8600b73d5c;f07a3194-e501-4fe9-9db4-af4871e09f9d'), (b'RateLimit', b'"resolvers";r=2982;t=65'), (b'RateLimit-Policy', b'"fixed window";"resolvers";q=3000;w=300'), (b'cross-origin-opener-policy', b'same-origin'), (b'Referrer-Policy', b'strict-origin-when-cross-origin'), (b'Access-Control-Max-Age', b'86400'), (b'Access-Control-Allow-Origin', b'https://huggingface.co'), (b'Vary', b'Origin, Accept'), (b'Access-Control-Expose-Headers', b'X-Repo-Commit,X-Request-Id,X-Error-Code,X-Error-Message,X-Total-Count,ETag,Link,Accept-Ranges,Content-Range,X-Linked-Size,X-Linked-ETag,X-Xet-Hash'), (b'X-Repo-Commit', b'5ca5edf5bd017b9919c05d08aebef5e4c7ac3bac'), (b'Accept-Ranges', b'bytes'), (b'X-Hub-Cache', b'HIT'), (b'Content-Disposition', b'inline; filename*=UTF-8\'\'config.json; filename="config.json";'), (b'Content-Security-Policy', b"default-src 'none'; sandbox"), (b'X-Linked-ETag', b'"74a4482afd52515c89ae8d7d388a537a16f5d350"'), (b'X-Cache', b'Miss from cloudfront'), (b'Via', b'1.1 b4c6d384cd4ac0baedf90ea4169ded4a.cloudfront.net (CloudFront)'), (b'X-Amz-Cf-Pop', b'ATL59-P13'), (b'X-Amz-Cf-Id', b'pq3P4l36GiitHJIy2pMCifGkQY62sKYa0TWDsx_48mdTESwHQx2ipg==')])
2026-03-12 10:26:39  INFO      HTTP Request: HEAD https://huggingface.co/microsoft/Florence-2-base/resolve/main/config.json "HTTP/1.1 307 Temporary Redirect"
2026-03-12 10:26:39  DEBUG     receive_response_body.started request=<Request [b'HEAD']>
2026-03-12 10:26:39  DEBUG     receive_response_body.complete
2026-03-12 10:26:39  DEBUG     response_closed.started
2026-03-12 10:26:39  DEBUG     response_closed.complete
2026-03-12 10:26:39  DEBUG     send_request_headers.started request=<Request [b'HEAD']>
2026-03-12 10:26:39  DEBUG     send_request_headers.complete
2026-03-12 10:26:39  DEBUG     send_request_body.started request=<Request [b'HEAD']>
2026-03-12 10:26:39  DEBUG     send_request_body.complete
2026-03-12 10:26:39  DEBUG     receive_response_headers.started request=<Request [b'HEAD']>
2026-03-12 10:26:39  DEBUG     receive_response_headers.complete return_value=(b'HTTP/1.1', 200, b'OK', [(b'Content-Type', b'text/plain; charset=utf-8'), (b'Content-Length', b'2430'), (b'Connection', b'keep-alive'), (b'Date', b'Fri, 29 Aug 2025 10:27:59 GMT'), (b'ETag', b'"74a4482afd52515c89ae8d7d388a537a16f5d350"'), (b'X-Powered-By', b'huggingface-moon'), (b'cross-origin-opener-policy', b'same-origin'), (b'Referrer-Policy', b'strict-origin-when-cross-origin'), (b'X-Request-Id', b'Root=1-68b180af-2bdeb06a69de599e4d19f3fe;3c79d66e-c4e0-4ed2-b6ce-cc626ee80382'), (b'Access-Control-Allow-Origin', b'https://huggingface.co'), (b'Access-Control-Expose-Headers', b'X-Repo-Commit,X-Request-Id,X-Error-Code,X-Error-Message,X-Total-Count,ETag,Link,Accept-Ranges,Content-Range,X-Linked-Size,X-Linked-ETag,X-Xet-Hash'), (b'X-Repo-Commit', b'5ca5edf5bd017b9919c05d08aebef5e4c7ac3bac'), (b'Accept-Ranges', b'bytes'), (b'Content-Disposition', b'inline; filename*=UTF-8\'\'config.json; filename="config.json";'), (b'Content-Security-Policy', b"default-src 'none'; sandbox"), (b'Vary', b'Origin'), (b'X-Cache', b'Hit from cloudfront'), (b'Via', b'1.1 b4c6d384cd4ac0baedf90ea4169ded4a.cloudfront.net (CloudFront)'), (b'X-Amz-Cf-Pop', b'ATL59-P13'), (b'X-Amz-Cf-Id', b'_Va_V3nwf7Mjeb5815dljUAFm3XWD9NMSbdQ7uEUuxxkKo0WPikdEA=='), (b'Age', b'16862320')])
2026-03-12 10:26:39  INFO      HTTP Request: HEAD https://huggingface.co/api/resolve-cache/models/microsoft/Florence-2-base/5ca5edf5bd017b9919c05d08aebef5e4c7ac3bac/config.json "HTTP/1.1 200 OK"
2026-03-12 10:26:39  DEBUG     receive_response_body.started request=<Request [b'HEAD']>
2026-03-12 10:26:39  DEBUG     receive_response_body.complete
2026-03-12 10:26:39  DEBUG     response_closed.started
2026-03-12 10:26:39  DEBUG     response_closed.complete
2026-03-12 10:26:39  DEBUG     send_request_headers.started request=<Request [b'HEAD']>
2026-03-12 10:26:39  DEBUG     send_request_headers.complete
2026-03-12 10:26:39  DEBUG     send_request_body.started request=<Request [b'HEAD']>
2026-03-12 10:26:39  DEBUG     send_request_body.complete
2026-03-12 10:26:39  DEBUG     receive_response_headers.started request=<Request [b'HEAD']>
2026-03-12 10:26:39  DEBUG     receive_response_headers.complete return_value=(b'HTTP/1.1', 307, b'Temporary Redirect', [(b'Content-Type', b'text/plain; charset=utf-8'), (b'Content-Length', b'284'), (b'Connection', b'keep-alive'), (b'Date', b'Thu, 12 Mar 2026 14:26:39 GMT'), (b'Location', b'/api/resolve-cache/models/microsoft/Florence-2-base/5ca5edf5bd017b9919c05d08aebef5e4c7ac3bac/configuration_florence2.py?%2Fmicrosoft%2FFlorence-2-base%2Fresolve%2Fmain%2Fconfiguration_florence2.py=&etag=%22b8869617ef8dfd0f04d421cf59b83ca662c363ad%22'), (b'X-Powered-By', b'huggingface-moon'), (b'X-Request-Id', b'Root=1-69b2cd1f-4176361e57f455c5041b3870;924f94b2-926f-42d2-83af-4725c740a623'), (b'RateLimit', b'"resolvers";r=2981;t=65'), (b'RateLimit-Policy', b'"fixed window";"resolvers";q=3000;w=300'), (b'cross-origin-opener-policy', b'same-origin'), (b'Referrer-Policy', b'strict-origin-when-cross-origin'), (b'Access-Control-Max-Age', b'86400'), (b'Access-Control-Allow-Origin', b'https://huggingface.co'), (b'Vary', b'Origin, Accept'), (b'Access-Control-Expose-Headers', b'X-Repo-Commit,X-Request-Id,X-Error-Code,X-Error-Message,X-Total-Count,ETag,Link,Accept-Ranges,Content-Range,X-Linked-Size,X-Linked-ETag,X-Xet-Hash'), (b'X-Repo-Commit', b'5ca5edf5bd017b9919c05d08aebef5e4c7ac3bac'), (b'Accept-Ranges', b'bytes'), (b'X-Hub-Cache', b'HIT'), (b'Content-Disposition', b'inline; filename*=UTF-8\'\'configuration_florence2.py; filename="configuration_florence2.py";'), (b'Content-Security-Policy', b"default-src 'none'; sandbox"), (b'X-Linked-ETag', b'"b8869617ef8dfd0f04d421cf59b83ca662c363ad"'), (b'X-Cache', b'Miss from cloudfront'), (b'Via', b'1.1 b4c6d384cd4ac0baedf90ea4169ded4a.cloudfront.net (CloudFront)'), (b'X-Amz-Cf-Pop', b'ATL59-P13'), (b'X-Amz-Cf-Id', b'g09a_HNhpxSQRcOZNWJkoY7e3GyXN0HhizSXjLsprARl6VhFBbLBHQ==')])
2026-03-12 10:26:39  INFO      HTTP Request: HEAD https://huggingface.co/microsoft/Florence-2-base/resolve/main/configuration_florence2.py "HTTP/1.1 307 Temporary Redirect"
2026-03-12 10:26:39  DEBUG     receive_response_body.started request=<Request [b'HEAD']>
2026-03-12 10:26:39  DEBUG     receive_response_body.complete
2026-03-12 10:26:39  DEBUG     response_closed.started
2026-03-12 10:26:39  DEBUG     response_closed.complete
2026-03-12 10:26:39  DEBUG     send_request_headers.started request=<Request [b'HEAD']>
2026-03-12 10:26:39  DEBUG     send_request_headers.complete
2026-03-12 10:26:39  DEBUG     send_request_body.started request=<Request [b'HEAD']>
2026-03-12 10:26:39  DEBUG     send_request_body.complete
2026-03-12 10:26:39  DEBUG     receive_response_headers.started request=<Request [b'HEAD']>
2026-03-12 10:26:39  DEBUG     receive_response_headers.complete return_value=(b'HTTP/1.1', 200, b'OK', [(b'Content-Type', b'text/plain; charset=utf-8'), (b'Content-Length', b'15119'), (b'Connection', b'keep-alive'), (b'Date', b'Fri, 29 Aug 2025 10:28:00 GMT'), (b'ETag', b'"b8869617ef8dfd0f04d421cf59b83ca662c363ad"'), (b'X-Powered-By', b'huggingface-moon'), (b'cross-origin-opener-policy', b'same-origin'), (b'Referrer-Policy', b'strict-origin-when-cross-origin'), (b'X-Request-Id', b'Root=1-68b180b0-2c44fee4114328806c9f1031;1bfda5f7-3121-4226-a1e6-bfc61b7768cf'), (b'Access-Control-Allow-Origin', b'https://huggingface.co'), (b'Access-Control-Expose-Headers', b'X-Repo-Commit,X-Request-Id,X-Error-Code,X-Error-Message,X-Total-Count,ETag,Link,Accept-Ranges,Content-Range,X-Linked-Size,X-Linked-ETag,X-Xet-Hash'), (b'X-Repo-Commit', b'5ca5edf5bd017b9919c05d08aebef5e4c7ac3bac'), (b'Accept-Ranges', b'bytes'), (b'Content-Disposition', b'inline; filename*=UTF-8\'\'configuration_florence2.py; filename="configuration_florence2.py";'), (b'Content-Security-Policy', b"default-src 'none'; sandbox"), (b'Vary', b'Origin'), (b'X-Cache', b'Hit from cloudfront'), (b'Via', b'1.1 b4c6d384cd4ac0baedf90ea4169ded4a.cloudfront.net (CloudFront)'), (b'X-Amz-Cf-Pop', b'ATL59-P13'), (b'X-Amz-Cf-Id', b'ZascnVfHzOVLSg6gf8Z9-bzpETeeH8kJ3OZYb5KpYLWJVAyNkN4zmw=='), (b'Age', b'16862319')])
2026-03-12 10:26:39  INFO      HTTP Request: HEAD https://huggingface.co/api/resolve-cache/models/microsoft/Florence-2-base/5ca5edf5bd017b9919c05d08aebef5e4c7ac3bac/configuration_florence2.py "HTTP/1.1 200 OK"
2026-03-12 10:26:39  DEBUG     receive_response_body.started request=<Request [b'HEAD']>
2026-03-12 10:26:39  DEBUG     receive_response_body.complete
2026-03-12 10:26:39  DEBUG     response_closed.started
2026-03-12 10:26:39  DEBUG     response_closed.complete
2026-03-12 10:26:39  DEBUG     send_request_headers.started request=<Request [b'HEAD']>
2026-03-12 10:26:39  DEBUG     send_request_headers.complete
2026-03-12 10:26:39  DEBUG     send_request_body.started request=<Request [b'HEAD']>
2026-03-12 10:26:39  DEBUG     send_request_body.complete
2026-03-12 10:26:39  DEBUG     receive_response_headers.started request=<Request [b'HEAD']>
2026-03-12 10:26:39  DEBUG     receive_response_headers.complete return_value=(b'HTTP/1.1', 307, b'Temporary Redirect', [(b'Content-Type', b'text/plain; charset=utf-8'), (b'Content-Length', b'274'), (b'Connection', b'keep-alive'), (b'Date', b'Thu, 12 Mar 2026 14:26:39 GMT'), (b'Location', b'/api/resolve-cache/models/microsoft/Florence-2-base/5ca5edf5bd017b9919c05d08aebef5e4c7ac3bac/modeling_florence2.py?%2Fmicrosoft%2FFlorence-2-base%2Fresolve%2Fmain%2Fmodeling_florence2.py=&etag=%2290208540137fcf518aa92186e58ac964213c6420%22'), (b'X-Powered-By', b'huggingface-moon'), (b'X-Request-Id', b'Root=1-69b2cd1f-0fe550dd666d9286217eb743;7b125727-88af-44cc-9285-5373b34434fb'), (b'RateLimit', b'"resolvers";r=2980;t=65'), (b'RateLimit-Policy', b'"fixed window";"resolvers";q=3000;w=300'), (b'cross-origin-opener-policy', b'same-origin'), (b'Referrer-Policy', b'strict-origin-when-cross-origin'), (b'Access-Control-Max-Age', b'86400'), (b'Access-Control-Allow-Origin', b'https://huggingface.co'), (b'Vary', b'Origin, Accept'), (b'Access-Control-Expose-Headers', b'X-Repo-Commit,X-Request-Id,X-Error-Code,X-Error-Message,X-Total-Count,ETag,Link,Accept-Ranges,Content-Range,X-Linked-Size,X-Linked-ETag,X-Xet-Hash'), (b'X-Repo-Commit', b'5ca5edf5bd017b9919c05d08aebef5e4c7ac3bac'), (b'Accept-Ranges', b'bytes'), (b'X-HF-Warning', b'unauthenticated; Warning: You are sending unauthenticated requests to the HF Hub. Please set a HF_TOKEN to enable higher rate limits and faster downloads.'), (b'X-Hub-Cache', b'HIT'), (b'Content-Disposition', b'inline; filename*=UTF-8\'\'modeling_florence2.py; filename="modeling_florence2.py";'), (b'Content-Security-Policy', b"default-src 'none'; sandbox"), (b'X-Linked-ETag', b'"90208540137fcf518aa92186e58ac964213c6420"'), (b'X-Cache', b'Miss from cloudfront'), (b'Via', b'1.1 b4c6d384cd4ac0baedf90ea4169ded4a.cloudfront.net (CloudFront)'), (b'X-Amz-Cf-Pop', b'ATL59-P13'), (b'X-Amz-Cf-Id', b'HrD0h9zJpJSUAq8QW90voj8ssb_t6Cphqrxij7Fwxd5-0_IfGjVL9w==')])
2026-03-12 10:26:39  INFO      HTTP Request: HEAD https://huggingface.co/microsoft/Florence-2-base/resolve/main/modeling_florence2.py "HTTP/1.1 307 Temporary Redirect"
2026-03-12 10:26:39  DEBUG     receive_response_body.started request=<Request [b'HEAD']>
2026-03-12 10:26:39  DEBUG     receive_response_body.complete
2026-03-12 10:26:39  DEBUG     response_closed.started
2026-03-12 10:26:39  DEBUG     response_closed.complete
2026-03-12 10:26:39  DEBUG     send_request_headers.started request=<Request [b'HEAD']>
2026-03-12 10:26:39  DEBUG     send_request_headers.complete
2026-03-12 10:26:39  DEBUG     send_request_body.started request=<Request [b'HEAD']>
2026-03-12 10:26:39  DEBUG     send_request_body.complete
2026-03-12 10:26:39  DEBUG     receive_response_headers.started request=<Request [b'HEAD']>
2026-03-12 10:26:39  DEBUG     receive_response_headers.complete return_value=(b'HTTP/1.1', 200, b'OK', [(b'Content-Type', b'text/plain; charset=utf-8'), (b'Content-Length', b'127455'), (b'Connection', b'keep-alive'), (b'Date', b'Wed, 19 Nov 2025 08:12:19 GMT'), (b'ETag', b'"90208540137fcf518aa92186e58ac964213c6420"'), (b'X-Powered-By', b'huggingface-moon'), (b'X-Request-Id', b'Root=1-691d7be3-146ffe9163c907c9448807a2;2c1f7b86-092c-45f3-894a-42ec9d831910'), (b'RateLimit', b'"resolvers";r=2104;t=49'), (b'RateLimit-Policy', b'"fixed window";"resolvers";q=3000;w=300'), (b'cross-origin-opener-policy', b'same-origin'), (b'Referrer-Policy', b'strict-origin-when-cross-origin'), (b'Access-Control-Max-Age', b'86400'), (b'Access-Control-Allow-Origin', b'https://huggingface.co'), (b'Access-Control-Expose-Headers', b'X-Repo-Commit,X-Request-Id,X-Error-Code,X-Error-Message,X-Total-Count,ETag,Link,Accept-Ranges,Content-Range,X-Linked-Size,X-Linked-ETag,X-Xet-Hash'), (b'X-Repo-Commit', b'5ca5edf5bd017b9919c05d08aebef5e4c7ac3bac'), (b'Accept-Ranges', b'bytes'), (b'Content-Disposition', b'inline; filename*=UTF-8\'\'modeling_florence2.py; filename="modeling_florence2.py";'), (b'Content-Security-Policy', b"default-src 'none'; sandbox"), (b'Vary', b'Origin'), (b'X-Cache', b'Hit from cloudfront'), (b'Via', b'1.1 b4c6d384cd4ac0baedf90ea4169ded4a.cloudfront.net (CloudFront)'), (b'X-Amz-Cf-Pop', b'ATL59-P13'), (b'X-Amz-Cf-Id', b'pmeHN-vJdbBd2oIcUoG9y2KZFG2hLEC5uFcBFhZbdnx63xcCA8p5Zg=='), (b'Age', b'9785660')])
2026-03-12 10:26:39  INFO      HTTP Request: HEAD https://huggingface.co/api/resolve-cache/models/microsoft/Florence-2-base/5ca5edf5bd017b9919c05d08aebef5e4c7ac3bac/modeling_florence2.py "HTTP/1.1 200 OK"
2026-03-12 10:26:39  DEBUG     receive_response_body.started request=<Request [b'HEAD']>
2026-03-12 10:26:39  DEBUG     receive_response_body.complete
2026-03-12 10:26:39  DEBUG     response_closed.started
2026-03-12 10:26:39  DEBUG     response_closed.complete
2026-03-12 10:26:39  ERROR     Failed to load AI model: Tensor.item() cannot be called on meta tensors
Traceback (most recent call last):
  File "/Users/ben/Dev/imgtagplus/imgtagplus/app.py", line 146, in run
    tagger = FlorenceTagger(model_id=hf_model_id, model_dir=args.model_dir)
  File "/Users/ben/Dev/imgtagplus/imgtagplus/vlm.py", line 115, in __init__
    self.model = AutoModelForCausalLM.from_pretrained(
                 ~~~~~~~~~~~~~~~~~~~~~~~~~~~~~~~~~~~~^
        self._model_id,
        ^^^^^^^^^^^^^^^
    ...<3 lines>...
        cache_dir=str(self._model_dir)
        ^^^^^^^^^^^^^^^^^^^^^^^^^^^^^^
    ).to(self.device)
    ^
  File "/Users/ben/Dev/imgtagplus/.venv/lib/python3.14/site-packages/transformers/models/auto/auto_factory.py", line 367, in from_pretrained
    return model_class.from_pretrained(
           ~~~~~~~~~~~~~~~~~~~~~~~~~~~^
        pretrained_model_name_or_path, *model_args, config=config, **hub_kwargs, **kwargs
        ^^^^^^^^^^^^^^^^^^^^^^^^^^^^^^^^^^^^^^^^^^^^^^^^^^^^^^^^^^^^^^^^^^^^^^^^^^^^^^^^^
    )
    ^
  File "/Users/ben/Dev/imgtagplus/.venv/lib/python3.14/site-packages/transformers/modeling_utils.py", line 4094, in from_pretrained
    model = cls(config, *model_args, **model_kwargs)
  File "/Users/ben/.cache/imgtagplus/modules/transformers_modules/microsoft/Florence_hyphen_2_hyphen_base/5ca5edf5bd017b9919c05d08aebef5e4c7ac3bac/modeling_florence2.py", line 2537, in __init__
    self.vision_tower = DaViT.from_config(config=config.vision_config)
                        ~~~~~~~~~~~~~~~~~^^^^^^^^^^^^^^^^^^^^^^^^^^^^^
  File "/Users/ben/.cache/imgtagplus/modules/transformers_modules/microsoft/Florence_hyphen_2_hyphen_base/5ca5edf5bd017b9919c05d08aebef5e4c7ac3bac/modeling_florence2.py", line 650, in from_config
    return cls(
        depths=config.depths,
    ...<8 lines>...
        window_size=config.window_size,
    )
  File "/Users/ben/.cache/imgtagplus/modules/transformers_modules/microsoft/Florence_hyphen_2_hyphen_base/5ca5edf5bd017b9919c05d08aebef5e4c7ac3bac/modeling_florence2.py", line 557, in __init__
    dpr = [x.item() for x in torch.linspace(0, drop_path_rate, sum(depths)*2)]
           ~~~~~~^^
  File "/Users/ben/Dev/imgtagplus/.venv/lib/python3.14/site-packages/torch/utils/_device.py", line 109, in __torch_function__
    return func(*args, **kwargs)
  File "/Users/ben/Dev/imgtagplus/.venv/lib/python3.14/site-packages/torch/_meta_registrations.py", line 7779, in meta_local_scalar_dense
    raise RuntimeError("Tensor.item() cannot be called on meta tensors")
RuntimeError: Tensor.item() cannot be called on meta tensors
