2026-03-12 05:16:07  INFO      Model       : florence-2-base (microsoft/Florence-2-base)
2026-03-12 05:16:07  INFO      Recursive   : True
2026-03-12 05:16:07  INFO      Max tags    : 20
2026-03-12 05:16:07  INFO      Silent      : True
2026-03-12 05:16:07  INFO      Continue err: True
2026-03-12 05:16:07  INFO      Log file    : /Users/ben/Dev/imgtagplus/imgtagplus_20260312_051607.log
2026-03-12 05:16:07  INFO      Found 4 image(s) scanning /Users/ben/Dev/imgtagplus/sandbox (recursively)
2026-03-12 05:16:07  INFO      Images to process: 4
2026-03-12 05:16:07  INFO      Resolved florence-2-base to Hugging Face ID: microsoft/Florence-2-base
2026-03-12 05:16:09  INFO      GPU environment detected. Loading native microsoft/Florence-2-base on mps with SDPA...
2026-03-12 05:16:09  DEBUG     connect_tcp.started host='huggingface.co' port=443 local_address=None timeout=10 socket_options=None
2026-03-12 05:16:09  DEBUG     connect_tcp.complete return_value=<httpcore._backends.sync.SyncStream object at 0x1174278c0>
2026-03-12 05:16:09  DEBUG     start_tls.started ssl_context=<ssl.SSLContext object at 0x11740f2f0> server_hostname='huggingface.co' timeout=10
2026-03-12 05:16:09  DEBUG     start_tls.complete return_value=<httpcore._backends.sync.SyncStream object at 0x111b5c910>
2026-03-12 05:16:09  DEBUG     send_request_headers.started request=<Request [b'HEAD']>
2026-03-12 05:16:09  DEBUG     send_request_headers.complete
2026-03-12 05:16:09  DEBUG     send_request_body.started request=<Request [b'HEAD']>
2026-03-12 05:16:09  DEBUG     send_request_body.complete
2026-03-12 05:16:09  DEBUG     receive_response_headers.started request=<Request [b'HEAD']>
2026-03-12 05:16:09  DEBUG     receive_response_headers.complete return_value=(b'HTTP/1.1', 404, b'Not Found', [(b'Content-Type', b'text/plain; charset=utf-8'), (b'Content-Length', b'15'), (b'Connection', b'keep-alive'), (b'Date', b'Thu, 12 Mar 2026 09:16:09 GMT'), (b'ETag', b'W/"f-mY2VvLxuxB7KhsoOdQTlMTccuAQ"'), (b'X-Powered-By', b'huggingface-moon'), (b'X-Request-Id', b'Root=1-69b28459-7711b21a2946b2f07dfefef2;ec8a7471-b057-4425-ac39-29160c686b61'), (b'RateLimit', b'"resolvers";r=2999;t=95'), (b'RateLimit-Policy', b'"fixed window";"resolvers";q=3000;w=300'), (b'cross-origin-opener-policy', b'same-origin'), (b'Referrer-Policy', b'strict-origin-when-cross-origin'), (b'Access-Control-Max-Age', b'86400'), (b'Access-Control-Allow-Origin', b'https://huggingface.co'), (b'Vary', b'Origin'), (b'Access-Control-Expose-Headers', b'X-Repo-Commit,X-Request-Id,X-Error-Code,X-Error-Message,X-Total-Count,ETag,Link,Accept-Ranges,Content-Range,X-Linked-Size,X-Linked-ETag,X-Xet-Hash'), (b'X-Repo-Commit', b'5ca5edf5bd017b9919c05d08aebef5e4c7ac3bac'), (b'Accept-Ranges', b'bytes'), (b'X-Hub-Cache', b'MISS'), (b'X-Error-Code', b'EntryNotFound'), (b'X-Error-Message', b'Entry not found'), (b'X-Cache', b'Error from cloudfront'), (b'Via', b'1.1 b0739f825ef509d0d9f4c0f0b5a7ae10.cloudfront.net (CloudFront)'), (b'X-Amz-Cf-Pop', b'ATL59-P13'), (b'X-Amz-Cf-Id', b'xJd46_R7FfYxKiw3NRzh9uMiFgt6ZOr8iUOEULoehnHcvk2O75rkUQ==')])
2026-03-12 05:16:09  INFO      HTTP Request: HEAD https://huggingface.co/microsoft/Florence-2-base/resolve/main/processor_config.json "HTTP/1.1 404 Not Found"
2026-03-12 05:16:09  DEBUG     receive_response_body.started request=<Request [b'HEAD']>
2026-03-12 05:16:09  DEBUG     receive_response_body.complete
2026-03-12 05:16:09  DEBUG     response_closed.started
2026-03-12 05:16:09  DEBUG     response_closed.complete
2026-03-12 05:16:09  DEBUG     send_request_headers.started request=<Request [b'HEAD']>
2026-03-12 05:16:09  DEBUG     send_request_headers.complete
2026-03-12 05:16:09  DEBUG     send_request_body.started request=<Request [b'HEAD']>
2026-03-12 05:16:09  DEBUG     send_request_body.complete
2026-03-12 05:16:09  DEBUG     receive_response_headers.started request=<Request [b'HEAD']>
2026-03-12 05:16:09  DEBUG     receive_response_headers.complete return_value=(b'HTTP/1.1', 307, b'Temporary Redirect', [(b'Content-Type', b'text/plain; charset=utf-8'), (b'Content-Length', b'280'), (b'Connection', b'keep-alive'), (b'Date', b'Thu, 12 Mar 2026 09:16:09 GMT'), (b'Location', b'/api/resolve-cache/models/microsoft/Florence-2-base/5ca5edf5bd017b9919c05d08aebef5e4c7ac3bac/preprocessor_config.json?%2Fmicrosoft%2FFlorence-2-base%2Fresolve%2Fmain%2Fpreprocessor_config.json=&etag=%2285cd7be3568df661ad536b6ab20d59b08ba079ae%22'), (b'X-Powered-By', b'huggingface-moon'), (b'X-Request-Id', b'Root=1-69b28459-6e93da0652db02a713d5a5f4;a6e9b9c0-e694-4666-8acf-46d2f1fcd489'), (b'RateLimit', b'"resolvers";r=2998;t=95'), (b'RateLimit-Policy', b'"fixed window";"resolvers";q=3000;w=300'), (b'cross-origin-opener-policy', b'same-origin'), (b'Referrer-Policy', b'strict-origin-when-cross-origin'), (b'Access-Control-Max-Age', b'86400'), (b'Access-Control-Allow-Origin', b'https://huggingface.co'), (b'Vary', b'Origin, Accept'), (b'Access-Control-Expose-Headers', b'X-Repo-Commit,X-Request-Id,X-Error-Code,X-Error-Message,X-Total-Count,ETag,Link,Accept-Ranges,Content-Range,X-Linked-Size,X-Linked-ETag,X-Xet-Hash'), (b'X-Repo-Commit', b'5ca5edf5bd017b9919c05d08aebef5e4c7ac3bac'), (b'Accept-Ranges', b'bytes'), (b'X-HF-Warning', b'unauthenticated; Warning: You are sending unauthenticated requests to the HF Hub. Please set a HF_TOKEN to enable higher rate limits and faster downloads.'), (b'X-Hub-Cache', b'HIT'), (b'Content-Disposition', b'inline; filename*=UTF-8\'\'preprocessor_config.json; filename="preprocessor_config.json";'), (b'Content-Security-Policy', b"default-src 'none'; sandbox"), (b'X-Linked-ETag', b'"85cd7be3568df661ad536b6ab20d59b08ba079ae"'), (b'X-Cache', b'Miss from cloudfront'), (b'Via', b'1.1 b0739f825ef509d0d9f4c0f0b5a7ae10.cloudfront.net (CloudFront)'), (b'X-Amz-Cf-Pop', b'ATL59-P13'), (b'X-Amz-Cf-Id', b'5lfU4Na-lxq7APXHs8VPoYNwXnsH7_bm8ycOqXaAyVSkIQ8VTeUyVw==')])
2026-03-12 05:16:09  INFO      HTTP Request: HEAD https://huggingface.co/microsoft/Florence-2-base/resolve/main/preprocessor_config.json "HTTP/1.1 307 Temporary Redirect"
2026-03-12 05:16:09  DEBUG     receive_response_body.started request=<Request [b'HEAD']>
2026-03-12 05:16:09  DEBUG     receive_response_body.complete
2026-03-12 05:16:09  DEBUG     response_closed.started
2026-03-12 05:16:09  DEBUG     response_closed.complete
2026-03-12 05:16:09  WARNING   Warning: You are sending unauthenticated requests to the HF Hub. Please set a HF_TOKEN to enable higher rate limits and faster downloads.
2026-03-12 05:16:09  DEBUG     send_request_headers.started request=<Request [b'HEAD']>
2026-03-12 05:16:09  DEBUG     send_request_headers.complete
2026-03-12 05:16:09  DEBUG     send_request_body.started request=<Request [b'HEAD']>
2026-03-12 05:16:09  DEBUG     send_request_body.complete
2026-03-12 05:16:09  DEBUG     receive_response_headers.started request=<Request [b'HEAD']>
2026-03-12 05:16:09  DEBUG     receive_response_headers.complete return_value=(b'HTTP/1.1', 200, b'OK', [(b'Content-Type', b'text/plain; charset=utf-8'), (b'Content-Length', b'806'), (b'Connection', b'keep-alive'), (b'Date', b'Tue, 27 Jan 2026 01:41:37 GMT'), (b'ETag', b'"85cd7be3568df661ad536b6ab20d59b08ba079ae"'), (b'X-Powered-By', b'huggingface-moon'), (b'X-Request-Id', b'Root=1-697817d0-059260574dd4c8de754bd81a;3efadae7-e406-40ec-9d8a-654040c73720'), (b'RateLimit', b'"resolvers";r=2998;t=196'), (b'RateLimit-Policy', b'"fixed window";"resolvers";q=3000;w=300'), (b'cross-origin-opener-policy', b'same-origin'), (b'Referrer-Policy', b'strict-origin-when-cross-origin'), (b'Access-Control-Max-Age', b'86400'), (b'Access-Control-Allow-Origin', b'https://huggingface.co'), (b'Access-Control-Expose-Headers', b'X-Repo-Commit,X-Request-Id,X-Error-Code,X-Error-Message,X-Total-Count,ETag,Link,Accept-Ranges,Content-Range,X-Linked-Size,X-Linked-ETag,X-Xet-Hash'), (b'X-Repo-Commit', b'5ca5edf5bd017b9919c05d08aebef5e4c7ac3bac'), (b'Accept-Ranges', b'bytes'), (b'Content-Disposition', b'inline; filename*=UTF-8\'\'preprocessor_config.json; filename="preprocessor_config.json";'), (b'Content-Security-Policy', b"default-src 'none'; sandbox"), (b'Vary', b'Origin'), (b'X-Cache', b'Hit from cloudfront'), (b'Via', b'1.1 b0739f825ef509d0d9f4c0f0b5a7ae10.cloudfront.net (CloudFront)'), (b'X-Amz-Cf-Pop', b'ATL59-P13'), (b'X-Amz-Cf-Id', b'a82Esxs-cVvm-Gj4-0_78TCTatozOaiKXIsmRmywWA-JMXvXT3nrKg=='), (b'Age', b'3828872')])
2026-03-12 05:16:09  INFO      HTTP Request: HEAD https://huggingface.co/api/resolve-cache/models/microsoft/Florence-2-base/5ca5edf5bd017b9919c05d08aebef5e4c7ac3bac/preprocessor_config.json "HTTP/1.1 200 OK"
2026-03-12 05:16:09  DEBUG     receive_response_body.started request=<Request [b'HEAD']>
2026-03-12 05:16:09  DEBUG     receive_response_body.complete
2026-03-12 05:16:09  DEBUG     response_closed.started
2026-03-12 05:16:09  DEBUG     response_closed.complete
2026-03-12 05:16:09  DEBUG     send_request_headers.started request=<Request [b'HEAD']>
2026-03-12 05:16:09  DEBUG     send_request_headers.complete
2026-03-12 05:16:09  DEBUG     send_request_body.started request=<Request [b'HEAD']>
2026-03-12 05:16:09  DEBUG     send_request_body.complete
2026-03-12 05:16:09  DEBUG     receive_response_headers.started request=<Request [b'HEAD']>
2026-03-12 05:16:10  DEBUG     receive_response_headers.complete return_value=(b'HTTP/1.1', 404, b'Not Found', [(b'Content-Type', b'text/plain; charset=utf-8'), (b'Content-Length', b'15'), (b'Connection', b'keep-alive'), (b'Date', b'Thu, 12 Mar 2026 09:16:10 GMT'), (b'ETag', b'W/"f-mY2VvLxuxB7KhsoOdQTlMTccuAQ"'), (b'X-Powered-By', b'huggingface-moon'), (b'X-Request-Id', b'Root=1-69b2845a-3bef41621ddb0c39501881da;cd7d22e0-d88d-4d7d-a9c6-13e5b3004ace'), (b'RateLimit', b'"resolvers";r=2997;t=94'), (b'RateLimit-Policy', b'"fixed window";"resolvers";q=3000;w=300'), (b'cross-origin-opener-policy', b'same-origin'), (b'Referrer-Policy', b'strict-origin-when-cross-origin'), (b'Access-Control-Max-Age', b'86400'), (b'Access-Control-Allow-Origin', b'https://huggingface.co'), (b'Vary', b'Origin'), (b'Access-Control-Expose-Headers', b'X-Repo-Commit,X-Request-Id,X-Error-Code,X-Error-Message,X-Total-Count,ETag,Link,Accept-Ranges,Content-Range,X-Linked-Size,X-Linked-ETag,X-Xet-Hash'), (b'X-Repo-Commit', b'5ca5edf5bd017b9919c05d08aebef5e4c7ac3bac'), (b'Accept-Ranges', b'bytes'), (b'X-Hub-Cache', b'MISS'), (b'X-Error-Code', b'EntryNotFound'), (b'X-Error-Message', b'Entry not found'), (b'X-Cache', b'Error from cloudfront'), (b'Via', b'1.1 b0739f825ef509d0d9f4c0f0b5a7ae10.cloudfront.net (CloudFront)'), (b'X-Amz-Cf-Pop', b'ATL59-P13'), (b'X-Amz-Cf-Id', b'hDYVZ3i-IuOURUKj0k76QtmX155gGpBJOQ_40N1509qnUX_FjB4mmA==')])
2026-03-12 05:16:10  INFO      HTTP Request: HEAD https://huggingface.co/microsoft/Florence-2-base/resolve/main/processor_config.json "HTTP/1.1 404 Not Found"
2026-03-12 05:16:10  DEBUG     receive_response_body.started request=<Request [b'HEAD']>
2026-03-12 05:16:10  DEBUG     receive_response_body.complete
2026-03-12 05:16:10  DEBUG     response_closed.started
2026-03-12 05:16:10  DEBUG     response_closed.complete
2026-03-12 05:16:10  DEBUG     send_request_headers.started request=<Request [b'HEAD']>
2026-03-12 05:16:10  DEBUG     send_request_headers.complete
2026-03-12 05:16:10  DEBUG     send_request_body.started request=<Request [b'HEAD']>
2026-03-12 05:16:10  DEBUG     send_request_body.complete
2026-03-12 05:16:10  DEBUG     receive_response_headers.started request=<Request [b'HEAD']>
2026-03-12 05:16:10  DEBUG     receive_response_headers.complete return_value=(b'HTTP/1.1', 307, b'Temporary Redirect', [(b'Content-Type', b'text/plain; charset=utf-8'), (b'Content-Length', b'280'), (b'Connection', b'keep-alive'), (b'Date', b'Thu, 12 Mar 2026 09:16:10 GMT'), (b'Location', b'/api/resolve-cache/models/microsoft/Florence-2-base/5ca5edf5bd017b9919c05d08aebef5e4c7ac3bac/preprocessor_config.json?%2Fmicrosoft%2FFlorence-2-base%2Fresolve%2Fmain%2Fpreprocessor_config.json=&etag=%2285cd7be3568df661ad536b6ab20d59b08ba079ae%22'), (b'X-Powered-By', b'huggingface-moon'), (b'X-Request-Id', b'Root=1-69b2845a-5d3d9a7047cb98df78494ed9;42efac4f-3055-4d14-8e0c-63273055183e'), (b'RateLimit', b'"resolvers";r=2996;t=94'), (b'RateLimit-Policy', b'"fixed window";"resolvers";q=3000;w=300'), (b'cross-origin-opener-policy', b'same-origin'), (b'Referrer-Policy', b'strict-origin-when-cross-origin'), (b'Access-Control-Max-Age', b'86400'), (b'Access-Control-Allow-Origin', b'https://huggingface.co'), (b'Vary', b'Origin, Accept'), (b'Access-Control-Expose-Headers', b'X-Repo-Commit,X-Request-Id,X-Error-Code,X-Error-Message,X-Total-Count,ETag,Link,Accept-Ranges,Content-Range,X-Linked-Size,X-Linked-ETag,X-Xet-Hash'), (b'X-Repo-Commit', b'5ca5edf5bd017b9919c05d08aebef5e4c7ac3bac'), (b'Accept-Ranges', b'bytes'), (b'X-Hub-Cache', b'HIT'), (b'Content-Disposition', b'inline; filename*=UTF-8\'\'preprocessor_config.json; filename="preprocessor_config.json";'), (b'Content-Security-Policy', b"default-src 'none'; sandbox"), (b'X-Linked-ETag', b'"85cd7be3568df661ad536b6ab20d59b08ba079ae"'), (b'X-Cache', b'Miss from cloudfront'), (b'Via', b'1.1 b0739f825ef509d0d9f4c0f0b5a7ae10.cloudfront.net (CloudFront)'), (b'X-Amz-Cf-Pop', b'ATL59-P13'), (b'X-Amz-Cf-Id', b'u8DWFEwuydd6Xqvlocgm4k143wRTPDNN2_r8BBXT8Q49g6U07lGCkw==')])
2026-03-12 05:16:10  INFO      HTTP Request: HEAD https://huggingface.co/microsoft/Florence-2-base/resolve/main/preprocessor_config.json "HTTP/1.1 307 Temporary Redirect"
2026-03-12 05:16:10  DEBUG     receive_response_body.started request=<Request [b'HEAD']>
2026-03-12 05:16:10  DEBUG     receive_response_body.complete
2026-03-12 05:16:10  DEBUG     response_closed.started
2026-03-12 05:16:10  DEBUG     response_closed.complete
2026-03-12 05:16:10  DEBUG     send_request_headers.started request=<Request [b'HEAD']>
2026-03-12 05:16:10  DEBUG     send_request_headers.complete
2026-03-12 05:16:10  DEBUG     send_request_body.started request=<Request [b'HEAD']>
2026-03-12 05:16:10  DEBUG     send_request_body.complete
2026-03-12 05:16:10  DEBUG     receive_response_headers.started request=<Request [b'HEAD']>
2026-03-12 05:16:10  DEBUG     receive_response_headers.complete return_value=(b'HTTP/1.1', 200, b'OK', [(b'Content-Type', b'text/plain; charset=utf-8'), (b'Content-Length', b'806'), (b'Connection', b'keep-alive'), (b'Date', b'Fri, 29 Aug 2025 11:01:00 GMT'), (b'ETag', b'"85cd7be3568df661ad536b6ab20d59b08ba079ae"'), (b'X-Powered-By', b'huggingface-moon'), (b'cross-origin-opener-policy', b'same-origin'), (b'Referrer-Policy', b'strict-origin-when-cross-origin'), (b'X-Request-Id', b'Root=1-68b1886c-3d4f6bff3d722a4d12726afd;ef87aadc-03fd-42a9-938c-074af063b721'), (b'Access-Control-Allow-Origin', b'https://huggingface.co'), (b'Access-Control-Expose-Headers', b'X-Repo-Commit,X-Request-Id,X-Error-Code,X-Error-Message,X-Total-Count,ETag,Link,Accept-Ranges,Content-Range,X-Linked-Size,X-Linked-ETag,X-Xet-Hash'), (b'X-Repo-Commit', b'5ca5edf5bd017b9919c05d08aebef5e4c7ac3bac'), (b'Accept-Ranges', b'bytes'), (b'Content-Disposition', b'inline; filename*=UTF-8\'\'preprocessor_config.json; filename="preprocessor_config.json";'), (b'Content-Security-Policy', b"default-src 'none'; sandbox"), (b'Vary', b'Origin'), (b'X-Cache', b'Hit from cloudfront'), (b'Via', b'1.1 b0739f825ef509d0d9f4c0f0b5a7ae10.cloudfront.net (CloudFront)'), (b'X-Amz-Cf-Pop', b'ATL59-P13'), (b'X-Amz-Cf-Id', b'Lh9Zv6l7UNtPyL4GSL-yPuARd-OXgyvyW0lrY_Z3BP58t-ExW_0ETA=='), (b'Age', b'16841710')])
2026-03-12 05:16:10  INFO      HTTP Request: HEAD https://huggingface.co/api/resolve-cache/models/microsoft/Florence-2-base/5ca5edf5bd017b9919c05d08aebef5e4c7ac3bac/preprocessor_config.json "HTTP/1.1 200 OK"
2026-03-12 05:16:10  DEBUG     receive_response_body.started request=<Request [b'HEAD']>
2026-03-12 05:16:10  DEBUG     receive_response_body.complete
2026-03-12 05:16:10  DEBUG     response_closed.started
2026-03-12 05:16:10  DEBUG     response_closed.complete
2026-03-12 05:16:10  DEBUG     send_request_headers.started request=<Request [b'HEAD']>
2026-03-12 05:16:10  DEBUG     send_request_headers.complete
2026-03-12 05:16:10  DEBUG     send_request_body.started request=<Request [b'HEAD']>
2026-03-12 05:16:10  DEBUG     send_request_body.complete
2026-03-12 05:16:10  DEBUG     receive_response_headers.started request=<Request [b'HEAD']>
2026-03-12 05:16:10  DEBUG     receive_response_headers.complete return_value=(b'HTTP/1.1', 307, b'Temporary Redirect', [(b'Content-Type', b'text/plain; charset=utf-8'), (b'Content-Length', b'278'), (b'Connection', b'keep-alive'), (b'Date', b'Thu, 12 Mar 2026 09:16:10 GMT'), (b'Location', b'/api/resolve-cache/models/microsoft/Florence-2-base/5ca5edf5bd017b9919c05d08aebef5e4c7ac3bac/processing_florence2.py?%2Fmicrosoft%2FFlorence-2-base%2Fresolve%2Fmain%2Fprocessing_florence2.py=&etag=%223cd9815895c8c2b355f1e07ff983186f1e05c9e9%22'), (b'X-Powered-By', b'huggingface-moon'), (b'X-Request-Id', b'Root=1-69b2845a-30126c96088bc413591d0c1d;814c82ae-5c10-4c81-beef-8fe0fba2b530'), (b'RateLimit', b'"resolvers";r=2995;t=94'), (b'RateLimit-Policy', b'"fixed window";"resolvers";q=3000;w=300'), (b'cross-origin-opener-policy', b'same-origin'), (b'Referrer-Policy', b'strict-origin-when-cross-origin'), (b'Access-Control-Max-Age', b'86400'), (b'Access-Control-Allow-Origin', b'https://huggingface.co'), (b'Vary', b'Origin, Accept'), (b'Access-Control-Expose-Headers', b'X-Repo-Commit,X-Request-Id,X-Error-Code,X-Error-Message,X-Total-Count,ETag,Link,Accept-Ranges,Content-Range,X-Linked-Size,X-Linked-ETag,X-Xet-Hash'), (b'X-Repo-Commit', b'5ca5edf5bd017b9919c05d08aebef5e4c7ac3bac'), (b'Accept-Ranges', b'bytes'), (b'X-Hub-Cache', b'HIT'), (b'Content-Disposition', b'inline; filename*=UTF-8\'\'processing_florence2.py; filename="processing_florence2.py";'), (b'Content-Security-Policy', b"default-src 'none'; sandbox"), (b'X-Linked-ETag', b'"3cd9815895c8c2b355f1e07ff983186f1e05c9e9"'), (b'X-Cache', b'Miss from cloudfront'), (b'Via', b'1.1 b0739f825ef509d0d9f4c0f0b5a7ae10.cloudfront.net (CloudFront)'), (b'X-Amz-Cf-Pop', b'ATL59-P13'), (b'X-Amz-Cf-Id', b'LAACXJ2CSamlRWIo6S_kUMYHkm4LFAMJ-XxZs1TaGXDHQwW-J6fzMA==')])
2026-03-12 05:16:10  INFO      HTTP Request: HEAD https://huggingface.co/microsoft/Florence-2-base/resolve/main/processing_florence2.py "HTTP/1.1 307 Temporary Redirect"
2026-03-12 05:16:10  DEBUG     receive_response_body.started request=<Request [b'HEAD']>
2026-03-12 05:16:10  DEBUG     receive_response_body.complete
2026-03-12 05:16:10  DEBUG     response_closed.started
2026-03-12 05:16:10  DEBUG     response_closed.complete
2026-03-12 05:16:10  DEBUG     send_request_headers.started request=<Request [b'HEAD']>
2026-03-12 05:16:10  DEBUG     send_request_headers.complete
2026-03-12 05:16:10  DEBUG     send_request_body.started request=<Request [b'HEAD']>
2026-03-12 05:16:10  DEBUG     send_request_body.complete
2026-03-12 05:16:10  DEBUG     receive_response_headers.started request=<Request [b'HEAD']>
2026-03-12 05:16:10  DEBUG     receive_response_headers.complete return_value=(b'HTTP/1.1', 200, b'OK', [(b'Content-Type', b'text/plain; charset=utf-8'), (b'Content-Length', b'48676'), (b'Connection', b'keep-alive'), (b'Date', b'Tue, 27 Jan 2026 01:41:37 GMT'), (b'ETag', b'"3cd9815895c8c2b355f1e07ff983186f1e05c9e9"'), (b'X-Powered-By', b'huggingface-moon'), (b'X-Request-Id', b'Root=1-697817d1-2010b7734ab967d303e2217d;477500f6-2525-48f6-abf8-0aa01b00427e'), (b'RateLimit', b'"resolvers";r=2998;t=79'), (b'RateLimit-Policy', b'"fixed window";"resolvers";q=3000;w=300'), (b'cross-origin-opener-policy', b'same-origin'), (b'Referrer-Policy', b'strict-origin-when-cross-origin'), (b'Access-Control-Max-Age', b'86400'), (b'Access-Control-Allow-Origin', b'https://huggingface.co'), (b'Access-Control-Expose-Headers', b'X-Repo-Commit,X-Request-Id,X-Error-Code,X-Error-Message,X-Total-Count,ETag,Link,Accept-Ranges,Content-Range,X-Linked-Size,X-Linked-ETag,X-Xet-Hash'), (b'X-Repo-Commit', b'5ca5edf5bd017b9919c05d08aebef5e4c7ac3bac'), (b'Accept-Ranges', b'bytes'), (b'Content-Disposition', b'inline; filename*=UTF-8\'\'processing_florence2.py; filename="processing_florence2.py";'), (b'Content-Security-Policy', b"default-src 'none'; sandbox"), (b'Vary', b'Origin'), (b'X-Cache', b'Hit from cloudfront'), (b'Via', b'1.1 b0739f825ef509d0d9f4c0f0b5a7ae10.cloudfront.net (CloudFront)'), (b'X-Amz-Cf-Pop', b'ATL59-P13'), (b'X-Amz-Cf-Id', b'I2TMj6qTpcP88rWiF92LwRgN4tMe2OPX74MbOjvjIHpESmPXCsgLPw=='), (b'Age', b'3828873')])
2026-03-12 05:16:10  INFO      HTTP Request: HEAD https://huggingface.co/api/resolve-cache/models/microsoft/Florence-2-base/5ca5edf5bd017b9919c05d08aebef5e4c7ac3bac/processing_florence2.py "HTTP/1.1 200 OK"
2026-03-12 05:16:10  DEBUG     receive_response_body.started request=<Request [b'HEAD']>
2026-03-12 05:16:10  DEBUG     receive_response_body.complete
2026-03-12 05:16:10  DEBUG     response_closed.started
2026-03-12 05:16:10  DEBUG     response_closed.complete
2026-03-12 05:16:10  DEBUG     send_request_headers.started request=<Request [b'GET']>
2026-03-12 05:16:10  DEBUG     send_request_headers.complete
2026-03-12 05:16:10  DEBUG     send_request_body.started request=<Request [b'GET']>
2026-03-12 05:16:10  DEBUG     send_request_body.complete
2026-03-12 05:16:10  DEBUG     receive_response_headers.started request=<Request [b'GET']>
2026-03-12 05:16:10  DEBUG     receive_response_headers.complete return_value=(b'HTTP/1.1', 404, b'Not Found', [(b'Content-Type', b'application/json; charset=utf-8'), (b'Content-Length', b'64'), (b'Connection', b'keep-alive'), (b'Date', b'Thu, 12 Mar 2026 09:16:10 GMT'), (b'ETag', b'W/"40-09f9IAqP13xarAhQxFS2W8rvRkM"'), (b'X-Powered-By', b'huggingface-moon'), (b'X-Request-Id', b'Root=1-69b2845a-453e6a8b74caade572d78244;71d0ec96-1bb1-47e6-917a-0e6c35ea779b'), (b'RateLimit', b'"api";r=499;t=94'), (b'RateLimit-Policy', b'"fixed window";"api";q=500;w=300'), (b'cross-origin-opener-policy', b'same-origin'), (b'Referrer-Policy', b'strict-origin-when-cross-origin'), (b'Access-Control-Max-Age', b'86400'), (b'Access-Control-Allow-Origin', b'https://huggingface.co'), (b'Vary', b'Origin'), (b'Access-Control-Expose-Headers', b'X-Repo-Commit,X-Request-Id,X-Error-Code,X-Error-Message,X-Total-Count,ETag,Link,Accept-Ranges,Content-Range,X-Linked-Size,X-Linked-ETag,X-Xet-Hash'), (b'X-Error-Code', b'EntryNotFound'), (b'X-Error-Message', b'additional_chat_templates does not exist on "main"'), (b'X-Cache', b'Error from cloudfront'), (b'Via', b'1.1 b0739f825ef509d0d9f4c0f0b5a7ae10.cloudfront.net (CloudFront)'), (b'X-Amz-Cf-Pop', b'ATL59-P13'), (b'X-Amz-Cf-Id', b'zDsxQK1mZKqwVYf1jjyy6y7LywLADpiBBDYEwdnaJyE7205-h3tPFw==')])
2026-03-12 05:16:10  INFO      HTTP Request: GET https://huggingface.co/api/models/microsoft/Florence-2-base/tree/main/additional_chat_templates?recursive=false&expand=false "HTTP/1.1 404 Not Found"
2026-03-12 05:16:10  DEBUG     receive_response_body.started request=<Request [b'GET']>
2026-03-12 05:16:10  DEBUG     receive_response_body.complete
2026-03-12 05:16:10  DEBUG     response_closed.started
2026-03-12 05:16:10  DEBUG     response_closed.complete
2026-03-12 05:16:10  DEBUG     send_request_headers.started request=<Request [b'HEAD']>
2026-03-12 05:16:10  DEBUG     send_request_headers.complete
2026-03-12 05:16:10  DEBUG     send_request_body.started request=<Request [b'HEAD']>
2026-03-12 05:16:10  DEBUG     send_request_body.complete
2026-03-12 05:16:10  DEBUG     receive_response_headers.started request=<Request [b'HEAD']>
2026-03-12 05:16:10  DEBUG     receive_response_headers.complete return_value=(b'HTTP/1.1', 404, b'Not Found', [(b'Content-Type', b'text/plain; charset=utf-8'), (b'Content-Length', b'15'), (b'Connection', b'keep-alive'), (b'Date', b'Thu, 12 Mar 2026 09:16:10 GMT'), (b'ETag', b'W/"f-mY2VvLxuxB7KhsoOdQTlMTccuAQ"'), (b'X-Powered-By', b'huggingface-moon'), (b'X-Request-Id', b'Root=1-69b2845a-59563cfe13aec5c83dfac947;d6afdb9e-77bf-4b52-8493-416af59fe498'), (b'RateLimit', b'"resolvers";r=2994;t=94'), (b'RateLimit-Policy', b'"fixed window";"resolvers";q=3000;w=300'), (b'cross-origin-opener-policy', b'same-origin'), (b'Referrer-Policy', b'strict-origin-when-cross-origin'), (b'Access-Control-Max-Age', b'86400'), (b'Access-Control-Allow-Origin', b'https://huggingface.co'), (b'Vary', b'Origin'), (b'Access-Control-Expose-Headers', b'X-Repo-Commit,X-Request-Id,X-Error-Code,X-Error-Message,X-Total-Count,ETag,Link,Accept-Ranges,Content-Range,X-Linked-Size,X-Linked-ETag,X-Xet-Hash'), (b'X-Repo-Commit', b'5ca5edf5bd017b9919c05d08aebef5e4c7ac3bac'), (b'Accept-Ranges', b'bytes'), (b'X-Hub-Cache', b'MISS'), (b'X-Error-Code', b'EntryNotFound'), (b'X-Error-Message', b'Entry not found'), (b'X-Cache', b'Error from cloudfront'), (b'Via', b'1.1 b0739f825ef509d0d9f4c0f0b5a7ae10.cloudfront.net (CloudFront)'), (b'X-Amz-Cf-Pop', b'ATL59-P13'), (b'X-Amz-Cf-Id', b'_JtjVol7-sUxhFP5BBPziO0aQlYIZwXI1WSkWXBtdAWhk1anwSe0Cg==')])
2026-03-12 05:16:10  INFO      HTTP Request: HEAD https://huggingface.co/microsoft/Florence-2-base/resolve/main/processor_config.json "HTTP/1.1 404 Not Found"
2026-03-12 05:16:10  DEBUG     receive_response_body.started request=<Request [b'HEAD']>
2026-03-12 05:16:10  DEBUG     receive_response_body.complete
2026-03-12 05:16:10  DEBUG     response_closed.started
2026-03-12 05:16:10  DEBUG     response_closed.complete
2026-03-12 05:16:10  DEBUG     send_request_headers.started request=<Request [b'HEAD']>
2026-03-12 05:16:10  DEBUG     send_request_headers.complete
2026-03-12 05:16:10  DEBUG     send_request_body.started request=<Request [b'HEAD']>
2026-03-12 05:16:10  DEBUG     send_request_body.complete
2026-03-12 05:16:10  DEBUG     receive_response_headers.started request=<Request [b'HEAD']>
2026-03-12 05:16:11  DEBUG     receive_response_headers.complete return_value=(b'HTTP/1.1', 404, b'Not Found', [(b'Content-Type', b'text/plain; charset=utf-8'), (b'Content-Length', b'15'), (b'Connection', b'keep-alive'), (b'Date', b'Thu, 12 Mar 2026 09:16:10 GMT'), (b'ETag', b'W/"f-mY2VvLxuxB7KhsoOdQTlMTccuAQ"'), (b'X-Powered-By', b'huggingface-moon'), (b'X-Request-Id', b'Root=1-69b2845a-64d45e8136dadd6c1f0de938;61aa4e5e-678f-43a8-9f8b-ee545e8fd16f'), (b'RateLimit', b'"resolvers";r=2993;t=94'), (b'RateLimit-Policy', b'"fixed window";"resolvers";q=3000;w=300'), (b'cross-origin-opener-policy', b'same-origin'), (b'Referrer-Policy', b'strict-origin-when-cross-origin'), (b'Access-Control-Max-Age', b'86400'), (b'Access-Control-Allow-Origin', b'https://huggingface.co'), (b'Vary', b'Origin'), (b'Access-Control-Expose-Headers', b'X-Repo-Commit,X-Request-Id,X-Error-Code,X-Error-Message,X-Total-Count,ETag,Link,Accept-Ranges,Content-Range,X-Linked-Size,X-Linked-ETag,X-Xet-Hash'), (b'X-Repo-Commit', b'5ca5edf5bd017b9919c05d08aebef5e4c7ac3bac'), (b'Accept-Ranges', b'bytes'), (b'X-Hub-Cache', b'MISS'), (b'X-Error-Code', b'EntryNotFound'), (b'X-Error-Message', b'Entry not found'), (b'X-Cache', b'Error from cloudfront'), (b'Via', b'1.1 b0739f825ef509d0d9f4c0f0b5a7ae10.cloudfront.net (CloudFront)'), (b'X-Amz-Cf-Pop', b'ATL59-P13'), (b'X-Amz-Cf-Id', b'ADfMZbhWvlH6Lhx1wyZQxUveVn9k1zRjPuIiKc41FtudaeAuveb5ng==')])
2026-03-12 05:16:11  INFO      HTTP Request: HEAD https://huggingface.co/microsoft/Florence-2-base/resolve/main/chat_template.json "HTTP/1.1 404 Not Found"
2026-03-12 05:16:11  DEBUG     receive_response_body.started request=<Request [b'HEAD']>
2026-03-12 05:16:11  DEBUG     receive_response_body.complete
2026-03-12 05:16:11  DEBUG     response_closed.started
2026-03-12 05:16:11  DEBUG     response_closed.complete
2026-03-12 05:16:11  DEBUG     send_request_headers.started request=<Request [b'HEAD']>
2026-03-12 05:16:11  DEBUG     send_request_headers.complete
2026-03-12 05:16:11  DEBUG     send_request_body.started request=<Request [b'HEAD']>
2026-03-12 05:16:11  DEBUG     send_request_body.complete
2026-03-12 05:16:11  DEBUG     receive_response_headers.started request=<Request [b'HEAD']>
2026-03-12 05:16:11  DEBUG     receive_response_headers.complete return_value=(b'HTTP/1.1', 404, b'Not Found', [(b'Content-Type', b'text/plain; charset=utf-8'), (b'Content-Length', b'15'), (b'Connection', b'keep-alive'), (b'Date', b'Thu, 12 Mar 2026 09:16:11 GMT'), (b'ETag', b'W/"f-mY2VvLxuxB7KhsoOdQTlMTccuAQ"'), (b'X-Powered-By', b'huggingface-moon'), (b'X-Request-Id', b'Root=1-69b2845b-34837e20766cfb853aa69add;6e4eea55-0b03-4aed-bbb4-827ead668e4d'), (b'RateLimit', b'"resolvers";r=2992;t=93'), (b'RateLimit-Policy', b'"fixed window";"resolvers";q=3000;w=300'), (b'cross-origin-opener-policy', b'same-origin'), (b'Referrer-Policy', b'strict-origin-when-cross-origin'), (b'Access-Control-Max-Age', b'86400'), (b'Access-Control-Allow-Origin', b'https://huggingface.co'), (b'Vary', b'Origin'), (b'Access-Control-Expose-Headers', b'X-Repo-Commit,X-Request-Id,X-Error-Code,X-Error-Message,X-Total-Count,ETag,Link,Accept-Ranges,Content-Range,X-Linked-Size,X-Linked-ETag,X-Xet-Hash'), (b'X-Repo-Commit', b'5ca5edf5bd017b9919c05d08aebef5e4c7ac3bac'), (b'Accept-Ranges', b'bytes'), (b'X-Hub-Cache', b'MISS'), (b'X-Error-Code', b'EntryNotFound'), (b'X-Error-Message', b'Entry not found'), (b'X-Cache', b'Error from cloudfront'), (b'Via', b'1.1 b0739f825ef509d0d9f4c0f0b5a7ae10.cloudfront.net (CloudFront)'), (b'X-Amz-Cf-Pop', b'ATL59-P13'), (b'X-Amz-Cf-Id', b'NoE3Ii4Ei6izC7BJeCimcMhvQerUbqSG4Dc9540cOHvdJHhKp_qAZQ==')])
2026-03-12 05:16:11  INFO      HTTP Request: HEAD https://huggingface.co/microsoft/Florence-2-base/resolve/main/chat_template.jinja "HTTP/1.1 404 Not Found"
2026-03-12 05:16:11  DEBUG     receive_response_body.started request=<Request [b'HEAD']>
2026-03-12 05:16:11  DEBUG     receive_response_body.complete
2026-03-12 05:16:11  DEBUG     response_closed.started
2026-03-12 05:16:11  DEBUG     response_closed.complete
2026-03-12 05:16:11  DEBUG     send_request_headers.started request=<Request [b'HEAD']>
2026-03-12 05:16:11  DEBUG     send_request_headers.complete
2026-03-12 05:16:11  DEBUG     send_request_body.started request=<Request [b'HEAD']>
2026-03-12 05:16:11  DEBUG     send_request_body.complete
2026-03-12 05:16:11  DEBUG     receive_response_headers.started request=<Request [b'HEAD']>
2026-03-12 05:16:11  DEBUG     receive_response_headers.complete return_value=(b'HTTP/1.1', 404, b'Not Found', [(b'Content-Type', b'text/plain; charset=utf-8'), (b'Content-Length', b'15'), (b'Connection', b'keep-alive'), (b'Date', b'Thu, 12 Mar 2026 09:16:11 GMT'), (b'ETag', b'W/"f-mY2VvLxuxB7KhsoOdQTlMTccuAQ"'), (b'X-Powered-By', b'huggingface-moon'), (b'X-Request-Id', b'Root=1-69b2845b-0e2e614c2b25b8091718d947;9bdf3623-4846-48b4-8faf-e4fb03e7e82a'), (b'RateLimit', b'"resolvers";r=2991;t=93'), (b'RateLimit-Policy', b'"fixed window";"resolvers";q=3000;w=300'), (b'cross-origin-opener-policy', b'same-origin'), (b'Referrer-Policy', b'strict-origin-when-cross-origin'), (b'Access-Control-Max-Age', b'86400'), (b'Access-Control-Allow-Origin', b'https://huggingface.co'), (b'Vary', b'Origin'), (b'Access-Control-Expose-Headers', b'X-Repo-Commit,X-Request-Id,X-Error-Code,X-Error-Message,X-Total-Count,ETag,Link,Accept-Ranges,Content-Range,X-Linked-Size,X-Linked-ETag,X-Xet-Hash'), (b'X-Repo-Commit', b'5ca5edf5bd017b9919c05d08aebef5e4c7ac3bac'), (b'Accept-Ranges', b'bytes'), (b'X-HF-Warning', b'unauthenticated; Warning: You are sending unauthenticated requests to the HF Hub. Please set a HF_TOKEN to enable higher rate limits and faster downloads.'), (b'X-Hub-Cache', b'MISS'), (b'X-Error-Code', b'EntryNotFound'), (b'X-Error-Message', b'Entry not found'), (b'X-Cache', b'Error from cloudfront'), (b'Via', b'1.1 b0739f825ef509d0d9f4c0f0b5a7ae10.cloudfront.net (CloudFront)'), (b'X-Amz-Cf-Pop', b'ATL59-P13'), (b'X-Amz-Cf-Id', b'SVKsRGohV8uO_ujX97cRgYvPn4WCyne4Zu7zkW119suR9-WAT0d3-A==')])
2026-03-12 05:16:11  INFO      HTTP Request: HEAD https://huggingface.co/microsoft/Florence-2-base/resolve/main/audio_tokenizer_config.json "HTTP/1.1 404 Not Found"
2026-03-12 05:16:11  DEBUG     receive_response_body.started request=<Request [b'HEAD']>
2026-03-12 05:16:11  DEBUG     receive_response_body.complete
2026-03-12 05:16:11  DEBUG     response_closed.started
2026-03-12 05:16:11  DEBUG     response_closed.complete
2026-03-12 05:16:11  DEBUG     send_request_headers.started request=<Request [b'HEAD']>
2026-03-12 05:16:11  DEBUG     send_request_headers.complete
2026-03-12 05:16:11  DEBUG     send_request_body.started request=<Request [b'HEAD']>
2026-03-12 05:16:11  DEBUG     send_request_body.complete
2026-03-12 05:16:11  DEBUG     receive_response_headers.started request=<Request [b'HEAD']>
2026-03-12 05:16:11  DEBUG     receive_response_headers.complete return_value=(b'HTTP/1.1', 404, b'Not Found', [(b'Content-Type', b'text/plain; charset=utf-8'), (b'Content-Length', b'15'), (b'Connection', b'keep-alive'), (b'Date', b'Thu, 12 Mar 2026 09:16:11 GMT'), (b'ETag', b'W/"f-mY2VvLxuxB7KhsoOdQTlMTccuAQ"'), (b'X-Powered-By', b'huggingface-moon'), (b'X-Request-Id', b'Root=1-69b2845b-11c0efec4af79f3a453ea9d0;3e60f126-3cdb-4cea-bf5f-4f0ad674e7ce'), (b'RateLimit', b'"resolvers";r=2990;t=93'), (b'RateLimit-Policy', b'"fixed window";"resolvers";q=3000;w=300'), (b'cross-origin-opener-policy', b'same-origin'), (b'Referrer-Policy', b'strict-origin-when-cross-origin'), (b'Access-Control-Max-Age', b'86400'), (b'Access-Control-Allow-Origin', b'https://huggingface.co'), (b'Vary', b'Origin'), (b'Access-Control-Expose-Headers', b'X-Repo-Commit,X-Request-Id,X-Error-Code,X-Error-Message,X-Total-Count,ETag,Link,Accept-Ranges,Content-Range,X-Linked-Size,X-Linked-ETag,X-Xet-Hash'), (b'X-Repo-Commit', b'5ca5edf5bd017b9919c05d08aebef5e4c7ac3bac'), (b'Accept-Ranges', b'bytes'), (b'X-Hub-Cache', b'MISS'), (b'X-Error-Code', b'EntryNotFound'), (b'X-Error-Message', b'Entry not found'), (b'X-Cache', b'Error from cloudfront'), (b'Via', b'1.1 b0739f825ef509d0d9f4c0f0b5a7ae10.cloudfront.net (CloudFront)'), (b'X-Amz-Cf-Pop', b'ATL59-P13'), (b'X-Amz-Cf-Id', b'qtOY5Gb7KkW_WciYtKsi6SyIR-VrgjVrPVQluMRK0nh-wFZHdbYeXQ==')])
2026-03-12 05:16:11  INFO      HTTP Request: HEAD https://huggingface.co/microsoft/Florence-2-base/resolve/main/processor_config.json "HTTP/1.1 404 Not Found"
2026-03-12 05:16:11  DEBUG     receive_response_body.started request=<Request [b'HEAD']>
2026-03-12 05:16:11  DEBUG     receive_response_body.complete
2026-03-12 05:16:11  DEBUG     response_closed.started
2026-03-12 05:16:11  DEBUG     response_closed.complete
2026-03-12 05:16:11  DEBUG     send_request_headers.started request=<Request [b'HEAD']>
2026-03-12 05:16:11  DEBUG     send_request_headers.complete
2026-03-12 05:16:11  DEBUG     send_request_body.started request=<Request [b'HEAD']>
2026-03-12 05:16:11  DEBUG     send_request_body.complete
2026-03-12 05:16:11  DEBUG     receive_response_headers.started request=<Request [b'HEAD']>
2026-03-12 05:16:11  DEBUG     receive_response_headers.complete return_value=(b'HTTP/1.1', 307, b'Temporary Redirect', [(b'Content-Type', b'text/plain; charset=utf-8'), (b'Content-Length', b'280'), (b'Connection', b'keep-alive'), (b'Date', b'Thu, 12 Mar 2026 09:16:11 GMT'), (b'Location', b'/api/resolve-cache/models/microsoft/Florence-2-base/5ca5edf5bd017b9919c05d08aebef5e4c7ac3bac/preprocessor_config.json?%2Fmicrosoft%2FFlorence-2-base%2Fresolve%2Fmain%2Fpreprocessor_config.json=&etag=%2285cd7be3568df661ad536b6ab20d59b08ba079ae%22'), (b'X-Powered-By', b'huggingface-moon'), (b'X-Request-Id', b'Root=1-69b2845b-6fd9775e7b36ff9069305973;785fdc7b-745a-438f-8a3a-4258b6950c1a'), (b'RateLimit', b'"resolvers";r=2989;t=93'), (b'RateLimit-Policy', b'"fixed window";"resolvers";q=3000;w=300'), (b'cross-origin-opener-policy', b'same-origin'), (b'Referrer-Policy', b'strict-origin-when-cross-origin'), (b'Access-Control-Max-Age', b'86400'), (b'Access-Control-Allow-Origin', b'https://huggingface.co'), (b'Vary', b'Origin, Accept'), (b'Access-Control-Expose-Headers', b'X-Repo-Commit,X-Request-Id,X-Error-Code,X-Error-Message,X-Total-Count,ETag,Link,Accept-Ranges,Content-Range,X-Linked-Size,X-Linked-ETag,X-Xet-Hash'), (b'X-Repo-Commit', b'5ca5edf5bd017b9919c05d08aebef5e4c7ac3bac'), (b'Accept-Ranges', b'bytes'), (b'X-Hub-Cache', b'HIT'), (b'Content-Disposition', b'inline; filename*=UTF-8\'\'preprocessor_config.json; filename="preprocessor_config.json";'), (b'Content-Security-Policy', b"default-src 'none'; sandbox"), (b'X-Linked-ETag', b'"85cd7be3568df661ad536b6ab20d59b08ba079ae"'), (b'X-Cache', b'Miss from cloudfront'), (b'Via', b'1.1 b0739f825ef509d0d9f4c0f0b5a7ae10.cloudfront.net (CloudFront)'), (b'X-Amz-Cf-Pop', b'ATL59-P13'), (b'X-Amz-Cf-Id', b'dnMQZLMV6ozTU0Q3BqHKJvhu_m_lFYIkjrFhFKf6_2tyIjl_aEwyew==')])
2026-03-12 05:16:11  INFO      HTTP Request: HEAD https://huggingface.co/microsoft/Florence-2-base/resolve/main/preprocessor_config.json "HTTP/1.1 307 Temporary Redirect"
2026-03-12 05:16:11  DEBUG     receive_response_body.started request=<Request [b'HEAD']>
2026-03-12 05:16:11  DEBUG     receive_response_body.complete
2026-03-12 05:16:11  DEBUG     response_closed.started
2026-03-12 05:16:11  DEBUG     response_closed.complete
2026-03-12 05:16:11  DEBUG     send_request_headers.started request=<Request [b'HEAD']>
2026-03-12 05:16:11  DEBUG     send_request_headers.complete
2026-03-12 05:16:11  DEBUG     send_request_body.started request=<Request [b'HEAD']>
2026-03-12 05:16:11  DEBUG     send_request_body.complete
2026-03-12 05:16:11  DEBUG     receive_response_headers.started request=<Request [b'HEAD']>
2026-03-12 05:16:11  DEBUG     receive_response_headers.complete return_value=(b'HTTP/1.1', 200, b'OK', [(b'Content-Type', b'text/plain; charset=utf-8'), (b'Content-Length', b'806'), (b'Connection', b'keep-alive'), (b'Date', b'Fri, 29 Aug 2025 11:01:00 GMT'), (b'ETag', b'"85cd7be3568df661ad536b6ab20d59b08ba079ae"'), (b'X-Powered-By', b'huggingface-moon'), (b'cross-origin-opener-policy', b'same-origin'), (b'Referrer-Policy', b'strict-origin-when-cross-origin'), (b'X-Request-Id', b'Root=1-68b1886c-3d4f6bff3d722a4d12726afd;ef87aadc-03fd-42a9-938c-074af063b721'), (b'Access-Control-Allow-Origin', b'https://huggingface.co'), (b'Access-Control-Expose-Headers', b'X-Repo-Commit,X-Request-Id,X-Error-Code,X-Error-Message,X-Total-Count,ETag,Link,Accept-Ranges,Content-Range,X-Linked-Size,X-Linked-ETag,X-Xet-Hash'), (b'X-Repo-Commit', b'5ca5edf5bd017b9919c05d08aebef5e4c7ac3bac'), (b'Accept-Ranges', b'bytes'), (b'Content-Disposition', b'inline; filename*=UTF-8\'\'preprocessor_config.json; filename="preprocessor_config.json";'), (b'Content-Security-Policy', b"default-src 'none'; sandbox"), (b'Vary', b'Origin'), (b'X-Cache', b'Hit from cloudfront'), (b'Via', b'1.1 b0739f825ef509d0d9f4c0f0b5a7ae10.cloudfront.net (CloudFront)'), (b'X-Amz-Cf-Pop', b'ATL59-P13'), (b'X-Amz-Cf-Id', b'43QMwavG-QSraOFffFoOMH9Rr1YOYiEPoIxmFpyaODdVyv_HfjWFdA=='), (b'Age', b'16841711')])
2026-03-12 05:16:11  INFO      HTTP Request: HEAD https://huggingface.co/api/resolve-cache/models/microsoft/Florence-2-base/5ca5edf5bd017b9919c05d08aebef5e4c7ac3bac/preprocessor_config.json "HTTP/1.1 200 OK"
2026-03-12 05:16:11  DEBUG     receive_response_body.started request=<Request [b'HEAD']>
2026-03-12 05:16:11  DEBUG     receive_response_body.complete
2026-03-12 05:16:11  DEBUG     response_closed.started
2026-03-12 05:16:11  DEBUG     response_closed.complete
2026-03-12 05:16:11  DEBUG     send_request_headers.started request=<Request [b'HEAD']>
2026-03-12 05:16:11  DEBUG     send_request_headers.complete
2026-03-12 05:16:11  DEBUG     send_request_body.started request=<Request [b'HEAD']>
2026-03-12 05:16:11  DEBUG     send_request_body.complete
2026-03-12 05:16:11  DEBUG     receive_response_headers.started request=<Request [b'HEAD']>
2026-03-12 05:16:12  DEBUG     receive_response_headers.complete return_value=(b'HTTP/1.1', 404, b'Not Found', [(b'Content-Type', b'text/plain; charset=utf-8'), (b'Content-Length', b'15'), (b'Connection', b'keep-alive'), (b'Date', b'Thu, 12 Mar 2026 09:16:11 GMT'), (b'ETag', b'W/"f-mY2VvLxuxB7KhsoOdQTlMTccuAQ"'), (b'X-Powered-By', b'huggingface-moon'), (b'X-Request-Id', b'Root=1-69b2845b-619fd4b570dedddc1bead8f4;9513e569-9ea2-4d99-919c-17755d637743'), (b'RateLimit', b'"resolvers";r=2988;t=93'), (b'RateLimit-Policy', b'"fixed window";"resolvers";q=3000;w=300'), (b'cross-origin-opener-policy', b'same-origin'), (b'Referrer-Policy', b'strict-origin-when-cross-origin'), (b'Access-Control-Max-Age', b'86400'), (b'Access-Control-Allow-Origin', b'https://huggingface.co'), (b'Vary', b'Origin'), (b'Access-Control-Expose-Headers', b'X-Repo-Commit,X-Request-Id,X-Error-Code,X-Error-Message,X-Total-Count,ETag,Link,Accept-Ranges,Content-Range,X-Linked-Size,X-Linked-ETag,X-Xet-Hash'), (b'X-Repo-Commit', b'5ca5edf5bd017b9919c05d08aebef5e4c7ac3bac'), (b'Accept-Ranges', b'bytes'), (b'X-Hub-Cache', b'MISS'), (b'X-Error-Code', b'EntryNotFound'), (b'X-Error-Message', b'Entry not found'), (b'X-Cache', b'Error from cloudfront'), (b'Via', b'1.1 b0739f825ef509d0d9f4c0f0b5a7ae10.cloudfront.net (CloudFront)'), (b'X-Amz-Cf-Pop', b'ATL59-P13'), (b'X-Amz-Cf-Id', b'qK46MMKAiF4MBIWyRc_LJ0xp6GNwUPTZfE0zY7rBMQNIqaASRfYqfg==')])
2026-03-12 05:16:12  INFO      HTTP Request: HEAD https://huggingface.co/microsoft/Florence-2-base/resolve/main/processor_config.json "HTTP/1.1 404 Not Found"
2026-03-12 05:16:12  DEBUG     receive_response_body.started request=<Request [b'HEAD']>
2026-03-12 05:16:12  DEBUG     receive_response_body.complete
2026-03-12 05:16:12  DEBUG     response_closed.started
2026-03-12 05:16:12  DEBUG     response_closed.complete
2026-03-12 05:16:12  DEBUG     send_request_headers.started request=<Request [b'HEAD']>
2026-03-12 05:16:12  DEBUG     send_request_headers.complete
2026-03-12 05:16:12  DEBUG     send_request_body.started request=<Request [b'HEAD']>
2026-03-12 05:16:12  DEBUG     send_request_body.complete
2026-03-12 05:16:12  DEBUG     receive_response_headers.started request=<Request [b'HEAD']>
2026-03-12 05:16:12  DEBUG     receive_response_headers.complete return_value=(b'HTTP/1.1', 307, b'Temporary Redirect', [(b'Content-Type', b'text/plain; charset=utf-8'), (b'Content-Length', b'280'), (b'Connection', b'keep-alive'), (b'Date', b'Thu, 12 Mar 2026 09:16:12 GMT'), (b'Location', b'/api/resolve-cache/models/microsoft/Florence-2-base/5ca5edf5bd017b9919c05d08aebef5e4c7ac3bac/preprocessor_config.json?%2Fmicrosoft%2FFlorence-2-base%2Fresolve%2Fmain%2Fpreprocessor_config.json=&etag=%2285cd7be3568df661ad536b6ab20d59b08ba079ae%22'), (b'X-Powered-By', b'huggingface-moon'), (b'X-Request-Id', b'Root=1-69b2845c-13959d2867c8c6ed2b81c30c;ec982234-5441-4a70-834c-7ffe0b11195e'), (b'RateLimit', b'"resolvers";r=2987;t=92'), (b'RateLimit-Policy', b'"fixed window";"resolvers";q=3000;w=300'), (b'cross-origin-opener-policy', b'same-origin'), (b'Referrer-Policy', b'strict-origin-when-cross-origin'), (b'Access-Control-Max-Age', b'86400'), (b'Access-Control-Allow-Origin', b'https://huggingface.co'), (b'Vary', b'Origin, Accept'), (b'Access-Control-Expose-Headers', b'X-Repo-Commit,X-Request-Id,X-Error-Code,X-Error-Message,X-Total-Count,ETag,Link,Accept-Ranges,Content-Range,X-Linked-Size,X-Linked-ETag,X-Xet-Hash'), (b'X-Repo-Commit', b'5ca5edf5bd017b9919c05d08aebef5e4c7ac3bac'), (b'Accept-Ranges', b'bytes'), (b'X-Hub-Cache', b'HIT'), (b'Content-Disposition', b'inline; filename*=UTF-8\'\'preprocessor_config.json; filename="preprocessor_config.json";'), (b'Content-Security-Policy', b"default-src 'none'; sandbox"), (b'X-Linked-ETag', b'"85cd7be3568df661ad536b6ab20d59b08ba079ae"'), (b'X-Cache', b'Miss from cloudfront'), (b'Via', b'1.1 b0739f825ef509d0d9f4c0f0b5a7ae10.cloudfront.net (CloudFront)'), (b'X-Amz-Cf-Pop', b'ATL59-P13'), (b'X-Amz-Cf-Id', b'6A3GWxjCqdEmENTMglSkK9Y-UkuZykyR8LBBEUfOIoul1dWYKpkwwQ==')])
2026-03-12 05:16:12  INFO      HTTP Request: HEAD https://huggingface.co/microsoft/Florence-2-base/resolve/main/preprocessor_config.json "HTTP/1.1 307 Temporary Redirect"
2026-03-12 05:16:12  DEBUG     receive_response_body.started request=<Request [b'HEAD']>
2026-03-12 05:16:12  DEBUG     receive_response_body.complete
2026-03-12 05:16:12  DEBUG     response_closed.started
2026-03-12 05:16:12  DEBUG     response_closed.complete
2026-03-12 05:16:12  DEBUG     send_request_headers.started request=<Request [b'HEAD']>
2026-03-12 05:16:12  DEBUG     send_request_headers.complete
2026-03-12 05:16:12  DEBUG     send_request_body.started request=<Request [b'HEAD']>
2026-03-12 05:16:12  DEBUG     send_request_body.complete
2026-03-12 05:16:12  DEBUG     receive_response_headers.started request=<Request [b'HEAD']>
2026-03-12 05:16:12  DEBUG     receive_response_headers.complete return_value=(b'HTTP/1.1', 200, b'OK', [(b'Content-Type', b'text/plain; charset=utf-8'), (b'Content-Length', b'806'), (b'Connection', b'keep-alive'), (b'Date', b'Fri, 29 Aug 2025 11:01:00 GMT'), (b'ETag', b'"85cd7be3568df661ad536b6ab20d59b08ba079ae"'), (b'X-Powered-By', b'huggingface-moon'), (b'cross-origin-opener-policy', b'same-origin'), (b'Referrer-Policy', b'strict-origin-when-cross-origin'), (b'X-Request-Id', b'Root=1-68b1886c-3d4f6bff3d722a4d12726afd;ef87aadc-03fd-42a9-938c-074af063b721'), (b'Access-Control-Allow-Origin', b'https://huggingface.co'), (b'Access-Control-Expose-Headers', b'X-Repo-Commit,X-Request-Id,X-Error-Code,X-Error-Message,X-Total-Count,ETag,Link,Accept-Ranges,Content-Range,X-Linked-Size,X-Linked-ETag,X-Xet-Hash'), (b'X-Repo-Commit', b'5ca5edf5bd017b9919c05d08aebef5e4c7ac3bac'), (b'Accept-Ranges', b'bytes'), (b'Content-Disposition', b'inline; filename*=UTF-8\'\'preprocessor_config.json; filename="preprocessor_config.json";'), (b'Content-Security-Policy', b"default-src 'none'; sandbox"), (b'Vary', b'Origin'), (b'X-Cache', b'Hit from cloudfront'), (b'Via', b'1.1 b0739f825ef509d0d9f4c0f0b5a7ae10.cloudfront.net (CloudFront)'), (b'X-Amz-Cf-Pop', b'ATL59-P13'), (b'X-Amz-Cf-Id', b'NpJy0CebheDI8NcnivtP6C9bDpxZ26s1R4_11CLGGq6n5F8Q-UGiag=='), (b'Age', b'16841712')])
2026-03-12 05:16:12  INFO      HTTP Request: HEAD https://huggingface.co/api/resolve-cache/models/microsoft/Florence-2-base/5ca5edf5bd017b9919c05d08aebef5e4c7ac3bac/preprocessor_config.json "HTTP/1.1 200 OK"
2026-03-12 05:16:12  DEBUG     receive_response_body.started request=<Request [b'HEAD']>
2026-03-12 05:16:12  DEBUG     receive_response_body.complete
2026-03-12 05:16:12  DEBUG     response_closed.started
2026-03-12 05:16:12  DEBUG     response_closed.complete
2026-03-12 05:16:12  DEBUG     send_request_headers.started request=<Request [b'HEAD']>
2026-03-12 05:16:12  DEBUG     send_request_headers.complete
2026-03-12 05:16:12  DEBUG     send_request_body.started request=<Request [b'HEAD']>
2026-03-12 05:16:12  DEBUG     send_request_body.complete
2026-03-12 05:16:12  DEBUG     receive_response_headers.started request=<Request [b'HEAD']>
2026-03-12 05:16:12  DEBUG     receive_response_headers.complete return_value=(b'HTTP/1.1', 307, b'Temporary Redirect', [(b'Content-Type', b'text/plain; charset=utf-8'), (b'Content-Length', b'254'), (b'Connection', b'keep-alive'), (b'Date', b'Thu, 12 Mar 2026 09:16:12 GMT'), (b'Location', b'/api/resolve-cache/models/microsoft/Florence-2-base/5ca5edf5bd017b9919c05d08aebef5e4c7ac3bac/config.json?%2Fmicrosoft%2FFlorence-2-base%2Fresolve%2Fmain%2Fconfig.json=&etag=%2274a4482afd52515c89ae8d7d388a537a16f5d350%22'), (b'X-Powered-By', b'huggingface-moon'), (b'X-Request-Id', b'Root=1-69b2845c-0736b41109a0ce3007044fdb;c7d0f2cf-4d69-445e-a36b-15b468da5f59'), (b'RateLimit', b'"resolvers";r=2986;t=92'), (b'RateLimit-Policy', b'"fixed window";"resolvers";q=3000;w=300'), (b'cross-origin-opener-policy', b'same-origin'), (b'Referrer-Policy', b'strict-origin-when-cross-origin'), (b'Access-Control-Max-Age', b'86400'), (b'Access-Control-Allow-Origin', b'https://huggingface.co'), (b'Vary', b'Origin, Accept'), (b'Access-Control-Expose-Headers', b'X-Repo-Commit,X-Request-Id,X-Error-Code,X-Error-Message,X-Total-Count,ETag,Link,Accept-Ranges,Content-Range,X-Linked-Size,X-Linked-ETag,X-Xet-Hash'), (b'X-Repo-Commit', b'5ca5edf5bd017b9919c05d08aebef5e4c7ac3bac'), (b'Accept-Ranges', b'bytes'), (b'X-Hub-Cache', b'HIT'), (b'Content-Disposition', b'inline; filename*=UTF-8\'\'config.json; filename="config.json";'), (b'Content-Security-Policy', b"default-src 'none'; sandbox"), (b'X-Linked-ETag', b'"74a4482afd52515c89ae8d7d388a537a16f5d350"'), (b'X-Cache', b'Miss from cloudfront'), (b'Via', b'1.1 b0739f825ef509d0d9f4c0f0b5a7ae10.cloudfront.net (CloudFront)'), (b'X-Amz-Cf-Pop', b'ATL59-P13'), (b'X-Amz-Cf-Id', b'VjiIZIVk-F9pjf_yCVpYSb37YvkdeNHj3Qqcyrtq6FWd8LxymhBKqA==')])
2026-03-12 05:16:12  INFO      HTTP Request: HEAD https://huggingface.co/microsoft/Florence-2-base/resolve/main/config.json "HTTP/1.1 307 Temporary Redirect"
2026-03-12 05:16:12  DEBUG     receive_response_body.started request=<Request [b'HEAD']>
2026-03-12 05:16:12  DEBUG     receive_response_body.complete
2026-03-12 05:16:12  DEBUG     response_closed.started
2026-03-12 05:16:12  DEBUG     response_closed.complete
2026-03-12 05:16:12  DEBUG     send_request_headers.started request=<Request [b'HEAD']>
2026-03-12 05:16:12  DEBUG     send_request_headers.complete
2026-03-12 05:16:12  DEBUG     send_request_body.started request=<Request [b'HEAD']>
2026-03-12 05:16:12  DEBUG     send_request_body.complete
2026-03-12 05:16:12  DEBUG     receive_response_headers.started request=<Request [b'HEAD']>
2026-03-12 05:16:13  DEBUG     receive_response_headers.complete return_value=(b'HTTP/1.1', 200, b'OK', [(b'Content-Type', b'text/plain; charset=utf-8'), (b'Content-Length', b'2430'), (b'Connection', b'keep-alive'), (b'Date', b'Fri, 29 Aug 2025 10:27:59 GMT'), (b'ETag', b'"74a4482afd52515c89ae8d7d388a537a16f5d350"'), (b'X-Powered-By', b'huggingface-moon'), (b'cross-origin-opener-policy', b'same-origin'), (b'Referrer-Policy', b'strict-origin-when-cross-origin'), (b'X-Request-Id', b'Root=1-68b180af-2bdeb06a69de599e4d19f3fe;3c79d66e-c4e0-4ed2-b6ce-cc626ee80382'), (b'Access-Control-Allow-Origin', b'https://huggingface.co'), (b'Access-Control-Expose-Headers', b'X-Repo-Commit,X-Request-Id,X-Error-Code,X-Error-Message,X-Total-Count,ETag,Link,Accept-Ranges,Content-Range,X-Linked-Size,X-Linked-ETag,X-Xet-Hash'), (b'X-Repo-Commit', b'5ca5edf5bd017b9919c05d08aebef5e4c7ac3bac'), (b'Accept-Ranges', b'bytes'), (b'Content-Disposition', b'inline; filename*=UTF-8\'\'config.json; filename="config.json";'), (b'Content-Security-Policy', b"default-src 'none'; sandbox"), (b'Vary', b'Origin'), (b'X-Cache', b'Hit from cloudfront'), (b'Via', b'1.1 b0739f825ef509d0d9f4c0f0b5a7ae10.cloudfront.net (CloudFront)'), (b'X-Amz-Cf-Pop', b'ATL59-P13'), (b'X-Amz-Cf-Id', b'3LRffLNKnMwadBqh5DFmosibXiLkjHi0bGvHoIscElHnoW1qdecBog=='), (b'Age', b'16843694')])
2026-03-12 05:16:13  INFO      HTTP Request: HEAD https://huggingface.co/api/resolve-cache/models/microsoft/Florence-2-base/5ca5edf5bd017b9919c05d08aebef5e4c7ac3bac/config.json "HTTP/1.1 200 OK"
2026-03-12 05:16:13  DEBUG     receive_response_body.started request=<Request [b'HEAD']>
2026-03-12 05:16:13  DEBUG     receive_response_body.complete
2026-03-12 05:16:13  DEBUG     response_closed.started
2026-03-12 05:16:13  DEBUG     response_closed.complete
2026-03-12 05:16:13  DEBUG     send_request_headers.started request=<Request [b'HEAD']>
2026-03-12 05:16:13  DEBUG     send_request_headers.complete
2026-03-12 05:16:13  DEBUG     send_request_body.started request=<Request [b'HEAD']>
2026-03-12 05:16:13  DEBUG     send_request_body.complete
2026-03-12 05:16:13  DEBUG     receive_response_headers.started request=<Request [b'HEAD']>
2026-03-12 05:16:13  DEBUG     receive_response_headers.complete return_value=(b'HTTP/1.1', 307, b'Temporary Redirect', [(b'Content-Type', b'text/plain; charset=utf-8'), (b'Content-Length', b'284'), (b'Connection', b'keep-alive'), (b'Date', b'Thu, 12 Mar 2026 09:16:13 GMT'), (b'Location', b'/api/resolve-cache/models/microsoft/Florence-2-base/5ca5edf5bd017b9919c05d08aebef5e4c7ac3bac/configuration_florence2.py?%2Fmicrosoft%2FFlorence-2-base%2Fresolve%2Fmain%2Fconfiguration_florence2.py=&etag=%22b8869617ef8dfd0f04d421cf59b83ca662c363ad%22'), (b'X-Powered-By', b'huggingface-moon'), (b'X-Request-Id', b'Root=1-69b2845d-36a976005d48e1f972952273;5da44167-8f60-4eac-a3d1-39ac87059c90'), (b'RateLimit', b'"resolvers";r=2985;t=91'), (b'RateLimit-Policy', b'"fixed window";"resolvers";q=3000;w=300'), (b'cross-origin-opener-policy', b'same-origin'), (b'Referrer-Policy', b'strict-origin-when-cross-origin'), (b'Access-Control-Max-Age', b'86400'), (b'Access-Control-Allow-Origin', b'https://huggingface.co'), (b'Vary', b'Origin, Accept'), (b'Access-Control-Expose-Headers', b'X-Repo-Commit,X-Request-Id,X-Error-Code,X-Error-Message,X-Total-Count,ETag,Link,Accept-Ranges,Content-Range,X-Linked-Size,X-Linked-ETag,X-Xet-Hash'), (b'X-Repo-Commit', b'5ca5edf5bd017b9919c05d08aebef5e4c7ac3bac'), (b'Accept-Ranges', b'bytes'), (b'X-Hub-Cache', b'HIT'), (b'Content-Disposition', b'inline; filename*=UTF-8\'\'configuration_florence2.py; filename="configuration_florence2.py";'), (b'Content-Security-Policy', b"default-src 'none'; sandbox"), (b'X-Linked-ETag', b'"b8869617ef8dfd0f04d421cf59b83ca662c363ad"'), (b'X-Cache', b'Miss from cloudfront'), (b'Via', b'1.1 b0739f825ef509d0d9f4c0f0b5a7ae10.cloudfront.net (CloudFront)'), (b'X-Amz-Cf-Pop', b'ATL59-P13'), (b'X-Amz-Cf-Id', b'xThO9gK6NelAs7fQ3RThVFzpIB0rcy6goYUHmFJrNNWADjrg4DUK4Q==')])
2026-03-12 05:16:13  INFO      HTTP Request: HEAD https://huggingface.co/microsoft/Florence-2-base/resolve/main/configuration_florence2.py "HTTP/1.1 307 Temporary Redirect"
2026-03-12 05:16:13  DEBUG     receive_response_body.started request=<Request [b'HEAD']>
2026-03-12 05:16:13  DEBUG     receive_response_body.complete
2026-03-12 05:16:13  DEBUG     response_closed.started
2026-03-12 05:16:13  DEBUG     response_closed.complete
2026-03-12 05:16:13  DEBUG     send_request_headers.started request=<Request [b'HEAD']>
2026-03-12 05:16:13  DEBUG     send_request_headers.complete
2026-03-12 05:16:13  DEBUG     send_request_body.started request=<Request [b'HEAD']>
2026-03-12 05:16:13  DEBUG     send_request_body.complete
2026-03-12 05:16:13  DEBUG     receive_response_headers.started request=<Request [b'HEAD']>
2026-03-12 05:16:13  DEBUG     receive_response_headers.complete return_value=(b'HTTP/1.1', 200, b'OK', [(b'Content-Type', b'text/plain; charset=utf-8'), (b'Content-Length', b'15119'), (b'Connection', b'keep-alive'), (b'Date', b'Fri, 29 Aug 2025 10:28:00 GMT'), (b'ETag', b'"b8869617ef8dfd0f04d421cf59b83ca662c363ad"'), (b'X-Powered-By', b'huggingface-moon'), (b'cross-origin-opener-policy', b'same-origin'), (b'Referrer-Policy', b'strict-origin-when-cross-origin'), (b'X-Request-Id', b'Root=1-68b180b0-2c44fee4114328806c9f1031;1bfda5f7-3121-4226-a1e6-bfc61b7768cf'), (b'Access-Control-Allow-Origin', b'https://huggingface.co'), (b'Access-Control-Expose-Headers', b'X-Repo-Commit,X-Request-Id,X-Error-Code,X-Error-Message,X-Total-Count,ETag,Link,Accept-Ranges,Content-Range,X-Linked-Size,X-Linked-ETag,X-Xet-Hash'), (b'X-Repo-Commit', b'5ca5edf5bd017b9919c05d08aebef5e4c7ac3bac'), (b'Accept-Ranges', b'bytes'), (b'Content-Disposition', b'inline; filename*=UTF-8\'\'configuration_florence2.py; filename="configuration_florence2.py";'), (b'Content-Security-Policy', b"default-src 'none'; sandbox"), (b'Vary', b'Origin'), (b'X-Cache', b'Hit from cloudfront'), (b'Via', b'1.1 b0739f825ef509d0d9f4c0f0b5a7ae10.cloudfront.net (CloudFront)'), (b'X-Amz-Cf-Pop', b'ATL59-P13'), (b'X-Amz-Cf-Id', b'0p_LkEiar3ABfCPck26QTks4tLW11PdRTqXniJdl1uESVJkzorhvFw=='), (b'Age', b'16843693')])
2026-03-12 05:16:13  INFO      HTTP Request: HEAD https://huggingface.co/api/resolve-cache/models/microsoft/Florence-2-base/5ca5edf5bd017b9919c05d08aebef5e4c7ac3bac/configuration_florence2.py "HTTP/1.1 200 OK"
2026-03-12 05:16:13  DEBUG     receive_response_body.started request=<Request [b'HEAD']>
2026-03-12 05:16:13  DEBUG     receive_response_body.complete
2026-03-12 05:16:13  DEBUG     response_closed.started
2026-03-12 05:16:13  DEBUG     response_closed.complete
2026-03-12 05:16:13  DEBUG     send_request_headers.started request=<Request [b'HEAD']>
2026-03-12 05:16:13  DEBUG     send_request_headers.complete
2026-03-12 05:16:13  DEBUG     send_request_body.started request=<Request [b'HEAD']>
2026-03-12 05:16:13  DEBUG     send_request_body.complete
2026-03-12 05:16:13  DEBUG     receive_response_headers.started request=<Request [b'HEAD']>
2026-03-12 05:16:13  DEBUG     receive_response_headers.complete return_value=(b'HTTP/1.1', 307, b'Temporary Redirect', [(b'Content-Type', b'text/plain; charset=utf-8'), (b'Content-Length', b'254'), (b'Connection', b'keep-alive'), (b'Date', b'Thu, 12 Mar 2026 09:16:13 GMT'), (b'Location', b'/api/resolve-cache/models/microsoft/Florence-2-base/5ca5edf5bd017b9919c05d08aebef5e4c7ac3bac/config.json?%2Fmicrosoft%2FFlorence-2-base%2Fresolve%2Fmain%2Fconfig.json=&etag=%2274a4482afd52515c89ae8d7d388a537a16f5d350%22'), (b'X-Powered-By', b'huggingface-moon'), (b'X-Request-Id', b'Root=1-69b2845d-45a26b276d8c650c3d76f1a7;bfae155e-0b37-4f93-9f1c-c3d287dc2be2'), (b'RateLimit', b'"resolvers";r=2984;t=91'), (b'RateLimit-Policy', b'"fixed window";"resolvers";q=3000;w=300'), (b'cross-origin-opener-policy', b'same-origin'), (b'Referrer-Policy', b'strict-origin-when-cross-origin'), (b'Access-Control-Max-Age', b'86400'), (b'Access-Control-Allow-Origin', b'https://huggingface.co'), (b'Vary', b'Origin, Accept'), (b'Access-Control-Expose-Headers', b'X-Repo-Commit,X-Request-Id,X-Error-Code,X-Error-Message,X-Total-Count,ETag,Link,Accept-Ranges,Content-Range,X-Linked-Size,X-Linked-ETag,X-Xet-Hash'), (b'X-Repo-Commit', b'5ca5edf5bd017b9919c05d08aebef5e4c7ac3bac'), (b'Accept-Ranges', b'bytes'), (b'X-Hub-Cache', b'HIT'), (b'Content-Disposition', b'inline; filename*=UTF-8\'\'config.json; filename="config.json";'), (b'Content-Security-Policy', b"default-src 'none'; sandbox"), (b'X-Linked-ETag', b'"74a4482afd52515c89ae8d7d388a537a16f5d350"'), (b'X-Cache', b'Miss from cloudfront'), (b'Via', b'1.1 b0739f825ef509d0d9f4c0f0b5a7ae10.cloudfront.net (CloudFront)'), (b'X-Amz-Cf-Pop', b'ATL59-P13'), (b'X-Amz-Cf-Id', b'VeSRdKYEIPWXvi_GB0wWmXBIKzF4swlH0B0PdOBrc5R2nK3VPGBuoQ==')])
2026-03-12 05:16:13  INFO      HTTP Request: HEAD https://huggingface.co/microsoft/Florence-2-base/resolve/main/config.json "HTTP/1.1 307 Temporary Redirect"
2026-03-12 05:16:13  DEBUG     receive_response_body.started request=<Request [b'HEAD']>
2026-03-12 05:16:13  DEBUG     receive_response_body.complete
2026-03-12 05:16:13  DEBUG     response_closed.started
2026-03-12 05:16:13  DEBUG     response_closed.complete
2026-03-12 05:16:13  DEBUG     send_request_headers.started request=<Request [b'HEAD']>
2026-03-12 05:16:13  DEBUG     send_request_headers.complete
2026-03-12 05:16:13  DEBUG     send_request_body.started request=<Request [b'HEAD']>
2026-03-12 05:16:13  DEBUG     send_request_body.complete
2026-03-12 05:16:13  DEBUG     receive_response_headers.started request=<Request [b'HEAD']>
2026-03-12 05:16:13  DEBUG     receive_response_headers.complete return_value=(b'HTTP/1.1', 200, b'OK', [(b'Content-Type', b'text/plain; charset=utf-8'), (b'Content-Length', b'2430'), (b'Connection', b'keep-alive'), (b'Date', b'Fri, 29 Aug 2025 10:27:59 GMT'), (b'ETag', b'"74a4482afd52515c89ae8d7d388a537a16f5d350"'), (b'X-Powered-By', b'huggingface-moon'), (b'cross-origin-opener-policy', b'same-origin'), (b'Referrer-Policy', b'strict-origin-when-cross-origin'), (b'X-Request-Id', b'Root=1-68b180af-2bdeb06a69de599e4d19f3fe;3c79d66e-c4e0-4ed2-b6ce-cc626ee80382'), (b'Access-Control-Allow-Origin', b'https://huggingface.co'), (b'Access-Control-Expose-Headers', b'X-Repo-Commit,X-Request-Id,X-Error-Code,X-Error-Message,X-Total-Count,ETag,Link,Accept-Ranges,Content-Range,X-Linked-Size,X-Linked-ETag,X-Xet-Hash'), (b'X-Repo-Commit', b'5ca5edf5bd017b9919c05d08aebef5e4c7ac3bac'), (b'Accept-Ranges', b'bytes'), (b'Content-Disposition', b'inline; filename*=UTF-8\'\'config.json; filename="config.json";'), (b'Content-Security-Policy', b"default-src 'none'; sandbox"), (b'Vary', b'Origin'), (b'X-Cache', b'Hit from cloudfront'), (b'Via', b'1.1 b0739f825ef509d0d9f4c0f0b5a7ae10.cloudfront.net (CloudFront)'), (b'X-Amz-Cf-Pop', b'ATL59-P13'), (b'X-Amz-Cf-Id', b'2oLR3PwUkj3-lHhvRVMrZUOP05WkCRcMt_WBX4u2P1EvAMSPm2Ua-A=='), (b'Age', b'16843694')])
2026-03-12 05:16:13  INFO      HTTP Request: HEAD https://huggingface.co/api/resolve-cache/models/microsoft/Florence-2-base/5ca5edf5bd017b9919c05d08aebef5e4c7ac3bac/config.json "HTTP/1.1 200 OK"
2026-03-12 05:16:13  DEBUG     receive_response_body.started request=<Request [b'HEAD']>
2026-03-12 05:16:13  DEBUG     receive_response_body.complete
2026-03-12 05:16:13  DEBUG     response_closed.started
2026-03-12 05:16:13  DEBUG     response_closed.complete
2026-03-12 05:16:13  DEBUG     send_request_headers.started request=<Request [b'HEAD']>
2026-03-12 05:16:13  DEBUG     send_request_headers.complete
2026-03-12 05:16:13  DEBUG     send_request_body.started request=<Request [b'HEAD']>
2026-03-12 05:16:13  DEBUG     send_request_body.complete
2026-03-12 05:16:13  DEBUG     receive_response_headers.started request=<Request [b'HEAD']>
2026-03-12 05:16:13  DEBUG     receive_response_headers.complete return_value=(b'HTTP/1.1', 307, b'Temporary Redirect', [(b'Content-Type', b'text/plain; charset=utf-8'), (b'Content-Length', b'254'), (b'Connection', b'keep-alive'), (b'Date', b'Thu, 12 Mar 2026 09:16:13 GMT'), (b'Location', b'/api/resolve-cache/models/microsoft/Florence-2-base/5ca5edf5bd017b9919c05d08aebef5e4c7ac3bac/config.json?%2Fmicrosoft%2FFlorence-2-base%2Fresolve%2Fmain%2Fconfig.json=&etag=%2274a4482afd52515c89ae8d7d388a537a16f5d350%22'), (b'X-Powered-By', b'huggingface-moon'), (b'X-Request-Id', b'Root=1-69b2845d-09cec67721bea3df11895b39;4db9b8e7-a436-45c8-9efe-405d269b047f'), (b'RateLimit', b'"resolvers";r=2983;t=91'), (b'RateLimit-Policy', b'"fixed window";"resolvers";q=3000;w=300'), (b'cross-origin-opener-policy', b'same-origin'), (b'Referrer-Policy', b'strict-origin-when-cross-origin'), (b'Access-Control-Max-Age', b'86400'), (b'Access-Control-Allow-Origin', b'https://huggingface.co'), (b'Vary', b'Origin, Accept'), (b'Access-Control-Expose-Headers', b'X-Repo-Commit,X-Request-Id,X-Error-Code,X-Error-Message,X-Total-Count,ETag,Link,Accept-Ranges,Content-Range,X-Linked-Size,X-Linked-ETag,X-Xet-Hash'), (b'X-Repo-Commit', b'5ca5edf5bd017b9919c05d08aebef5e4c7ac3bac'), (b'Accept-Ranges', b'bytes'), (b'X-Hub-Cache', b'HIT'), (b'Content-Disposition', b'inline; filename*=UTF-8\'\'config.json; filename="config.json";'), (b'Content-Security-Policy', b"default-src 'none'; sandbox"), (b'X-Linked-ETag', b'"74a4482afd52515c89ae8d7d388a537a16f5d350"'), (b'X-Cache', b'Miss from cloudfront'), (b'Via', b'1.1 b0739f825ef509d0d9f4c0f0b5a7ae10.cloudfront.net (CloudFront)'), (b'X-Amz-Cf-Pop', b'ATL59-P13'), (b'X-Amz-Cf-Id', b'Y3Yq0gaoOJYrzzuRMGujnwit0DB502TAz9uLTMmNwHwKpNiA19OJCQ==')])
2026-03-12 05:16:13  INFO      HTTP Request: HEAD https://huggingface.co/microsoft/Florence-2-base/resolve/main/config.json "HTTP/1.1 307 Temporary Redirect"
2026-03-12 05:16:13  DEBUG     receive_response_body.started request=<Request [b'HEAD']>
2026-03-12 05:16:13  DEBUG     receive_response_body.complete
2026-03-12 05:16:13  DEBUG     response_closed.started
2026-03-12 05:16:13  DEBUG     response_closed.complete
2026-03-12 05:16:13  DEBUG     send_request_headers.started request=<Request [b'HEAD']>
2026-03-12 05:16:13  DEBUG     send_request_headers.complete
2026-03-12 05:16:13  DEBUG     send_request_body.started request=<Request [b'HEAD']>
2026-03-12 05:16:13  DEBUG     send_request_body.complete
2026-03-12 05:16:13  DEBUG     receive_response_headers.started request=<Request [b'HEAD']>
2026-03-12 05:16:14  DEBUG     receive_response_headers.complete return_value=(b'HTTP/1.1', 200, b'OK', [(b'Content-Type', b'text/plain; charset=utf-8'), (b'Content-Length', b'2430'), (b'Connection', b'keep-alive'), (b'Date', b'Fri, 29 Aug 2025 10:27:59 GMT'), (b'ETag', b'"74a4482afd52515c89ae8d7d388a537a16f5d350"'), (b'X-Powered-By', b'huggingface-moon'), (b'cross-origin-opener-policy', b'same-origin'), (b'Referrer-Policy', b'strict-origin-when-cross-origin'), (b'X-Request-Id', b'Root=1-68b180af-2bdeb06a69de599e4d19f3fe;3c79d66e-c4e0-4ed2-b6ce-cc626ee80382'), (b'Access-Control-Allow-Origin', b'https://huggingface.co'), (b'Access-Control-Expose-Headers', b'X-Repo-Commit,X-Request-Id,X-Error-Code,X-Error-Message,X-Total-Count,ETag,Link,Accept-Ranges,Content-Range,X-Linked-Size,X-Linked-ETag,X-Xet-Hash'), (b'X-Repo-Commit', b'5ca5edf5bd017b9919c05d08aebef5e4c7ac3bac'), (b'Accept-Ranges', b'bytes'), (b'Content-Disposition', b'inline; filename*=UTF-8\'\'config.json; filename="config.json";'), (b'Content-Security-Policy', b"default-src 'none'; sandbox"), (b'Vary', b'Origin'), (b'X-Cache', b'Hit from cloudfront'), (b'Via', b'1.1 b0739f825ef509d0d9f4c0f0b5a7ae10.cloudfront.net (CloudFront)'), (b'X-Amz-Cf-Pop', b'ATL59-P13'), (b'X-Amz-Cf-Id', b'ht__ktJkSc93RBmd0r7yi500GnTo4T9yLBbHZ1iLci6C6HchG00VxA=='), (b'Age', b'16843695')])
2026-03-12 05:16:14  INFO      HTTP Request: HEAD https://huggingface.co/api/resolve-cache/models/microsoft/Florence-2-base/5ca5edf5bd017b9919c05d08aebef5e4c7ac3bac/config.json "HTTP/1.1 200 OK"
2026-03-12 05:16:14  DEBUG     receive_response_body.started request=<Request [b'HEAD']>
2026-03-12 05:16:14  DEBUG     receive_response_body.complete
2026-03-12 05:16:14  DEBUG     response_closed.started
2026-03-12 05:16:14  DEBUG     response_closed.complete
2026-03-12 05:16:14  DEBUG     send_request_headers.started request=<Request [b'HEAD']>
2026-03-12 05:16:14  DEBUG     send_request_headers.complete
2026-03-12 05:16:14  DEBUG     send_request_body.started request=<Request [b'HEAD']>
2026-03-12 05:16:14  DEBUG     send_request_body.complete
2026-03-12 05:16:14  DEBUG     receive_response_headers.started request=<Request [b'HEAD']>
2026-03-12 05:16:14  DEBUG     receive_response_headers.complete return_value=(b'HTTP/1.1', 307, b'Temporary Redirect', [(b'Content-Type', b'text/plain; charset=utf-8'), (b'Content-Length', b'274'), (b'Connection', b'keep-alive'), (b'Date', b'Thu, 12 Mar 2026 09:16:14 GMT'), (b'Location', b'/api/resolve-cache/models/microsoft/Florence-2-base/5ca5edf5bd017b9919c05d08aebef5e4c7ac3bac/tokenizer_config.json?%2Fmicrosoft%2FFlorence-2-base%2Fresolve%2Fmain%2Ftokenizer_config.json=&etag=%2244784bc58d4cb18d3549ad71e062efcf032d9ef5%22'), (b'X-Powered-By', b'huggingface-moon'), (b'X-Request-Id', b'Root=1-69b2845e-7ea3ca4a49e5ca287cbc689d;fb7d9b65-1645-47e5-b881-62ae54517e51'), (b'RateLimit', b'"resolvers";r=2982;t=90'), (b'RateLimit-Policy', b'"fixed window";"resolvers";q=3000;w=300'), (b'cross-origin-opener-policy', b'same-origin'), (b'Referrer-Policy', b'strict-origin-when-cross-origin'), (b'Access-Control-Max-Age', b'86400'), (b'Access-Control-Allow-Origin', b'https://huggingface.co'), (b'Vary', b'Origin, Accept'), (b'Access-Control-Expose-Headers', b'X-Repo-Commit,X-Request-Id,X-Error-Code,X-Error-Message,X-Total-Count,ETag,Link,Accept-Ranges,Content-Range,X-Linked-Size,X-Linked-ETag,X-Xet-Hash'), (b'X-Repo-Commit', b'5ca5edf5bd017b9919c05d08aebef5e4c7ac3bac'), (b'Accept-Ranges', b'bytes'), (b'X-HF-Warning', b'unauthenticated; Warning: You are sending unauthenticated requests to the HF Hub. Please set a HF_TOKEN to enable higher rate limits and faster downloads.'), (b'X-Hub-Cache', b'HIT'), (b'Content-Disposition', b'inline; filename*=UTF-8\'\'tokenizer_config.json; filename="tokenizer_config.json";'), (b'Content-Security-Policy', b"default-src 'none'; sandbox"), (b'X-Linked-ETag', b'"44784bc58d4cb18d3549ad71e062efcf032d9ef5"'), (b'X-Cache', b'Miss from cloudfront'), (b'Via', b'1.1 b0739f825ef509d0d9f4c0f0b5a7ae10.cloudfront.net (CloudFront)'), (b'X-Amz-Cf-Pop', b'ATL59-P13'), (b'X-Amz-Cf-Id', b'oFbX2CQQFbPesNBfHZAwp13D-S7SATNWSeH4LP03XZxn_PDd3dnV5A==')])
2026-03-12 05:16:14  INFO      HTTP Request: HEAD https://huggingface.co/microsoft/Florence-2-base/resolve/main/tokenizer_config.json "HTTP/1.1 307 Temporary Redirect"
2026-03-12 05:16:14  DEBUG     receive_response_body.started request=<Request [b'HEAD']>
2026-03-12 05:16:14  DEBUG     receive_response_body.complete
2026-03-12 05:16:14  DEBUG     response_closed.started
2026-03-12 05:16:14  DEBUG     response_closed.complete
2026-03-12 05:16:14  DEBUG     send_request_headers.started request=<Request [b'HEAD']>
2026-03-12 05:16:14  DEBUG     send_request_headers.complete
2026-03-12 05:16:14  DEBUG     send_request_body.started request=<Request [b'HEAD']>
2026-03-12 05:16:14  DEBUG     send_request_body.complete
2026-03-12 05:16:14  DEBUG     receive_response_headers.started request=<Request [b'HEAD']>
2026-03-12 05:16:14  DEBUG     receive_response_headers.complete return_value=(b'HTTP/1.1', 200, b'OK', [(b'Content-Type', b'text/plain; charset=utf-8'), (b'Content-Length', b'34'), (b'Connection', b'keep-alive'), (b'Date', b'Mon, 26 Jan 2026 18:36:12 GMT'), (b'ETag', b'"44784bc58d4cb18d3549ad71e062efcf032d9ef5"'), (b'X-Powered-By', b'huggingface-moon'), (b'X-Request-Id', b'Root=1-6977b41c-7cd2987d3ffd44cd050df45a;73bcbb39-bec3-4d34-8af5-f5d3a4176c48'), (b'RateLimit', b'"resolvers";r=2999;t=224'), (b'RateLimit-Policy', b'"fixed window";"resolvers";q=3000;w=300'), (b'cross-origin-opener-policy', b'same-origin'), (b'Referrer-Policy', b'strict-origin-when-cross-origin'), (b'Access-Control-Max-Age', b'86400'), (b'Access-Control-Allow-Origin', b'https://huggingface.co'), (b'Access-Control-Expose-Headers', b'X-Repo-Commit,X-Request-Id,X-Error-Code,X-Error-Message,X-Total-Count,ETag,Link,Accept-Ranges,Content-Range,X-Linked-Size,X-Linked-ETag,X-Xet-Hash'), (b'X-Repo-Commit', b'5ca5edf5bd017b9919c05d08aebef5e4c7ac3bac'), (b'Accept-Ranges', b'bytes'), (b'Content-Disposition', b'inline; filename*=UTF-8\'\'tokenizer_config.json; filename="tokenizer_config.json";'), (b'Content-Security-Policy', b"default-src 'none'; sandbox"), (b'Vary', b'Origin'), (b'X-Cache', b'Hit from cloudfront'), (b'Via', b'1.1 b0739f825ef509d0d9f4c0f0b5a7ae10.cloudfront.net (CloudFront)'), (b'X-Amz-Cf-Pop', b'ATL59-P13'), (b'X-Amz-Cf-Id', b'enZt-9kOfMfXOixrw8PPOnyeCYCzpUJgUkyKOSqNIaycwj6PSbIVjg=='), (b'Age', b'3854402')])
2026-03-12 05:16:14  INFO      HTTP Request: HEAD https://huggingface.co/api/resolve-cache/models/microsoft/Florence-2-base/5ca5edf5bd017b9919c05d08aebef5e4c7ac3bac/tokenizer_config.json "HTTP/1.1 200 OK"
2026-03-12 05:16:14  DEBUG     receive_response_body.started request=<Request [b'HEAD']>
2026-03-12 05:16:14  DEBUG     receive_response_body.complete
2026-03-12 05:16:14  DEBUG     response_closed.started
2026-03-12 05:16:14  DEBUG     response_closed.complete
2026-03-12 05:16:14  DEBUG     send_request_headers.started request=<Request [b'GET']>
2026-03-12 05:16:14  DEBUG     send_request_headers.complete
2026-03-12 05:16:14  DEBUG     send_request_body.started request=<Request [b'GET']>
2026-03-12 05:16:14  DEBUG     send_request_body.complete
2026-03-12 05:16:14  DEBUG     receive_response_headers.started request=<Request [b'GET']>
2026-03-12 05:16:14  DEBUG     receive_response_headers.complete return_value=(b'HTTP/1.1', 404, b'Not Found', [(b'Content-Type', b'application/json; charset=utf-8'), (b'Content-Length', b'64'), (b'Connection', b'keep-alive'), (b'Date', b'Thu, 12 Mar 2026 09:16:14 GMT'), (b'ETag', b'W/"40-09f9IAqP13xarAhQxFS2W8rvRkM"'), (b'X-Powered-By', b'huggingface-moon'), (b'X-Request-Id', b'Root=1-69b2845e-46a1e49161f842fe3a78a1f7;594cb2eb-3181-4cc7-9d2c-e0dc135cf92e'), (b'RateLimit', b'"api";r=498;t=90'), (b'RateLimit-Policy', b'"fixed window";"api";q=500;w=300'), (b'cross-origin-opener-policy', b'same-origin'), (b'Referrer-Policy', b'strict-origin-when-cross-origin'), (b'Access-Control-Max-Age', b'86400'), (b'Access-Control-Allow-Origin', b'https://huggingface.co'), (b'Vary', b'Origin'), (b'Access-Control-Expose-Headers', b'X-Repo-Commit,X-Request-Id,X-Error-Code,X-Error-Message,X-Total-Count,ETag,Link,Accept-Ranges,Content-Range,X-Linked-Size,X-Linked-ETag,X-Xet-Hash'), (b'X-Error-Code', b'EntryNotFound'), (b'X-Error-Message', b'additional_chat_templates does not exist on "main"'), (b'X-Cache', b'Error from cloudfront'), (b'Via', b'1.1 b0739f825ef509d0d9f4c0f0b5a7ae10.cloudfront.net (CloudFront)'), (b'X-Amz-Cf-Pop', b'ATL59-P13'), (b'X-Amz-Cf-Id', b'I13JNmFgkaZEAPoUglbDU8GVduC_bhnzd6b8uIRohMMepJDCWHtfEw==')])
2026-03-12 05:16:14  INFO      HTTP Request: GET https://huggingface.co/api/models/microsoft/Florence-2-base/tree/main/additional_chat_templates?recursive=false&expand=false "HTTP/1.1 404 Not Found"
2026-03-12 05:16:14  DEBUG     receive_response_body.started request=<Request [b'GET']>
2026-03-12 05:16:14  DEBUG     receive_response_body.complete
2026-03-12 05:16:14  DEBUG     response_closed.started
2026-03-12 05:16:14  DEBUG     response_closed.complete
2026-03-12 05:16:14  DEBUG     send_request_headers.started request=<Request [b'GET']>
2026-03-12 05:16:14  DEBUG     send_request_headers.complete
2026-03-12 05:16:14  DEBUG     send_request_body.started request=<Request [b'GET']>
2026-03-12 05:16:14  DEBUG     send_request_body.complete
2026-03-12 05:16:14  DEBUG     receive_response_headers.started request=<Request [b'GET']>
2026-03-12 05:16:14  DEBUG     receive_response_headers.complete return_value=(b'HTTP/1.1', 200, b'OK', [(b'Content-Type', b'application/json; charset=utf-8'), (b'Transfer-Encoding', b'chunked'), (b'Connection', b'keep-alive'), (b'Date', b'Thu, 12 Mar 2026 09:16:14 GMT'), (b'Access-Control-Expose-Headers', b'X-Repo-Commit,X-Request-Id,X-Error-Code,X-Error-Message,X-Total-Count,ETag,Link,Accept-Ranges,Content-Range,X-Linked-Size,X-Linked-ETag,X-Xet-Hash'), (b'content-encoding', b'gzip'), (b'X-Powered-By', b'huggingface-moon'), (b'X-Request-Id', b'Root=1-69b2845e-625797c5138f7b4f6148564d;9f3f99f3-78d8-4569-ad74-836cf33c9332'), (b'RateLimit', b'"api";r=497;t=90'), (b'RateLimit-Policy', b'"fixed window";"api";q=500;w=300'), (b'cross-origin-opener-policy', b'same-origin'), (b'Referrer-Policy', b'strict-origin-when-cross-origin'), (b'Access-Control-Max-Age', b'86400'), (b'Access-Control-Allow-Origin', b'https://huggingface.co'), (b'Vary', b'Origin'), (b'vary', b'accept-encoding'), (b'ETag', b'W/"801-8wfJdkULAAa2bZfXhisB0NSy3Jo"'), (b'X-Cache', b'Miss from cloudfront'), (b'Via', b'1.1 b0739f825ef509d0d9f4c0f0b5a7ae10.cloudfront.net (CloudFront)'), (b'X-Amz-Cf-Pop', b'ATL59-P13'), (b'X-Amz-Cf-Id', b'7jNmo-e9ZpPlHkHj31Q-cKXJ23C7ZHm4duAVbvUhOybCAAaJwS1pJw==')])
2026-03-12 05:16:14  INFO      HTTP Request: GET https://huggingface.co/api/models/microsoft/Florence-2-base/tree/main?recursive=true&expand=false "HTTP/1.1 200 OK"
2026-03-12 05:16:14  DEBUG     receive_response_body.started request=<Request [b'GET']>
2026-03-12 05:16:14  DEBUG     receive_response_body.complete
2026-03-12 05:16:14  DEBUG     response_closed.started
2026-03-12 05:16:14  DEBUG     response_closed.complete
2026-03-12 05:16:14  ERROR     Failed to load AI model: TokenizersBackend has no attribute additional_special_tokens
Traceback (most recent call last):
  File "/Users/ben/Dev/imgtagplus/imgtagplus/app.py", line 146, in run
    tagger = FlorenceTagger(model_id=hf_model_id, model_dir=args.model_dir)
  File "/Users/ben/Dev/imgtagplus/imgtagplus/vlm.py", line 69, in __init__
    self.processor = AutoProcessor.from_pretrained(self._model_id, trust_remote_code=True, cache_dir=str(self._model_dir))
                     ~~~~~~~~~~~~~~~~~~~~~~~~~~~~~^^^^^^^^^^^^^^^^^^^^^^^^^^^^^^^^^^^^^^^^^^^^^^^^^^^^^^^^^^^^^^^^^^^^^^^^
  File "/Users/ben/Dev/imgtagplus/.venv/lib/python3.14/site-packages/transformers/models/auto/processing_auto.py", line 407, in from_pretrained
    return processor_class.from_pretrained(
           ~~~~~~~~~~~~~~~~~~~~~~~~~~~~~~~^
        pretrained_model_name_or_path, trust_remote_code=trust_remote_code, **kwargs
        ^^^^^^^^^^^^^^^^^^^^^^^^^^^^^^^^^^^^^^^^^^^^^^^^^^^^^^^^^^^^^^^^^^^^^^^^^^^^
    )
    ^
  File "/Users/ben/Dev/imgtagplus/.venv/lib/python3.14/site-packages/transformers/processing_utils.py", line 1404, in from_pretrained
    return cls.from_args_and_dict(args, processor_dict, **instantiation_kwargs)
           ~~~~~~~~~~~~~~~~~~~~~~^^^^^^^^^^^^^^^^^^^^^^^^^^^^^^^^^^^^^^^^^^^^^^
  File "/Users/ben/Dev/imgtagplus/.venv/lib/python3.14/site-packages/transformers/processing_utils.py", line 1171, in from_args_and_dict
    processor = cls(*args, **valid_kwargs)
  File "/Users/ben/.cache/imgtagplus/modules/transformers_modules/microsoft/Florence_hyphen_2_hyphen_base/5ca5edf5bd017b9919c05d08aebef5e4c7ac3bac/processing_florence2.py", line 89, in __init__
    tokenizer.additional_special_tokens + \
    ^^^^^^^^^^^^^^^^^^^^^^^^^^^^^^^^^^^
  File "/Users/ben/Dev/imgtagplus/.venv/lib/python3.14/site-packages/transformers/tokenization_utils_base.py", line 1293, in __getattr__
    raise AttributeError(f"{self.__class__.__name__} has no attribute {key}")
AttributeError: TokenizersBackend has no attribute additional_special_tokens. Did you mean: 'add_special_tokens'?
