2026-03-12 05:08:10  INFO      Model       : florence-2-base (microsoft/Florence-2-base)
2026-03-12 05:08:10  INFO      Recursive   : True
2026-03-12 05:08:10  INFO      Max tags    : 20
2026-03-12 05:08:10  INFO      Silent      : True
2026-03-12 05:08:10  INFO      Continue err: True
2026-03-12 05:08:10  INFO      Log file    : /Users/ben/Dev/imgtagplus/imgtagplus_20260312_050810.log
2026-03-12 05:08:10  INFO      Found 4 image(s) scanning /Users/ben/Dev/imgtagplus/sandbox (recursively)
2026-03-12 05:08:10  INFO      Images to process: 4
2026-03-12 05:08:10  INFO      Resolved florence-2-base to Hugging Face ID: microsoft/Florence-2-base
2026-03-12 05:08:10  INFO      GPU environment detected. Loading native microsoft/Florence-2-base on mps with SDPA...
2026-03-12 05:08:10  DEBUG     close.started
2026-03-12 05:08:10  DEBUG     close.complete
2026-03-12 05:08:10  DEBUG     connect_tcp.started host='huggingface.co' port=443 local_address=None timeout=10 socket_options=None
2026-03-12 05:08:10  DEBUG     connect_tcp.complete return_value=<httpcore._backends.sync.SyncStream object at 0x11643a300>
2026-03-12 05:08:10  DEBUG     start_tls.started ssl_context=<ssl.SSLContext object at 0x112fc32f0> server_hostname='huggingface.co' timeout=10
2026-03-12 05:08:10  DEBUG     start_tls.complete return_value=<httpcore._backends.sync.SyncStream object at 0x11643a4e0>
2026-03-12 05:08:10  DEBUG     send_request_headers.started request=<Request [b'HEAD']>
2026-03-12 05:08:10  DEBUG     send_request_headers.complete
2026-03-12 05:08:10  DEBUG     send_request_body.started request=<Request [b'HEAD']>
2026-03-12 05:08:10  DEBUG     send_request_body.complete
2026-03-12 05:08:10  DEBUG     receive_response_headers.started request=<Request [b'HEAD']>
2026-03-12 05:08:10  DEBUG     receive_response_headers.complete return_value=(b'HTTP/1.1', 404, b'Not Found', [(b'Content-Type', b'text/plain; charset=utf-8'), (b'Content-Length', b'15'), (b'Connection', b'keep-alive'), (b'Date', b'Thu, 12 Mar 2026 09:08:10 GMT'), (b'ETag', b'W/"f-mY2VvLxuxB7KhsoOdQTlMTccuAQ"'), (b'X-Powered-By', b'huggingface-moon'), (b'X-Request-Id', b'Root=1-69b2827a-6283df507f9d653243a25a9f;c34a6fbd-d45b-4cd6-8ba2-b04238f82cf5'), (b'RateLimit', b'"resolvers";r=2981;t=274'), (b'RateLimit-Policy', b'"fixed window";"resolvers";q=3000;w=300'), (b'cross-origin-opener-policy', b'same-origin'), (b'Referrer-Policy', b'strict-origin-when-cross-origin'), (b'Access-Control-Max-Age', b'86400'), (b'Access-Control-Allow-Origin', b'https://huggingface.co'), (b'Vary', b'Origin'), (b'Access-Control-Expose-Headers', b'X-Repo-Commit,X-Request-Id,X-Error-Code,X-Error-Message,X-Total-Count,ETag,Link,Accept-Ranges,Content-Range,X-Linked-Size,X-Linked-ETag,X-Xet-Hash'), (b'X-Repo-Commit', b'5ca5edf5bd017b9919c05d08aebef5e4c7ac3bac'), (b'Accept-Ranges', b'bytes'), (b'X-HF-Warning', b'unauthenticated; Warning: You are sending unauthenticated requests to the HF Hub. Please set a HF_TOKEN to enable higher rate limits and faster downloads.'), (b'X-Hub-Cache', b'MISS'), (b'X-Error-Code', b'EntryNotFound'), (b'X-Error-Message', b'Entry not found'), (b'X-Cache', b'Error from cloudfront'), (b'Via', b'1.1 012688338da1e48b37f7bd93206c77f0.cloudfront.net (CloudFront)'), (b'X-Amz-Cf-Pop', b'ATL59-P13'), (b'X-Amz-Cf-Id', b'jmKcaKc0i9gWTVu0q8j0UO4guvkkT-IJBmD91PZP1rqL2F9gc-JdjA==')])
2026-03-12 05:08:10  INFO      HTTP Request: HEAD https://huggingface.co/microsoft/Florence-2-base/resolve/main/processor_config.json "HTTP/1.1 404 Not Found"
2026-03-12 05:08:10  DEBUG     receive_response_body.started request=<Request [b'HEAD']>
2026-03-12 05:08:10  DEBUG     receive_response_body.complete
2026-03-12 05:08:10  DEBUG     response_closed.started
2026-03-12 05:08:10  DEBUG     response_closed.complete
2026-03-12 05:08:10  DEBUG     send_request_headers.started request=<Request [b'HEAD']>
2026-03-12 05:08:10  DEBUG     send_request_headers.complete
2026-03-12 05:08:10  DEBUG     send_request_body.started request=<Request [b'HEAD']>
2026-03-12 05:08:10  DEBUG     send_request_body.complete
2026-03-12 05:08:10  DEBUG     receive_response_headers.started request=<Request [b'HEAD']>
2026-03-12 05:08:10  DEBUG     receive_response_headers.complete return_value=(b'HTTP/1.1', 307, b'Temporary Redirect', [(b'Content-Type', b'text/plain; charset=utf-8'), (b'Content-Length', b'280'), (b'Connection', b'keep-alive'), (b'Date', b'Thu, 12 Mar 2026 09:08:10 GMT'), (b'Location', b'/api/resolve-cache/models/microsoft/Florence-2-base/5ca5edf5bd017b9919c05d08aebef5e4c7ac3bac/preprocessor_config.json?%2Fmicrosoft%2FFlorence-2-base%2Fresolve%2Fmain%2Fpreprocessor_config.json=&etag=%2285cd7be3568df661ad536b6ab20d59b08ba079ae%22'), (b'X-Powered-By', b'huggingface-moon'), (b'X-Request-Id', b'Root=1-69b2827a-48a5a432648dbdde594b8a16;26e08a80-e324-4247-b4c4-b3f1962339ec'), (b'RateLimit', b'"resolvers";r=2980;t=274'), (b'RateLimit-Policy', b'"fixed window";"resolvers";q=3000;w=300'), (b'cross-origin-opener-policy', b'same-origin'), (b'Referrer-Policy', b'strict-origin-when-cross-origin'), (b'Access-Control-Max-Age', b'86400'), (b'Access-Control-Allow-Origin', b'https://huggingface.co'), (b'Vary', b'Origin, Accept'), (b'Access-Control-Expose-Headers', b'X-Repo-Commit,X-Request-Id,X-Error-Code,X-Error-Message,X-Total-Count,ETag,Link,Accept-Ranges,Content-Range,X-Linked-Size,X-Linked-ETag,X-Xet-Hash'), (b'X-Repo-Commit', b'5ca5edf5bd017b9919c05d08aebef5e4c7ac3bac'), (b'Accept-Ranges', b'bytes'), (b'X-HF-Warning', b'unauthenticated; Warning: You are sending unauthenticated requests to the HF Hub. Please set a HF_TOKEN to enable higher rate limits and faster downloads.'), (b'X-Hub-Cache', b'HIT'), (b'Content-Disposition', b'inline; filename*=UTF-8\'\'preprocessor_config.json; filename="preprocessor_config.json";'), (b'Content-Security-Policy', b"default-src 'none'; sandbox"), (b'X-Linked-ETag', b'"85cd7be3568df661ad536b6ab20d59b08ba079ae"'), (b'X-Cache', b'Miss from cloudfront'), (b'Via', b'1.1 012688338da1e48b37f7bd93206c77f0.cloudfront.net (CloudFront)'), (b'X-Amz-Cf-Pop', b'ATL59-P13'), (b'X-Amz-Cf-Id', b'mkcjONnzu-IC5z7IX0xzu8AMB2CmQAimoC3tbMwwC2A8iiP1ptudkg==')])
2026-03-12 05:08:10  INFO      HTTP Request: HEAD https://huggingface.co/microsoft/Florence-2-base/resolve/main/preprocessor_config.json "HTTP/1.1 307 Temporary Redirect"
2026-03-12 05:08:10  DEBUG     receive_response_body.started request=<Request [b'HEAD']>
2026-03-12 05:08:10  DEBUG     receive_response_body.complete
2026-03-12 05:08:10  DEBUG     response_closed.started
2026-03-12 05:08:10  DEBUG     response_closed.complete
2026-03-12 05:08:10  DEBUG     send_request_headers.started request=<Request [b'HEAD']>
2026-03-12 05:08:10  DEBUG     send_request_headers.complete
2026-03-12 05:08:10  DEBUG     send_request_body.started request=<Request [b'HEAD']>
2026-03-12 05:08:10  DEBUG     send_request_body.complete
2026-03-12 05:08:10  DEBUG     receive_response_headers.started request=<Request [b'HEAD']>
2026-03-12 05:08:10  DEBUG     receive_response_headers.complete return_value=(b'HTTP/1.1', 200, b'OK', [(b'Content-Type', b'text/plain; charset=utf-8'), (b'Content-Length', b'806'), (b'Connection', b'keep-alive'), (b'Date', b'Tue, 27 Jan 2026 01:41:37 GMT'), (b'ETag', b'"85cd7be3568df661ad536b6ab20d59b08ba079ae"'), (b'X-Powered-By', b'huggingface-moon'), (b'X-Request-Id', b'Root=1-697817d0-059260574dd4c8de754bd81a;3efadae7-e406-40ec-9d8a-654040c73720'), (b'RateLimit', b'"resolvers";r=2998;t=196'), (b'RateLimit-Policy', b'"fixed window";"resolvers";q=3000;w=300'), (b'cross-origin-opener-policy', b'same-origin'), (b'Referrer-Policy', b'strict-origin-when-cross-origin'), (b'Access-Control-Max-Age', b'86400'), (b'Access-Control-Allow-Origin', b'https://huggingface.co'), (b'Access-Control-Expose-Headers', b'X-Repo-Commit,X-Request-Id,X-Error-Code,X-Error-Message,X-Total-Count,ETag,Link,Accept-Ranges,Content-Range,X-Linked-Size,X-Linked-ETag,X-Xet-Hash'), (b'X-Repo-Commit', b'5ca5edf5bd017b9919c05d08aebef5e4c7ac3bac'), (b'Accept-Ranges', b'bytes'), (b'Content-Disposition', b'inline; filename*=UTF-8\'\'preprocessor_config.json; filename="preprocessor_config.json";'), (b'Content-Security-Policy', b"default-src 'none'; sandbox"), (b'Vary', b'Origin'), (b'X-Cache', b'Hit from cloudfront'), (b'Via', b'1.1 012688338da1e48b37f7bd93206c77f0.cloudfront.net (CloudFront)'), (b'X-Amz-Cf-Pop', b'ATL59-P13'), (b'X-Amz-Cf-Id', b'kmfv_KmxiXM9iPnRWL7UDxTxiWB_7K4T-evFCVeZlaGcQalFtWFYig=='), (b'Age', b'3828393')])
2026-03-12 05:08:10  INFO      HTTP Request: HEAD https://huggingface.co/api/resolve-cache/models/microsoft/Florence-2-base/5ca5edf5bd017b9919c05d08aebef5e4c7ac3bac/preprocessor_config.json "HTTP/1.1 200 OK"
2026-03-12 05:08:10  DEBUG     receive_response_body.started request=<Request [b'HEAD']>
2026-03-12 05:08:10  DEBUG     receive_response_body.complete
2026-03-12 05:08:10  DEBUG     response_closed.started
2026-03-12 05:08:10  DEBUG     response_closed.complete
2026-03-12 05:08:10  DEBUG     send_request_headers.started request=<Request [b'HEAD']>
2026-03-12 05:08:10  DEBUG     send_request_headers.complete
2026-03-12 05:08:10  DEBUG     send_request_body.started request=<Request [b'HEAD']>
2026-03-12 05:08:10  DEBUG     send_request_body.complete
2026-03-12 05:08:10  DEBUG     receive_response_headers.started request=<Request [b'HEAD']>
2026-03-12 05:08:10  DEBUG     receive_response_headers.complete return_value=(b'HTTP/1.1', 404, b'Not Found', [(b'Content-Type', b'text/plain; charset=utf-8'), (b'Content-Length', b'15'), (b'Connection', b'keep-alive'), (b'Date', b'Thu, 12 Mar 2026 09:08:10 GMT'), (b'ETag', b'W/"f-mY2VvLxuxB7KhsoOdQTlMTccuAQ"'), (b'X-Powered-By', b'huggingface-moon'), (b'X-Request-Id', b'Root=1-69b2827a-20e235ed7a1447c1455c254f;30ce01c0-915f-4521-81bd-8146fe1d07d7'), (b'RateLimit', b'"resolvers";r=2979;t=274'), (b'RateLimit-Policy', b'"fixed window";"resolvers";q=3000;w=300'), (b'cross-origin-opener-policy', b'same-origin'), (b'Referrer-Policy', b'strict-origin-when-cross-origin'), (b'Access-Control-Max-Age', b'86400'), (b'Access-Control-Allow-Origin', b'https://huggingface.co'), (b'Vary', b'Origin'), (b'Access-Control-Expose-Headers', b'X-Repo-Commit,X-Request-Id,X-Error-Code,X-Error-Message,X-Total-Count,ETag,Link,Accept-Ranges,Content-Range,X-Linked-Size,X-Linked-ETag,X-Xet-Hash'), (b'X-Repo-Commit', b'5ca5edf5bd017b9919c05d08aebef5e4c7ac3bac'), (b'Accept-Ranges', b'bytes'), (b'X-Hub-Cache', b'MISS'), (b'X-Error-Code', b'EntryNotFound'), (b'X-Error-Message', b'Entry not found'), (b'X-Cache', b'Error from cloudfront'), (b'Via', b'1.1 012688338da1e48b37f7bd93206c77f0.cloudfront.net (CloudFront)'), (b'X-Amz-Cf-Pop', b'ATL59-P13'), (b'X-Amz-Cf-Id', b'K5RJw3Csl5vNTfWfzyXOUxLRx_oSnYGkht4Od6ihud5KBqBDWBimxg==')])
2026-03-12 05:08:10  INFO      HTTP Request: HEAD https://huggingface.co/microsoft/Florence-2-base/resolve/main/processor_config.json "HTTP/1.1 404 Not Found"
2026-03-12 05:08:10  DEBUG     receive_response_body.started request=<Request [b'HEAD']>
2026-03-12 05:08:10  DEBUG     receive_response_body.complete
2026-03-12 05:08:10  DEBUG     response_closed.started
2026-03-12 05:08:10  DEBUG     response_closed.complete
2026-03-12 05:08:10  DEBUG     send_request_headers.started request=<Request [b'HEAD']>
2026-03-12 05:08:10  DEBUG     send_request_headers.complete
2026-03-12 05:08:10  DEBUG     send_request_body.started request=<Request [b'HEAD']>
2026-03-12 05:08:10  DEBUG     send_request_body.complete
2026-03-12 05:08:10  DEBUG     receive_response_headers.started request=<Request [b'HEAD']>
2026-03-12 05:08:10  DEBUG     receive_response_headers.complete return_value=(b'HTTP/1.1', 307, b'Temporary Redirect', [(b'Content-Type', b'text/plain; charset=utf-8'), (b'Content-Length', b'280'), (b'Connection', b'keep-alive'), (b'Date', b'Thu, 12 Mar 2026 09:08:10 GMT'), (b'Location', b'/api/resolve-cache/models/microsoft/Florence-2-base/5ca5edf5bd017b9919c05d08aebef5e4c7ac3bac/preprocessor_config.json?%2Fmicrosoft%2FFlorence-2-base%2Fresolve%2Fmain%2Fpreprocessor_config.json=&etag=%2285cd7be3568df661ad536b6ab20d59b08ba079ae%22'), (b'X-Powered-By', b'huggingface-moon'), (b'X-Request-Id', b'Root=1-69b2827a-697bff7469c0fdb44b202bec;c6e2b0bf-3084-4eec-8a3c-4cca5d8a4fef'), (b'RateLimit', b'"resolvers";r=2978;t=274'), (b'RateLimit-Policy', b'"fixed window";"resolvers";q=3000;w=300'), (b'cross-origin-opener-policy', b'same-origin'), (b'Referrer-Policy', b'strict-origin-when-cross-origin'), (b'Access-Control-Max-Age', b'86400'), (b'Access-Control-Allow-Origin', b'https://huggingface.co'), (b'Vary', b'Origin, Accept'), (b'Access-Control-Expose-Headers', b'X-Repo-Commit,X-Request-Id,X-Error-Code,X-Error-Message,X-Total-Count,ETag,Link,Accept-Ranges,Content-Range,X-Linked-Size,X-Linked-ETag,X-Xet-Hash'), (b'X-Repo-Commit', b'5ca5edf5bd017b9919c05d08aebef5e4c7ac3bac'), (b'Accept-Ranges', b'bytes'), (b'X-Hub-Cache', b'HIT'), (b'Content-Disposition', b'inline; filename*=UTF-8\'\'preprocessor_config.json; filename="preprocessor_config.json";'), (b'Content-Security-Policy', b"default-src 'none'; sandbox"), (b'X-Linked-ETag', b'"85cd7be3568df661ad536b6ab20d59b08ba079ae"'), (b'X-Cache', b'Miss from cloudfront'), (b'Via', b'1.1 012688338da1e48b37f7bd93206c77f0.cloudfront.net (CloudFront)'), (b'X-Amz-Cf-Pop', b'ATL59-P13'), (b'X-Amz-Cf-Id', b'JjKJso0e2Y7sxo2VcPVOi8-7zJJWaIqwz72_cf5b4ccMxGfjXp9Euw==')])
2026-03-12 05:08:10  INFO      HTTP Request: HEAD https://huggingface.co/microsoft/Florence-2-base/resolve/main/preprocessor_config.json "HTTP/1.1 307 Temporary Redirect"
2026-03-12 05:08:10  DEBUG     receive_response_body.started request=<Request [b'HEAD']>
2026-03-12 05:08:10  DEBUG     receive_response_body.complete
2026-03-12 05:08:10  DEBUG     response_closed.started
2026-03-12 05:08:10  DEBUG     response_closed.complete
2026-03-12 05:08:10  DEBUG     send_request_headers.started request=<Request [b'HEAD']>
2026-03-12 05:08:10  DEBUG     send_request_headers.complete
2026-03-12 05:08:10  DEBUG     send_request_body.started request=<Request [b'HEAD']>
2026-03-12 05:08:10  DEBUG     send_request_body.complete
2026-03-12 05:08:10  DEBUG     receive_response_headers.started request=<Request [b'HEAD']>
2026-03-12 05:08:10  DEBUG     receive_response_headers.complete return_value=(b'HTTP/1.1', 200, b'OK', [(b'Content-Type', b'text/plain; charset=utf-8'), (b'Content-Length', b'806'), (b'Connection', b'keep-alive'), (b'Date', b'Fri, 29 Aug 2025 11:01:00 GMT'), (b'ETag', b'"85cd7be3568df661ad536b6ab20d59b08ba079ae"'), (b'X-Powered-By', b'huggingface-moon'), (b'cross-origin-opener-policy', b'same-origin'), (b'Referrer-Policy', b'strict-origin-when-cross-origin'), (b'X-Request-Id', b'Root=1-68b1886c-3d4f6bff3d722a4d12726afd;ef87aadc-03fd-42a9-938c-074af063b721'), (b'Access-Control-Allow-Origin', b'https://huggingface.co'), (b'Access-Control-Expose-Headers', b'X-Repo-Commit,X-Request-Id,X-Error-Code,X-Error-Message,X-Total-Count,ETag,Link,Accept-Ranges,Content-Range,X-Linked-Size,X-Linked-ETag,X-Xet-Hash'), (b'X-Repo-Commit', b'5ca5edf5bd017b9919c05d08aebef5e4c7ac3bac'), (b'Accept-Ranges', b'bytes'), (b'Content-Disposition', b'inline; filename*=UTF-8\'\'preprocessor_config.json; filename="preprocessor_config.json";'), (b'Content-Security-Policy', b"default-src 'none'; sandbox"), (b'Vary', b'Origin'), (b'X-Cache', b'Hit from cloudfront'), (b'Via', b'1.1 012688338da1e48b37f7bd93206c77f0.cloudfront.net (CloudFront)'), (b'X-Amz-Cf-Pop', b'ATL59-P13'), (b'X-Amz-Cf-Id', b'EsiPeAwHrLOZrCxGDLza1VG4-INEV_H8xyxxgxGqH8M7SL4Mv7pX6A=='), (b'Age', b'16841230')])
2026-03-12 05:08:10  INFO      HTTP Request: HEAD https://huggingface.co/api/resolve-cache/models/microsoft/Florence-2-base/5ca5edf5bd017b9919c05d08aebef5e4c7ac3bac/preprocessor_config.json "HTTP/1.1 200 OK"
2026-03-12 05:08:10  DEBUG     receive_response_body.started request=<Request [b'HEAD']>
2026-03-12 05:08:10  DEBUG     receive_response_body.complete
2026-03-12 05:08:10  DEBUG     response_closed.started
2026-03-12 05:08:10  DEBUG     response_closed.complete
2026-03-12 05:08:10  DEBUG     send_request_headers.started request=<Request [b'HEAD']>
2026-03-12 05:08:10  DEBUG     send_request_headers.complete
2026-03-12 05:08:10  DEBUG     send_request_body.started request=<Request [b'HEAD']>
2026-03-12 05:08:10  DEBUG     send_request_body.complete
2026-03-12 05:08:10  DEBUG     receive_response_headers.started request=<Request [b'HEAD']>
2026-03-12 05:08:10  DEBUG     receive_response_headers.complete return_value=(b'HTTP/1.1', 307, b'Temporary Redirect', [(b'Content-Type', b'text/plain; charset=utf-8'), (b'Content-Length', b'278'), (b'Connection', b'keep-alive'), (b'Date', b'Thu, 12 Mar 2026 09:08:10 GMT'), (b'Location', b'/api/resolve-cache/models/microsoft/Florence-2-base/5ca5edf5bd017b9919c05d08aebef5e4c7ac3bac/processing_florence2.py?%2Fmicrosoft%2FFlorence-2-base%2Fresolve%2Fmain%2Fprocessing_florence2.py=&etag=%223cd9815895c8c2b355f1e07ff983186f1e05c9e9%22'), (b'X-Powered-By', b'huggingface-moon'), (b'X-Request-Id', b'Root=1-69b2827a-086465be601c64201bb68709;eba0d757-b5fd-41b2-adac-e309c3890e3f'), (b'RateLimit', b'"resolvers";r=2977;t=274'), (b'RateLimit-Policy', b'"fixed window";"resolvers";q=3000;w=300'), (b'cross-origin-opener-policy', b'same-origin'), (b'Referrer-Policy', b'strict-origin-when-cross-origin'), (b'Access-Control-Max-Age', b'86400'), (b'Access-Control-Allow-Origin', b'https://huggingface.co'), (b'Vary', b'Origin, Accept'), (b'Access-Control-Expose-Headers', b'X-Repo-Commit,X-Request-Id,X-Error-Code,X-Error-Message,X-Total-Count,ETag,Link,Accept-Ranges,Content-Range,X-Linked-Size,X-Linked-ETag,X-Xet-Hash'), (b'X-Repo-Commit', b'5ca5edf5bd017b9919c05d08aebef5e4c7ac3bac'), (b'Accept-Ranges', b'bytes'), (b'X-HF-Warning', b'unauthenticated; Warning: You are sending unauthenticated requests to the HF Hub. Please set a HF_TOKEN to enable higher rate limits and faster downloads.'), (b'X-Hub-Cache', b'HIT'), (b'Content-Disposition', b'inline; filename*=UTF-8\'\'processing_florence2.py; filename="processing_florence2.py";'), (b'Content-Security-Policy', b"default-src 'none'; sandbox"), (b'X-Linked-ETag', b'"3cd9815895c8c2b355f1e07ff983186f1e05c9e9"'), (b'X-Cache', b'Miss from cloudfront'), (b'Via', b'1.1 012688338da1e48b37f7bd93206c77f0.cloudfront.net (CloudFront)'), (b'X-Amz-Cf-Pop', b'ATL59-P13'), (b'X-Amz-Cf-Id', b'N82DGPF4zz1WszyoDM-OTGu7JsnrhoHpJ2fR95c7oVZxtrPW3uxSbA==')])
2026-03-12 05:08:10  INFO      HTTP Request: HEAD https://huggingface.co/microsoft/Florence-2-base/resolve/main/processing_florence2.py "HTTP/1.1 307 Temporary Redirect"
2026-03-12 05:08:10  DEBUG     receive_response_body.started request=<Request [b'HEAD']>
2026-03-12 05:08:10  DEBUG     receive_response_body.complete
2026-03-12 05:08:10  DEBUG     response_closed.started
2026-03-12 05:08:10  DEBUG     response_closed.complete
2026-03-12 05:08:10  DEBUG     send_request_headers.started request=<Request [b'HEAD']>
2026-03-12 05:08:10  DEBUG     send_request_headers.complete
2026-03-12 05:08:10  DEBUG     send_request_body.started request=<Request [b'HEAD']>
2026-03-12 05:08:10  DEBUG     send_request_body.complete
2026-03-12 05:08:10  DEBUG     receive_response_headers.started request=<Request [b'HEAD']>
2026-03-12 05:08:10  DEBUG     receive_response_headers.complete return_value=(b'HTTP/1.1', 200, b'OK', [(b'Content-Type', b'text/plain; charset=utf-8'), (b'Content-Length', b'48676'), (b'Connection', b'keep-alive'), (b'Date', b'Tue, 27 Jan 2026 01:41:37 GMT'), (b'ETag', b'"3cd9815895c8c2b355f1e07ff983186f1e05c9e9"'), (b'X-Powered-By', b'huggingface-moon'), (b'X-Request-Id', b'Root=1-697817d1-2010b7734ab967d303e2217d;477500f6-2525-48f6-abf8-0aa01b00427e'), (b'RateLimit', b'"resolvers";r=2998;t=79'), (b'RateLimit-Policy', b'"fixed window";"resolvers";q=3000;w=300'), (b'cross-origin-opener-policy', b'same-origin'), (b'Referrer-Policy', b'strict-origin-when-cross-origin'), (b'Access-Control-Max-Age', b'86400'), (b'Access-Control-Allow-Origin', b'https://huggingface.co'), (b'Access-Control-Expose-Headers', b'X-Repo-Commit,X-Request-Id,X-Error-Code,X-Error-Message,X-Total-Count,ETag,Link,Accept-Ranges,Content-Range,X-Linked-Size,X-Linked-ETag,X-Xet-Hash'), (b'X-Repo-Commit', b'5ca5edf5bd017b9919c05d08aebef5e4c7ac3bac'), (b'Accept-Ranges', b'bytes'), (b'Content-Disposition', b'inline; filename*=UTF-8\'\'processing_florence2.py; filename="processing_florence2.py";'), (b'Content-Security-Policy', b"default-src 'none'; sandbox"), (b'Vary', b'Origin'), (b'X-Cache', b'Hit from cloudfront'), (b'Via', b'1.1 012688338da1e48b37f7bd93206c77f0.cloudfront.net (CloudFront)'), (b'X-Amz-Cf-Pop', b'ATL59-P13'), (b'X-Amz-Cf-Id', b'WIpxavHd7LI4C3uRQlkA2_j1LUc8xZpmRld5WOGQ8FbGCwK2C6a8Bw=='), (b'Age', b'3828393')])
2026-03-12 05:08:10  INFO      HTTP Request: HEAD https://huggingface.co/api/resolve-cache/models/microsoft/Florence-2-base/5ca5edf5bd017b9919c05d08aebef5e4c7ac3bac/processing_florence2.py "HTTP/1.1 200 OK"
2026-03-12 05:08:10  DEBUG     receive_response_body.started request=<Request [b'HEAD']>
2026-03-12 05:08:10  DEBUG     receive_response_body.complete
2026-03-12 05:08:10  DEBUG     response_closed.started
2026-03-12 05:08:10  DEBUG     response_closed.complete
2026-03-12 05:08:10  DEBUG     send_request_headers.started request=<Request [b'GET']>
2026-03-12 05:08:10  DEBUG     send_request_headers.complete
2026-03-12 05:08:10  DEBUG     send_request_body.started request=<Request [b'GET']>
2026-03-12 05:08:10  DEBUG     send_request_body.complete
2026-03-12 05:08:10  DEBUG     receive_response_headers.started request=<Request [b'GET']>
2026-03-12 05:08:10  DEBUG     receive_response_headers.complete return_value=(b'HTTP/1.1', 404, b'Not Found', [(b'Content-Type', b'application/json; charset=utf-8'), (b'Content-Length', b'64'), (b'Connection', b'keep-alive'), (b'Date', b'Thu, 12 Mar 2026 09:08:10 GMT'), (b'ETag', b'W/"40-09f9IAqP13xarAhQxFS2W8rvRkM"'), (b'X-Powered-By', b'huggingface-moon'), (b'X-Request-Id', b'Root=1-69b2827a-3e33a921208c383e1508098a;9843936a-603b-4456-84d4-42819e5ece7c'), (b'RateLimit', b'"api";r=496;t=274'), (b'RateLimit-Policy', b'"fixed window";"api";q=500;w=300'), (b'cross-origin-opener-policy', b'same-origin'), (b'Referrer-Policy', b'strict-origin-when-cross-origin'), (b'Access-Control-Max-Age', b'86400'), (b'Access-Control-Allow-Origin', b'https://huggingface.co'), (b'Vary', b'Origin'), (b'Access-Control-Expose-Headers', b'X-Repo-Commit,X-Request-Id,X-Error-Code,X-Error-Message,X-Total-Count,ETag,Link,Accept-Ranges,Content-Range,X-Linked-Size,X-Linked-ETag,X-Xet-Hash'), (b'X-Error-Code', b'EntryNotFound'), (b'X-Error-Message', b'additional_chat_templates does not exist on "main"'), (b'X-Cache', b'Error from cloudfront'), (b'Via', b'1.1 012688338da1e48b37f7bd93206c77f0.cloudfront.net (CloudFront)'), (b'X-Amz-Cf-Pop', b'ATL59-P13'), (b'X-Amz-Cf-Id', b'lAj5xafx8F6BJXY6S1mSoRS7AjhhnPL7r06tprzOAOoBeCFhsfwNOw==')])
2026-03-12 05:08:10  INFO      HTTP Request: GET https://huggingface.co/api/models/microsoft/Florence-2-base/tree/main/additional_chat_templates?recursive=false&expand=false "HTTP/1.1 404 Not Found"
2026-03-12 05:08:10  DEBUG     receive_response_body.started request=<Request [b'GET']>
2026-03-12 05:08:10  DEBUG     receive_response_body.complete
2026-03-12 05:08:10  DEBUG     response_closed.started
2026-03-12 05:08:10  DEBUG     response_closed.complete
2026-03-12 05:08:10  DEBUG     send_request_headers.started request=<Request [b'HEAD']>
2026-03-12 05:08:10  DEBUG     send_request_headers.complete
2026-03-12 05:08:10  DEBUG     send_request_body.started request=<Request [b'HEAD']>
2026-03-12 05:08:10  DEBUG     send_request_body.complete
2026-03-12 05:08:10  DEBUG     receive_response_headers.started request=<Request [b'HEAD']>
2026-03-12 05:08:10  DEBUG     receive_response_headers.complete return_value=(b'HTTP/1.1', 404, b'Not Found', [(b'Content-Type', b'text/plain; charset=utf-8'), (b'Content-Length', b'15'), (b'Connection', b'keep-alive'), (b'Date', b'Thu, 12 Mar 2026 09:08:10 GMT'), (b'ETag', b'W/"f-mY2VvLxuxB7KhsoOdQTlMTccuAQ"'), (b'X-Powered-By', b'huggingface-moon'), (b'X-Request-Id', b'Root=1-69b2827a-2da7ed523d44629818bae19b;aa7d24bf-ce5b-42fd-a2fb-728396588a33'), (b'RateLimit', b'"resolvers";r=2976;t=274'), (b'RateLimit-Policy', b'"fixed window";"resolvers";q=3000;w=300'), (b'cross-origin-opener-policy', b'same-origin'), (b'Referrer-Policy', b'strict-origin-when-cross-origin'), (b'Access-Control-Max-Age', b'86400'), (b'Access-Control-Allow-Origin', b'https://huggingface.co'), (b'Vary', b'Origin'), (b'Access-Control-Expose-Headers', b'X-Repo-Commit,X-Request-Id,X-Error-Code,X-Error-Message,X-Total-Count,ETag,Link,Accept-Ranges,Content-Range,X-Linked-Size,X-Linked-ETag,X-Xet-Hash'), (b'X-Repo-Commit', b'5ca5edf5bd017b9919c05d08aebef5e4c7ac3bac'), (b'Accept-Ranges', b'bytes'), (b'X-HF-Warning', b'unauthenticated; Warning: You are sending unauthenticated requests to the HF Hub. Please set a HF_TOKEN to enable higher rate limits and faster downloads.'), (b'X-Hub-Cache', b'MISS'), (b'X-Error-Code', b'EntryNotFound'), (b'X-Error-Message', b'Entry not found'), (b'X-Cache', b'Error from cloudfront'), (b'Via', b'1.1 012688338da1e48b37f7bd93206c77f0.cloudfront.net (CloudFront)'), (b'X-Amz-Cf-Pop', b'ATL59-P13'), (b'X-Amz-Cf-Id', b'CRmVQPCH_cri6mExqZHyDuUZWSnRRHn7bqZ1X60Z9AOITRgpuY0wLA==')])
2026-03-12 05:08:10  INFO      HTTP Request: HEAD https://huggingface.co/microsoft/Florence-2-base/resolve/main/processor_config.json "HTTP/1.1 404 Not Found"
2026-03-12 05:08:10  DEBUG     receive_response_body.started request=<Request [b'HEAD']>
2026-03-12 05:08:10  DEBUG     receive_response_body.complete
2026-03-12 05:08:10  DEBUG     response_closed.started
2026-03-12 05:08:10  DEBUG     response_closed.complete
2026-03-12 05:08:10  DEBUG     send_request_headers.started request=<Request [b'HEAD']>
2026-03-12 05:08:10  DEBUG     send_request_headers.complete
2026-03-12 05:08:10  DEBUG     send_request_body.started request=<Request [b'HEAD']>
2026-03-12 05:08:10  DEBUG     send_request_body.complete
2026-03-12 05:08:10  DEBUG     receive_response_headers.started request=<Request [b'HEAD']>
2026-03-12 05:08:10  DEBUG     receive_response_headers.complete return_value=(b'HTTP/1.1', 404, b'Not Found', [(b'Content-Type', b'text/plain; charset=utf-8'), (b'Content-Length', b'15'), (b'Connection', b'keep-alive'), (b'Date', b'Thu, 12 Mar 2026 09:08:10 GMT'), (b'ETag', b'W/"f-mY2VvLxuxB7KhsoOdQTlMTccuAQ"'), (b'X-Powered-By', b'huggingface-moon'), (b'X-Request-Id', b'Root=1-69b2827a-75b71e885cfb6eae0dd4ec69;9a4876b6-95a0-487c-bd4c-67a3fac12e92'), (b'RateLimit', b'"resolvers";r=2975;t=274'), (b'RateLimit-Policy', b'"fixed window";"resolvers";q=3000;w=300'), (b'cross-origin-opener-policy', b'same-origin'), (b'Referrer-Policy', b'strict-origin-when-cross-origin'), (b'Access-Control-Max-Age', b'86400'), (b'Access-Control-Allow-Origin', b'https://huggingface.co'), (b'Vary', b'Origin'), (b'Access-Control-Expose-Headers', b'X-Repo-Commit,X-Request-Id,X-Error-Code,X-Error-Message,X-Total-Count,ETag,Link,Accept-Ranges,Content-Range,X-Linked-Size,X-Linked-ETag,X-Xet-Hash'), (b'X-Repo-Commit', b'5ca5edf5bd017b9919c05d08aebef5e4c7ac3bac'), (b'Accept-Ranges', b'bytes'), (b'X-HF-Warning', b'unauthenticated; Warning: You are sending unauthenticated requests to the HF Hub. Please set a HF_TOKEN to enable higher rate limits and faster downloads.'), (b'X-Hub-Cache', b'MISS'), (b'X-Error-Code', b'EntryNotFound'), (b'X-Error-Message', b'Entry not found'), (b'X-Cache', b'Error from cloudfront'), (b'Via', b'1.1 012688338da1e48b37f7bd93206c77f0.cloudfront.net (CloudFront)'), (b'X-Amz-Cf-Pop', b'ATL59-P13'), (b'X-Amz-Cf-Id', b'INyM5MOVSTHaBAcbJNKyBEJ9OA3SIjMYKOZl861JUMshmKqNGbR9mw==')])
2026-03-12 05:08:10  INFO      HTTP Request: HEAD https://huggingface.co/microsoft/Florence-2-base/resolve/main/chat_template.json "HTTP/1.1 404 Not Found"
2026-03-12 05:08:10  DEBUG     receive_response_body.started request=<Request [b'HEAD']>
2026-03-12 05:08:10  DEBUG     receive_response_body.complete
2026-03-12 05:08:10  DEBUG     response_closed.started
2026-03-12 05:08:10  DEBUG     response_closed.complete
2026-03-12 05:08:10  DEBUG     send_request_headers.started request=<Request [b'HEAD']>
2026-03-12 05:08:10  DEBUG     send_request_headers.complete
2026-03-12 05:08:10  DEBUG     send_request_body.started request=<Request [b'HEAD']>
2026-03-12 05:08:10  DEBUG     send_request_body.complete
2026-03-12 05:08:10  DEBUG     receive_response_headers.started request=<Request [b'HEAD']>
2026-03-12 05:08:10  DEBUG     receive_response_headers.complete return_value=(b'HTTP/1.1', 404, b'Not Found', [(b'Content-Type', b'text/plain; charset=utf-8'), (b'Content-Length', b'15'), (b'Connection', b'keep-alive'), (b'Date', b'Thu, 12 Mar 2026 09:08:10 GMT'), (b'ETag', b'W/"f-mY2VvLxuxB7KhsoOdQTlMTccuAQ"'), (b'X-Powered-By', b'huggingface-moon'), (b'X-Request-Id', b'Root=1-69b2827a-1c215e2f1f28c80c2d168a5d;acc0db35-b136-422e-9133-0e48dc76c58e'), (b'RateLimit', b'"resolvers";r=2974;t=274'), (b'RateLimit-Policy', b'"fixed window";"resolvers";q=3000;w=300'), (b'cross-origin-opener-policy', b'same-origin'), (b'Referrer-Policy', b'strict-origin-when-cross-origin'), (b'Access-Control-Max-Age', b'86400'), (b'Access-Control-Allow-Origin', b'https://huggingface.co'), (b'Vary', b'Origin'), (b'Access-Control-Expose-Headers', b'X-Repo-Commit,X-Request-Id,X-Error-Code,X-Error-Message,X-Total-Count,ETag,Link,Accept-Ranges,Content-Range,X-Linked-Size,X-Linked-ETag,X-Xet-Hash'), (b'X-Repo-Commit', b'5ca5edf5bd017b9919c05d08aebef5e4c7ac3bac'), (b'Accept-Ranges', b'bytes'), (b'X-Hub-Cache', b'MISS'), (b'X-Error-Code', b'EntryNotFound'), (b'X-Error-Message', b'Entry not found'), (b'X-Cache', b'Error from cloudfront'), (b'Via', b'1.1 012688338da1e48b37f7bd93206c77f0.cloudfront.net (CloudFront)'), (b'X-Amz-Cf-Pop', b'ATL59-P13'), (b'X-Amz-Cf-Id', b'iNtSQuJocWOG2ra2MDAHGO39kBfGQ_8GVQA2k8TB_Lpxw0gALy3fbw==')])
2026-03-12 05:08:10  INFO      HTTP Request: HEAD https://huggingface.co/microsoft/Florence-2-base/resolve/main/chat_template.jinja "HTTP/1.1 404 Not Found"
2026-03-12 05:08:10  DEBUG     receive_response_body.started request=<Request [b'HEAD']>
2026-03-12 05:08:10  DEBUG     receive_response_body.complete
2026-03-12 05:08:10  DEBUG     response_closed.started
2026-03-12 05:08:10  DEBUG     response_closed.complete
2026-03-12 05:08:11  DEBUG     send_request_headers.started request=<Request [b'HEAD']>
2026-03-12 05:08:11  DEBUG     send_request_headers.complete
2026-03-12 05:08:11  DEBUG     send_request_body.started request=<Request [b'HEAD']>
2026-03-12 05:08:11  DEBUG     send_request_body.complete
2026-03-12 05:08:11  DEBUG     receive_response_headers.started request=<Request [b'HEAD']>
2026-03-12 05:08:11  DEBUG     receive_response_headers.complete return_value=(b'HTTP/1.1', 404, b'Not Found', [(b'Content-Type', b'text/plain; charset=utf-8'), (b'Content-Length', b'15'), (b'Connection', b'keep-alive'), (b'Date', b'Thu, 12 Mar 2026 09:08:11 GMT'), (b'ETag', b'W/"f-mY2VvLxuxB7KhsoOdQTlMTccuAQ"'), (b'X-Powered-By', b'huggingface-moon'), (b'X-Request-Id', b'Root=1-69b2827b-2fc7a5c441c8e0f3178e853d;2d9cb09d-d497-4b33-a799-67c6e086d936'), (b'RateLimit', b'"resolvers";r=2973;t=273'), (b'RateLimit-Policy', b'"fixed window";"resolvers";q=3000;w=300'), (b'cross-origin-opener-policy', b'same-origin'), (b'Referrer-Policy', b'strict-origin-when-cross-origin'), (b'Access-Control-Max-Age', b'86400'), (b'Access-Control-Allow-Origin', b'https://huggingface.co'), (b'Vary', b'Origin'), (b'Access-Control-Expose-Headers', b'X-Repo-Commit,X-Request-Id,X-Error-Code,X-Error-Message,X-Total-Count,ETag,Link,Accept-Ranges,Content-Range,X-Linked-Size,X-Linked-ETag,X-Xet-Hash'), (b'X-Repo-Commit', b'5ca5edf5bd017b9919c05d08aebef5e4c7ac3bac'), (b'Accept-Ranges', b'bytes'), (b'X-Hub-Cache', b'MISS'), (b'X-Error-Code', b'EntryNotFound'), (b'X-Error-Message', b'Entry not found'), (b'X-Cache', b'Error from cloudfront'), (b'Via', b'1.1 012688338da1e48b37f7bd93206c77f0.cloudfront.net (CloudFront)'), (b'X-Amz-Cf-Pop', b'ATL59-P13'), (b'X-Amz-Cf-Id', b'kh7_t-25n8fndiUlaozYNqAaGmQ6nOfwl7zl0pn2UkC401VDGZvOGA==')])
2026-03-12 05:08:11  INFO      HTTP Request: HEAD https://huggingface.co/microsoft/Florence-2-base/resolve/main/audio_tokenizer_config.json "HTTP/1.1 404 Not Found"
2026-03-12 05:08:11  DEBUG     receive_response_body.started request=<Request [b'HEAD']>
2026-03-12 05:08:11  DEBUG     receive_response_body.complete
2026-03-12 05:08:11  DEBUG     response_closed.started
2026-03-12 05:08:11  DEBUG     response_closed.complete
2026-03-12 05:08:11  DEBUG     send_request_headers.started request=<Request [b'HEAD']>
2026-03-12 05:08:11  DEBUG     send_request_headers.complete
2026-03-12 05:08:11  DEBUG     send_request_body.started request=<Request [b'HEAD']>
2026-03-12 05:08:11  DEBUG     send_request_body.complete
2026-03-12 05:08:11  DEBUG     receive_response_headers.started request=<Request [b'HEAD']>
2026-03-12 05:08:11  DEBUG     receive_response_headers.complete return_value=(b'HTTP/1.1', 404, b'Not Found', [(b'Content-Type', b'text/plain; charset=utf-8'), (b'Content-Length', b'15'), (b'Connection', b'keep-alive'), (b'Date', b'Thu, 12 Mar 2026 09:08:11 GMT'), (b'ETag', b'W/"f-mY2VvLxuxB7KhsoOdQTlMTccuAQ"'), (b'X-Powered-By', b'huggingface-moon'), (b'X-Request-Id', b'Root=1-69b2827b-4f9b63160301caa10dac5069;e8642c47-7228-4f21-a475-793847434e20'), (b'RateLimit', b'"resolvers";r=2972;t=273'), (b'RateLimit-Policy', b'"fixed window";"resolvers";q=3000;w=300'), (b'cross-origin-opener-policy', b'same-origin'), (b'Referrer-Policy', b'strict-origin-when-cross-origin'), (b'Access-Control-Max-Age', b'86400'), (b'Access-Control-Allow-Origin', b'https://huggingface.co'), (b'Vary', b'Origin'), (b'Access-Control-Expose-Headers', b'X-Repo-Commit,X-Request-Id,X-Error-Code,X-Error-Message,X-Total-Count,ETag,Link,Accept-Ranges,Content-Range,X-Linked-Size,X-Linked-ETag,X-Xet-Hash'), (b'X-Repo-Commit', b'5ca5edf5bd017b9919c05d08aebef5e4c7ac3bac'), (b'Accept-Ranges', b'bytes'), (b'X-HF-Warning', b'unauthenticated; Warning: You are sending unauthenticated requests to the HF Hub. Please set a HF_TOKEN to enable higher rate limits and faster downloads.'), (b'X-Hub-Cache', b'MISS'), (b'X-Error-Code', b'EntryNotFound'), (b'X-Error-Message', b'Entry not found'), (b'X-Cache', b'Error from cloudfront'), (b'Via', b'1.1 012688338da1e48b37f7bd93206c77f0.cloudfront.net (CloudFront)'), (b'X-Amz-Cf-Pop', b'ATL59-P13'), (b'X-Amz-Cf-Id', b'LKpaVwGhv1iqldSI6l07juj2QCzZ0JFLhCbMsaUNChdzEXFVP9cK7A==')])
2026-03-12 05:08:11  INFO      HTTP Request: HEAD https://huggingface.co/microsoft/Florence-2-base/resolve/main/processor_config.json "HTTP/1.1 404 Not Found"
2026-03-12 05:08:11  DEBUG     receive_response_body.started request=<Request [b'HEAD']>
2026-03-12 05:08:11  DEBUG     receive_response_body.complete
2026-03-12 05:08:11  DEBUG     response_closed.started
2026-03-12 05:08:11  DEBUG     response_closed.complete
2026-03-12 05:08:11  DEBUG     send_request_headers.started request=<Request [b'HEAD']>
2026-03-12 05:08:11  DEBUG     send_request_headers.complete
2026-03-12 05:08:11  DEBUG     send_request_body.started request=<Request [b'HEAD']>
2026-03-12 05:08:11  DEBUG     send_request_body.complete
2026-03-12 05:08:11  DEBUG     receive_response_headers.started request=<Request [b'HEAD']>
2026-03-12 05:08:11  DEBUG     receive_response_headers.complete return_value=(b'HTTP/1.1', 307, b'Temporary Redirect', [(b'Content-Type', b'text/plain; charset=utf-8'), (b'Content-Length', b'280'), (b'Connection', b'keep-alive'), (b'Date', b'Thu, 12 Mar 2026 09:08:11 GMT'), (b'Location', b'/api/resolve-cache/models/microsoft/Florence-2-base/5ca5edf5bd017b9919c05d08aebef5e4c7ac3bac/preprocessor_config.json?%2Fmicrosoft%2FFlorence-2-base%2Fresolve%2Fmain%2Fpreprocessor_config.json=&etag=%2285cd7be3568df661ad536b6ab20d59b08ba079ae%22'), (b'X-Powered-By', b'huggingface-moon'), (b'X-Request-Id', b'Root=1-69b2827b-125f46d94b2559020dc9b179;05292ae9-dd7c-4996-b2d7-294c4d702127'), (b'RateLimit', b'"resolvers";r=2971;t=273'), (b'RateLimit-Policy', b'"fixed window";"resolvers";q=3000;w=300'), (b'cross-origin-opener-policy', b'same-origin'), (b'Referrer-Policy', b'strict-origin-when-cross-origin'), (b'Access-Control-Max-Age', b'86400'), (b'Access-Control-Allow-Origin', b'https://huggingface.co'), (b'Vary', b'Origin, Accept'), (b'Access-Control-Expose-Headers', b'X-Repo-Commit,X-Request-Id,X-Error-Code,X-Error-Message,X-Total-Count,ETag,Link,Accept-Ranges,Content-Range,X-Linked-Size,X-Linked-ETag,X-Xet-Hash'), (b'X-Repo-Commit', b'5ca5edf5bd017b9919c05d08aebef5e4c7ac3bac'), (b'Accept-Ranges', b'bytes'), (b'X-HF-Warning', b'unauthenticated; Warning: You are sending unauthenticated requests to the HF Hub. Please set a HF_TOKEN to enable higher rate limits and faster downloads.'), (b'X-Hub-Cache', b'HIT'), (b'Content-Disposition', b'inline; filename*=UTF-8\'\'preprocessor_config.json; filename="preprocessor_config.json";'), (b'Content-Security-Policy', b"default-src 'none'; sandbox"), (b'X-Linked-ETag', b'"85cd7be3568df661ad536b6ab20d59b08ba079ae"'), (b'X-Cache', b'Miss from cloudfront'), (b'Via', b'1.1 012688338da1e48b37f7bd93206c77f0.cloudfront.net (CloudFront)'), (b'X-Amz-Cf-Pop', b'ATL59-P13'), (b'X-Amz-Cf-Id', b'Whw7TOGBHBaeutycYEtAB_ikeSfOTW9mmXlhcfLAD5vnxH7wvRf28A==')])
2026-03-12 05:08:11  INFO      HTTP Request: HEAD https://huggingface.co/microsoft/Florence-2-base/resolve/main/preprocessor_config.json "HTTP/1.1 307 Temporary Redirect"
2026-03-12 05:08:11  DEBUG     receive_response_body.started request=<Request [b'HEAD']>
2026-03-12 05:08:11  DEBUG     receive_response_body.complete
2026-03-12 05:08:11  DEBUG     response_closed.started
2026-03-12 05:08:11  DEBUG     response_closed.complete
2026-03-12 05:08:11  DEBUG     send_request_headers.started request=<Request [b'HEAD']>
2026-03-12 05:08:11  DEBUG     send_request_headers.complete
2026-03-12 05:08:11  DEBUG     send_request_body.started request=<Request [b'HEAD']>
2026-03-12 05:08:11  DEBUG     send_request_body.complete
2026-03-12 05:08:11  DEBUG     receive_response_headers.started request=<Request [b'HEAD']>
2026-03-12 05:08:11  DEBUG     receive_response_headers.complete return_value=(b'HTTP/1.1', 200, b'OK', [(b'Content-Type', b'text/plain; charset=utf-8'), (b'Content-Length', b'806'), (b'Connection', b'keep-alive'), (b'Date', b'Fri, 29 Aug 2025 11:01:00 GMT'), (b'ETag', b'"85cd7be3568df661ad536b6ab20d59b08ba079ae"'), (b'X-Powered-By', b'huggingface-moon'), (b'cross-origin-opener-policy', b'same-origin'), (b'Referrer-Policy', b'strict-origin-when-cross-origin'), (b'X-Request-Id', b'Root=1-68b1886c-3d4f6bff3d722a4d12726afd;ef87aadc-03fd-42a9-938c-074af063b721'), (b'Access-Control-Allow-Origin', b'https://huggingface.co'), (b'Access-Control-Expose-Headers', b'X-Repo-Commit,X-Request-Id,X-Error-Code,X-Error-Message,X-Total-Count,ETag,Link,Accept-Ranges,Content-Range,X-Linked-Size,X-Linked-ETag,X-Xet-Hash'), (b'X-Repo-Commit', b'5ca5edf5bd017b9919c05d08aebef5e4c7ac3bac'), (b'Accept-Ranges', b'bytes'), (b'Content-Disposition', b'inline; filename*=UTF-8\'\'preprocessor_config.json; filename="preprocessor_config.json";'), (b'Content-Security-Policy', b"default-src 'none'; sandbox"), (b'Vary', b'Origin'), (b'X-Cache', b'Hit from cloudfront'), (b'Via', b'1.1 012688338da1e48b37f7bd93206c77f0.cloudfront.net (CloudFront)'), (b'X-Amz-Cf-Pop', b'ATL59-P13'), (b'X-Amz-Cf-Id', b'6uE-llvBxX4slaRJ8z9wgp7bC_2AHY2vvb0S-cv99_1FBP-OhZ7RMw=='), (b'Age', b'16841231')])
2026-03-12 05:08:11  INFO      HTTP Request: HEAD https://huggingface.co/api/resolve-cache/models/microsoft/Florence-2-base/5ca5edf5bd017b9919c05d08aebef5e4c7ac3bac/preprocessor_config.json "HTTP/1.1 200 OK"
2026-03-12 05:08:11  DEBUG     receive_response_body.started request=<Request [b'HEAD']>
2026-03-12 05:08:11  DEBUG     receive_response_body.complete
2026-03-12 05:08:11  DEBUG     response_closed.started
2026-03-12 05:08:11  DEBUG     response_closed.complete
2026-03-12 05:08:11  DEBUG     send_request_headers.started request=<Request [b'HEAD']>
2026-03-12 05:08:11  DEBUG     send_request_headers.complete
2026-03-12 05:08:11  DEBUG     send_request_body.started request=<Request [b'HEAD']>
2026-03-12 05:08:11  DEBUG     send_request_body.complete
2026-03-12 05:08:11  DEBUG     receive_response_headers.started request=<Request [b'HEAD']>
2026-03-12 05:08:11  DEBUG     receive_response_headers.complete return_value=(b'HTTP/1.1', 404, b'Not Found', [(b'Content-Type', b'text/plain; charset=utf-8'), (b'Content-Length', b'15'), (b'Connection', b'keep-alive'), (b'Date', b'Thu, 12 Mar 2026 09:08:11 GMT'), (b'ETag', b'W/"f-mY2VvLxuxB7KhsoOdQTlMTccuAQ"'), (b'X-Powered-By', b'huggingface-moon'), (b'X-Request-Id', b'Root=1-69b2827b-2b2b8c625d749dc75d37e051;99339901-8013-4cbb-bf3b-49c90047cbf9'), (b'RateLimit', b'"resolvers";r=2970;t=273'), (b'RateLimit-Policy', b'"fixed window";"resolvers";q=3000;w=300'), (b'cross-origin-opener-policy', b'same-origin'), (b'Referrer-Policy', b'strict-origin-when-cross-origin'), (b'Access-Control-Max-Age', b'86400'), (b'Access-Control-Allow-Origin', b'https://huggingface.co'), (b'Vary', b'Origin'), (b'Access-Control-Expose-Headers', b'X-Repo-Commit,X-Request-Id,X-Error-Code,X-Error-Message,X-Total-Count,ETag,Link,Accept-Ranges,Content-Range,X-Linked-Size,X-Linked-ETag,X-Xet-Hash'), (b'X-Repo-Commit', b'5ca5edf5bd017b9919c05d08aebef5e4c7ac3bac'), (b'Accept-Ranges', b'bytes'), (b'X-HF-Warning', b'unauthenticated; Warning: You are sending unauthenticated requests to the HF Hub. Please set a HF_TOKEN to enable higher rate limits and faster downloads.'), (b'X-Hub-Cache', b'MISS'), (b'X-Error-Code', b'EntryNotFound'), (b'X-Error-Message', b'Entry not found'), (b'X-Cache', b'Error from cloudfront'), (b'Via', b'1.1 012688338da1e48b37f7bd93206c77f0.cloudfront.net (CloudFront)'), (b'X-Amz-Cf-Pop', b'ATL59-P13'), (b'X-Amz-Cf-Id', b'w2RHjFBcl7zeRWiOnlVjFpuGKmAKV0xnghNXK88QeSLvxRoiRkzAew==')])
2026-03-12 05:08:11  INFO      HTTP Request: HEAD https://huggingface.co/microsoft/Florence-2-base/resolve/main/processor_config.json "HTTP/1.1 404 Not Found"
2026-03-12 05:08:11  DEBUG     receive_response_body.started request=<Request [b'HEAD']>
2026-03-12 05:08:11  DEBUG     receive_response_body.complete
2026-03-12 05:08:11  DEBUG     response_closed.started
2026-03-12 05:08:11  DEBUG     response_closed.complete
2026-03-12 05:08:11  DEBUG     send_request_headers.started request=<Request [b'HEAD']>
2026-03-12 05:08:11  DEBUG     send_request_headers.complete
2026-03-12 05:08:11  DEBUG     send_request_body.started request=<Request [b'HEAD']>
2026-03-12 05:08:11  DEBUG     send_request_body.complete
2026-03-12 05:08:11  DEBUG     receive_response_headers.started request=<Request [b'HEAD']>
2026-03-12 05:08:11  DEBUG     receive_response_headers.complete return_value=(b'HTTP/1.1', 307, b'Temporary Redirect', [(b'Content-Type', b'text/plain; charset=utf-8'), (b'Content-Length', b'280'), (b'Connection', b'keep-alive'), (b'Date', b'Thu, 12 Mar 2026 09:08:11 GMT'), (b'Location', b'/api/resolve-cache/models/microsoft/Florence-2-base/5ca5edf5bd017b9919c05d08aebef5e4c7ac3bac/preprocessor_config.json?%2Fmicrosoft%2FFlorence-2-base%2Fresolve%2Fmain%2Fpreprocessor_config.json=&etag=%2285cd7be3568df661ad536b6ab20d59b08ba079ae%22'), (b'X-Powered-By', b'huggingface-moon'), (b'X-Request-Id', b'Root=1-69b2827b-41f7823c419936ea6e87fc26;2a99484f-875d-4995-933b-77ce52d7f004'), (b'RateLimit', b'"resolvers";r=2969;t=273'), (b'RateLimit-Policy', b'"fixed window";"resolvers";q=3000;w=300'), (b'cross-origin-opener-policy', b'same-origin'), (b'Referrer-Policy', b'strict-origin-when-cross-origin'), (b'Access-Control-Max-Age', b'86400'), (b'Access-Control-Allow-Origin', b'https://huggingface.co'), (b'Vary', b'Origin, Accept'), (b'Access-Control-Expose-Headers', b'X-Repo-Commit,X-Request-Id,X-Error-Code,X-Error-Message,X-Total-Count,ETag,Link,Accept-Ranges,Content-Range,X-Linked-Size,X-Linked-ETag,X-Xet-Hash'), (b'X-Repo-Commit', b'5ca5edf5bd017b9919c05d08aebef5e4c7ac3bac'), (b'Accept-Ranges', b'bytes'), (b'X-Hub-Cache', b'HIT'), (b'Content-Disposition', b'inline; filename*=UTF-8\'\'preprocessor_config.json; filename="preprocessor_config.json";'), (b'Content-Security-Policy', b"default-src 'none'; sandbox"), (b'X-Linked-ETag', b'"85cd7be3568df661ad536b6ab20d59b08ba079ae"'), (b'X-Cache', b'Miss from cloudfront'), (b'Via', b'1.1 012688338da1e48b37f7bd93206c77f0.cloudfront.net (CloudFront)'), (b'X-Amz-Cf-Pop', b'ATL59-P13'), (b'X-Amz-Cf-Id', b'wrPD469Phz0-lK5cILcchJw7roOscuVj955ZNhZdSBLUJ6NlIqe52w==')])
2026-03-12 05:08:11  INFO      HTTP Request: HEAD https://huggingface.co/microsoft/Florence-2-base/resolve/main/preprocessor_config.json "HTTP/1.1 307 Temporary Redirect"
2026-03-12 05:08:11  DEBUG     receive_response_body.started request=<Request [b'HEAD']>
2026-03-12 05:08:11  DEBUG     receive_response_body.complete
2026-03-12 05:08:11  DEBUG     response_closed.started
2026-03-12 05:08:11  DEBUG     response_closed.complete
2026-03-12 05:08:11  DEBUG     send_request_headers.started request=<Request [b'HEAD']>
2026-03-12 05:08:11  DEBUG     send_request_headers.complete
2026-03-12 05:08:11  DEBUG     send_request_body.started request=<Request [b'HEAD']>
2026-03-12 05:08:11  DEBUG     send_request_body.complete
2026-03-12 05:08:11  DEBUG     receive_response_headers.started request=<Request [b'HEAD']>
2026-03-12 05:08:11  DEBUG     receive_response_headers.complete return_value=(b'HTTP/1.1', 200, b'OK', [(b'Content-Type', b'text/plain; charset=utf-8'), (b'Content-Length', b'806'), (b'Connection', b'keep-alive'), (b'Date', b'Fri, 29 Aug 2025 11:01:00 GMT'), (b'ETag', b'"85cd7be3568df661ad536b6ab20d59b08ba079ae"'), (b'X-Powered-By', b'huggingface-moon'), (b'cross-origin-opener-policy', b'same-origin'), (b'Referrer-Policy', b'strict-origin-when-cross-origin'), (b'X-Request-Id', b'Root=1-68b1886c-3d4f6bff3d722a4d12726afd;ef87aadc-03fd-42a9-938c-074af063b721'), (b'Access-Control-Allow-Origin', b'https://huggingface.co'), (b'Access-Control-Expose-Headers', b'X-Repo-Commit,X-Request-Id,X-Error-Code,X-Error-Message,X-Total-Count,ETag,Link,Accept-Ranges,Content-Range,X-Linked-Size,X-Linked-ETag,X-Xet-Hash'), (b'X-Repo-Commit', b'5ca5edf5bd017b9919c05d08aebef5e4c7ac3bac'), (b'Accept-Ranges', b'bytes'), (b'Content-Disposition', b'inline; filename*=UTF-8\'\'preprocessor_config.json; filename="preprocessor_config.json";'), (b'Content-Security-Policy', b"default-src 'none'; sandbox"), (b'Vary', b'Origin'), (b'X-Cache', b'Hit from cloudfront'), (b'Via', b'1.1 012688338da1e48b37f7bd93206c77f0.cloudfront.net (CloudFront)'), (b'X-Amz-Cf-Pop', b'ATL59-P13'), (b'X-Amz-Cf-Id', b'YXkOjYZPmMUmFPQyhYG0ADwPy4xLH4GTTQsdymyJVWXJr5OrLmHiqg=='), (b'Age', b'16841231')])
2026-03-12 05:08:11  INFO      HTTP Request: HEAD https://huggingface.co/api/resolve-cache/models/microsoft/Florence-2-base/5ca5edf5bd017b9919c05d08aebef5e4c7ac3bac/preprocessor_config.json "HTTP/1.1 200 OK"
2026-03-12 05:08:11  DEBUG     receive_response_body.started request=<Request [b'HEAD']>
2026-03-12 05:08:11  DEBUG     receive_response_body.complete
2026-03-12 05:08:11  DEBUG     response_closed.started
2026-03-12 05:08:11  DEBUG     response_closed.complete
2026-03-12 05:08:11  DEBUG     send_request_headers.started request=<Request [b'HEAD']>
2026-03-12 05:08:11  DEBUG     send_request_headers.complete
2026-03-12 05:08:11  DEBUG     send_request_body.started request=<Request [b'HEAD']>
2026-03-12 05:08:11  DEBUG     send_request_body.complete
2026-03-12 05:08:11  DEBUG     receive_response_headers.started request=<Request [b'HEAD']>
2026-03-12 05:08:11  DEBUG     receive_response_headers.complete return_value=(b'HTTP/1.1', 307, b'Temporary Redirect', [(b'Content-Type', b'text/plain; charset=utf-8'), (b'Content-Length', b'254'), (b'Connection', b'keep-alive'), (b'Date', b'Thu, 12 Mar 2026 09:08:11 GMT'), (b'Location', b'/api/resolve-cache/models/microsoft/Florence-2-base/5ca5edf5bd017b9919c05d08aebef5e4c7ac3bac/config.json?%2Fmicrosoft%2FFlorence-2-base%2Fresolve%2Fmain%2Fconfig.json=&etag=%2274a4482afd52515c89ae8d7d388a537a16f5d350%22'), (b'X-Powered-By', b'huggingface-moon'), (b'X-Request-Id', b'Root=1-69b2827b-0870006348c9869b442ec6dd;12b1c52c-69a1-45c1-b17d-a7cfbfddc22d'), (b'RateLimit', b'"resolvers";r=2968;t=273'), (b'RateLimit-Policy', b'"fixed window";"resolvers";q=3000;w=300'), (b'cross-origin-opener-policy', b'same-origin'), (b'Referrer-Policy', b'strict-origin-when-cross-origin'), (b'Access-Control-Max-Age', b'86400'), (b'Access-Control-Allow-Origin', b'https://huggingface.co'), (b'Vary', b'Origin, Accept'), (b'Access-Control-Expose-Headers', b'X-Repo-Commit,X-Request-Id,X-Error-Code,X-Error-Message,X-Total-Count,ETag,Link,Accept-Ranges,Content-Range,X-Linked-Size,X-Linked-ETag,X-Xet-Hash'), (b'X-Repo-Commit', b'5ca5edf5bd017b9919c05d08aebef5e4c7ac3bac'), (b'Accept-Ranges', b'bytes'), (b'X-Hub-Cache', b'HIT'), (b'Content-Disposition', b'inline; filename*=UTF-8\'\'config.json; filename="config.json";'), (b'Content-Security-Policy', b"default-src 'none'; sandbox"), (b'X-Linked-ETag', b'"74a4482afd52515c89ae8d7d388a537a16f5d350"'), (b'X-Cache', b'Miss from cloudfront'), (b'Via', b'1.1 012688338da1e48b37f7bd93206c77f0.cloudfront.net (CloudFront)'), (b'X-Amz-Cf-Pop', b'ATL59-P13'), (b'X-Amz-Cf-Id', b'5nUmLV6SETU5WXWP19i4YFE1Bg7CEcpICOHTJDrok5DcpjFc3t29bA==')])
2026-03-12 05:08:11  INFO      HTTP Request: HEAD https://huggingface.co/microsoft/Florence-2-base/resolve/main/config.json "HTTP/1.1 307 Temporary Redirect"
2026-03-12 05:08:11  DEBUG     receive_response_body.started request=<Request [b'HEAD']>
2026-03-12 05:08:11  DEBUG     receive_response_body.complete
2026-03-12 05:08:11  DEBUG     response_closed.started
2026-03-12 05:08:11  DEBUG     response_closed.complete
2026-03-12 05:08:11  DEBUG     send_request_headers.started request=<Request [b'HEAD']>
2026-03-12 05:08:11  DEBUG     send_request_headers.complete
2026-03-12 05:08:11  DEBUG     send_request_body.started request=<Request [b'HEAD']>
2026-03-12 05:08:11  DEBUG     send_request_body.complete
2026-03-12 05:08:11  DEBUG     receive_response_headers.started request=<Request [b'HEAD']>
2026-03-12 05:08:11  DEBUG     receive_response_headers.complete return_value=(b'HTTP/1.1', 200, b'OK', [(b'Content-Type', b'text/plain; charset=utf-8'), (b'Content-Length', b'2430'), (b'Connection', b'keep-alive'), (b'Date', b'Fri, 29 Aug 2025 10:27:59 GMT'), (b'ETag', b'"74a4482afd52515c89ae8d7d388a537a16f5d350"'), (b'X-Powered-By', b'huggingface-moon'), (b'cross-origin-opener-policy', b'same-origin'), (b'Referrer-Policy', b'strict-origin-when-cross-origin'), (b'X-Request-Id', b'Root=1-68b180af-2bdeb06a69de599e4d19f3fe;3c79d66e-c4e0-4ed2-b6ce-cc626ee80382'), (b'Access-Control-Allow-Origin', b'https://huggingface.co'), (b'Access-Control-Expose-Headers', b'X-Repo-Commit,X-Request-Id,X-Error-Code,X-Error-Message,X-Total-Count,ETag,Link,Accept-Ranges,Content-Range,X-Linked-Size,X-Linked-ETag,X-Xet-Hash'), (b'X-Repo-Commit', b'5ca5edf5bd017b9919c05d08aebef5e4c7ac3bac'), (b'Accept-Ranges', b'bytes'), (b'Content-Disposition', b'inline; filename*=UTF-8\'\'config.json; filename="config.json";'), (b'Content-Security-Policy', b"default-src 'none'; sandbox"), (b'Vary', b'Origin'), (b'X-Cache', b'Hit from cloudfront'), (b'Via', b'1.1 012688338da1e48b37f7bd93206c77f0.cloudfront.net (CloudFront)'), (b'X-Amz-Cf-Pop', b'ATL59-P13'), (b'X-Amz-Cf-Id', b'74mFsuaw9fw8UBvuat04P-R7IFAlwLKo7QhutngdndghA-0WNy32wg=='), (b'Age', b'16843212')])
2026-03-12 05:08:11  INFO      HTTP Request: HEAD https://huggingface.co/api/resolve-cache/models/microsoft/Florence-2-base/5ca5edf5bd017b9919c05d08aebef5e4c7ac3bac/config.json "HTTP/1.1 200 OK"
2026-03-12 05:08:11  DEBUG     receive_response_body.started request=<Request [b'HEAD']>
2026-03-12 05:08:11  DEBUG     receive_response_body.complete
2026-03-12 05:08:11  DEBUG     response_closed.started
2026-03-12 05:08:11  DEBUG     response_closed.complete
2026-03-12 05:08:11  DEBUG     send_request_headers.started request=<Request [b'HEAD']>
2026-03-12 05:08:11  DEBUG     send_request_headers.complete
2026-03-12 05:08:11  DEBUG     send_request_body.started request=<Request [b'HEAD']>
2026-03-12 05:08:11  DEBUG     send_request_body.complete
2026-03-12 05:08:11  DEBUG     receive_response_headers.started request=<Request [b'HEAD']>
2026-03-12 05:08:11  DEBUG     receive_response_headers.complete return_value=(b'HTTP/1.1', 307, b'Temporary Redirect', [(b'Content-Type', b'text/plain; charset=utf-8'), (b'Content-Length', b'284'), (b'Connection', b'keep-alive'), (b'Date', b'Thu, 12 Mar 2026 09:08:11 GMT'), (b'Location', b'/api/resolve-cache/models/microsoft/Florence-2-base/5ca5edf5bd017b9919c05d08aebef5e4c7ac3bac/configuration_florence2.py?%2Fmicrosoft%2FFlorence-2-base%2Fresolve%2Fmain%2Fconfiguration_florence2.py=&etag=%22b8869617ef8dfd0f04d421cf59b83ca662c363ad%22'), (b'X-Powered-By', b'huggingface-moon'), (b'X-Request-Id', b'Root=1-69b2827b-27285bff7854f53533785dbd;b79f7cdb-78eb-499b-8fdc-5b3e45b95743'), (b'RateLimit', b'"resolvers";r=2967;t=273'), (b'RateLimit-Policy', b'"fixed window";"resolvers";q=3000;w=300'), (b'cross-origin-opener-policy', b'same-origin'), (b'Referrer-Policy', b'strict-origin-when-cross-origin'), (b'Access-Control-Max-Age', b'86400'), (b'Access-Control-Allow-Origin', b'https://huggingface.co'), (b'Vary', b'Origin, Accept'), (b'Access-Control-Expose-Headers', b'X-Repo-Commit,X-Request-Id,X-Error-Code,X-Error-Message,X-Total-Count,ETag,Link,Accept-Ranges,Content-Range,X-Linked-Size,X-Linked-ETag,X-Xet-Hash'), (b'X-Repo-Commit', b'5ca5edf5bd017b9919c05d08aebef5e4c7ac3bac'), (b'Accept-Ranges', b'bytes'), (b'X-HF-Warning', b'unauthenticated; Warning: You are sending unauthenticated requests to the HF Hub. Please set a HF_TOKEN to enable higher rate limits and faster downloads.'), (b'X-Hub-Cache', b'HIT'), (b'Content-Disposition', b'inline; filename*=UTF-8\'\'configuration_florence2.py; filename="configuration_florence2.py";'), (b'Content-Security-Policy', b"default-src 'none'; sandbox"), (b'X-Linked-ETag', b'"b8869617ef8dfd0f04d421cf59b83ca662c363ad"'), (b'X-Cache', b'Miss from cloudfront'), (b'Via', b'1.1 012688338da1e48b37f7bd93206c77f0.cloudfront.net (CloudFront)'), (b'X-Amz-Cf-Pop', b'ATL59-P13'), (b'X-Amz-Cf-Id', b'-h-z4-qi9xZLxKvEFrnN5eNdXQk2E3wyaPM1vSGgsUKIHUmEhkR3vQ==')])
2026-03-12 05:08:11  INFO      HTTP Request: HEAD https://huggingface.co/microsoft/Florence-2-base/resolve/main/configuration_florence2.py "HTTP/1.1 307 Temporary Redirect"
2026-03-12 05:08:11  DEBUG     receive_response_body.started request=<Request [b'HEAD']>
2026-03-12 05:08:11  DEBUG     receive_response_body.complete
2026-03-12 05:08:11  DEBUG     response_closed.started
2026-03-12 05:08:11  DEBUG     response_closed.complete
2026-03-12 05:08:11  DEBUG     send_request_headers.started request=<Request [b'HEAD']>
2026-03-12 05:08:11  DEBUG     send_request_headers.complete
2026-03-12 05:08:11  DEBUG     send_request_body.started request=<Request [b'HEAD']>
2026-03-12 05:08:11  DEBUG     send_request_body.complete
2026-03-12 05:08:11  DEBUG     receive_response_headers.started request=<Request [b'HEAD']>
2026-03-12 05:08:11  DEBUG     receive_response_headers.complete return_value=(b'HTTP/1.1', 200, b'OK', [(b'Content-Type', b'text/plain; charset=utf-8'), (b'Content-Length', b'15119'), (b'Connection', b'keep-alive'), (b'Date', b'Fri, 29 Aug 2025 10:28:00 GMT'), (b'ETag', b'"b8869617ef8dfd0f04d421cf59b83ca662c363ad"'), (b'X-Powered-By', b'huggingface-moon'), (b'cross-origin-opener-policy', b'same-origin'), (b'Referrer-Policy', b'strict-origin-when-cross-origin'), (b'X-Request-Id', b'Root=1-68b180b0-2c44fee4114328806c9f1031;1bfda5f7-3121-4226-a1e6-bfc61b7768cf'), (b'Access-Control-Allow-Origin', b'https://huggingface.co'), (b'Access-Control-Expose-Headers', b'X-Repo-Commit,X-Request-Id,X-Error-Code,X-Error-Message,X-Total-Count,ETag,Link,Accept-Ranges,Content-Range,X-Linked-Size,X-Linked-ETag,X-Xet-Hash'), (b'X-Repo-Commit', b'5ca5edf5bd017b9919c05d08aebef5e4c7ac3bac'), (b'Accept-Ranges', b'bytes'), (b'Content-Disposition', b'inline; filename*=UTF-8\'\'configuration_florence2.py; filename="configuration_florence2.py";'), (b'Content-Security-Policy', b"default-src 'none'; sandbox"), (b'Vary', b'Origin'), (b'X-Cache', b'Hit from cloudfront'), (b'Via', b'1.1 012688338da1e48b37f7bd93206c77f0.cloudfront.net (CloudFront)'), (b'X-Amz-Cf-Pop', b'ATL59-P13'), (b'X-Amz-Cf-Id', b'o-lW_KI-FGxTi7RX8hMq7V1cXVL2DMz1eEb1ECRLHsmbs1nYy78sbQ=='), (b'Age', b'16843211')])
2026-03-12 05:08:11  INFO      HTTP Request: HEAD https://huggingface.co/api/resolve-cache/models/microsoft/Florence-2-base/5ca5edf5bd017b9919c05d08aebef5e4c7ac3bac/configuration_florence2.py "HTTP/1.1 200 OK"
2026-03-12 05:08:11  DEBUG     receive_response_body.started request=<Request [b'HEAD']>
2026-03-12 05:08:11  DEBUG     receive_response_body.complete
2026-03-12 05:08:11  DEBUG     response_closed.started
2026-03-12 05:08:11  DEBUG     response_closed.complete
2026-03-12 05:08:11  DEBUG     send_request_headers.started request=<Request [b'HEAD']>
2026-03-12 05:08:11  DEBUG     send_request_headers.complete
2026-03-12 05:08:11  DEBUG     send_request_body.started request=<Request [b'HEAD']>
2026-03-12 05:08:11  DEBUG     send_request_body.complete
2026-03-12 05:08:11  DEBUG     receive_response_headers.started request=<Request [b'HEAD']>
2026-03-12 05:08:11  DEBUG     receive_response_headers.complete return_value=(b'HTTP/1.1', 307, b'Temporary Redirect', [(b'Content-Type', b'text/plain; charset=utf-8'), (b'Content-Length', b'254'), (b'Connection', b'keep-alive'), (b'Date', b'Thu, 12 Mar 2026 09:08:11 GMT'), (b'Location', b'/api/resolve-cache/models/microsoft/Florence-2-base/5ca5edf5bd017b9919c05d08aebef5e4c7ac3bac/config.json?%2Fmicrosoft%2FFlorence-2-base%2Fresolve%2Fmain%2Fconfig.json=&etag=%2274a4482afd52515c89ae8d7d388a537a16f5d350%22'), (b'X-Powered-By', b'huggingface-moon'), (b'X-Request-Id', b'Root=1-69b2827b-7414adcf11a9a1b12c46986c;9f4f42dc-d875-465a-bb6c-8f61eeb43a34'), (b'RateLimit', b'"resolvers";r=2966;t=273'), (b'RateLimit-Policy', b'"fixed window";"resolvers";q=3000;w=300'), (b'cross-origin-opener-policy', b'same-origin'), (b'Referrer-Policy', b'strict-origin-when-cross-origin'), (b'Access-Control-Max-Age', b'86400'), (b'Access-Control-Allow-Origin', b'https://huggingface.co'), (b'Vary', b'Origin, Accept'), (b'Access-Control-Expose-Headers', b'X-Repo-Commit,X-Request-Id,X-Error-Code,X-Error-Message,X-Total-Count,ETag,Link,Accept-Ranges,Content-Range,X-Linked-Size,X-Linked-ETag,X-Xet-Hash'), (b'X-Repo-Commit', b'5ca5edf5bd017b9919c05d08aebef5e4c7ac3bac'), (b'Accept-Ranges', b'bytes'), (b'X-Hub-Cache', b'HIT'), (b'Content-Disposition', b'inline; filename*=UTF-8\'\'config.json; filename="config.json";'), (b'Content-Security-Policy', b"default-src 'none'; sandbox"), (b'X-Linked-ETag', b'"74a4482afd52515c89ae8d7d388a537a16f5d350"'), (b'X-Cache', b'Miss from cloudfront'), (b'Via', b'1.1 012688338da1e48b37f7bd93206c77f0.cloudfront.net (CloudFront)'), (b'X-Amz-Cf-Pop', b'ATL59-P13'), (b'X-Amz-Cf-Id', b'uzO_pTHgsvWpi6btzQbAtF3nzBwYISTaG4THcK_bphO5AyM0tkif2A==')])
2026-03-12 05:08:11  INFO      HTTP Request: HEAD https://huggingface.co/microsoft/Florence-2-base/resolve/main/config.json "HTTP/1.1 307 Temporary Redirect"
2026-03-12 05:08:11  DEBUG     receive_response_body.started request=<Request [b'HEAD']>
2026-03-12 05:08:11  DEBUG     receive_response_body.complete
2026-03-12 05:08:11  DEBUG     response_closed.started
2026-03-12 05:08:11  DEBUG     response_closed.complete
2026-03-12 05:08:11  DEBUG     send_request_headers.started request=<Request [b'HEAD']>
2026-03-12 05:08:11  DEBUG     send_request_headers.complete
2026-03-12 05:08:11  DEBUG     send_request_body.started request=<Request [b'HEAD']>
2026-03-12 05:08:11  DEBUG     send_request_body.complete
2026-03-12 05:08:11  DEBUG     receive_response_headers.started request=<Request [b'HEAD']>
2026-03-12 05:08:11  DEBUG     receive_response_headers.complete return_value=(b'HTTP/1.1', 200, b'OK', [(b'Content-Type', b'text/plain; charset=utf-8'), (b'Content-Length', b'2430'), (b'Connection', b'keep-alive'), (b'Date', b'Fri, 29 Aug 2025 10:27:59 GMT'), (b'ETag', b'"74a4482afd52515c89ae8d7d388a537a16f5d350"'), (b'X-Powered-By', b'huggingface-moon'), (b'cross-origin-opener-policy', b'same-origin'), (b'Referrer-Policy', b'strict-origin-when-cross-origin'), (b'X-Request-Id', b'Root=1-68b180af-2bdeb06a69de599e4d19f3fe;3c79d66e-c4e0-4ed2-b6ce-cc626ee80382'), (b'Access-Control-Allow-Origin', b'https://huggingface.co'), (b'Access-Control-Expose-Headers', b'X-Repo-Commit,X-Request-Id,X-Error-Code,X-Error-Message,X-Total-Count,ETag,Link,Accept-Ranges,Content-Range,X-Linked-Size,X-Linked-ETag,X-Xet-Hash'), (b'X-Repo-Commit', b'5ca5edf5bd017b9919c05d08aebef5e4c7ac3bac'), (b'Accept-Ranges', b'bytes'), (b'Content-Disposition', b'inline; filename*=UTF-8\'\'config.json; filename="config.json";'), (b'Content-Security-Policy', b"default-src 'none'; sandbox"), (b'Vary', b'Origin'), (b'X-Cache', b'Hit from cloudfront'), (b'Via', b'1.1 012688338da1e48b37f7bd93206c77f0.cloudfront.net (CloudFront)'), (b'X-Amz-Cf-Pop', b'ATL59-P13'), (b'X-Amz-Cf-Id', b'xRIDFdLwixPgvmqhglXbK6UVMrrXXy1nqbA9HNAy0NrS8Sd4dDPLFA=='), (b'Age', b'16843212')])
2026-03-12 05:08:11  INFO      HTTP Request: HEAD https://huggingface.co/api/resolve-cache/models/microsoft/Florence-2-base/5ca5edf5bd017b9919c05d08aebef5e4c7ac3bac/config.json "HTTP/1.1 200 OK"
2026-03-12 05:08:11  DEBUG     receive_response_body.started request=<Request [b'HEAD']>
2026-03-12 05:08:11  DEBUG     receive_response_body.complete
2026-03-12 05:08:11  DEBUG     response_closed.started
2026-03-12 05:08:11  DEBUG     response_closed.complete
2026-03-12 05:08:11  DEBUG     send_request_headers.started request=<Request [b'HEAD']>
2026-03-12 05:08:11  DEBUG     send_request_headers.complete
2026-03-12 05:08:11  DEBUG     send_request_body.started request=<Request [b'HEAD']>
2026-03-12 05:08:11  DEBUG     send_request_body.complete
2026-03-12 05:08:11  DEBUG     receive_response_headers.started request=<Request [b'HEAD']>
2026-03-12 05:08:11  DEBUG     receive_response_headers.complete return_value=(b'HTTP/1.1', 307, b'Temporary Redirect', [(b'Content-Type', b'text/plain; charset=utf-8'), (b'Content-Length', b'254'), (b'Connection', b'keep-alive'), (b'Date', b'Thu, 12 Mar 2026 09:08:11 GMT'), (b'Location', b'/api/resolve-cache/models/microsoft/Florence-2-base/5ca5edf5bd017b9919c05d08aebef5e4c7ac3bac/config.json?%2Fmicrosoft%2FFlorence-2-base%2Fresolve%2Fmain%2Fconfig.json=&etag=%2274a4482afd52515c89ae8d7d388a537a16f5d350%22'), (b'X-Powered-By', b'huggingface-moon'), (b'X-Request-Id', b'Root=1-69b2827b-06ce30db6ffaceae148d28a2;bcca5987-d1b6-45f0-aceb-292d093fa89d'), (b'RateLimit', b'"resolvers";r=2965;t=273'), (b'RateLimit-Policy', b'"fixed window";"resolvers";q=3000;w=300'), (b'cross-origin-opener-policy', b'same-origin'), (b'Referrer-Policy', b'strict-origin-when-cross-origin'), (b'Access-Control-Max-Age', b'86400'), (b'Access-Control-Allow-Origin', b'https://huggingface.co'), (b'Vary', b'Origin, Accept'), (b'Access-Control-Expose-Headers', b'X-Repo-Commit,X-Request-Id,X-Error-Code,X-Error-Message,X-Total-Count,ETag,Link,Accept-Ranges,Content-Range,X-Linked-Size,X-Linked-ETag,X-Xet-Hash'), (b'X-Repo-Commit', b'5ca5edf5bd017b9919c05d08aebef5e4c7ac3bac'), (b'Accept-Ranges', b'bytes'), (b'X-Hub-Cache', b'HIT'), (b'Content-Disposition', b'inline; filename*=UTF-8\'\'config.json; filename="config.json";'), (b'Content-Security-Policy', b"default-src 'none'; sandbox"), (b'X-Linked-ETag', b'"74a4482afd52515c89ae8d7d388a537a16f5d350"'), (b'X-Cache', b'Miss from cloudfront'), (b'Via', b'1.1 012688338da1e48b37f7bd93206c77f0.cloudfront.net (CloudFront)'), (b'X-Amz-Cf-Pop', b'ATL59-P13'), (b'X-Amz-Cf-Id', b'KKBRWHDpwyCeSrp-UhIooA9YXNVHaGPGcrKrD8ib3Z1cCtYNVnDogw==')])
2026-03-12 05:08:11  INFO      HTTP Request: HEAD https://huggingface.co/microsoft/Florence-2-base/resolve/main/config.json "HTTP/1.1 307 Temporary Redirect"
2026-03-12 05:08:11  DEBUG     receive_response_body.started request=<Request [b'HEAD']>
2026-03-12 05:08:11  DEBUG     receive_response_body.complete
2026-03-12 05:08:11  DEBUG     response_closed.started
2026-03-12 05:08:11  DEBUG     response_closed.complete
2026-03-12 05:08:11  DEBUG     send_request_headers.started request=<Request [b'HEAD']>
2026-03-12 05:08:11  DEBUG     send_request_headers.complete
2026-03-12 05:08:11  DEBUG     send_request_body.started request=<Request [b'HEAD']>
2026-03-12 05:08:11  DEBUG     send_request_body.complete
2026-03-12 05:08:11  DEBUG     receive_response_headers.started request=<Request [b'HEAD']>
2026-03-12 05:08:11  DEBUG     receive_response_headers.complete return_value=(b'HTTP/1.1', 200, b'OK', [(b'Content-Type', b'text/plain; charset=utf-8'), (b'Content-Length', b'2430'), (b'Connection', b'keep-alive'), (b'Date', b'Fri, 29 Aug 2025 10:27:59 GMT'), (b'ETag', b'"74a4482afd52515c89ae8d7d388a537a16f5d350"'), (b'X-Powered-By', b'huggingface-moon'), (b'cross-origin-opener-policy', b'same-origin'), (b'Referrer-Policy', b'strict-origin-when-cross-origin'), (b'X-Request-Id', b'Root=1-68b180af-2bdeb06a69de599e4d19f3fe;3c79d66e-c4e0-4ed2-b6ce-cc626ee80382'), (b'Access-Control-Allow-Origin', b'https://huggingface.co'), (b'Access-Control-Expose-Headers', b'X-Repo-Commit,X-Request-Id,X-Error-Code,X-Error-Message,X-Total-Count,ETag,Link,Accept-Ranges,Content-Range,X-Linked-Size,X-Linked-ETag,X-Xet-Hash'), (b'X-Repo-Commit', b'5ca5edf5bd017b9919c05d08aebef5e4c7ac3bac'), (b'Accept-Ranges', b'bytes'), (b'Content-Disposition', b'inline; filename*=UTF-8\'\'config.json; filename="config.json";'), (b'Content-Security-Policy', b"default-src 'none'; sandbox"), (b'Vary', b'Origin'), (b'X-Cache', b'Hit from cloudfront'), (b'Via', b'1.1 012688338da1e48b37f7bd93206c77f0.cloudfront.net (CloudFront)'), (b'X-Amz-Cf-Pop', b'ATL59-P13'), (b'X-Amz-Cf-Id', b'KwudRjx1ZF8T1CK2kEYnBcCvrESiBrEdvJaIkXaCipsNf4zgihW0AA=='), (b'Age', b'16843212')])
2026-03-12 05:08:11  INFO      HTTP Request: HEAD https://huggingface.co/api/resolve-cache/models/microsoft/Florence-2-base/5ca5edf5bd017b9919c05d08aebef5e4c7ac3bac/config.json "HTTP/1.1 200 OK"
2026-03-12 05:08:11  DEBUG     receive_response_body.started request=<Request [b'HEAD']>
2026-03-12 05:08:11  DEBUG     receive_response_body.complete
2026-03-12 05:08:11  DEBUG     response_closed.started
2026-03-12 05:08:11  DEBUG     response_closed.complete
2026-03-12 05:08:11  DEBUG     send_request_headers.started request=<Request [b'HEAD']>
2026-03-12 05:08:11  DEBUG     send_request_headers.complete
2026-03-12 05:08:11  DEBUG     send_request_body.started request=<Request [b'HEAD']>
2026-03-12 05:08:11  DEBUG     send_request_body.complete
2026-03-12 05:08:11  DEBUG     receive_response_headers.started request=<Request [b'HEAD']>
2026-03-12 05:08:11  DEBUG     receive_response_headers.complete return_value=(b'HTTP/1.1', 307, b'Temporary Redirect', [(b'Content-Type', b'text/plain; charset=utf-8'), (b'Content-Length', b'274'), (b'Connection', b'keep-alive'), (b'Date', b'Thu, 12 Mar 2026 09:08:11 GMT'), (b'Location', b'/api/resolve-cache/models/microsoft/Florence-2-base/5ca5edf5bd017b9919c05d08aebef5e4c7ac3bac/tokenizer_config.json?%2Fmicrosoft%2FFlorence-2-base%2Fresolve%2Fmain%2Ftokenizer_config.json=&etag=%2244784bc58d4cb18d3549ad71e062efcf032d9ef5%22'), (b'X-Powered-By', b'huggingface-moon'), (b'X-Request-Id', b'Root=1-69b2827b-1360fe0b4ac1da9142f12fed;616175a6-554f-4baf-b282-08b7df161f18'), (b'RateLimit', b'"resolvers";r=2964;t=273'), (b'RateLimit-Policy', b'"fixed window";"resolvers";q=3000;w=300'), (b'cross-origin-opener-policy', b'same-origin'), (b'Referrer-Policy', b'strict-origin-when-cross-origin'), (b'Access-Control-Max-Age', b'86400'), (b'Access-Control-Allow-Origin', b'https://huggingface.co'), (b'Vary', b'Origin, Accept'), (b'Access-Control-Expose-Headers', b'X-Repo-Commit,X-Request-Id,X-Error-Code,X-Error-Message,X-Total-Count,ETag,Link,Accept-Ranges,Content-Range,X-Linked-Size,X-Linked-ETag,X-Xet-Hash'), (b'X-Repo-Commit', b'5ca5edf5bd017b9919c05d08aebef5e4c7ac3bac'), (b'Accept-Ranges', b'bytes'), (b'X-Hub-Cache', b'MISS'), (b'Content-Disposition', b'inline; filename*=UTF-8\'\'tokenizer_config.json; filename="tokenizer_config.json";'), (b'Content-Security-Policy', b"default-src 'none'; sandbox"), (b'X-Linked-ETag', b'"44784bc58d4cb18d3549ad71e062efcf032d9ef5"'), (b'X-Cache', b'Miss from cloudfront'), (b'Via', b'1.1 012688338da1e48b37f7bd93206c77f0.cloudfront.net (CloudFront)'), (b'X-Amz-Cf-Pop', b'ATL59-P13'), (b'X-Amz-Cf-Id', b'gG6CvKbR27WqGB7Tuw_OVks2Z8PF9Aiv-_OomQGbD9QYxf9bYgkF1g==')])
2026-03-12 05:08:11  INFO      HTTP Request: HEAD https://huggingface.co/microsoft/Florence-2-base/resolve/main/tokenizer_config.json "HTTP/1.1 307 Temporary Redirect"
2026-03-12 05:08:11  DEBUG     receive_response_body.started request=<Request [b'HEAD']>
2026-03-12 05:08:11  DEBUG     receive_response_body.complete
2026-03-12 05:08:11  DEBUG     response_closed.started
2026-03-12 05:08:11  DEBUG     response_closed.complete
2026-03-12 05:08:11  DEBUG     send_request_headers.started request=<Request [b'HEAD']>
2026-03-12 05:08:11  DEBUG     send_request_headers.complete
2026-03-12 05:08:11  DEBUG     send_request_body.started request=<Request [b'HEAD']>
2026-03-12 05:08:11  DEBUG     send_request_body.complete
2026-03-12 05:08:11  DEBUG     receive_response_headers.started request=<Request [b'HEAD']>
2026-03-12 05:08:11  DEBUG     receive_response_headers.complete return_value=(b'HTTP/1.1', 200, b'OK', [(b'Content-Type', b'text/plain; charset=utf-8'), (b'Content-Length', b'34'), (b'Connection', b'keep-alive'), (b'Date', b'Mon, 26 Jan 2026 18:36:12 GMT'), (b'ETag', b'"44784bc58d4cb18d3549ad71e062efcf032d9ef5"'), (b'X-Powered-By', b'huggingface-moon'), (b'X-Request-Id', b'Root=1-6977b41c-7cd2987d3ffd44cd050df45a;73bcbb39-bec3-4d34-8af5-f5d3a4176c48'), (b'RateLimit', b'"resolvers";r=2999;t=224'), (b'RateLimit-Policy', b'"fixed window";"resolvers";q=3000;w=300'), (b'cross-origin-opener-policy', b'same-origin'), (b'Referrer-Policy', b'strict-origin-when-cross-origin'), (b'Access-Control-Max-Age', b'86400'), (b'Access-Control-Allow-Origin', b'https://huggingface.co'), (b'Access-Control-Expose-Headers', b'X-Repo-Commit,X-Request-Id,X-Error-Code,X-Error-Message,X-Total-Count,ETag,Link,Accept-Ranges,Content-Range,X-Linked-Size,X-Linked-ETag,X-Xet-Hash'), (b'X-Repo-Commit', b'5ca5edf5bd017b9919c05d08aebef5e4c7ac3bac'), (b'Accept-Ranges', b'bytes'), (b'Content-Disposition', b'inline; filename*=UTF-8\'\'tokenizer_config.json; filename="tokenizer_config.json";'), (b'Content-Security-Policy', b"default-src 'none'; sandbox"), (b'Vary', b'Origin'), (b'X-Cache', b'Hit from cloudfront'), (b'Via', b'1.1 012688338da1e48b37f7bd93206c77f0.cloudfront.net (CloudFront)'), (b'X-Amz-Cf-Pop', b'ATL59-P13'), (b'X-Amz-Cf-Id', b'UHqGdyFC13DcqMAfDk657haeNPubn_aLnzAYxq9S6nVZHuNNTheG5A=='), (b'Age', b'3853919')])
2026-03-12 05:08:11  INFO      HTTP Request: HEAD https://huggingface.co/api/resolve-cache/models/microsoft/Florence-2-base/5ca5edf5bd017b9919c05d08aebef5e4c7ac3bac/tokenizer_config.json "HTTP/1.1 200 OK"
2026-03-12 05:08:11  DEBUG     receive_response_body.started request=<Request [b'HEAD']>
2026-03-12 05:08:11  DEBUG     receive_response_body.complete
2026-03-12 05:08:11  DEBUG     response_closed.started
2026-03-12 05:08:11  DEBUG     response_closed.complete
2026-03-12 05:08:11  DEBUG     send_request_headers.started request=<Request [b'GET']>
2026-03-12 05:08:11  DEBUG     send_request_headers.complete
2026-03-12 05:08:11  DEBUG     send_request_body.started request=<Request [b'GET']>
2026-03-12 05:08:11  DEBUG     send_request_body.complete
2026-03-12 05:08:11  DEBUG     receive_response_headers.started request=<Request [b'GET']>
2026-03-12 05:08:12  DEBUG     receive_response_headers.complete return_value=(b'HTTP/1.1', 404, b'Not Found', [(b'Content-Type', b'application/json; charset=utf-8'), (b'Content-Length', b'64'), (b'Connection', b'keep-alive'), (b'Date', b'Thu, 12 Mar 2026 09:08:12 GMT'), (b'ETag', b'W/"40-09f9IAqP13xarAhQxFS2W8rvRkM"'), (b'X-Powered-By', b'huggingface-moon'), (b'X-Request-Id', b'Root=1-69b2827c-29ff55460baeee99188c886a;ca65f4c9-9975-4039-bb5e-88ba4c466064'), (b'RateLimit', b'"api";r=495;t=272'), (b'RateLimit-Policy', b'"fixed window";"api";q=500;w=300'), (b'cross-origin-opener-policy', b'same-origin'), (b'Referrer-Policy', b'strict-origin-when-cross-origin'), (b'Access-Control-Max-Age', b'86400'), (b'Access-Control-Allow-Origin', b'https://huggingface.co'), (b'Vary', b'Origin'), (b'Access-Control-Expose-Headers', b'X-Repo-Commit,X-Request-Id,X-Error-Code,X-Error-Message,X-Total-Count,ETag,Link,Accept-Ranges,Content-Range,X-Linked-Size,X-Linked-ETag,X-Xet-Hash'), (b'X-Error-Code', b'EntryNotFound'), (b'X-Error-Message', b'additional_chat_templates does not exist on "main"'), (b'X-Cache', b'Error from cloudfront'), (b'Via', b'1.1 012688338da1e48b37f7bd93206c77f0.cloudfront.net (CloudFront)'), (b'X-Amz-Cf-Pop', b'ATL59-P13'), (b'X-Amz-Cf-Id', b'xtfiJqF9r2lbafqQXSLvm53kGuhY9CI0ihhUXvZkh1BkDPvh-wTVUw==')])
2026-03-12 05:08:12  INFO      HTTP Request: GET https://huggingface.co/api/models/microsoft/Florence-2-base/tree/main/additional_chat_templates?recursive=false&expand=false "HTTP/1.1 404 Not Found"
2026-03-12 05:08:12  DEBUG     receive_response_body.started request=<Request [b'GET']>
2026-03-12 05:08:12  DEBUG     receive_response_body.complete
2026-03-12 05:08:12  DEBUG     response_closed.started
2026-03-12 05:08:12  DEBUG     response_closed.complete
2026-03-12 05:08:12  DEBUG     send_request_headers.started request=<Request [b'GET']>
2026-03-12 05:08:12  DEBUG     send_request_headers.complete
2026-03-12 05:08:12  DEBUG     send_request_body.started request=<Request [b'GET']>
2026-03-12 05:08:12  DEBUG     send_request_body.complete
2026-03-12 05:08:12  DEBUG     receive_response_headers.started request=<Request [b'GET']>
2026-03-12 05:08:12  DEBUG     receive_response_headers.complete return_value=(b'HTTP/1.1', 200, b'OK', [(b'Content-Type', b'application/json; charset=utf-8'), (b'Transfer-Encoding', b'chunked'), (b'Connection', b'keep-alive'), (b'Date', b'Thu, 12 Mar 2026 09:08:12 GMT'), (b'Access-Control-Expose-Headers', b'X-Repo-Commit,X-Request-Id,X-Error-Code,X-Error-Message,X-Total-Count,ETag,Link,Accept-Ranges,Content-Range,X-Linked-Size,X-Linked-ETag,X-Xet-Hash'), (b'content-encoding', b'gzip'), (b'X-Powered-By', b'huggingface-moon'), (b'X-Request-Id', b'Root=1-69b2827c-5070e1b17fcc84614a26639c;80ed1c72-f6ae-49d8-8b53-47ef021692e3'), (b'RateLimit', b'"api";r=494;t=272'), (b'RateLimit-Policy', b'"fixed window";"api";q=500;w=300'), (b'cross-origin-opener-policy', b'same-origin'), (b'Referrer-Policy', b'strict-origin-when-cross-origin'), (b'Access-Control-Max-Age', b'86400'), (b'Access-Control-Allow-Origin', b'https://huggingface.co'), (b'Vary', b'Origin'), (b'vary', b'accept-encoding'), (b'ETag', b'W/"801-8wfJdkULAAa2bZfXhisB0NSy3Jo"'), (b'X-Cache', b'Miss from cloudfront'), (b'Via', b'1.1 012688338da1e48b37f7bd93206c77f0.cloudfront.net (CloudFront)'), (b'X-Amz-Cf-Pop', b'ATL59-P13'), (b'X-Amz-Cf-Id', b'EfnjrHzXUJyacfc0zg2RtiLFliuZa1aV1WSbN3vgoH8oCsXf2Qj3EA==')])
2026-03-12 05:08:12  INFO      HTTP Request: GET https://huggingface.co/api/models/microsoft/Florence-2-base/tree/main?recursive=true&expand=false "HTTP/1.1 200 OK"
2026-03-12 05:08:12  DEBUG     receive_response_body.started request=<Request [b'GET']>
2026-03-12 05:08:12  DEBUG     receive_response_body.complete
2026-03-12 05:08:12  DEBUG     response_closed.started
2026-03-12 05:08:12  DEBUG     response_closed.complete
2026-03-12 05:08:12  ERROR     Failed to load AI model: TokenizersBackend has no attribute additional_special_tokens
Traceback (most recent call last):
  File "/Users/ben/Dev/imgtagplus/imgtagplus/app.py", line 146, in run
    tagger = FlorenceTagger(model_id=hf_model_id, model_dir=args.model_dir)
  File "/Users/ben/Dev/imgtagplus/imgtagplus/vlm.py", line 69, in __init__
    self.processor = AutoProcessor.from_pretrained(self._model_id, trust_remote_code=True, cache_dir=str(self._model_dir), use_fast=False)
                     ~~~~~~~~~~~~~~~~~~~~~~~~~~~~~^^^^^^^^^^^^^^^^^^^^^^^^^^^^^^^^^^^^^^^^^^^^^^^^^^^^^^^^^^^^^^^^^^^^^^^^^^^^^^^^^^^^^^^^
  File "/Users/ben/Dev/imgtagplus/.venv/lib/python3.14/site-packages/transformers/models/auto/processing_auto.py", line 407, in from_pretrained
    return processor_class.from_pretrained(
           ~~~~~~~~~~~~~~~~~~~~~~~~~~~~~~~^
        pretrained_model_name_or_path, trust_remote_code=trust_remote_code, **kwargs
        ^^^^^^^^^^^^^^^^^^^^^^^^^^^^^^^^^^^^^^^^^^^^^^^^^^^^^^^^^^^^^^^^^^^^^^^^^^^^
    )
    ^
  File "/Users/ben/Dev/imgtagplus/.venv/lib/python3.14/site-packages/transformers/processing_utils.py", line 1404, in from_pretrained
    return cls.from_args_and_dict(args, processor_dict, **instantiation_kwargs)
           ~~~~~~~~~~~~~~~~~~~~~~^^^^^^^^^^^^^^^^^^^^^^^^^^^^^^^^^^^^^^^^^^^^^^
  File "/Users/ben/Dev/imgtagplus/.venv/lib/python3.14/site-packages/transformers/processing_utils.py", line 1171, in from_args_and_dict
    processor = cls(*args, **valid_kwargs)
  File "/Users/ben/.cache/imgtagplus/modules/transformers_modules/microsoft/Florence_hyphen_2_hyphen_base/5ca5edf5bd017b9919c05d08aebef5e4c7ac3bac/processing_florence2.py", line 89, in __init__
    tokenizer.additional_special_tokens + \
    ^^^^^^^^^^^^^^^^^^^^^^^^^^^^^^^^^^^
  File "/Users/ben/Dev/imgtagplus/.venv/lib/python3.14/site-packages/transformers/tokenization_utils_base.py", line 1293, in __getattr__
    raise AttributeError(f"{self.__class__.__name__} has no attribute {key}")
AttributeError: TokenizersBackend has no attribute additional_special_tokens. Did you mean: 'add_special_tokens'?
