2026-03-12 05:06:48  INFO      Model       : clip (clip)
2026-03-12 05:06:48  INFO      Recursive   : True
2026-03-12 05:06:48  INFO      Threshold   : 0.05
2026-03-12 05:06:48  INFO      Max tags    : 50
2026-03-12 05:06:48  INFO      Silent      : True
2026-03-12 05:06:48  INFO      Continue err: True
2026-03-12 05:06:48  INFO      Log file    : /Users/ben/Dev/imgtagplus/imgtagplus_20260312_050648.log
2026-03-12 05:06:48  INFO      Found 4 image(s) scanning /Users/ben/Dev/imgtagplus/sandbox (recursively)
2026-03-12 05:06:48  INFO      Images to process: 4
2026-03-12 05:06:48  DEBUG     close.started
2026-03-12 05:06:48  DEBUG     close.complete
2026-03-12 05:06:48  DEBUG     connect_tcp.started host='huggingface.co' port=443 local_address=None timeout=10 socket_options=None
2026-03-12 05:06:48  DEBUG     connect_tcp.complete return_value=<httpcore._backends.sync.SyncStream object at 0x1164f69c0>
2026-03-12 05:06:48  DEBUG     start_tls.started ssl_context=<ssl.SSLContext object at 0x112fc32f0> server_hostname='huggingface.co' timeout=10
2026-03-12 05:06:48  DEBUG     start_tls.complete return_value=<httpcore._backends.sync.SyncStream object at 0x1164f6ad0>
2026-03-12 05:06:48  DEBUG     send_request_headers.started request=<Request [b'HEAD']>
2026-03-12 05:06:48  DEBUG     send_request_headers.complete
2026-03-12 05:06:48  DEBUG     send_request_body.started request=<Request [b'HEAD']>
2026-03-12 05:06:48  DEBUG     send_request_body.complete
2026-03-12 05:06:48  DEBUG     receive_response_headers.started request=<Request [b'HEAD']>
2026-03-12 05:06:48  DEBUG     receive_response_headers.complete return_value=(b'HTTP/1.1', 302, b'Found', [(b'Content-Type', b'text/plain; charset=utf-8'), (b'Content-Length', b'1347'), (b'Connection', b'keep-alive'), (b'Date', b'Thu, 12 Mar 2026 09:06:48 GMT'), (b'Location', b'https://cas-bridge.xethub.hf.co/xet-bridge-us/646760a4a48c2b6f0d5edaba/581a113c3b8efbfe361c0ddc6debf45f59f2760a49de41fbbf13f28731c920bf?X-Amz-Algorithm=AWS4-HMAC-SHA256&X-Amz-Content-Sha256=UNSIGNED-PAYLOAD&X-Amz-Credential=cas%2F20260312%2Fus-east-1%2Fs3%2Faws4_request&X-Amz-Date=20260312T090648Z&X-Amz-Expires=3600&X-Amz-Signature=5363abcaef3514ac85f6af3be8f79375dee23e77c1d4b276845bbbd6af7a8303&X-Amz-SignedHeaders=host&X-Xet-Cas-Uid=public&response-content-disposition=inline%3B+filename*%3DUTF-8%27%27vision_model.onnx%3B+filename%3D%22vision_model.onnx%22%3B&x-amz-checksum-mode=ENABLED&x-id=GetObject&Expires=1773310008&Policy=eyJTdGF0ZW1lbnQiOlt7IkNvbmRpdGlvbiI6eyJEYXRlTGVzc1RoYW4iOnsiQVdTOkVwb2NoVGltZSI6MTc3MzMxMDAwOH19LCJSZXNvdXJjZSI6Imh0dHBzOi8vY2FzLWJyaWRnZS54ZXRodWIuaGYuY28veGV0LWJyaWRnZS11cy82NDY3NjBhNGE0OGMyYjZmMGQ1ZWRhYmEvNTgxYTExM2MzYjhlZmJmZTM2MWMwZGRjNmRlYmY0NWY1OWYyNzYwYTQ5ZGU0MWZiYmYxM2YyODczMWM5MjBiZioifV19&Signature=X2TbPPemOnfc4pCyKksRcZp6onSZ1VCxbT-BSFK8Fi9tpRsbhH9KbxPw0yoXRYWe%7E0T6lP03bXOmeWHQbr4ICg9b8XFwJdxgH2rNKkdOB4jPf1jTga4FHi-lWWzpGVx0ve664KvKcR0jDhJ4hivHmb740XvBGse8sw00pS8IA38cX3eSDuJfvQB4X3gjUsTsChSQeCRsnRpQadn2NIjosPBcRgI5lLqsoJWMf86y6I0pR3rNSZM1pPO4teEnGay7hfXiph2wlqg8%7EJv-Eay87AJxWmNiWV3ksrMGxSgwh2sPVhFWbfxLIixgRtI%7ExyUQKqFRyPGAew%7E-PWZ4AgLsbQ__&Key-Pair-Id=K2L8F4GPSG1IFC'), (b'X-Powered-By', b'huggingface-moon'), (b'X-Request-Id', b'Root=1-69b28228-59a5368d3cba15082cded743;6df12868-889e-4310-a996-ef2f175a046d'), (b'RateLimit', b'"resolvers";r=2949;t=56'), (b'RateLimit-Policy', b'"fixed window";"resolvers";q=3000;w=300'), (b'cross-origin-opener-policy', b'same-origin'), (b'Referrer-Policy', b'strict-origin-when-cross-origin'), (b'Access-Control-Max-Age', b'86400'), (b'Access-Control-Allow-Origin', b'https://huggingface.co'), (b'Vary', b'Origin, Accept'), (b'Access-Control-Expose-Headers', b'X-Repo-Commit,X-Request-Id,X-Error-Code,X-Error-Message,X-Total-Count,ETag,Link,Accept-Ranges,Content-Range,X-Linked-Size,X-Linked-ETag,X-Xet-Hash'), (b'X-Repo-Commit', b'd15189d7028b43f1d3e65039190477f6af591c2a'), (b'Accept-Ranges', b'bytes'), (b'X-Hub-Cache', b'MISS'), (b'X-Linked-Size', b'351685709'), (b'X-Linked-ETag', b'"fd6e1402a588279d1723c7534d4bcba5bc0b14b47dfab0e46f8c47b8270d7d40"'), (b'X-Xet-Hash', b'581a113c3b8efbfe361c0ddc6debf45f59f2760a49de41fbbf13f28731c920bf'), (b'Link', b'<https://huggingface.co/api/models/Xenova/clip-vit-base-patch32/xet-read-token/d15189d7028b43f1d3e65039190477f6af591c2a>; rel="xet-auth", <https://cas-server.xethub.hf.co/v1/reconstructions/581a113c3b8efbfe361c0ddc6debf45f59f2760a49de41fbbf13f28731c920bf>; rel="xet-reconstruction-info"'), (b'X-Cache', b'Miss from cloudfront'), (b'Via', b'1.1 b0739f825ef509d0d9f4c0f0b5a7ae10.cloudfront.net (CloudFront)'), (b'X-Amz-Cf-Pop', b'ATL59-P13'), (b'X-Amz-Cf-Id', b'TjurEfy99fP2JrpZ31Q3K8500iXhpXDHfU2f4qvUwbiEawsxGQwVUQ==')])
2026-03-12 05:06:48  INFO      HTTP Request: HEAD https://huggingface.co/Xenova/clip-vit-base-patch32/resolve/main/onnx/vision_model.onnx "HTTP/1.1 302 Found"
2026-03-12 05:06:48  DEBUG     receive_response_body.started request=<Request [b'HEAD']>
2026-03-12 05:06:48  DEBUG     receive_response_body.complete
2026-03-12 05:06:48  DEBUG     response_closed.started
2026-03-12 05:06:48  DEBUG     response_closed.complete
2026-03-12 05:06:48  DEBUG     send_request_headers.started request=<Request [b'HEAD']>
2026-03-12 05:06:48  DEBUG     send_request_headers.complete
2026-03-12 05:06:48  DEBUG     send_request_body.started request=<Request [b'HEAD']>
2026-03-12 05:06:48  DEBUG     send_request_body.complete
2026-03-12 05:06:48  DEBUG     receive_response_headers.started request=<Request [b'HEAD']>
2026-03-12 05:06:48  DEBUG     receive_response_headers.complete return_value=(b'HTTP/1.1', 302, b'Found', [(b'Content-Type', b'text/plain; charset=utf-8'), (b'Content-Length', b'1347'), (b'Connection', b'keep-alive'), (b'Date', b'Thu, 12 Mar 2026 09:06:48 GMT'), (b'Location', b'https://cas-bridge.xethub.hf.co/xet-bridge-us/646760a4a48c2b6f0d5edaba/7cc6053c4289104b59c16c0e17aef1da1ec90a9f8d3385f4d99d976d3c2cc713?X-Amz-Algorithm=AWS4-HMAC-SHA256&X-Amz-Content-Sha256=UNSIGNED-PAYLOAD&X-Amz-Credential=cas%2F20260312%2Fus-east-1%2Fs3%2Faws4_request&X-Amz-Date=20260312T090648Z&X-Amz-Expires=3600&X-Amz-Signature=a594fe198e04f9c5a531a44ea3d61103e27af1e5c0fc7d496a98dcd3fd249074&X-Amz-SignedHeaders=host&X-Xet-Cas-Uid=public&response-content-disposition=inline%3B+filename*%3DUTF-8%27%27text_model.onnx%3B+filename%3D%22text_model.onnx%22%3B&x-amz-checksum-mode=ENABLED&x-id=GetObject&Expires=1773310008&Policy=eyJTdGF0ZW1lbnQiOlt7IkNvbmRpdGlvbiI6eyJEYXRlTGVzc1RoYW4iOnsiQVdTOkVwb2NoVGltZSI6MTc3MzMxMDAwOH19LCJSZXNvdXJjZSI6Imh0dHBzOi8vY2FzLWJyaWRnZS54ZXRodWIuaGYuY28veGV0LWJyaWRnZS11cy82NDY3NjBhNGE0OGMyYjZmMGQ1ZWRhYmEvN2NjNjA1M2M0Mjg5MTA0YjU5YzE2YzBlMTdhZWYxZGExZWM5MGE5ZjhkMzM4NWY0ZDk5ZDk3NmQzYzJjYzcxMyoifV19&Signature=BGOTFgVj1theFFblPLD1ahGEYR3mKCVr4raDfZuGzaDQR4WluV%7EsCcKMkxnS0SbUVbnJOSZT%7E8zQOZ-fNSLRio5jjqUTYfyMJ54PVGLj--vAYbzcs4HG5EtyTQJWv9Ed2G2uFVrJR%7EySeVh2VL8oUlzQjeiRiUOV%7EoxZ1m6f7aokYilKV605KGruGsO5u80A6HMUCYj1e1K-NSofJ0KPUFiak6RkPS%7EkSQR7M6vjFt4bd4ypG7mywkKIuk11z7aJrLiSZBua41IcBlULMxDIEQ5lcN2YUjH5KkMEUS2ZjwDHebEV3wVp%7Ei4GNxhpjMGYbfEoM77lZnVO-3YRDVJ-Og__&Key-Pair-Id=K2L8F4GPSG1IFC'), (b'X-Powered-By', b'huggingface-moon'), (b'X-Request-Id', b'Root=1-69b28228-509013832564d56c7f3381cf;1df9d270-aff9-4130-9ff3-c279d2cefd8a'), (b'RateLimit', b'"resolvers";r=2948;t=56'), (b'RateLimit-Policy', b'"fixed window";"resolvers";q=3000;w=300'), (b'cross-origin-opener-policy', b'same-origin'), (b'Referrer-Policy', b'strict-origin-when-cross-origin'), (b'Access-Control-Max-Age', b'86400'), (b'Access-Control-Allow-Origin', b'https://huggingface.co'), (b'Vary', b'Origin, Accept'), (b'Access-Control-Expose-Headers', b'X-Repo-Commit,X-Request-Id,X-Error-Code,X-Error-Message,X-Total-Count,ETag,Link,Accept-Ranges,Content-Range,X-Linked-Size,X-Linked-ETag,X-Xet-Hash'), (b'X-Repo-Commit', b'd15189d7028b43f1d3e65039190477f6af591c2a'), (b'Accept-Ranges', b'bytes'), (b'X-Hub-Cache', b'MISS'), (b'X-Linked-Size', b'254058553'), (b'X-Linked-ETag', b'"3f6571f5bad13a97c469c1622e1cfc4d9aef78b79fdbfcff804ca357bfada8cc"'), (b'X-Xet-Hash', b'7cc6053c4289104b59c16c0e17aef1da1ec90a9f8d3385f4d99d976d3c2cc713'), (b'Link', b'<https://huggingface.co/api/models/Xenova/clip-vit-base-patch32/xet-read-token/d15189d7028b43f1d3e65039190477f6af591c2a>; rel="xet-auth", <https://cas-server.xethub.hf.co/v1/reconstructions/7cc6053c4289104b59c16c0e17aef1da1ec90a9f8d3385f4d99d976d3c2cc713>; rel="xet-reconstruction-info"'), (b'X-Cache', b'Miss from cloudfront'), (b'Via', b'1.1 b0739f825ef509d0d9f4c0f0b5a7ae10.cloudfront.net (CloudFront)'), (b'X-Amz-Cf-Pop', b'ATL59-P13'), (b'X-Amz-Cf-Id', b'jo_n3KscluRlTIhjqtJEg7ZwmrvRUl77YdpclDhK1U-0aPDlSbgqYw==')])
2026-03-12 05:06:48  INFO      HTTP Request: HEAD https://huggingface.co/Xenova/clip-vit-base-patch32/resolve/main/onnx/text_model.onnx "HTTP/1.1 302 Found"
2026-03-12 05:06:48  DEBUG     receive_response_body.started request=<Request [b'HEAD']>
2026-03-12 05:06:48  DEBUG     receive_response_body.complete
2026-03-12 05:06:48  DEBUG     response_closed.started
2026-03-12 05:06:48  DEBUG     response_closed.complete
2026-03-12 05:06:48  DEBUG     send_request_headers.started request=<Request [b'HEAD']>
2026-03-12 05:06:48  DEBUG     send_request_headers.complete
2026-03-12 05:06:48  DEBUG     send_request_body.started request=<Request [b'HEAD']>
2026-03-12 05:06:48  DEBUG     send_request_body.complete
2026-03-12 05:06:48  DEBUG     receive_response_headers.started request=<Request [b'HEAD']>
2026-03-12 05:06:48  DEBUG     receive_response_headers.complete return_value=(b'HTTP/1.1', 307, b'Temporary Redirect', [(b'Content-Type', b'text/plain; charset=utf-8'), (b'Content-Length', b'266'), (b'Connection', b'keep-alive'), (b'Date', b'Thu, 12 Mar 2026 09:06:48 GMT'), (b'Location', b'/api/resolve-cache/models/Xenova/clip-vit-base-patch32/d15189d7028b43f1d3e65039190477f6af591c2a/tokenizer.json?%2FXenova%2Fclip-vit-base-patch32%2Fresolve%2Fmain%2Ftokenizer.json=&etag=%22bc1f77d20440541dd073ebae6f6c401087c7d34e%22'), (b'X-Powered-By', b'huggingface-moon'), (b'X-Request-Id', b'Root=1-69b28228-55bb77a05696f73c2ad63055;25e8facc-c114-4016-aa82-8f11060a2f18'), (b'RateLimit', b'"resolvers";r=2947;t=56'), (b'RateLimit-Policy', b'"fixed window";"resolvers";q=3000;w=300'), (b'cross-origin-opener-policy', b'same-origin'), (b'Referrer-Policy', b'strict-origin-when-cross-origin'), (b'Access-Control-Max-Age', b'86400'), (b'Access-Control-Allow-Origin', b'https://huggingface.co'), (b'Vary', b'Origin, Accept'), (b'Access-Control-Expose-Headers', b'X-Repo-Commit,X-Request-Id,X-Error-Code,X-Error-Message,X-Total-Count,ETag,Link,Accept-Ranges,Content-Range,X-Linked-Size,X-Linked-ETag,X-Xet-Hash'), (b'X-Repo-Commit', b'd15189d7028b43f1d3e65039190477f6af591c2a'), (b'Accept-Ranges', b'bytes'), (b'X-Hub-Cache', b'MISS'), (b'Content-Disposition', b'inline; filename*=UTF-8\'\'tokenizer.json; filename="tokenizer.json";'), (b'Content-Security-Policy', b"default-src 'none'; sandbox"), (b'X-Linked-ETag', b'"bc1f77d20440541dd073ebae6f6c401087c7d34e"'), (b'X-Cache', b'Miss from cloudfront'), (b'Via', b'1.1 b0739f825ef509d0d9f4c0f0b5a7ae10.cloudfront.net (CloudFront)'), (b'X-Amz-Cf-Pop', b'ATL59-P13'), (b'X-Amz-Cf-Id', b'hxEs4aZhyhoMVZENlrmDZrEPAsfM1f2ku4IC9TXMvUlKgkvmGBwWJw==')])
2026-03-12 05:06:48  INFO      HTTP Request: HEAD https://huggingface.co/Xenova/clip-vit-base-patch32/resolve/main/tokenizer.json "HTTP/1.1 307 Temporary Redirect"
2026-03-12 05:06:48  DEBUG     receive_response_body.started request=<Request [b'HEAD']>
2026-03-12 05:06:48  DEBUG     receive_response_body.complete
2026-03-12 05:06:48  DEBUG     response_closed.started
2026-03-12 05:06:48  DEBUG     response_closed.complete
2026-03-12 05:06:48  DEBUG     send_request_headers.started request=<Request [b'HEAD']>
2026-03-12 05:06:48  DEBUG     send_request_headers.complete
2026-03-12 05:06:48  DEBUG     send_request_body.started request=<Request [b'HEAD']>
2026-03-12 05:06:48  DEBUG     send_request_body.complete
2026-03-12 05:06:48  DEBUG     receive_response_headers.started request=<Request [b'HEAD']>
2026-03-12 05:06:48  DEBUG     receive_response_headers.complete return_value=(b'HTTP/1.1', 200, b'OK', [(b'Content-Type', b'text/plain; charset=utf-8'), (b'Content-Length', b'2224119'), (b'Connection', b'keep-alive'), (b'Date', b'Thu, 12 Mar 2026 07:58:57 GMT'), (b'ETag', b'"bc1f77d20440541dd073ebae6f6c401087c7d34e"'), (b'X-Powered-By', b'huggingface-moon'), (b'X-Request-Id', b'Root=1-69b27241-2462f936318f7477324cbe43;a7186e2e-02c1-43f0-a55e-3012e1162472'), (b'RateLimit', b'"resolvers";r=2996;t=227'), (b'RateLimit-Policy', b'"fixed window";"resolvers";q=3000;w=300'), (b'cross-origin-opener-policy', b'same-origin'), (b'Referrer-Policy', b'strict-origin-when-cross-origin'), (b'Access-Control-Max-Age', b'86400'), (b'Access-Control-Allow-Origin', b'https://huggingface.co'), (b'Access-Control-Expose-Headers', b'X-Repo-Commit,X-Request-Id,X-Error-Code,X-Error-Message,X-Total-Count,ETag,Link,Accept-Ranges,Content-Range,X-Linked-Size,X-Linked-ETag,X-Xet-Hash'), (b'X-Repo-Commit', b'd15189d7028b43f1d3e65039190477f6af591c2a'), (b'Accept-Ranges', b'bytes'), (b'X-Hub-Cache', b'MISS'), (b'Content-Disposition', b'inline; filename*=UTF-8\'\'tokenizer.json; filename="tokenizer.json";'), (b'Content-Security-Policy', b"default-src 'none'; sandbox"), (b'Vary', b'Origin'), (b'X-Cache', b'Hit from cloudfront'), (b'Via', b'1.1 b0739f825ef509d0d9f4c0f0b5a7ae10.cloudfront.net (CloudFront)'), (b'X-Amz-Cf-Pop', b'ATL59-P13'), (b'X-Amz-Cf-Id', b'7rprNOC2xElaGC4apWMFbgsoSBDNr7nFiCEZuxLzd2pe0JJfxu6WsQ=='), (b'Age', b'4071')])
2026-03-12 05:06:48  INFO      HTTP Request: HEAD https://huggingface.co/api/resolve-cache/models/Xenova/clip-vit-base-patch32/d15189d7028b43f1d3e65039190477f6af591c2a/tokenizer.json "HTTP/1.1 200 OK"
2026-03-12 05:06:48  DEBUG     receive_response_body.started request=<Request [b'HEAD']>
2026-03-12 05:06:48  DEBUG     receive_response_body.complete
2026-03-12 05:06:48  DEBUG     response_closed.started
2026-03-12 05:06:48  DEBUG     response_closed.complete
2026-03-12 05:06:48  INFO      Loading CLIP visual model …
2026-03-12 05:06:48  INFO      Loading CLIP text model …
2026-03-12 05:06:49  INFO      Loading tokenizer …
2026-03-12 05:06:49  INFO      Pre-computing text embeddings for 701 tags …
2026-03-12 05:06:56  INFO      Text embeddings ready: shape (701, 512)
2026-03-12 05:06:56  INFO      [1/4] Tagging: /Users/ben/Dev/imgtagplus/sandbox/pexels-connorscottmcmanus-12797153.jpg
2026-03-12 05:06:56  INFO        -> 5 tag(s): overcast, downtown, commerce, rooftop, cityscape
2026-03-12 05:06:56  INFO      [2/4] Tagging: /Users/ben/Dev/imgtagplus/sandbox/pexels-connorscottmcmanus-12797165.jpg
2026-03-12 05:06:56  INFO        -> 4 tag(s): rooftop, overcast, blue hour, roof
2026-03-12 05:06:56  INFO      [3/4] Tagging: /Users/ben/Dev/imgtagplus/sandbox/pexels-david-martin-jr-291182065-13185335.jpg
2026-03-12 05:06:56  INFO        -> 2 tag(s): bridge, drone photography
2026-03-12 05:06:56  INFO      [4/4] Tagging: /Users/ben/Dev/imgtagplus/sandbox/pexels-david-martin-jr-291182065-13185339.jpg
2026-03-12 05:06:56  INFO        -> 2 tag(s): drone photography, bridge
