2026-03-12 05:08:17  INFO      Model       : florence-2-large (microsoft/Florence-2-large)
2026-03-12 05:08:17  INFO      Recursive   : True
2026-03-12 05:08:17  INFO      Max tags    : 20
2026-03-12 05:08:17  INFO      Silent      : True
2026-03-12 05:08:17  INFO      Continue err: True
2026-03-12 05:08:17  INFO      Log file    : /Users/ben/Dev/imgtagplus/imgtagplus_20260312_050817.log
2026-03-12 05:08:17  INFO      Found 4 image(s) scanning /Users/ben/Dev/imgtagplus/sandbox (recursively)
2026-03-12 05:08:17  INFO      Images to process: 4
2026-03-12 05:08:17  INFO      Resolved florence-2-large to Hugging Face ID: microsoft/Florence-2-large
2026-03-12 05:08:17  INFO      GPU environment detected. Loading native microsoft/Florence-2-large on mps with SDPA...
2026-03-12 05:08:17  DEBUG     close.started
2026-03-12 05:08:17  DEBUG     close.complete
2026-03-12 05:08:17  DEBUG     connect_tcp.started host='huggingface.co' port=443 local_address=None timeout=10 socket_options=None
2026-03-12 05:08:17  DEBUG     connect_tcp.complete return_value=<httpcore._backends.sync.SyncStream object at 0x116487310>
2026-03-12 05:08:17  DEBUG     start_tls.started ssl_context=<ssl.SSLContext object at 0x112fc32f0> server_hostname='huggingface.co' timeout=10
2026-03-12 05:08:18  DEBUG     start_tls.complete return_value=<httpcore._backends.sync.SyncStream object at 0x1164873f0>
2026-03-12 05:08:18  DEBUG     send_request_headers.started request=<Request [b'HEAD']>
2026-03-12 05:08:18  DEBUG     send_request_headers.complete
2026-03-12 05:08:18  DEBUG     send_request_body.started request=<Request [b'HEAD']>
2026-03-12 05:08:18  DEBUG     send_request_body.complete
2026-03-12 05:08:18  DEBUG     receive_response_headers.started request=<Request [b'HEAD']>
2026-03-12 05:08:18  DEBUG     receive_response_headers.complete return_value=(b'HTTP/1.1', 404, b'Not Found', [(b'Content-Type', b'text/plain; charset=utf-8'), (b'Content-Length', b'15'), (b'Connection', b'keep-alive'), (b'Date', b'Thu, 12 Mar 2026 09:08:18 GMT'), (b'ETag', b'W/"f-mY2VvLxuxB7KhsoOdQTlMTccuAQ"'), (b'X-Powered-By', b'huggingface-moon'), (b'X-Request-Id', b'Root=1-69b28282-3856b39f3a6c7e662212cd93;cab3b237-8629-4567-ba49-0f5a286b4f1f'), (b'RateLimit', b'"resolvers";r=2963;t=266'), (b'RateLimit-Policy', b'"fixed window";"resolvers";q=3000;w=300'), (b'cross-origin-opener-policy', b'same-origin'), (b'Referrer-Policy', b'strict-origin-when-cross-origin'), (b'Access-Control-Max-Age', b'86400'), (b'Access-Control-Allow-Origin', b'https://huggingface.co'), (b'Vary', b'Origin'), (b'Access-Control-Expose-Headers', b'X-Repo-Commit,X-Request-Id,X-Error-Code,X-Error-Message,X-Total-Count,ETag,Link,Accept-Ranges,Content-Range,X-Linked-Size,X-Linked-ETag,X-Xet-Hash'), (b'X-Repo-Commit', b'21a599d414c4d928c9032694c424fb94458e3594'), (b'Accept-Ranges', b'bytes'), (b'X-Hub-Cache', b'MISS'), (b'X-Error-Code', b'EntryNotFound'), (b'X-Error-Message', b'Entry not found'), (b'X-Cache', b'Error from cloudfront'), (b'Via', b'1.1 b4c6d384cd4ac0baedf90ea4169ded4a.cloudfront.net (CloudFront)'), (b'X-Amz-Cf-Pop', b'ATL59-P13'), (b'X-Amz-Cf-Id', b'DzgIwKxg0Hixbi5xpIscouVcLyTWhlfit7Bbkpd1GvDMerWF4td9YQ==')])
2026-03-12 05:08:18  INFO      HTTP Request: HEAD https://huggingface.co/microsoft/Florence-2-large/resolve/main/processor_config.json "HTTP/1.1 404 Not Found"
2026-03-12 05:08:18  DEBUG     receive_response_body.started request=<Request [b'HEAD']>
2026-03-12 05:08:18  DEBUG     receive_response_body.complete
2026-03-12 05:08:18  DEBUG     response_closed.started
2026-03-12 05:08:18  DEBUG     response_closed.complete
2026-03-12 05:08:18  DEBUG     send_request_headers.started request=<Request [b'HEAD']>
2026-03-12 05:08:18  DEBUG     send_request_headers.complete
2026-03-12 05:08:18  DEBUG     send_request_body.started request=<Request [b'HEAD']>
2026-03-12 05:08:18  DEBUG     send_request_body.complete
2026-03-12 05:08:18  DEBUG     receive_response_headers.started request=<Request [b'HEAD']>
2026-03-12 05:08:18  DEBUG     receive_response_headers.complete return_value=(b'HTTP/1.1', 307, b'Temporary Redirect', [(b'Content-Type', b'text/plain; charset=utf-8'), (b'Content-Length', b'282'), (b'Connection', b'keep-alive'), (b'Date', b'Thu, 12 Mar 2026 09:08:18 GMT'), (b'Location', b'/api/resolve-cache/models/microsoft/Florence-2-large/21a599d414c4d928c9032694c424fb94458e3594/preprocessor_config.json?%2Fmicrosoft%2FFlorence-2-large%2Fresolve%2Fmain%2Fpreprocessor_config.json=&etag=%2285cd7be3568df661ad536b6ab20d59b08ba079ae%22'), (b'X-Powered-By', b'huggingface-moon'), (b'X-Request-Id', b'Root=1-69b28282-0daefc00625460fd0042c5e9;df70d1d4-8e1a-47fe-a04d-8e1880f22e0a'), (b'RateLimit', b'"resolvers";r=2962;t=266'), (b'RateLimit-Policy', b'"fixed window";"resolvers";q=3000;w=300'), (b'cross-origin-opener-policy', b'same-origin'), (b'Referrer-Policy', b'strict-origin-when-cross-origin'), (b'Access-Control-Max-Age', b'86400'), (b'Access-Control-Allow-Origin', b'https://huggingface.co'), (b'Vary', b'Origin, Accept'), (b'Access-Control-Expose-Headers', b'X-Repo-Commit,X-Request-Id,X-Error-Code,X-Error-Message,X-Total-Count,ETag,Link,Accept-Ranges,Content-Range,X-Linked-Size,X-Linked-ETag,X-Xet-Hash'), (b'X-Repo-Commit', b'21a599d414c4d928c9032694c424fb94458e3594'), (b'Accept-Ranges', b'bytes'), (b'X-Hub-Cache', b'MISS'), (b'Content-Disposition', b'inline; filename*=UTF-8\'\'preprocessor_config.json; filename="preprocessor_config.json";'), (b'Content-Security-Policy', b"default-src 'none'; sandbox"), (b'X-Linked-ETag', b'"85cd7be3568df661ad536b6ab20d59b08ba079ae"'), (b'X-Cache', b'Miss from cloudfront'), (b'Via', b'1.1 b4c6d384cd4ac0baedf90ea4169ded4a.cloudfront.net (CloudFront)'), (b'X-Amz-Cf-Pop', b'ATL59-P13'), (b'X-Amz-Cf-Id', b'EUzW6pntJWtYAlRivIRMtXbCUWNPXTZFHP834TWT0ggdoN5WOq5NDg==')])
2026-03-12 05:08:18  INFO      HTTP Request: HEAD https://huggingface.co/microsoft/Florence-2-large/resolve/main/preprocessor_config.json "HTTP/1.1 307 Temporary Redirect"
2026-03-12 05:08:18  DEBUG     receive_response_body.started request=<Request [b'HEAD']>
2026-03-12 05:08:18  DEBUG     receive_response_body.complete
2026-03-12 05:08:18  DEBUG     response_closed.started
2026-03-12 05:08:18  DEBUG     response_closed.complete
2026-03-12 05:08:18  DEBUG     send_request_headers.started request=<Request [b'HEAD']>
2026-03-12 05:08:18  DEBUG     send_request_headers.complete
2026-03-12 05:08:18  DEBUG     send_request_body.started request=<Request [b'HEAD']>
2026-03-12 05:08:18  DEBUG     send_request_body.complete
2026-03-12 05:08:18  DEBUG     receive_response_headers.started request=<Request [b'HEAD']>
2026-03-12 05:08:18  DEBUG     receive_response_headers.complete return_value=(b'HTTP/1.1', 200, b'OK', [(b'Content-Type', b'text/plain; charset=utf-8'), (b'Content-Length', b'806'), (b'Connection', b'keep-alive'), (b'Date', b'Tue, 05 Aug 2025 08:16:29 GMT'), (b'ETag', b'"85cd7be3568df661ad536b6ab20d59b08ba079ae"'), (b'X-Powered-By', b'huggingface-moon'), (b'cross-origin-opener-policy', b'same-origin'), (b'Referrer-Policy', b'strict-origin-when-cross-origin'), (b'X-Request-Id', b'Root=1-6891bddd-32b9ffe37c867e012b653a45;937f787b-ce8b-4b89-9630-9468e7e7f420'), (b'Access-Control-Allow-Origin', b'https://huggingface.co'), (b'Access-Control-Expose-Headers', b'X-Repo-Commit,X-Request-Id,X-Error-Code,X-Error-Message,X-Total-Count,ETag,Link,Accept-Ranges,Content-Range,X-Linked-Size,X-Linked-ETag,X-Xet-Hash'), (b'Set-Cookie', b'token=; Path=/; Expires=Thu, 01 Jan 1970 00:00:00 GMT; Secure; SameSite=None'), (b'Set-Cookie', b'token=; Domain=huggingface.co; Path=/; Expires=Thu, 01 Jan 1970 00:00:00 GMT; Secure; SameSite=Lax'), (b'X-Repo-Commit', b'21a599d414c4d928c9032694c424fb94458e3594'), (b'Accept-Ranges', b'bytes'), (b'Content-Disposition', b'inline; filename*=UTF-8\'\'preprocessor_config.json; filename="preprocessor_config.json";'), (b'Content-Security-Policy', b"default-src 'none'; sandbox"), (b'Vary', b'Origin'), (b'X-Cache', b'Hit from cloudfront'), (b'Via', b'1.1 b4c6d384cd4ac0baedf90ea4169ded4a.cloudfront.net (CloudFront)'), (b'X-Amz-Cf-Pop', b'ATL59-P13'), (b'X-Amz-Cf-Id', b'SOCWbaNLUJBZocvqu68ewes3y3ljEcOU3aO4JNh94qEG5enjae26lA=='), (b'Age', b'18924709')])
2026-03-12 05:08:18  INFO      HTTP Request: HEAD https://huggingface.co/api/resolve-cache/models/microsoft/Florence-2-large/21a599d414c4d928c9032694c424fb94458e3594/preprocessor_config.json "HTTP/1.1 200 OK"
2026-03-12 05:08:18  DEBUG     receive_response_body.started request=<Request [b'HEAD']>
2026-03-12 05:08:18  DEBUG     receive_response_body.complete
2026-03-12 05:08:18  DEBUG     response_closed.started
2026-03-12 05:08:18  DEBUG     response_closed.complete
2026-03-12 05:08:18  DEBUG     send_request_headers.started request=<Request [b'HEAD']>
2026-03-12 05:08:18  DEBUG     send_request_headers.complete
2026-03-12 05:08:18  DEBUG     send_request_body.started request=<Request [b'HEAD']>
2026-03-12 05:08:18  DEBUG     send_request_body.complete
2026-03-12 05:08:18  DEBUG     receive_response_headers.started request=<Request [b'HEAD']>
2026-03-12 05:08:18  DEBUG     receive_response_headers.complete return_value=(b'HTTP/1.1', 404, b'Not Found', [(b'Content-Type', b'text/plain; charset=utf-8'), (b'Content-Length', b'15'), (b'Connection', b'keep-alive'), (b'Date', b'Thu, 12 Mar 2026 09:08:18 GMT'), (b'ETag', b'W/"f-mY2VvLxuxB7KhsoOdQTlMTccuAQ"'), (b'X-Powered-By', b'huggingface-moon'), (b'X-Request-Id', b'Root=1-69b28282-0d18d03e74810e0e775c60ad;563c4d72-2772-409a-bedc-960286d9dfd5'), (b'RateLimit', b'"resolvers";r=2961;t=266'), (b'RateLimit-Policy', b'"fixed window";"resolvers";q=3000;w=300'), (b'cross-origin-opener-policy', b'same-origin'), (b'Referrer-Policy', b'strict-origin-when-cross-origin'), (b'Access-Control-Max-Age', b'86400'), (b'Access-Control-Allow-Origin', b'https://huggingface.co'), (b'Vary', b'Origin'), (b'Access-Control-Expose-Headers', b'X-Repo-Commit,X-Request-Id,X-Error-Code,X-Error-Message,X-Total-Count,ETag,Link,Accept-Ranges,Content-Range,X-Linked-Size,X-Linked-ETag,X-Xet-Hash'), (b'X-Repo-Commit', b'21a599d414c4d928c9032694c424fb94458e3594'), (b'Accept-Ranges', b'bytes'), (b'X-Hub-Cache', b'MISS'), (b'X-Error-Code', b'EntryNotFound'), (b'X-Error-Message', b'Entry not found'), (b'X-Cache', b'Error from cloudfront'), (b'Via', b'1.1 b4c6d384cd4ac0baedf90ea4169ded4a.cloudfront.net (CloudFront)'), (b'X-Amz-Cf-Pop', b'ATL59-P13'), (b'X-Amz-Cf-Id', b'DhKS9rDr1odYFmoVmbd57DvOR-SAE1cyaHnGFnQNx1oZZGt7TCLikA==')])
2026-03-12 05:08:18  INFO      HTTP Request: HEAD https://huggingface.co/microsoft/Florence-2-large/resolve/main/processor_config.json "HTTP/1.1 404 Not Found"
2026-03-12 05:08:18  DEBUG     receive_response_body.started request=<Request [b'HEAD']>
2026-03-12 05:08:18  DEBUG     receive_response_body.complete
2026-03-12 05:08:18  DEBUG     response_closed.started
2026-03-12 05:08:18  DEBUG     response_closed.complete
2026-03-12 05:08:18  DEBUG     send_request_headers.started request=<Request [b'HEAD']>
2026-03-12 05:08:18  DEBUG     send_request_headers.complete
2026-03-12 05:08:18  DEBUG     send_request_body.started request=<Request [b'HEAD']>
2026-03-12 05:08:18  DEBUG     send_request_body.complete
2026-03-12 05:08:18  DEBUG     receive_response_headers.started request=<Request [b'HEAD']>
2026-03-12 05:08:18  DEBUG     receive_response_headers.complete return_value=(b'HTTP/1.1', 307, b'Temporary Redirect', [(b'Content-Type', b'text/plain; charset=utf-8'), (b'Content-Length', b'282'), (b'Connection', b'keep-alive'), (b'Date', b'Thu, 12 Mar 2026 09:08:18 GMT'), (b'Location', b'/api/resolve-cache/models/microsoft/Florence-2-large/21a599d414c4d928c9032694c424fb94458e3594/preprocessor_config.json?%2Fmicrosoft%2FFlorence-2-large%2Fresolve%2Fmain%2Fpreprocessor_config.json=&etag=%2285cd7be3568df661ad536b6ab20d59b08ba079ae%22'), (b'X-Powered-By', b'huggingface-moon'), (b'X-Request-Id', b'Root=1-69b28282-515ae6ea7acc454a4ecaaaf4;7959d236-bed6-4aee-9e71-c101005441bc'), (b'RateLimit', b'"resolvers";r=2960;t=266'), (b'RateLimit-Policy', b'"fixed window";"resolvers";q=3000;w=300'), (b'cross-origin-opener-policy', b'same-origin'), (b'Referrer-Policy', b'strict-origin-when-cross-origin'), (b'Access-Control-Max-Age', b'86400'), (b'Access-Control-Allow-Origin', b'https://huggingface.co'), (b'Vary', b'Origin, Accept'), (b'Access-Control-Expose-Headers', b'X-Repo-Commit,X-Request-Id,X-Error-Code,X-Error-Message,X-Total-Count,ETag,Link,Accept-Ranges,Content-Range,X-Linked-Size,X-Linked-ETag,X-Xet-Hash'), (b'X-Repo-Commit', b'21a599d414c4d928c9032694c424fb94458e3594'), (b'Accept-Ranges', b'bytes'), (b'X-Hub-Cache', b'HIT'), (b'Content-Disposition', b'inline; filename*=UTF-8\'\'preprocessor_config.json; filename="preprocessor_config.json";'), (b'Content-Security-Policy', b"default-src 'none'; sandbox"), (b'X-Linked-ETag', b'"85cd7be3568df661ad536b6ab20d59b08ba079ae"'), (b'X-Cache', b'Miss from cloudfront'), (b'Via', b'1.1 b4c6d384cd4ac0baedf90ea4169ded4a.cloudfront.net (CloudFront)'), (b'X-Amz-Cf-Pop', b'ATL59-P13'), (b'X-Amz-Cf-Id', b'tAARO4k7psNR1IzAsz2623KPPD-pkNuyTWV2rMNt2r1dx0cRUQE65Q==')])
2026-03-12 05:08:18  INFO      HTTP Request: HEAD https://huggingface.co/microsoft/Florence-2-large/resolve/main/preprocessor_config.json "HTTP/1.1 307 Temporary Redirect"
2026-03-12 05:08:18  DEBUG     receive_response_body.started request=<Request [b'HEAD']>
2026-03-12 05:08:18  DEBUG     receive_response_body.complete
2026-03-12 05:08:18  DEBUG     response_closed.started
2026-03-12 05:08:18  DEBUG     response_closed.complete
2026-03-12 05:08:18  DEBUG     send_request_headers.started request=<Request [b'HEAD']>
2026-03-12 05:08:18  DEBUG     send_request_headers.complete
2026-03-12 05:08:18  DEBUG     send_request_body.started request=<Request [b'HEAD']>
2026-03-12 05:08:18  DEBUG     send_request_body.complete
2026-03-12 05:08:18  DEBUG     receive_response_headers.started request=<Request [b'HEAD']>
2026-03-12 05:08:18  DEBUG     receive_response_headers.complete return_value=(b'HTTP/1.1', 200, b'OK', [(b'Content-Type', b'text/plain; charset=utf-8'), (b'Content-Length', b'806'), (b'Connection', b'keep-alive'), (b'Date', b'Tue, 05 Aug 2025 08:16:29 GMT'), (b'ETag', b'"85cd7be3568df661ad536b6ab20d59b08ba079ae"'), (b'X-Powered-By', b'huggingface-moon'), (b'cross-origin-opener-policy', b'same-origin'), (b'Referrer-Policy', b'strict-origin-when-cross-origin'), (b'X-Request-Id', b'Root=1-6891bddd-32b9ffe37c867e012b653a45;937f787b-ce8b-4b89-9630-9468e7e7f420'), (b'Access-Control-Allow-Origin', b'https://huggingface.co'), (b'Access-Control-Expose-Headers', b'X-Repo-Commit,X-Request-Id,X-Error-Code,X-Error-Message,X-Total-Count,ETag,Link,Accept-Ranges,Content-Range,X-Linked-Size,X-Linked-ETag,X-Xet-Hash'), (b'Set-Cookie', b'token=; Path=/; Expires=Thu, 01 Jan 1970 00:00:00 GMT; Secure; SameSite=None'), (b'Set-Cookie', b'token=; Domain=huggingface.co; Path=/; Expires=Thu, 01 Jan 1970 00:00:00 GMT; Secure; SameSite=Lax'), (b'X-Repo-Commit', b'21a599d414c4d928c9032694c424fb94458e3594'), (b'Accept-Ranges', b'bytes'), (b'Content-Disposition', b'inline; filename*=UTF-8\'\'preprocessor_config.json; filename="preprocessor_config.json";'), (b'Content-Security-Policy', b"default-src 'none'; sandbox"), (b'Vary', b'Origin'), (b'X-Cache', b'Hit from cloudfront'), (b'Via', b'1.1 b4c6d384cd4ac0baedf90ea4169ded4a.cloudfront.net (CloudFront)'), (b'X-Amz-Cf-Pop', b'ATL59-P13'), (b'X-Amz-Cf-Id', b'U8c4Gh03VVPazisgmpBVNYrqjEN-A3ZHBINgkPrqB7S2rnsW8JpJ4g=='), (b'Age', b'18924709')])
2026-03-12 05:08:18  INFO      HTTP Request: HEAD https://huggingface.co/api/resolve-cache/models/microsoft/Florence-2-large/21a599d414c4d928c9032694c424fb94458e3594/preprocessor_config.json "HTTP/1.1 200 OK"
2026-03-12 05:08:18  DEBUG     receive_response_body.started request=<Request [b'HEAD']>
2026-03-12 05:08:18  DEBUG     receive_response_body.complete
2026-03-12 05:08:18  DEBUG     response_closed.started
2026-03-12 05:08:18  DEBUG     response_closed.complete
2026-03-12 05:08:18  DEBUG     send_request_headers.started request=<Request [b'HEAD']>
2026-03-12 05:08:18  DEBUG     send_request_headers.complete
2026-03-12 05:08:18  DEBUG     send_request_body.started request=<Request [b'HEAD']>
2026-03-12 05:08:18  DEBUG     send_request_body.complete
2026-03-12 05:08:18  DEBUG     receive_response_headers.started request=<Request [b'HEAD']>
2026-03-12 05:08:18  DEBUG     receive_response_headers.complete return_value=(b'HTTP/1.1', 307, b'Temporary Redirect', [(b'Content-Type', b'text/plain; charset=utf-8'), (b'Content-Length', b'280'), (b'Connection', b'keep-alive'), (b'Date', b'Thu, 12 Mar 2026 09:08:18 GMT'), (b'Location', b'/api/resolve-cache/models/microsoft/Florence-2-large/21a599d414c4d928c9032694c424fb94458e3594/processing_florence2.py?%2Fmicrosoft%2FFlorence-2-large%2Fresolve%2Fmain%2Fprocessing_florence2.py=&etag=%22dcb745103fcc4c35345d3ed1afe5002173f449d2%22'), (b'X-Powered-By', b'huggingface-moon'), (b'X-Request-Id', b'Root=1-69b28282-1ce5665a79df47c675054604;01acdbe8-d050-4bd8-9256-061299869f7e'), (b'RateLimit', b'"resolvers";r=2959;t=266'), (b'RateLimit-Policy', b'"fixed window";"resolvers";q=3000;w=300'), (b'cross-origin-opener-policy', b'same-origin'), (b'Referrer-Policy', b'strict-origin-when-cross-origin'), (b'Access-Control-Max-Age', b'86400'), (b'Access-Control-Allow-Origin', b'https://huggingface.co'), (b'Vary', b'Origin, Accept'), (b'Access-Control-Expose-Headers', b'X-Repo-Commit,X-Request-Id,X-Error-Code,X-Error-Message,X-Total-Count,ETag,Link,Accept-Ranges,Content-Range,X-Linked-Size,X-Linked-ETag,X-Xet-Hash'), (b'X-Repo-Commit', b'21a599d414c4d928c9032694c424fb94458e3594'), (b'Accept-Ranges', b'bytes'), (b'X-HF-Warning', b'unauthenticated; Warning: You are sending unauthenticated requests to the HF Hub. Please set a HF_TOKEN to enable higher rate limits and faster downloads.'), (b'X-Hub-Cache', b'HIT'), (b'Content-Disposition', b'inline; filename*=UTF-8\'\'processing_florence2.py; filename="processing_florence2.py";'), (b'Content-Security-Policy', b"default-src 'none'; sandbox"), (b'X-Linked-ETag', b'"dcb745103fcc4c35345d3ed1afe5002173f449d2"'), (b'X-Cache', b'Miss from cloudfront'), (b'Via', b'1.1 b4c6d384cd4ac0baedf90ea4169ded4a.cloudfront.net (CloudFront)'), (b'X-Amz-Cf-Pop', b'ATL59-P13'), (b'X-Amz-Cf-Id', b'Hb_KFGtqDAzTqpJMu9K8_kH4MtuDdjMMgutMspy10WCKXjaTqBUx4A==')])
2026-03-12 05:08:18  INFO      HTTP Request: HEAD https://huggingface.co/microsoft/Florence-2-large/resolve/main/processing_florence2.py "HTTP/1.1 307 Temporary Redirect"
2026-03-12 05:08:18  DEBUG     receive_response_body.started request=<Request [b'HEAD']>
2026-03-12 05:08:18  DEBUG     receive_response_body.complete
2026-03-12 05:08:18  DEBUG     response_closed.started
2026-03-12 05:08:18  DEBUG     response_closed.complete
2026-03-12 05:08:18  DEBUG     send_request_headers.started request=<Request [b'HEAD']>
2026-03-12 05:08:18  DEBUG     send_request_headers.complete
2026-03-12 05:08:18  DEBUG     send_request_body.started request=<Request [b'HEAD']>
2026-03-12 05:08:18  DEBUG     send_request_body.complete
2026-03-12 05:08:18  DEBUG     receive_response_headers.started request=<Request [b'HEAD']>
2026-03-12 05:08:18  DEBUG     receive_response_headers.complete return_value=(b'HTTP/1.1', 200, b'OK', [(b'Content-Type', b'text/plain; charset=utf-8'), (b'Content-Length', b'48674'), (b'Connection', b'keep-alive'), (b'Date', b'Mon, 01 Sep 2025 00:12:15 GMT'), (b'ETag', b'"dcb745103fcc4c35345d3ed1afe5002173f449d2"'), (b'X-Powered-By', b'huggingface-moon'), (b'cross-origin-opener-policy', b'same-origin'), (b'Referrer-Policy', b'strict-origin-when-cross-origin'), (b'X-Request-Id', b'Root=1-68b4e4df-07cfec8d15ab153d3b79d757;29a12c6d-1f27-4534-84c1-777e967e43ef'), (b'Access-Control-Allow-Origin', b'https://huggingface.co'), (b'Access-Control-Expose-Headers', b'X-Repo-Commit,X-Request-Id,X-Error-Code,X-Error-Message,X-Total-Count,ETag,Link,Accept-Ranges,Content-Range,X-Linked-Size,X-Linked-ETag,X-Xet-Hash'), (b'X-Repo-Commit', b'21a599d414c4d928c9032694c424fb94458e3594'), (b'Accept-Ranges', b'bytes'), (b'Content-Disposition', b'inline; filename*=UTF-8\'\'processing_florence2.py; filename="processing_florence2.py";'), (b'Content-Security-Policy', b"default-src 'none'; sandbox"), (b'Vary', b'Origin'), (b'X-Cache', b'Hit from cloudfront'), (b'Via', b'1.1 b4c6d384cd4ac0baedf90ea4169ded4a.cloudfront.net (CloudFront)'), (b'X-Amz-Cf-Pop', b'ATL59-P13'), (b'X-Amz-Cf-Id', b'phyzlhDID5jDXAGnnGL9IzBIpr8lP-4knekBkKc2yRVNNbVOfHgXjQ=='), (b'Age', b'16620963')])
2026-03-12 05:08:18  INFO      HTTP Request: HEAD https://huggingface.co/api/resolve-cache/models/microsoft/Florence-2-large/21a599d414c4d928c9032694c424fb94458e3594/processing_florence2.py "HTTP/1.1 200 OK"
2026-03-12 05:08:18  DEBUG     receive_response_body.started request=<Request [b'HEAD']>
2026-03-12 05:08:18  DEBUG     receive_response_body.complete
2026-03-12 05:08:18  DEBUG     response_closed.started
2026-03-12 05:08:18  DEBUG     response_closed.complete
2026-03-12 05:08:18  DEBUG     send_request_headers.started request=<Request [b'GET']>
2026-03-12 05:08:18  DEBUG     send_request_headers.complete
2026-03-12 05:08:18  DEBUG     send_request_body.started request=<Request [b'GET']>
2026-03-12 05:08:18  DEBUG     send_request_body.complete
2026-03-12 05:08:18  DEBUG     receive_response_headers.started request=<Request [b'GET']>
2026-03-12 05:08:18  DEBUG     receive_response_headers.complete return_value=(b'HTTP/1.1', 404, b'Not Found', [(b'Content-Type', b'application/json; charset=utf-8'), (b'Content-Length', b'64'), (b'Connection', b'keep-alive'), (b'Date', b'Thu, 12 Mar 2026 09:08:18 GMT'), (b'ETag', b'W/"40-09f9IAqP13xarAhQxFS2W8rvRkM"'), (b'X-Powered-By', b'huggingface-moon'), (b'X-Request-Id', b'Root=1-69b28282-263c34f053087ebd605b4b8f;bf14c86d-70d0-44f6-99ec-56b1e9ab6d2d'), (b'RateLimit', b'"api";r=493;t=266'), (b'RateLimit-Policy', b'"fixed window";"api";q=500;w=300'), (b'cross-origin-opener-policy', b'same-origin'), (b'Referrer-Policy', b'strict-origin-when-cross-origin'), (b'Access-Control-Max-Age', b'86400'), (b'Access-Control-Allow-Origin', b'https://huggingface.co'), (b'Vary', b'Origin'), (b'Access-Control-Expose-Headers', b'X-Repo-Commit,X-Request-Id,X-Error-Code,X-Error-Message,X-Total-Count,ETag,Link,Accept-Ranges,Content-Range,X-Linked-Size,X-Linked-ETag,X-Xet-Hash'), (b'X-Error-Code', b'EntryNotFound'), (b'X-Error-Message', b'additional_chat_templates does not exist on "main"'), (b'X-Cache', b'Error from cloudfront'), (b'Via', b'1.1 b4c6d384cd4ac0baedf90ea4169ded4a.cloudfront.net (CloudFront)'), (b'X-Amz-Cf-Pop', b'ATL59-P13'), (b'X-Amz-Cf-Id', b'ZIPP5MRYGniqlzPh6RitrAtocKqZUFAq0RuenK3h5hjuJPD_zUxz6A==')])
2026-03-12 05:08:18  INFO      HTTP Request: GET https://huggingface.co/api/models/microsoft/Florence-2-large/tree/main/additional_chat_templates?recursive=false&expand=false "HTTP/1.1 404 Not Found"
2026-03-12 05:08:18  DEBUG     receive_response_body.started request=<Request [b'GET']>
2026-03-12 05:08:18  DEBUG     receive_response_body.complete
2026-03-12 05:08:18  DEBUG     response_closed.started
2026-03-12 05:08:18  DEBUG     response_closed.complete
2026-03-12 05:08:18  DEBUG     send_request_headers.started request=<Request [b'HEAD']>
2026-03-12 05:08:18  DEBUG     send_request_headers.complete
2026-03-12 05:08:18  DEBUG     send_request_body.started request=<Request [b'HEAD']>
2026-03-12 05:08:18  DEBUG     send_request_body.complete
2026-03-12 05:08:18  DEBUG     receive_response_headers.started request=<Request [b'HEAD']>
2026-03-12 05:08:18  DEBUG     receive_response_headers.complete return_value=(b'HTTP/1.1', 404, b'Not Found', [(b'Content-Type', b'text/plain; charset=utf-8'), (b'Content-Length', b'15'), (b'Connection', b'keep-alive'), (b'Date', b'Thu, 12 Mar 2026 09:08:18 GMT'), (b'ETag', b'W/"f-mY2VvLxuxB7KhsoOdQTlMTccuAQ"'), (b'X-Powered-By', b'huggingface-moon'), (b'X-Request-Id', b'Root=1-69b28282-6f5fb8c054869ca37b2afd7f;eda9df8b-c04a-4a0a-b312-0c912bb4d288'), (b'RateLimit', b'"resolvers";r=2958;t=266'), (b'RateLimit-Policy', b'"fixed window";"resolvers";q=3000;w=300'), (b'cross-origin-opener-policy', b'same-origin'), (b'Referrer-Policy', b'strict-origin-when-cross-origin'), (b'Access-Control-Max-Age', b'86400'), (b'Access-Control-Allow-Origin', b'https://huggingface.co'), (b'Vary', b'Origin'), (b'Access-Control-Expose-Headers', b'X-Repo-Commit,X-Request-Id,X-Error-Code,X-Error-Message,X-Total-Count,ETag,Link,Accept-Ranges,Content-Range,X-Linked-Size,X-Linked-ETag,X-Xet-Hash'), (b'X-Repo-Commit', b'21a599d414c4d928c9032694c424fb94458e3594'), (b'Accept-Ranges', b'bytes'), (b'X-Hub-Cache', b'MISS'), (b'X-Error-Code', b'EntryNotFound'), (b'X-Error-Message', b'Entry not found'), (b'X-Cache', b'Error from cloudfront'), (b'Via', b'1.1 b4c6d384cd4ac0baedf90ea4169ded4a.cloudfront.net (CloudFront)'), (b'X-Amz-Cf-Pop', b'ATL59-P13'), (b'X-Amz-Cf-Id', b'YaEYkTJjQivkXzfRJHDKPHYfy-DbVDE8BzALh1VSStcAbbRgil0uSw==')])
2026-03-12 05:08:18  INFO      HTTP Request: HEAD https://huggingface.co/microsoft/Florence-2-large/resolve/main/processor_config.json "HTTP/1.1 404 Not Found"
2026-03-12 05:08:18  DEBUG     receive_response_body.started request=<Request [b'HEAD']>
2026-03-12 05:08:18  DEBUG     receive_response_body.complete
2026-03-12 05:08:18  DEBUG     response_closed.started
2026-03-12 05:08:18  DEBUG     response_closed.complete
2026-03-12 05:08:18  DEBUG     send_request_headers.started request=<Request [b'HEAD']>
2026-03-12 05:08:18  DEBUG     send_request_headers.complete
2026-03-12 05:08:18  DEBUG     send_request_body.started request=<Request [b'HEAD']>
2026-03-12 05:08:18  DEBUG     send_request_body.complete
2026-03-12 05:08:18  DEBUG     receive_response_headers.started request=<Request [b'HEAD']>
2026-03-12 05:08:18  DEBUG     receive_response_headers.complete return_value=(b'HTTP/1.1', 404, b'Not Found', [(b'Content-Type', b'text/plain; charset=utf-8'), (b'Content-Length', b'15'), (b'Connection', b'keep-alive'), (b'Date', b'Thu, 12 Mar 2026 09:08:18 GMT'), (b'ETag', b'W/"f-mY2VvLxuxB7KhsoOdQTlMTccuAQ"'), (b'X-Powered-By', b'huggingface-moon'), (b'X-Request-Id', b'Root=1-69b28282-7ab0ddd94bc4474852c5cd7a;acffdddf-38b9-4bf2-9371-af84a60d876d'), (b'RateLimit', b'"resolvers";r=2957;t=266'), (b'RateLimit-Policy', b'"fixed window";"resolvers";q=3000;w=300'), (b'cross-origin-opener-policy', b'same-origin'), (b'Referrer-Policy', b'strict-origin-when-cross-origin'), (b'Access-Control-Max-Age', b'86400'), (b'Access-Control-Allow-Origin', b'https://huggingface.co'), (b'Vary', b'Origin'), (b'Access-Control-Expose-Headers', b'X-Repo-Commit,X-Request-Id,X-Error-Code,X-Error-Message,X-Total-Count,ETag,Link,Accept-Ranges,Content-Range,X-Linked-Size,X-Linked-ETag,X-Xet-Hash'), (b'X-Repo-Commit', b'21a599d414c4d928c9032694c424fb94458e3594'), (b'Accept-Ranges', b'bytes'), (b'X-Hub-Cache', b'MISS'), (b'X-Error-Code', b'EntryNotFound'), (b'X-Error-Message', b'Entry not found'), (b'X-Cache', b'Error from cloudfront'), (b'Via', b'1.1 b4c6d384cd4ac0baedf90ea4169ded4a.cloudfront.net (CloudFront)'), (b'X-Amz-Cf-Pop', b'ATL59-P13'), (b'X-Amz-Cf-Id', b'7C0qVLUeS-pW3hVF4MXkAc8m6QBaUqH1wqwM952mHgOKrBJORMTrqw==')])
2026-03-12 05:08:18  INFO      HTTP Request: HEAD https://huggingface.co/microsoft/Florence-2-large/resolve/main/chat_template.json "HTTP/1.1 404 Not Found"
2026-03-12 05:08:18  DEBUG     receive_response_body.started request=<Request [b'HEAD']>
2026-03-12 05:08:18  DEBUG     receive_response_body.complete
2026-03-12 05:08:18  DEBUG     response_closed.started
2026-03-12 05:08:18  DEBUG     response_closed.complete
2026-03-12 05:08:18  DEBUG     send_request_headers.started request=<Request [b'HEAD']>
2026-03-12 05:08:18  DEBUG     send_request_headers.complete
2026-03-12 05:08:18  DEBUG     send_request_body.started request=<Request [b'HEAD']>
2026-03-12 05:08:18  DEBUG     send_request_body.complete
2026-03-12 05:08:18  DEBUG     receive_response_headers.started request=<Request [b'HEAD']>
2026-03-12 05:08:18  DEBUG     receive_response_headers.complete return_value=(b'HTTP/1.1', 404, b'Not Found', [(b'Content-Type', b'text/plain; charset=utf-8'), (b'Content-Length', b'15'), (b'Connection', b'keep-alive'), (b'Date', b'Thu, 12 Mar 2026 09:08:18 GMT'), (b'ETag', b'W/"f-mY2VvLxuxB7KhsoOdQTlMTccuAQ"'), (b'X-Powered-By', b'huggingface-moon'), (b'X-Request-Id', b'Root=1-69b28282-025913ff765ec5697e7ef537;89549e90-f5e0-42af-b347-841909a19040'), (b'RateLimit', b'"resolvers";r=2956;t=266'), (b'RateLimit-Policy', b'"fixed window";"resolvers";q=3000;w=300'), (b'cross-origin-opener-policy', b'same-origin'), (b'Referrer-Policy', b'strict-origin-when-cross-origin'), (b'Access-Control-Max-Age', b'86400'), (b'Access-Control-Allow-Origin', b'https://huggingface.co'), (b'Vary', b'Origin'), (b'Access-Control-Expose-Headers', b'X-Repo-Commit,X-Request-Id,X-Error-Code,X-Error-Message,X-Total-Count,ETag,Link,Accept-Ranges,Content-Range,X-Linked-Size,X-Linked-ETag,X-Xet-Hash'), (b'X-Repo-Commit', b'21a599d414c4d928c9032694c424fb94458e3594'), (b'Accept-Ranges', b'bytes'), (b'X-Hub-Cache', b'MISS'), (b'X-Error-Code', b'EntryNotFound'), (b'X-Error-Message', b'Entry not found'), (b'X-Cache', b'Error from cloudfront'), (b'Via', b'1.1 b4c6d384cd4ac0baedf90ea4169ded4a.cloudfront.net (CloudFront)'), (b'X-Amz-Cf-Pop', b'ATL59-P13'), (b'X-Amz-Cf-Id', b'2Xw0AAfltZZE4GS_wpTfax2o10ZVI5B_NFJSMCgwUMZXgdubEmSl7w==')])
2026-03-12 05:08:18  INFO      HTTP Request: HEAD https://huggingface.co/microsoft/Florence-2-large/resolve/main/chat_template.jinja "HTTP/1.1 404 Not Found"
2026-03-12 05:08:18  DEBUG     receive_response_body.started request=<Request [b'HEAD']>
2026-03-12 05:08:18  DEBUG     receive_response_body.complete
2026-03-12 05:08:18  DEBUG     response_closed.started
2026-03-12 05:08:18  DEBUG     response_closed.complete
2026-03-12 05:08:18  DEBUG     send_request_headers.started request=<Request [b'HEAD']>
2026-03-12 05:08:18  DEBUG     send_request_headers.complete
2026-03-12 05:08:18  DEBUG     send_request_body.started request=<Request [b'HEAD']>
2026-03-12 05:08:18  DEBUG     send_request_body.complete
2026-03-12 05:08:18  DEBUG     receive_response_headers.started request=<Request [b'HEAD']>
2026-03-12 05:08:18  DEBUG     receive_response_headers.complete return_value=(b'HTTP/1.1', 404, b'Not Found', [(b'Content-Type', b'text/plain; charset=utf-8'), (b'Content-Length', b'15'), (b'Connection', b'keep-alive'), (b'Date', b'Thu, 12 Mar 2026 09:08:18 GMT'), (b'ETag', b'W/"f-mY2VvLxuxB7KhsoOdQTlMTccuAQ"'), (b'X-Powered-By', b'huggingface-moon'), (b'X-Request-Id', b'Root=1-69b28282-6a636cec7c81997e28ddaf0e;4d0fd879-fda1-4559-be8c-c447f342aff4'), (b'RateLimit', b'"resolvers";r=2955;t=266'), (b'RateLimit-Policy', b'"fixed window";"resolvers";q=3000;w=300'), (b'cross-origin-opener-policy', b'same-origin'), (b'Referrer-Policy', b'strict-origin-when-cross-origin'), (b'Access-Control-Max-Age', b'86400'), (b'Access-Control-Allow-Origin', b'https://huggingface.co'), (b'Vary', b'Origin'), (b'Access-Control-Expose-Headers', b'X-Repo-Commit,X-Request-Id,X-Error-Code,X-Error-Message,X-Total-Count,ETag,Link,Accept-Ranges,Content-Range,X-Linked-Size,X-Linked-ETag,X-Xet-Hash'), (b'X-Repo-Commit', b'21a599d414c4d928c9032694c424fb94458e3594'), (b'Accept-Ranges', b'bytes'), (b'X-Hub-Cache', b'MISS'), (b'X-Error-Code', b'EntryNotFound'), (b'X-Error-Message', b'Entry not found'), (b'X-Cache', b'Error from cloudfront'), (b'Via', b'1.1 b4c6d384cd4ac0baedf90ea4169ded4a.cloudfront.net (CloudFront)'), (b'X-Amz-Cf-Pop', b'ATL59-P13'), (b'X-Amz-Cf-Id', b'GhEAro-pyGTcdYDZEec3skGEKGkF-nOCEWVRGhaOfuFjybwpn2gjhA==')])
2026-03-12 05:08:18  INFO      HTTP Request: HEAD https://huggingface.co/microsoft/Florence-2-large/resolve/main/audio_tokenizer_config.json "HTTP/1.1 404 Not Found"
2026-03-12 05:08:18  DEBUG     receive_response_body.started request=<Request [b'HEAD']>
2026-03-12 05:08:18  DEBUG     receive_response_body.complete
2026-03-12 05:08:18  DEBUG     response_closed.started
2026-03-12 05:08:18  DEBUG     response_closed.complete
2026-03-12 05:08:18  DEBUG     send_request_headers.started request=<Request [b'HEAD']>
2026-03-12 05:08:18  DEBUG     send_request_headers.complete
2026-03-12 05:08:18  DEBUG     send_request_body.started request=<Request [b'HEAD']>
2026-03-12 05:08:18  DEBUG     send_request_body.complete
2026-03-12 05:08:18  DEBUG     receive_response_headers.started request=<Request [b'HEAD']>
2026-03-12 05:08:18  DEBUG     receive_response_headers.complete return_value=(b'HTTP/1.1', 404, b'Not Found', [(b'Content-Type', b'text/plain; charset=utf-8'), (b'Content-Length', b'15'), (b'Connection', b'keep-alive'), (b'Date', b'Thu, 12 Mar 2026 09:08:18 GMT'), (b'ETag', b'W/"f-mY2VvLxuxB7KhsoOdQTlMTccuAQ"'), (b'X-Powered-By', b'huggingface-moon'), (b'X-Request-Id', b'Root=1-69b28282-70d9fae751690ba13abeb441;994d982d-05bb-4c1c-8d53-3bc634e32870'), (b'RateLimit', b'"resolvers";r=2954;t=266'), (b'RateLimit-Policy', b'"fixed window";"resolvers";q=3000;w=300'), (b'cross-origin-opener-policy', b'same-origin'), (b'Referrer-Policy', b'strict-origin-when-cross-origin'), (b'Access-Control-Max-Age', b'86400'), (b'Access-Control-Allow-Origin', b'https://huggingface.co'), (b'Vary', b'Origin'), (b'Access-Control-Expose-Headers', b'X-Repo-Commit,X-Request-Id,X-Error-Code,X-Error-Message,X-Total-Count,ETag,Link,Accept-Ranges,Content-Range,X-Linked-Size,X-Linked-ETag,X-Xet-Hash'), (b'X-Repo-Commit', b'21a599d414c4d928c9032694c424fb94458e3594'), (b'Accept-Ranges', b'bytes'), (b'X-Hub-Cache', b'MISS'), (b'X-Error-Code', b'EntryNotFound'), (b'X-Error-Message', b'Entry not found'), (b'X-Cache', b'Error from cloudfront'), (b'Via', b'1.1 b4c6d384cd4ac0baedf90ea4169ded4a.cloudfront.net (CloudFront)'), (b'X-Amz-Cf-Pop', b'ATL59-P13'), (b'X-Amz-Cf-Id', b'uWVeM586xiyV1CC2jY57pq1z4Q18bulrQVzuEn25sDkYJxDYbxAwfQ==')])
2026-03-12 05:08:18  INFO      HTTP Request: HEAD https://huggingface.co/microsoft/Florence-2-large/resolve/main/processor_config.json "HTTP/1.1 404 Not Found"
2026-03-12 05:08:18  DEBUG     receive_response_body.started request=<Request [b'HEAD']>
2026-03-12 05:08:18  DEBUG     receive_response_body.complete
2026-03-12 05:08:18  DEBUG     response_closed.started
2026-03-12 05:08:18  DEBUG     response_closed.complete
2026-03-12 05:08:18  DEBUG     send_request_headers.started request=<Request [b'HEAD']>
2026-03-12 05:08:18  DEBUG     send_request_headers.complete
2026-03-12 05:08:18  DEBUG     send_request_body.started request=<Request [b'HEAD']>
2026-03-12 05:08:18  DEBUG     send_request_body.complete
2026-03-12 05:08:18  DEBUG     receive_response_headers.started request=<Request [b'HEAD']>
2026-03-12 05:08:18  DEBUG     receive_response_headers.complete return_value=(b'HTTP/1.1', 307, b'Temporary Redirect', [(b'Content-Type', b'text/plain; charset=utf-8'), (b'Content-Length', b'282'), (b'Connection', b'keep-alive'), (b'Date', b'Thu, 12 Mar 2026 09:08:18 GMT'), (b'Location', b'/api/resolve-cache/models/microsoft/Florence-2-large/21a599d414c4d928c9032694c424fb94458e3594/preprocessor_config.json?%2Fmicrosoft%2FFlorence-2-large%2Fresolve%2Fmain%2Fpreprocessor_config.json=&etag=%2285cd7be3568df661ad536b6ab20d59b08ba079ae%22'), (b'X-Powered-By', b'huggingface-moon'), (b'X-Request-Id', b'Root=1-69b28282-537b6814066c9ed91ee81429;0240561a-e4ea-4a0c-98af-2036d7a91282'), (b'RateLimit', b'"resolvers";r=2953;t=266'), (b'RateLimit-Policy', b'"fixed window";"resolvers";q=3000;w=300'), (b'cross-origin-opener-policy', b'same-origin'), (b'Referrer-Policy', b'strict-origin-when-cross-origin'), (b'Access-Control-Max-Age', b'86400'), (b'Access-Control-Allow-Origin', b'https://huggingface.co'), (b'Vary', b'Origin, Accept'), (b'Access-Control-Expose-Headers', b'X-Repo-Commit,X-Request-Id,X-Error-Code,X-Error-Message,X-Total-Count,ETag,Link,Accept-Ranges,Content-Range,X-Linked-Size,X-Linked-ETag,X-Xet-Hash'), (b'X-Repo-Commit', b'21a599d414c4d928c9032694c424fb94458e3594'), (b'Accept-Ranges', b'bytes'), (b'X-HF-Warning', b'unauthenticated; Warning: You are sending unauthenticated requests to the HF Hub. Please set a HF_TOKEN to enable higher rate limits and faster downloads.'), (b'X-Hub-Cache', b'HIT'), (b'Content-Disposition', b'inline; filename*=UTF-8\'\'preprocessor_config.json; filename="preprocessor_config.json";'), (b'Content-Security-Policy', b"default-src 'none'; sandbox"), (b'X-Linked-ETag', b'"85cd7be3568df661ad536b6ab20d59b08ba079ae"'), (b'X-Cache', b'Miss from cloudfront'), (b'Via', b'1.1 b4c6d384cd4ac0baedf90ea4169ded4a.cloudfront.net (CloudFront)'), (b'X-Amz-Cf-Pop', b'ATL59-P13'), (b'X-Amz-Cf-Id', b'uriVnDMYd7e7UW7XQ1v1u8kxi6knNCAoeLeThEIKLDdWaY43QStPLw==')])
2026-03-12 05:08:18  INFO      HTTP Request: HEAD https://huggingface.co/microsoft/Florence-2-large/resolve/main/preprocessor_config.json "HTTP/1.1 307 Temporary Redirect"
2026-03-12 05:08:18  DEBUG     receive_response_body.started request=<Request [b'HEAD']>
2026-03-12 05:08:18  DEBUG     receive_response_body.complete
2026-03-12 05:08:18  DEBUG     response_closed.started
2026-03-12 05:08:18  DEBUG     response_closed.complete
2026-03-12 05:08:18  DEBUG     send_request_headers.started request=<Request [b'HEAD']>
2026-03-12 05:08:18  DEBUG     send_request_headers.complete
2026-03-12 05:08:18  DEBUG     send_request_body.started request=<Request [b'HEAD']>
2026-03-12 05:08:18  DEBUG     send_request_body.complete
2026-03-12 05:08:18  DEBUG     receive_response_headers.started request=<Request [b'HEAD']>
2026-03-12 05:08:18  DEBUG     receive_response_headers.complete return_value=(b'HTTP/1.1', 200, b'OK', [(b'Content-Type', b'text/plain; charset=utf-8'), (b'Content-Length', b'806'), (b'Connection', b'keep-alive'), (b'Date', b'Tue, 05 Aug 2025 08:16:29 GMT'), (b'ETag', b'"85cd7be3568df661ad536b6ab20d59b08ba079ae"'), (b'X-Powered-By', b'huggingface-moon'), (b'cross-origin-opener-policy', b'same-origin'), (b'Referrer-Policy', b'strict-origin-when-cross-origin'), (b'X-Request-Id', b'Root=1-6891bddd-32b9ffe37c867e012b653a45;937f787b-ce8b-4b89-9630-9468e7e7f420'), (b'Access-Control-Allow-Origin', b'https://huggingface.co'), (b'Access-Control-Expose-Headers', b'X-Repo-Commit,X-Request-Id,X-Error-Code,X-Error-Message,X-Total-Count,ETag,Link,Accept-Ranges,Content-Range,X-Linked-Size,X-Linked-ETag,X-Xet-Hash'), (b'Set-Cookie', b'token=; Path=/; Expires=Thu, 01 Jan 1970 00:00:00 GMT; Secure; SameSite=None'), (b'Set-Cookie', b'token=; Domain=huggingface.co; Path=/; Expires=Thu, 01 Jan 1970 00:00:00 GMT; Secure; SameSite=Lax'), (b'X-Repo-Commit', b'21a599d414c4d928c9032694c424fb94458e3594'), (b'Accept-Ranges', b'bytes'), (b'Content-Disposition', b'inline; filename*=UTF-8\'\'preprocessor_config.json; filename="preprocessor_config.json";'), (b'Content-Security-Policy', b"default-src 'none'; sandbox"), (b'Vary', b'Origin'), (b'X-Cache', b'Hit from cloudfront'), (b'Via', b'1.1 b4c6d384cd4ac0baedf90ea4169ded4a.cloudfront.net (CloudFront)'), (b'X-Amz-Cf-Pop', b'ATL59-P13'), (b'X-Amz-Cf-Id', b'Mm43dEauntGfZ_kdEY7FokqlKXcxGPGvupJIzmjwuD3wLePWYyU3tA=='), (b'Age', b'18924709')])
2026-03-12 05:08:18  INFO      HTTP Request: HEAD https://huggingface.co/api/resolve-cache/models/microsoft/Florence-2-large/21a599d414c4d928c9032694c424fb94458e3594/preprocessor_config.json "HTTP/1.1 200 OK"
2026-03-12 05:08:18  DEBUG     receive_response_body.started request=<Request [b'HEAD']>
2026-03-12 05:08:18  DEBUG     receive_response_body.complete
2026-03-12 05:08:18  DEBUG     response_closed.started
2026-03-12 05:08:18  DEBUG     response_closed.complete
2026-03-12 05:08:18  DEBUG     send_request_headers.started request=<Request [b'HEAD']>
2026-03-12 05:08:18  DEBUG     send_request_headers.complete
2026-03-12 05:08:18  DEBUG     send_request_body.started request=<Request [b'HEAD']>
2026-03-12 05:08:18  DEBUG     send_request_body.complete
2026-03-12 05:08:18  DEBUG     receive_response_headers.started request=<Request [b'HEAD']>
2026-03-12 05:08:18  DEBUG     receive_response_headers.complete return_value=(b'HTTP/1.1', 404, b'Not Found', [(b'Content-Type', b'text/plain; charset=utf-8'), (b'Content-Length', b'15'), (b'Connection', b'keep-alive'), (b'Date', b'Thu, 12 Mar 2026 09:08:18 GMT'), (b'ETag', b'W/"f-mY2VvLxuxB7KhsoOdQTlMTccuAQ"'), (b'X-Powered-By', b'huggingface-moon'), (b'X-Request-Id', b'Root=1-69b28282-329633194bddee9d50e5bc61;6273417b-824b-4259-87b9-38efe1f3b330'), (b'RateLimit', b'"resolvers";r=2952;t=266'), (b'RateLimit-Policy', b'"fixed window";"resolvers";q=3000;w=300'), (b'cross-origin-opener-policy', b'same-origin'), (b'Referrer-Policy', b'strict-origin-when-cross-origin'), (b'Access-Control-Max-Age', b'86400'), (b'Access-Control-Allow-Origin', b'https://huggingface.co'), (b'Vary', b'Origin'), (b'Access-Control-Expose-Headers', b'X-Repo-Commit,X-Request-Id,X-Error-Code,X-Error-Message,X-Total-Count,ETag,Link,Accept-Ranges,Content-Range,X-Linked-Size,X-Linked-ETag,X-Xet-Hash'), (b'X-Repo-Commit', b'21a599d414c4d928c9032694c424fb94458e3594'), (b'Accept-Ranges', b'bytes'), (b'X-Hub-Cache', b'MISS'), (b'X-Error-Code', b'EntryNotFound'), (b'X-Error-Message', b'Entry not found'), (b'X-Cache', b'Error from cloudfront'), (b'Via', b'1.1 b4c6d384cd4ac0baedf90ea4169ded4a.cloudfront.net (CloudFront)'), (b'X-Amz-Cf-Pop', b'ATL59-P13'), (b'X-Amz-Cf-Id', b'GRkQey9VZAYKpJY9kHOijn6glcky5njeIqw17FYqAgDX9lW1pL9mDg==')])
2026-03-12 05:08:18  INFO      HTTP Request: HEAD https://huggingface.co/microsoft/Florence-2-large/resolve/main/processor_config.json "HTTP/1.1 404 Not Found"
2026-03-12 05:08:18  DEBUG     receive_response_body.started request=<Request [b'HEAD']>
2026-03-12 05:08:18  DEBUG     receive_response_body.complete
2026-03-12 05:08:18  DEBUG     response_closed.started
2026-03-12 05:08:18  DEBUG     response_closed.complete
2026-03-12 05:08:18  DEBUG     send_request_headers.started request=<Request [b'HEAD']>
2026-03-12 05:08:18  DEBUG     send_request_headers.complete
2026-03-12 05:08:18  DEBUG     send_request_body.started request=<Request [b'HEAD']>
2026-03-12 05:08:18  DEBUG     send_request_body.complete
2026-03-12 05:08:18  DEBUG     receive_response_headers.started request=<Request [b'HEAD']>
2026-03-12 05:08:19  DEBUG     receive_response_headers.complete return_value=(b'HTTP/1.1', 307, b'Temporary Redirect', [(b'Content-Type', b'text/plain; charset=utf-8'), (b'Content-Length', b'282'), (b'Connection', b'keep-alive'), (b'Date', b'Thu, 12 Mar 2026 09:08:19 GMT'), (b'Location', b'/api/resolve-cache/models/microsoft/Florence-2-large/21a599d414c4d928c9032694c424fb94458e3594/preprocessor_config.json?%2Fmicrosoft%2FFlorence-2-large%2Fresolve%2Fmain%2Fpreprocessor_config.json=&etag=%2285cd7be3568df661ad536b6ab20d59b08ba079ae%22'), (b'X-Powered-By', b'huggingface-moon'), (b'X-Request-Id', b'Root=1-69b28283-60d082c9379b30a9047387b2;edcffeb3-1046-4d7b-8a3f-03ee22fecdd3'), (b'RateLimit', b'"resolvers";r=2951;t=265'), (b'RateLimit-Policy', b'"fixed window";"resolvers";q=3000;w=300'), (b'cross-origin-opener-policy', b'same-origin'), (b'Referrer-Policy', b'strict-origin-when-cross-origin'), (b'Access-Control-Max-Age', b'86400'), (b'Access-Control-Allow-Origin', b'https://huggingface.co'), (b'Vary', b'Origin, Accept'), (b'Access-Control-Expose-Headers', b'X-Repo-Commit,X-Request-Id,X-Error-Code,X-Error-Message,X-Total-Count,ETag,Link,Accept-Ranges,Content-Range,X-Linked-Size,X-Linked-ETag,X-Xet-Hash'), (b'X-Repo-Commit', b'21a599d414c4d928c9032694c424fb94458e3594'), (b'Accept-Ranges', b'bytes'), (b'X-Hub-Cache', b'HIT'), (b'Content-Disposition', b'inline; filename*=UTF-8\'\'preprocessor_config.json; filename="preprocessor_config.json";'), (b'Content-Security-Policy', b"default-src 'none'; sandbox"), (b'X-Linked-ETag', b'"85cd7be3568df661ad536b6ab20d59b08ba079ae"'), (b'X-Cache', b'Miss from cloudfront'), (b'Via', b'1.1 b4c6d384cd4ac0baedf90ea4169ded4a.cloudfront.net (CloudFront)'), (b'X-Amz-Cf-Pop', b'ATL59-P13'), (b'X-Amz-Cf-Id', b'_ftNKh6Xledzm0tPco-tmOYlH039bXiybpKi8fQvErF40rGdLSW-RA==')])
2026-03-12 05:08:19  INFO      HTTP Request: HEAD https://huggingface.co/microsoft/Florence-2-large/resolve/main/preprocessor_config.json "HTTP/1.1 307 Temporary Redirect"
2026-03-12 05:08:19  DEBUG     receive_response_body.started request=<Request [b'HEAD']>
2026-03-12 05:08:19  DEBUG     receive_response_body.complete
2026-03-12 05:08:19  DEBUG     response_closed.started
2026-03-12 05:08:19  DEBUG     response_closed.complete
2026-03-12 05:08:19  DEBUG     send_request_headers.started request=<Request [b'HEAD']>
2026-03-12 05:08:19  DEBUG     send_request_headers.complete
2026-03-12 05:08:19  DEBUG     send_request_body.started request=<Request [b'HEAD']>
2026-03-12 05:08:19  DEBUG     send_request_body.complete
2026-03-12 05:08:19  DEBUG     receive_response_headers.started request=<Request [b'HEAD']>
2026-03-12 05:08:19  DEBUG     receive_response_headers.complete return_value=(b'HTTP/1.1', 200, b'OK', [(b'Content-Type', b'text/plain; charset=utf-8'), (b'Content-Length', b'806'), (b'Connection', b'keep-alive'), (b'Date', b'Tue, 05 Aug 2025 08:16:29 GMT'), (b'ETag', b'"85cd7be3568df661ad536b6ab20d59b08ba079ae"'), (b'X-Powered-By', b'huggingface-moon'), (b'cross-origin-opener-policy', b'same-origin'), (b'Referrer-Policy', b'strict-origin-when-cross-origin'), (b'X-Request-Id', b'Root=1-6891bddd-32b9ffe37c867e012b653a45;937f787b-ce8b-4b89-9630-9468e7e7f420'), (b'Access-Control-Allow-Origin', b'https://huggingface.co'), (b'Access-Control-Expose-Headers', b'X-Repo-Commit,X-Request-Id,X-Error-Code,X-Error-Message,X-Total-Count,ETag,Link,Accept-Ranges,Content-Range,X-Linked-Size,X-Linked-ETag,X-Xet-Hash'), (b'Set-Cookie', b'token=; Path=/; Expires=Thu, 01 Jan 1970 00:00:00 GMT; Secure; SameSite=None'), (b'Set-Cookie', b'token=; Domain=huggingface.co; Path=/; Expires=Thu, 01 Jan 1970 00:00:00 GMT; Secure; SameSite=Lax'), (b'X-Repo-Commit', b'21a599d414c4d928c9032694c424fb94458e3594'), (b'Accept-Ranges', b'bytes'), (b'Content-Disposition', b'inline; filename*=UTF-8\'\'preprocessor_config.json; filename="preprocessor_config.json";'), (b'Content-Security-Policy', b"default-src 'none'; sandbox"), (b'Vary', b'Origin'), (b'X-Cache', b'Hit from cloudfront'), (b'Via', b'1.1 b4c6d384cd4ac0baedf90ea4169ded4a.cloudfront.net (CloudFront)'), (b'X-Amz-Cf-Pop', b'ATL59-P13'), (b'X-Amz-Cf-Id', b'DF_wfhIAxn83mIVgSCXK4GieNqg2U5_Ss-hQZsleg8yya4yymOMz-g=='), (b'Age', b'18924710')])
2026-03-12 05:08:19  INFO      HTTP Request: HEAD https://huggingface.co/api/resolve-cache/models/microsoft/Florence-2-large/21a599d414c4d928c9032694c424fb94458e3594/preprocessor_config.json "HTTP/1.1 200 OK"
2026-03-12 05:08:19  DEBUG     receive_response_body.started request=<Request [b'HEAD']>
2026-03-12 05:08:19  DEBUG     receive_response_body.complete
2026-03-12 05:08:19  DEBUG     response_closed.started
2026-03-12 05:08:19  DEBUG     response_closed.complete
2026-03-12 05:08:19  DEBUG     send_request_headers.started request=<Request [b'HEAD']>
2026-03-12 05:08:19  DEBUG     send_request_headers.complete
2026-03-12 05:08:19  DEBUG     send_request_body.started request=<Request [b'HEAD']>
2026-03-12 05:08:19  DEBUG     send_request_body.complete
2026-03-12 05:08:19  DEBUG     receive_response_headers.started request=<Request [b'HEAD']>
2026-03-12 05:08:19  DEBUG     receive_response_headers.complete return_value=(b'HTTP/1.1', 307, b'Temporary Redirect', [(b'Content-Type', b'text/plain; charset=utf-8'), (b'Content-Length', b'256'), (b'Connection', b'keep-alive'), (b'Date', b'Thu, 12 Mar 2026 09:08:19 GMT'), (b'Location', b'/api/resolve-cache/models/microsoft/Florence-2-large/21a599d414c4d928c9032694c424fb94458e3594/config.json?%2Fmicrosoft%2FFlorence-2-large%2Fresolve%2Fmain%2Fconfig.json=&etag=%22b6ddc8da42783bb08019a4d330a9622f1696efdd%22'), (b'X-Powered-By', b'huggingface-moon'), (b'X-Request-Id', b'Root=1-69b28283-12e138e61d3f80d930018508;af263332-433b-4671-899e-ee35c96bb8eb'), (b'RateLimit', b'"resolvers";r=2950;t=265'), (b'RateLimit-Policy', b'"fixed window";"resolvers";q=3000;w=300'), (b'cross-origin-opener-policy', b'same-origin'), (b'Referrer-Policy', b'strict-origin-when-cross-origin'), (b'Access-Control-Max-Age', b'86400'), (b'Access-Control-Allow-Origin', b'https://huggingface.co'), (b'Vary', b'Origin, Accept'), (b'Access-Control-Expose-Headers', b'X-Repo-Commit,X-Request-Id,X-Error-Code,X-Error-Message,X-Total-Count,ETag,Link,Accept-Ranges,Content-Range,X-Linked-Size,X-Linked-ETag,X-Xet-Hash'), (b'X-Repo-Commit', b'21a599d414c4d928c9032694c424fb94458e3594'), (b'Accept-Ranges', b'bytes'), (b'X-Hub-Cache', b'HIT'), (b'Content-Disposition', b'inline; filename*=UTF-8\'\'config.json; filename="config.json";'), (b'Content-Security-Policy', b"default-src 'none'; sandbox"), (b'X-Linked-ETag', b'"b6ddc8da42783bb08019a4d330a9622f1696efdd"'), (b'X-Cache', b'Miss from cloudfront'), (b'Via', b'1.1 b4c6d384cd4ac0baedf90ea4169ded4a.cloudfront.net (CloudFront)'), (b'X-Amz-Cf-Pop', b'ATL59-P13'), (b'X-Amz-Cf-Id', b'zkDEDY_bla0w-MTpaQknTs00pG45QsmhF0B54_Ok7t-RQTTBQpxpQA==')])
2026-03-12 05:08:19  INFO      HTTP Request: HEAD https://huggingface.co/microsoft/Florence-2-large/resolve/main/config.json "HTTP/1.1 307 Temporary Redirect"
2026-03-12 05:08:19  DEBUG     receive_response_body.started request=<Request [b'HEAD']>
2026-03-12 05:08:19  DEBUG     receive_response_body.complete
2026-03-12 05:08:19  DEBUG     response_closed.started
2026-03-12 05:08:19  DEBUG     response_closed.complete
2026-03-12 05:08:19  DEBUG     send_request_headers.started request=<Request [b'HEAD']>
2026-03-12 05:08:19  DEBUG     send_request_headers.complete
2026-03-12 05:08:19  DEBUG     send_request_body.started request=<Request [b'HEAD']>
2026-03-12 05:08:19  DEBUG     send_request_body.complete
2026-03-12 05:08:19  DEBUG     receive_response_headers.started request=<Request [b'HEAD']>
2026-03-12 05:08:19  DEBUG     receive_response_headers.complete return_value=(b'HTTP/1.1', 200, b'OK', [(b'Content-Type', b'text/plain; charset=utf-8'), (b'Content-Length', b'2445'), (b'Connection', b'keep-alive'), (b'Date', b'Fri, 29 Aug 2025 12:07:03 GMT'), (b'ETag', b'"b6ddc8da42783bb08019a4d330a9622f1696efdd"'), (b'X-Powered-By', b'huggingface-moon'), (b'cross-origin-opener-policy', b'same-origin'), (b'Referrer-Policy', b'strict-origin-when-cross-origin'), (b'X-Request-Id', b'Root=1-68b197e7-3a937c7b5650416b7ea6cf6d;28bddb60-d2a4-44a2-8e82-d3312cb3d8c3'), (b'Access-Control-Allow-Origin', b'https://huggingface.co'), (b'Access-Control-Expose-Headers', b'X-Repo-Commit,X-Request-Id,X-Error-Code,X-Error-Message,X-Total-Count,ETag,Link,Accept-Ranges,Content-Range,X-Linked-Size,X-Linked-ETag,X-Xet-Hash'), (b'X-Repo-Commit', b'21a599d414c4d928c9032694c424fb94458e3594'), (b'Accept-Ranges', b'bytes'), (b'Content-Disposition', b'inline; filename*=UTF-8\'\'config.json; filename="config.json";'), (b'Content-Security-Policy', b"default-src 'none'; sandbox"), (b'Vary', b'Origin'), (b'X-Cache', b'Hit from cloudfront'), (b'Via', b'1.1 b4c6d384cd4ac0baedf90ea4169ded4a.cloudfront.net (CloudFront)'), (b'X-Amz-Cf-Pop', b'ATL59-P13'), (b'X-Amz-Cf-Id', b'NpOtasscta8gFAPPAUbbm4wwnahXLgwIOXbW_1TpClaP-KYyYh64Nw=='), (b'Age', b'16837276')])
2026-03-12 05:08:19  INFO      HTTP Request: HEAD https://huggingface.co/api/resolve-cache/models/microsoft/Florence-2-large/21a599d414c4d928c9032694c424fb94458e3594/config.json "HTTP/1.1 200 OK"
2026-03-12 05:08:19  DEBUG     receive_response_body.started request=<Request [b'HEAD']>
2026-03-12 05:08:19  DEBUG     receive_response_body.complete
2026-03-12 05:08:19  DEBUG     response_closed.started
2026-03-12 05:08:19  DEBUG     response_closed.complete
2026-03-12 05:08:19  DEBUG     send_request_headers.started request=<Request [b'HEAD']>
2026-03-12 05:08:19  DEBUG     send_request_headers.complete
2026-03-12 05:08:19  DEBUG     send_request_body.started request=<Request [b'HEAD']>
2026-03-12 05:08:19  DEBUG     send_request_body.complete
2026-03-12 05:08:19  DEBUG     receive_response_headers.started request=<Request [b'HEAD']>
2026-03-12 05:08:19  DEBUG     receive_response_headers.complete return_value=(b'HTTP/1.1', 307, b'Temporary Redirect', [(b'Content-Type', b'text/plain; charset=utf-8'), (b'Content-Length', b'286'), (b'Connection', b'keep-alive'), (b'Date', b'Thu, 12 Mar 2026 09:08:19 GMT'), (b'Location', b'/api/resolve-cache/models/microsoft/Florence-2-large/21a599d414c4d928c9032694c424fb94458e3594/configuration_florence2.py?%2Fmicrosoft%2FFlorence-2-large%2Fresolve%2Fmain%2Fconfiguration_florence2.py=&etag=%22b8869617ef8dfd0f04d421cf59b83ca662c363ad%22'), (b'X-Powered-By', b'huggingface-moon'), (b'X-Request-Id', b'Root=1-69b28283-7ddda69f22c47d2640a96b63;4f78bca7-9bf9-42a1-aca8-4cd60e60fe58'), (b'RateLimit', b'"resolvers";r=2949;t=265'), (b'RateLimit-Policy', b'"fixed window";"resolvers";q=3000;w=300'), (b'cross-origin-opener-policy', b'same-origin'), (b'Referrer-Policy', b'strict-origin-when-cross-origin'), (b'Access-Control-Max-Age', b'86400'), (b'Access-Control-Allow-Origin', b'https://huggingface.co'), (b'Vary', b'Origin, Accept'), (b'Access-Control-Expose-Headers', b'X-Repo-Commit,X-Request-Id,X-Error-Code,X-Error-Message,X-Total-Count,ETag,Link,Accept-Ranges,Content-Range,X-Linked-Size,X-Linked-ETag,X-Xet-Hash'), (b'X-Repo-Commit', b'21a599d414c4d928c9032694c424fb94458e3594'), (b'Accept-Ranges', b'bytes'), (b'X-Hub-Cache', b'HIT'), (b'Content-Disposition', b'inline; filename*=UTF-8\'\'configuration_florence2.py; filename="configuration_florence2.py";'), (b'Content-Security-Policy', b"default-src 'none'; sandbox"), (b'X-Linked-ETag', b'"b8869617ef8dfd0f04d421cf59b83ca662c363ad"'), (b'X-Cache', b'Miss from cloudfront'), (b'Via', b'1.1 b4c6d384cd4ac0baedf90ea4169ded4a.cloudfront.net (CloudFront)'), (b'X-Amz-Cf-Pop', b'ATL59-P13'), (b'X-Amz-Cf-Id', b'7rjFF089D5mC20ezMZkA5obu8wd2POoqKMyu8FS8ZgxIg1UJ0gXN8A==')])
2026-03-12 05:08:19  INFO      HTTP Request: HEAD https://huggingface.co/microsoft/Florence-2-large/resolve/main/configuration_florence2.py "HTTP/1.1 307 Temporary Redirect"
2026-03-12 05:08:19  DEBUG     receive_response_body.started request=<Request [b'HEAD']>
2026-03-12 05:08:19  DEBUG     receive_response_body.complete
2026-03-12 05:08:19  DEBUG     response_closed.started
2026-03-12 05:08:19  DEBUG     response_closed.complete
2026-03-12 05:08:19  DEBUG     send_request_headers.started request=<Request [b'HEAD']>
2026-03-12 05:08:19  DEBUG     send_request_headers.complete
2026-03-12 05:08:19  DEBUG     send_request_body.started request=<Request [b'HEAD']>
2026-03-12 05:08:19  DEBUG     send_request_body.complete
2026-03-12 05:08:19  DEBUG     receive_response_headers.started request=<Request [b'HEAD']>
2026-03-12 05:08:19  DEBUG     receive_response_headers.complete return_value=(b'HTTP/1.1', 200, b'OK', [(b'Content-Type', b'text/plain; charset=utf-8'), (b'Content-Length', b'15119'), (b'Connection', b'keep-alive'), (b'Date', b'Tue, 05 Aug 2025 08:15:51 GMT'), (b'ETag', b'"b8869617ef8dfd0f04d421cf59b83ca662c363ad"'), (b'X-Powered-By', b'huggingface-moon'), (b'cross-origin-opener-policy', b'same-origin'), (b'Referrer-Policy', b'strict-origin-when-cross-origin'), (b'X-Request-Id', b'Root=1-6891bdb7-4b20fdab20d85d8f111851fc;c7a1eeed-95ef-4dba-97d4-b01e5fc2f460'), (b'Access-Control-Allow-Origin', b'https://huggingface.co'), (b'Access-Control-Expose-Headers', b'X-Repo-Commit,X-Request-Id,X-Error-Code,X-Error-Message,X-Total-Count,ETag,Link,Accept-Ranges,Content-Range,X-Linked-Size,X-Linked-ETag,X-Xet-Hash'), (b'Set-Cookie', b'token=; Path=/; Expires=Thu, 01 Jan 1970 00:00:00 GMT; Secure; SameSite=None'), (b'Set-Cookie', b'token=; Domain=huggingface.co; Path=/; Expires=Thu, 01 Jan 1970 00:00:00 GMT; Secure; SameSite=Lax'), (b'X-Repo-Commit', b'21a599d414c4d928c9032694c424fb94458e3594'), (b'Accept-Ranges', b'bytes'), (b'Content-Disposition', b'inline; filename*=UTF-8\'\'configuration_florence2.py; filename="configuration_florence2.py";'), (b'Content-Security-Policy', b"default-src 'none'; sandbox"), (b'Vary', b'Origin'), (b'X-Cache', b'Hit from cloudfront'), (b'Via', b'1.1 b4c6d384cd4ac0baedf90ea4169ded4a.cloudfront.net (CloudFront)'), (b'X-Amz-Cf-Pop', b'ATL59-P13'), (b'X-Amz-Cf-Id', b'DM7rn27WTUFtWsDRsFzT1F2QninveZ57Rg6ckJJ2OW8rF4o9CQflaA=='), (b'Age', b'18924748')])
2026-03-12 05:08:19  INFO      HTTP Request: HEAD https://huggingface.co/api/resolve-cache/models/microsoft/Florence-2-large/21a599d414c4d928c9032694c424fb94458e3594/configuration_florence2.py "HTTP/1.1 200 OK"
2026-03-12 05:08:19  DEBUG     receive_response_body.started request=<Request [b'HEAD']>
2026-03-12 05:08:19  DEBUG     receive_response_body.complete
2026-03-12 05:08:19  DEBUG     response_closed.started
2026-03-12 05:08:19  DEBUG     response_closed.complete
2026-03-12 05:08:19  DEBUG     send_request_headers.started request=<Request [b'HEAD']>
2026-03-12 05:08:19  DEBUG     send_request_headers.complete
2026-03-12 05:08:19  DEBUG     send_request_body.started request=<Request [b'HEAD']>
2026-03-12 05:08:19  DEBUG     send_request_body.complete
2026-03-12 05:08:19  DEBUG     receive_response_headers.started request=<Request [b'HEAD']>
2026-03-12 05:08:19  DEBUG     receive_response_headers.complete return_value=(b'HTTP/1.1', 307, b'Temporary Redirect', [(b'Content-Type', b'text/plain; charset=utf-8'), (b'Content-Length', b'256'), (b'Connection', b'keep-alive'), (b'Date', b'Thu, 12 Mar 2026 09:08:19 GMT'), (b'Location', b'/api/resolve-cache/models/microsoft/Florence-2-large/21a599d414c4d928c9032694c424fb94458e3594/config.json?%2Fmicrosoft%2FFlorence-2-large%2Fresolve%2Fmain%2Fconfig.json=&etag=%22b6ddc8da42783bb08019a4d330a9622f1696efdd%22'), (b'X-Powered-By', b'huggingface-moon'), (b'X-Request-Id', b'Root=1-69b28283-3a3450cb33ec18146ef5f30b;21f369ad-df59-4ef6-adb1-228a7636494e'), (b'RateLimit', b'"resolvers";r=2948;t=265'), (b'RateLimit-Policy', b'"fixed window";"resolvers";q=3000;w=300'), (b'cross-origin-opener-policy', b'same-origin'), (b'Referrer-Policy', b'strict-origin-when-cross-origin'), (b'Access-Control-Max-Age', b'86400'), (b'Access-Control-Allow-Origin', b'https://huggingface.co'), (b'Vary', b'Origin, Accept'), (b'Access-Control-Expose-Headers', b'X-Repo-Commit,X-Request-Id,X-Error-Code,X-Error-Message,X-Total-Count,ETag,Link,Accept-Ranges,Content-Range,X-Linked-Size,X-Linked-ETag,X-Xet-Hash'), (b'X-Repo-Commit', b'21a599d414c4d928c9032694c424fb94458e3594'), (b'Accept-Ranges', b'bytes'), (b'X-Hub-Cache', b'HIT'), (b'Content-Disposition', b'inline; filename*=UTF-8\'\'config.json; filename="config.json";'), (b'Content-Security-Policy', b"default-src 'none'; sandbox"), (b'X-Linked-ETag', b'"b6ddc8da42783bb08019a4d330a9622f1696efdd"'), (b'X-Cache', b'Miss from cloudfront'), (b'Via', b'1.1 b4c6d384cd4ac0baedf90ea4169ded4a.cloudfront.net (CloudFront)'), (b'X-Amz-Cf-Pop', b'ATL59-P13'), (b'X-Amz-Cf-Id', b'hERRzXDo7pwUycse7TNa4IILPYzjGrsyyygtCtRersnrdf6VrbRuMg==')])
2026-03-12 05:08:19  INFO      HTTP Request: HEAD https://huggingface.co/microsoft/Florence-2-large/resolve/main/config.json "HTTP/1.1 307 Temporary Redirect"
2026-03-12 05:08:19  DEBUG     receive_response_body.started request=<Request [b'HEAD']>
2026-03-12 05:08:19  DEBUG     receive_response_body.complete
2026-03-12 05:08:19  DEBUG     response_closed.started
2026-03-12 05:08:19  DEBUG     response_closed.complete
2026-03-12 05:08:19  DEBUG     send_request_headers.started request=<Request [b'HEAD']>
2026-03-12 05:08:19  DEBUG     send_request_headers.complete
2026-03-12 05:08:19  DEBUG     send_request_body.started request=<Request [b'HEAD']>
2026-03-12 05:08:19  DEBUG     send_request_body.complete
2026-03-12 05:08:19  DEBUG     receive_response_headers.started request=<Request [b'HEAD']>
2026-03-12 05:08:19  DEBUG     receive_response_headers.complete return_value=(b'HTTP/1.1', 200, b'OK', [(b'Content-Type', b'text/plain; charset=utf-8'), (b'Content-Length', b'2445'), (b'Connection', b'keep-alive'), (b'Date', b'Fri, 29 Aug 2025 12:07:03 GMT'), (b'ETag', b'"b6ddc8da42783bb08019a4d330a9622f1696efdd"'), (b'X-Powered-By', b'huggingface-moon'), (b'cross-origin-opener-policy', b'same-origin'), (b'Referrer-Policy', b'strict-origin-when-cross-origin'), (b'X-Request-Id', b'Root=1-68b197e7-3a937c7b5650416b7ea6cf6d;28bddb60-d2a4-44a2-8e82-d3312cb3d8c3'), (b'Access-Control-Allow-Origin', b'https://huggingface.co'), (b'Access-Control-Expose-Headers', b'X-Repo-Commit,X-Request-Id,X-Error-Code,X-Error-Message,X-Total-Count,ETag,Link,Accept-Ranges,Content-Range,X-Linked-Size,X-Linked-ETag,X-Xet-Hash'), (b'X-Repo-Commit', b'21a599d414c4d928c9032694c424fb94458e3594'), (b'Accept-Ranges', b'bytes'), (b'Content-Disposition', b'inline; filename*=UTF-8\'\'config.json; filename="config.json";'), (b'Content-Security-Policy', b"default-src 'none'; sandbox"), (b'Vary', b'Origin'), (b'X-Cache', b'Hit from cloudfront'), (b'Via', b'1.1 b4c6d384cd4ac0baedf90ea4169ded4a.cloudfront.net (CloudFront)'), (b'X-Amz-Cf-Pop', b'ATL59-P13'), (b'X-Amz-Cf-Id', b'WNzCBtJNxEEiBbKbRjRunS2mvdrrQ-4xcpdlPKTZ87ld08abYQBK3w=='), (b'Age', b'16837276')])
2026-03-12 05:08:19  INFO      HTTP Request: HEAD https://huggingface.co/api/resolve-cache/models/microsoft/Florence-2-large/21a599d414c4d928c9032694c424fb94458e3594/config.json "HTTP/1.1 200 OK"
2026-03-12 05:08:19  DEBUG     receive_response_body.started request=<Request [b'HEAD']>
2026-03-12 05:08:19  DEBUG     receive_response_body.complete
2026-03-12 05:08:19  DEBUG     response_closed.started
2026-03-12 05:08:19  DEBUG     response_closed.complete
2026-03-12 05:08:19  DEBUG     send_request_headers.started request=<Request [b'HEAD']>
2026-03-12 05:08:19  DEBUG     send_request_headers.complete
2026-03-12 05:08:19  DEBUG     send_request_body.started request=<Request [b'HEAD']>
2026-03-12 05:08:19  DEBUG     send_request_body.complete
2026-03-12 05:08:19  DEBUG     receive_response_headers.started request=<Request [b'HEAD']>
2026-03-12 05:08:19  DEBUG     receive_response_headers.complete return_value=(b'HTTP/1.1', 307, b'Temporary Redirect', [(b'Content-Type', b'text/plain; charset=utf-8'), (b'Content-Length', b'256'), (b'Connection', b'keep-alive'), (b'Date', b'Thu, 12 Mar 2026 09:08:19 GMT'), (b'Location', b'/api/resolve-cache/models/microsoft/Florence-2-large/21a599d414c4d928c9032694c424fb94458e3594/config.json?%2Fmicrosoft%2FFlorence-2-large%2Fresolve%2Fmain%2Fconfig.json=&etag=%22b6ddc8da42783bb08019a4d330a9622f1696efdd%22'), (b'X-Powered-By', b'huggingface-moon'), (b'X-Request-Id', b'Root=1-69b28283-457948c91cf17d732c3d3b96;7bd8435c-ea8d-476a-8211-1fa4aef5dba1'), (b'RateLimit', b'"resolvers";r=2947;t=265'), (b'RateLimit-Policy', b'"fixed window";"resolvers";q=3000;w=300'), (b'cross-origin-opener-policy', b'same-origin'), (b'Referrer-Policy', b'strict-origin-when-cross-origin'), (b'Access-Control-Max-Age', b'86400'), (b'Access-Control-Allow-Origin', b'https://huggingface.co'), (b'Vary', b'Origin, Accept'), (b'Access-Control-Expose-Headers', b'X-Repo-Commit,X-Request-Id,X-Error-Code,X-Error-Message,X-Total-Count,ETag,Link,Accept-Ranges,Content-Range,X-Linked-Size,X-Linked-ETag,X-Xet-Hash'), (b'X-Repo-Commit', b'21a599d414c4d928c9032694c424fb94458e3594'), (b'Accept-Ranges', b'bytes'), (b'X-Hub-Cache', b'HIT'), (b'Content-Disposition', b'inline; filename*=UTF-8\'\'config.json; filename="config.json";'), (b'Content-Security-Policy', b"default-src 'none'; sandbox"), (b'X-Linked-ETag', b'"b6ddc8da42783bb08019a4d330a9622f1696efdd"'), (b'X-Cache', b'Miss from cloudfront'), (b'Via', b'1.1 b4c6d384cd4ac0baedf90ea4169ded4a.cloudfront.net (CloudFront)'), (b'X-Amz-Cf-Pop', b'ATL59-P13'), (b'X-Amz-Cf-Id', b'uF9Obgoqvto5vrEf29feBmET8ZNGm5PkQO3mWhCCrUcZ9ZZoFOOkbQ==')])
2026-03-12 05:08:19  INFO      HTTP Request: HEAD https://huggingface.co/microsoft/Florence-2-large/resolve/main/config.json "HTTP/1.1 307 Temporary Redirect"
2026-03-12 05:08:19  DEBUG     receive_response_body.started request=<Request [b'HEAD']>
2026-03-12 05:08:19  DEBUG     receive_response_body.complete
2026-03-12 05:08:19  DEBUG     response_closed.started
2026-03-12 05:08:19  DEBUG     response_closed.complete
2026-03-12 05:08:19  DEBUG     send_request_headers.started request=<Request [b'HEAD']>
2026-03-12 05:08:19  DEBUG     send_request_headers.complete
2026-03-12 05:08:19  DEBUG     send_request_body.started request=<Request [b'HEAD']>
2026-03-12 05:08:19  DEBUG     send_request_body.complete
2026-03-12 05:08:19  DEBUG     receive_response_headers.started request=<Request [b'HEAD']>
2026-03-12 05:08:19  DEBUG     receive_response_headers.complete return_value=(b'HTTP/1.1', 200, b'OK', [(b'Content-Type', b'text/plain; charset=utf-8'), (b'Content-Length', b'2445'), (b'Connection', b'keep-alive'), (b'Date', b'Fri, 29 Aug 2025 12:07:03 GMT'), (b'ETag', b'"b6ddc8da42783bb08019a4d330a9622f1696efdd"'), (b'X-Powered-By', b'huggingface-moon'), (b'cross-origin-opener-policy', b'same-origin'), (b'Referrer-Policy', b'strict-origin-when-cross-origin'), (b'X-Request-Id', b'Root=1-68b197e7-3a937c7b5650416b7ea6cf6d;28bddb60-d2a4-44a2-8e82-d3312cb3d8c3'), (b'Access-Control-Allow-Origin', b'https://huggingface.co'), (b'Access-Control-Expose-Headers', b'X-Repo-Commit,X-Request-Id,X-Error-Code,X-Error-Message,X-Total-Count,ETag,Link,Accept-Ranges,Content-Range,X-Linked-Size,X-Linked-ETag,X-Xet-Hash'), (b'X-Repo-Commit', b'21a599d414c4d928c9032694c424fb94458e3594'), (b'Accept-Ranges', b'bytes'), (b'Content-Disposition', b'inline; filename*=UTF-8\'\'config.json; filename="config.json";'), (b'Content-Security-Policy', b"default-src 'none'; sandbox"), (b'Vary', b'Origin'), (b'X-Cache', b'Hit from cloudfront'), (b'Via', b'1.1 b4c6d384cd4ac0baedf90ea4169ded4a.cloudfront.net (CloudFront)'), (b'X-Amz-Cf-Pop', b'ATL59-P13'), (b'X-Amz-Cf-Id', b'_0x3XHJmQrexhVY_mRsq2FmwnDwjGwGxKmWMfPOIuJoAj-Dq9XjbOA=='), (b'Age', b'16837276')])
2026-03-12 05:08:19  INFO      HTTP Request: HEAD https://huggingface.co/api/resolve-cache/models/microsoft/Florence-2-large/21a599d414c4d928c9032694c424fb94458e3594/config.json "HTTP/1.1 200 OK"
2026-03-12 05:08:19  DEBUG     receive_response_body.started request=<Request [b'HEAD']>
2026-03-12 05:08:19  DEBUG     receive_response_body.complete
2026-03-12 05:08:19  DEBUG     response_closed.started
2026-03-12 05:08:19  DEBUG     response_closed.complete
2026-03-12 05:08:19  DEBUG     send_request_headers.started request=<Request [b'HEAD']>
2026-03-12 05:08:19  DEBUG     send_request_headers.complete
2026-03-12 05:08:19  DEBUG     send_request_body.started request=<Request [b'HEAD']>
2026-03-12 05:08:19  DEBUG     send_request_body.complete
2026-03-12 05:08:19  DEBUG     receive_response_headers.started request=<Request [b'HEAD']>
2026-03-12 05:08:19  DEBUG     receive_response_headers.complete return_value=(b'HTTP/1.1', 307, b'Temporary Redirect', [(b'Content-Type', b'text/plain; charset=utf-8'), (b'Content-Length', b'276'), (b'Connection', b'keep-alive'), (b'Date', b'Thu, 12 Mar 2026 09:08:19 GMT'), (b'Location', b'/api/resolve-cache/models/microsoft/Florence-2-large/21a599d414c4d928c9032694c424fb94458e3594/tokenizer_config.json?%2Fmicrosoft%2FFlorence-2-large%2Fresolve%2Fmain%2Ftokenizer_config.json=&etag=%2244784bc58d4cb18d3549ad71e062efcf032d9ef5%22'), (b'X-Powered-By', b'huggingface-moon'), (b'X-Request-Id', b'Root=1-69b28283-06b6e0794aa1150d12b89144;f20e1ad6-d013-420b-8915-a61ca7fe21b4'), (b'RateLimit', b'"resolvers";r=2946;t=265'), (b'RateLimit-Policy', b'"fixed window";"resolvers";q=3000;w=300'), (b'cross-origin-opener-policy', b'same-origin'), (b'Referrer-Policy', b'strict-origin-when-cross-origin'), (b'Access-Control-Max-Age', b'86400'), (b'Access-Control-Allow-Origin', b'https://huggingface.co'), (b'Vary', b'Origin, Accept'), (b'Access-Control-Expose-Headers', b'X-Repo-Commit,X-Request-Id,X-Error-Code,X-Error-Message,X-Total-Count,ETag,Link,Accept-Ranges,Content-Range,X-Linked-Size,X-Linked-ETag,X-Xet-Hash'), (b'X-Repo-Commit', b'21a599d414c4d928c9032694c424fb94458e3594'), (b'Accept-Ranges', b'bytes'), (b'X-Hub-Cache', b'HIT'), (b'Content-Disposition', b'inline; filename*=UTF-8\'\'tokenizer_config.json; filename="tokenizer_config.json";'), (b'Content-Security-Policy', b"default-src 'none'; sandbox"), (b'X-Linked-ETag', b'"44784bc58d4cb18d3549ad71e062efcf032d9ef5"'), (b'X-Cache', b'Miss from cloudfront'), (b'Via', b'1.1 b4c6d384cd4ac0baedf90ea4169ded4a.cloudfront.net (CloudFront)'), (b'X-Amz-Cf-Pop', b'ATL59-P13'), (b'X-Amz-Cf-Id', b'PziySdX32mZ7_IN-eHZ9zuC9skzQ89ovfYdbN1-sp6q3_FUnQqsMBw==')])
2026-03-12 05:08:19  INFO      HTTP Request: HEAD https://huggingface.co/microsoft/Florence-2-large/resolve/main/tokenizer_config.json "HTTP/1.1 307 Temporary Redirect"
2026-03-12 05:08:19  DEBUG     receive_response_body.started request=<Request [b'HEAD']>
2026-03-12 05:08:19  DEBUG     receive_response_body.complete
2026-03-12 05:08:19  DEBUG     response_closed.started
2026-03-12 05:08:19  DEBUG     response_closed.complete
2026-03-12 05:08:19  DEBUG     send_request_headers.started request=<Request [b'HEAD']>
2026-03-12 05:08:19  DEBUG     send_request_headers.complete
2026-03-12 05:08:19  DEBUG     send_request_body.started request=<Request [b'HEAD']>
2026-03-12 05:08:19  DEBUG     send_request_body.complete
2026-03-12 05:08:19  DEBUG     receive_response_headers.started request=<Request [b'HEAD']>
2026-03-12 05:08:19  DEBUG     receive_response_headers.complete return_value=(b'HTTP/1.1', 200, b'OK', [(b'Content-Type', b'text/plain; charset=utf-8'), (b'Content-Length', b'34'), (b'Connection', b'keep-alive'), (b'Date', b'Tue, 20 Jan 2026 11:17:12 GMT'), (b'ETag', b'"44784bc58d4cb18d3549ad71e062efcf032d9ef5"'), (b'X-Powered-By', b'huggingface-moon'), (b'X-Request-Id', b'Root=1-696f6438-1d3f993131ee91db763f3ded;d63bfeb2-dd35-4284-9c37-61d184d438f6'), (b'RateLimit', b'"resolvers";r=2999;t=8'), (b'RateLimit-Policy', b'"fixed window";"resolvers";q=3000;w=300'), (b'cross-origin-opener-policy', b'same-origin'), (b'Referrer-Policy', b'strict-origin-when-cross-origin'), (b'Access-Control-Max-Age', b'86400'), (b'Access-Control-Allow-Origin', b'https://huggingface.co'), (b'Access-Control-Expose-Headers', b'X-Repo-Commit,X-Request-Id,X-Error-Code,X-Error-Message,X-Total-Count,ETag,Link,Accept-Ranges,Content-Range,X-Linked-Size,X-Linked-ETag,X-Xet-Hash'), (b'X-Repo-Commit', b'21a599d414c4d928c9032694c424fb94458e3594'), (b'Accept-Ranges', b'bytes'), (b'Content-Disposition', b'inline; filename*=UTF-8\'\'tokenizer_config.json; filename="tokenizer_config.json";'), (b'Content-Security-Policy', b"default-src 'none'; sandbox"), (b'Vary', b'Origin'), (b'X-Cache', b'Hit from cloudfront'), (b'Via', b'1.1 b4c6d384cd4ac0baedf90ea4169ded4a.cloudfront.net (CloudFront)'), (b'X-Amz-Cf-Pop', b'ATL59-P13'), (b'X-Amz-Cf-Id', b'zKtQp1DIeSISIzBeq5pYF8QtVtvKyIEaTnFeVfcu71xgD0rPFe0j8w=='), (b'Age', b'4398667')])
2026-03-12 05:08:19  INFO      HTTP Request: HEAD https://huggingface.co/api/resolve-cache/models/microsoft/Florence-2-large/21a599d414c4d928c9032694c424fb94458e3594/tokenizer_config.json "HTTP/1.1 200 OK"
2026-03-12 05:08:19  DEBUG     receive_response_body.started request=<Request [b'HEAD']>
2026-03-12 05:08:19  DEBUG     receive_response_body.complete
2026-03-12 05:08:19  DEBUG     response_closed.started
2026-03-12 05:08:19  DEBUG     response_closed.complete
2026-03-12 05:08:19  DEBUG     send_request_headers.started request=<Request [b'GET']>
2026-03-12 05:08:19  DEBUG     send_request_headers.complete
2026-03-12 05:08:19  DEBUG     send_request_body.started request=<Request [b'GET']>
2026-03-12 05:08:19  DEBUG     send_request_body.complete
2026-03-12 05:08:19  DEBUG     receive_response_headers.started request=<Request [b'GET']>
2026-03-12 05:08:19  DEBUG     receive_response_headers.complete return_value=(b'HTTP/1.1', 404, b'Not Found', [(b'Content-Type', b'application/json; charset=utf-8'), (b'Content-Length', b'64'), (b'Connection', b'keep-alive'), (b'Date', b'Thu, 12 Mar 2026 09:08:19 GMT'), (b'ETag', b'W/"40-09f9IAqP13xarAhQxFS2W8rvRkM"'), (b'X-Powered-By', b'huggingface-moon'), (b'X-Request-Id', b'Root=1-69b28283-437592392694773338e54b15;3e4f7ed5-a7e3-4509-ae66-39b20e0ea439'), (b'RateLimit', b'"api";r=492;t=265'), (b'RateLimit-Policy', b'"fixed window";"api";q=500;w=300'), (b'cross-origin-opener-policy', b'same-origin'), (b'Referrer-Policy', b'strict-origin-when-cross-origin'), (b'Access-Control-Max-Age', b'86400'), (b'Access-Control-Allow-Origin', b'https://huggingface.co'), (b'Vary', b'Origin'), (b'Access-Control-Expose-Headers', b'X-Repo-Commit,X-Request-Id,X-Error-Code,X-Error-Message,X-Total-Count,ETag,Link,Accept-Ranges,Content-Range,X-Linked-Size,X-Linked-ETag,X-Xet-Hash'), (b'X-Error-Code', b'EntryNotFound'), (b'X-Error-Message', b'additional_chat_templates does not exist on "main"'), (b'X-Cache', b'Error from cloudfront'), (b'Via', b'1.1 b4c6d384cd4ac0baedf90ea4169ded4a.cloudfront.net (CloudFront)'), (b'X-Amz-Cf-Pop', b'ATL59-P13'), (b'X-Amz-Cf-Id', b'bwIoJIm2LazSjHOpAW__pu3Pvlu_iMbe9efr4MDjprkTP8j60fHP5w==')])
2026-03-12 05:08:19  INFO      HTTP Request: GET https://huggingface.co/api/models/microsoft/Florence-2-large/tree/main/additional_chat_templates?recursive=false&expand=false "HTTP/1.1 404 Not Found"
2026-03-12 05:08:19  DEBUG     receive_response_body.started request=<Request [b'GET']>
2026-03-12 05:08:19  DEBUG     receive_response_body.complete
2026-03-12 05:08:19  DEBUG     response_closed.started
2026-03-12 05:08:19  DEBUG     response_closed.complete
2026-03-12 05:08:19  DEBUG     send_request_headers.started request=<Request [b'GET']>
2026-03-12 05:08:19  DEBUG     send_request_headers.complete
2026-03-12 05:08:19  DEBUG     send_request_body.started request=<Request [b'GET']>
2026-03-12 05:08:19  DEBUG     send_request_body.complete
2026-03-12 05:08:19  DEBUG     receive_response_headers.started request=<Request [b'GET']>
2026-03-12 05:08:19  DEBUG     receive_response_headers.complete return_value=(b'HTTP/1.1', 200, b'OK', [(b'Content-Type', b'application/json; charset=utf-8'), (b'Transfer-Encoding', b'chunked'), (b'Connection', b'keep-alive'), (b'Date', b'Thu, 12 Mar 2026 09:08:19 GMT'), (b'Access-Control-Expose-Headers', b'X-Repo-Commit,X-Request-Id,X-Error-Code,X-Error-Message,X-Total-Count,ETag,Link,Accept-Ranges,Content-Range,X-Linked-Size,X-Linked-ETag,X-Xet-Hash'), (b'content-encoding', b'gzip'), (b'X-Powered-By', b'huggingface-moon'), (b'X-Request-Id', b'Root=1-69b28283-0d87b47437dbc79c229befdd;5968e9dc-49ba-4c7f-98aa-7d4d7382f6f9'), (b'RateLimit', b'"api";r=491;t=265'), (b'RateLimit-Policy', b'"fixed window";"api";q=500;w=300'), (b'cross-origin-opener-policy', b'same-origin'), (b'Referrer-Policy', b'strict-origin-when-cross-origin'), (b'Access-Control-Max-Age', b'86400'), (b'Access-Control-Allow-Origin', b'https://huggingface.co'), (b'Vary', b'Origin'), (b'vary', b'accept-encoding'), (b'ETag', b'W/"8e0-Rq5HmqYJijifmyhJBtnkrIpymEE"'), (b'X-Cache', b'Miss from cloudfront'), (b'Via', b'1.1 b4c6d384cd4ac0baedf90ea4169ded4a.cloudfront.net (CloudFront)'), (b'X-Amz-Cf-Pop', b'ATL59-P13'), (b'X-Amz-Cf-Id', b'pzoaSIKCBygUPE0o0H2fFJ5dd61FPM76vClPaJgECzEBuLnHKXEKSw==')])
2026-03-12 05:08:19  INFO      HTTP Request: GET https://huggingface.co/api/models/microsoft/Florence-2-large/tree/main?recursive=true&expand=false "HTTP/1.1 200 OK"
2026-03-12 05:08:19  DEBUG     receive_response_body.started request=<Request [b'GET']>
2026-03-12 05:08:19  DEBUG     receive_response_body.complete
2026-03-12 05:08:19  DEBUG     response_closed.started
2026-03-12 05:08:19  DEBUG     response_closed.complete
2026-03-12 05:08:19  ERROR     Failed to load AI model: TokenizersBackend has no attribute additional_special_tokens
Traceback (most recent call last):
  File "/Users/ben/Dev/imgtagplus/imgtagplus/app.py", line 146, in run
    tagger = FlorenceTagger(model_id=hf_model_id, model_dir=args.model_dir)
  File "/Users/ben/Dev/imgtagplus/imgtagplus/vlm.py", line 69, in __init__
    self.processor = AutoProcessor.from_pretrained(self._model_id, trust_remote_code=True, cache_dir=str(self._model_dir), use_fast=False)
                     ~~~~~~~~~~~~~~~~~~~~~~~~~~~~~^^^^^^^^^^^^^^^^^^^^^^^^^^^^^^^^^^^^^^^^^^^^^^^^^^^^^^^^^^^^^^^^^^^^^^^^^^^^^^^^^^^^^^^^
  File "/Users/ben/Dev/imgtagplus/.venv/lib/python3.14/site-packages/transformers/models/auto/processing_auto.py", line 407, in from_pretrained
    return processor_class.from_pretrained(
           ~~~~~~~~~~~~~~~~~~~~~~~~~~~~~~~^
        pretrained_model_name_or_path, trust_remote_code=trust_remote_code, **kwargs
        ^^^^^^^^^^^^^^^^^^^^^^^^^^^^^^^^^^^^^^^^^^^^^^^^^^^^^^^^^^^^^^^^^^^^^^^^^^^^
    )
    ^
  File "/Users/ben/Dev/imgtagplus/.venv/lib/python3.14/site-packages/transformers/processing_utils.py", line 1404, in from_pretrained
    return cls.from_args_and_dict(args, processor_dict, **instantiation_kwargs)
           ~~~~~~~~~~~~~~~~~~~~~~^^^^^^^^^^^^^^^^^^^^^^^^^^^^^^^^^^^^^^^^^^^^^^
  File "/Users/ben/Dev/imgtagplus/.venv/lib/python3.14/site-packages/transformers/processing_utils.py", line 1171, in from_args_and_dict
    processor = cls(*args, **valid_kwargs)
  File "/Users/ben/.cache/imgtagplus/modules/transformers_modules/microsoft/Florence_hyphen_2_hyphen_large/21a599d414c4d928c9032694c424fb94458e3594/processing_florence2.py", line 89, in __init__
    tokenizer.additional_special_tokens + \
    ^^^^^^^^^^^^^^^^^^^^^^^^^^^^^^^^^^^
  File "/Users/ben/Dev/imgtagplus/.venv/lib/python3.14/site-packages/transformers/tokenization_utils_base.py", line 1293, in __getattr__
    raise AttributeError(f"{self.__class__.__name__} has no attribute {key}")
AttributeError: TokenizersBackend has no attribute additional_special_tokens. Did you mean: 'add_special_tokens'?
