2026-03-12 05:06:34  INFO      Model       : clip (clip)
2026-03-12 05:06:34  INFO      Recursive   : True
2026-03-12 05:06:34  INFO      Threshold   : 0.25
2026-03-12 05:06:34  INFO      Max tags    : 20
2026-03-12 05:06:34  INFO      Silent      : True
2026-03-12 05:06:34  INFO      Continue err: True
2026-03-12 05:06:34  INFO      Log file    : /Users/ben/Dev/imgtagplus/imgtagplus_20260312_050634.log
2026-03-12 05:06:34  INFO      Found 4 image(s) scanning /Users/ben/Dev/imgtagplus/sandbox (recursively)
2026-03-12 05:06:34  INFO      Images to process: 4
2026-03-12 05:06:34  DEBUG     close.started
2026-03-12 05:06:34  DEBUG     close.complete
2026-03-12 05:06:34  DEBUG     connect_tcp.started host='huggingface.co' port=443 local_address=None timeout=10 socket_options=None
2026-03-12 05:06:34  DEBUG     connect_tcp.complete return_value=<httpcore._backends.sync.SyncStream object at 0x11306e780>
2026-03-12 05:06:34  DEBUG     start_tls.started ssl_context=<ssl.SSLContext object at 0x112fc32f0> server_hostname='huggingface.co' timeout=10
2026-03-12 05:06:34  DEBUG     start_tls.complete return_value=<httpcore._backends.sync.SyncStream object at 0x116275490>
2026-03-12 05:06:34  DEBUG     send_request_headers.started request=<Request [b'HEAD']>
2026-03-12 05:06:34  DEBUG     send_request_headers.complete
2026-03-12 05:06:34  DEBUG     send_request_body.started request=<Request [b'HEAD']>
2026-03-12 05:06:34  DEBUG     send_request_body.complete
2026-03-12 05:06:34  DEBUG     receive_response_headers.started request=<Request [b'HEAD']>
2026-03-12 05:06:34  DEBUG     receive_response_headers.complete return_value=(b'HTTP/1.1', 302, b'Found', [(b'Content-Type', b'text/plain; charset=utf-8'), (b'Content-Length', b'1351'), (b'Connection', b'keep-alive'), (b'Date', b'Thu, 12 Mar 2026 09:06:34 GMT'), (b'Location', b'https://cas-bridge.xethub.hf.co/xet-bridge-us/646760a4a48c2b6f0d5edaba/581a113c3b8efbfe361c0ddc6debf45f59f2760a49de41fbbf13f28731c920bf?X-Amz-Algorithm=AWS4-HMAC-SHA256&X-Amz-Content-Sha256=UNSIGNED-PAYLOAD&X-Amz-Credential=cas%2F20260312%2Fus-east-1%2Fs3%2Faws4_request&X-Amz-Date=20260312T090634Z&X-Amz-Expires=3600&X-Amz-Signature=b1bb3c4b57935bad59d9b20954ce4605a893f183ef76243a2e05b844fbc80f91&X-Amz-SignedHeaders=host&X-Xet-Cas-Uid=public&response-content-disposition=inline%3B+filename*%3DUTF-8%27%27vision_model.onnx%3B+filename%3D%22vision_model.onnx%22%3B&x-amz-checksum-mode=ENABLED&x-id=GetObject&Expires=1773309994&Policy=eyJTdGF0ZW1lbnQiOlt7IkNvbmRpdGlvbiI6eyJEYXRlTGVzc1RoYW4iOnsiQVdTOkVwb2NoVGltZSI6MTc3MzMwOTk5NH19LCJSZXNvdXJjZSI6Imh0dHBzOi8vY2FzLWJyaWRnZS54ZXRodWIuaGYuY28veGV0LWJyaWRnZS11cy82NDY3NjBhNGE0OGMyYjZmMGQ1ZWRhYmEvNTgxYTExM2MzYjhlZmJmZTM2MWMwZGRjNmRlYmY0NWY1OWYyNzYwYTQ5ZGU0MWZiYmYxM2YyODczMWM5MjBiZioifV19&Signature=vslAUMo8eFBSLbUYzzro%7EvJZ4rmkxDf3Un5IPxB1IlOnmf7HnpWPwDIoKVUeE7LwBMMClvIds0uSTS%7Emx5ahLMOXYfvjEa2tF3t53iDMgadjD4%7EFwGWZPQmKaCLjL0lsK18AxlBR7pqD0nBgdfwW%7Eommw%7EAsHbfKVvSZJFDpA8EM2vy4z05jFwx3Gy7heI96WXeEq4exQg3psp1w4QH80Q6SiR3c2ZEcngSehZUmR-6ZIUgu25RL-ZOqhscA9pcpmfs0Yik3VjUjenLsxW5lNdkDv3pDTgFJRqygIfcRbGbyHy1ThPsBlcjS3uOI9OBT-ruTxAm%7EzekvY1bmCeTEeg__&Key-Pair-Id=K2L8F4GPSG1IFC'), (b'X-Powered-By', b'huggingface-moon'), (b'X-Request-Id', b'Root=1-69b2821a-029b73b74c975b501ed3314d;76bc497b-5f49-48e4-a839-7c96b451ca24'), (b'RateLimit', b'"resolvers";r=2952;t=70'), (b'RateLimit-Policy', b'"fixed window";"resolvers";q=3000;w=300'), (b'cross-origin-opener-policy', b'same-origin'), (b'Referrer-Policy', b'strict-origin-when-cross-origin'), (b'Access-Control-Max-Age', b'86400'), (b'Access-Control-Allow-Origin', b'https://huggingface.co'), (b'Vary', b'Origin, Accept'), (b'Access-Control-Expose-Headers', b'X-Repo-Commit,X-Request-Id,X-Error-Code,X-Error-Message,X-Total-Count,ETag,Link,Accept-Ranges,Content-Range,X-Linked-Size,X-Linked-ETag,X-Xet-Hash'), (b'X-Repo-Commit', b'd15189d7028b43f1d3e65039190477f6af591c2a'), (b'Accept-Ranges', b'bytes'), (b'X-Hub-Cache', b'MISS'), (b'X-Linked-Size', b'351685709'), (b'X-Linked-ETag', b'"fd6e1402a588279d1723c7534d4bcba5bc0b14b47dfab0e46f8c47b8270d7d40"'), (b'X-Xet-Hash', b'581a113c3b8efbfe361c0ddc6debf45f59f2760a49de41fbbf13f28731c920bf'), (b'Link', b'<https://huggingface.co/api/models/Xenova/clip-vit-base-patch32/xet-read-token/d15189d7028b43f1d3e65039190477f6af591c2a>; rel="xet-auth", <https://cas-server.xethub.hf.co/v1/reconstructions/581a113c3b8efbfe361c0ddc6debf45f59f2760a49de41fbbf13f28731c920bf>; rel="xet-reconstruction-info"'), (b'X-Cache', b'Miss from cloudfront'), (b'Via', b'1.1 183e1b2ed65c15b51027fb51a0b1c3b6.cloudfront.net (CloudFront)'), (b'X-Amz-Cf-Pop', b'ATL59-P13'), (b'X-Amz-Cf-Id', b'_3igKDKWQK6yAf09eLlPSSczX7qWGki1aemKc7nn59RDFFgPjGzIqw==')])
2026-03-12 05:06:34  INFO      HTTP Request: HEAD https://huggingface.co/Xenova/clip-vit-base-patch32/resolve/main/onnx/vision_model.onnx "HTTP/1.1 302 Found"
2026-03-12 05:06:34  DEBUG     receive_response_body.started request=<Request [b'HEAD']>
2026-03-12 05:06:34  DEBUG     receive_response_body.complete
2026-03-12 05:06:34  DEBUG     response_closed.started
2026-03-12 05:06:34  DEBUG     response_closed.complete
2026-03-12 05:06:34  DEBUG     send_request_headers.started request=<Request [b'HEAD']>
2026-03-12 05:06:34  DEBUG     send_request_headers.complete
2026-03-12 05:06:34  DEBUG     send_request_body.started request=<Request [b'HEAD']>
2026-03-12 05:06:34  DEBUG     send_request_body.complete
2026-03-12 05:06:34  DEBUG     receive_response_headers.started request=<Request [b'HEAD']>
2026-03-12 05:06:34  DEBUG     receive_response_headers.complete return_value=(b'HTTP/1.1', 302, b'Found', [(b'Content-Type', b'text/plain; charset=utf-8'), (b'Content-Length', b'1351'), (b'Connection', b'keep-alive'), (b'Date', b'Thu, 12 Mar 2026 09:06:34 GMT'), (b'Location', b'https://cas-bridge.xethub.hf.co/xet-bridge-us/646760a4a48c2b6f0d5edaba/7cc6053c4289104b59c16c0e17aef1da1ec90a9f8d3385f4d99d976d3c2cc713?X-Amz-Algorithm=AWS4-HMAC-SHA256&X-Amz-Content-Sha256=UNSIGNED-PAYLOAD&X-Amz-Credential=cas%2F20260312%2Fus-east-1%2Fs3%2Faws4_request&X-Amz-Date=20260312T090634Z&X-Amz-Expires=3600&X-Amz-Signature=fae05367cf73be462a120f88aaef310f515c40eea7ef1b319e716238d5a2c967&X-Amz-SignedHeaders=host&X-Xet-Cas-Uid=public&response-content-disposition=inline%3B+filename*%3DUTF-8%27%27text_model.onnx%3B+filename%3D%22text_model.onnx%22%3B&x-amz-checksum-mode=ENABLED&x-id=GetObject&Expires=1773309994&Policy=eyJTdGF0ZW1lbnQiOlt7IkNvbmRpdGlvbiI6eyJEYXRlTGVzc1RoYW4iOnsiQVdTOkVwb2NoVGltZSI6MTc3MzMwOTk5NH19LCJSZXNvdXJjZSI6Imh0dHBzOi8vY2FzLWJyaWRnZS54ZXRodWIuaGYuY28veGV0LWJyaWRnZS11cy82NDY3NjBhNGE0OGMyYjZmMGQ1ZWRhYmEvN2NjNjA1M2M0Mjg5MTA0YjU5YzE2YzBlMTdhZWYxZGExZWM5MGE5ZjhkMzM4NWY0ZDk5ZDk3NmQzYzJjYzcxMyoifV19&Signature=Fif6hBWt2xtZW5fcHirHEPGlhbvMaJokTvXSGvlNqjuUnitQM0Kt2%7EfnYYD6r0IQowPgkEk2Ht%7EhpR6OFX2a7ltRIlNn9MUOq%7EDBJTnMdWAqDDvKGr8rUAXkevsSahu89hWC%7EOjPQyTkvsnCvi14bI6gBzBNviE3XzNqjzqeTpqBxYobXtHVNhrg2HzTSkKP8kcBvndle%7EluYsSEIH%7E2rsyxzWAxmblMK5Y3JOaUMRxdBiEKmtZiVpz%7EMDw-IKIHrpo6km61YyHYKAvMUg9qQ5JwJ9AkSmBWq6wTc7iKWyBqYRsA410oZ9l%7EkMhod5pI6cHNMOiqaXB3VXNi4qll1g__&Key-Pair-Id=K2L8F4GPSG1IFC'), (b'X-Powered-By', b'huggingface-moon'), (b'X-Request-Id', b'Root=1-69b2821a-22768c1b14f7815d2ca2e2bd;6417e16b-fce2-4760-9c13-f4aa82fe3671'), (b'RateLimit', b'"resolvers";r=2951;t=70'), (b'RateLimit-Policy', b'"fixed window";"resolvers";q=3000;w=300'), (b'cross-origin-opener-policy', b'same-origin'), (b'Referrer-Policy', b'strict-origin-when-cross-origin'), (b'Access-Control-Max-Age', b'86400'), (b'Access-Control-Allow-Origin', b'https://huggingface.co'), (b'Vary', b'Origin, Accept'), (b'Access-Control-Expose-Headers', b'X-Repo-Commit,X-Request-Id,X-Error-Code,X-Error-Message,X-Total-Count,ETag,Link,Accept-Ranges,Content-Range,X-Linked-Size,X-Linked-ETag,X-Xet-Hash'), (b'X-Repo-Commit', b'd15189d7028b43f1d3e65039190477f6af591c2a'), (b'Accept-Ranges', b'bytes'), (b'X-Hub-Cache', b'MISS'), (b'X-Linked-Size', b'254058553'), (b'X-Linked-ETag', b'"3f6571f5bad13a97c469c1622e1cfc4d9aef78b79fdbfcff804ca357bfada8cc"'), (b'X-Xet-Hash', b'7cc6053c4289104b59c16c0e17aef1da1ec90a9f8d3385f4d99d976d3c2cc713'), (b'Link', b'<https://huggingface.co/api/models/Xenova/clip-vit-base-patch32/xet-read-token/d15189d7028b43f1d3e65039190477f6af591c2a>; rel="xet-auth", <https://cas-server.xethub.hf.co/v1/reconstructions/7cc6053c4289104b59c16c0e17aef1da1ec90a9f8d3385f4d99d976d3c2cc713>; rel="xet-reconstruction-info"'), (b'X-Cache', b'Miss from cloudfront'), (b'Via', b'1.1 183e1b2ed65c15b51027fb51a0b1c3b6.cloudfront.net (CloudFront)'), (b'X-Amz-Cf-Pop', b'ATL59-P13'), (b'X-Amz-Cf-Id', b'VggOL24Ajso12LNN-wb1w4oUdwESwrnnk-LdkfnHOos3_aPlpMm9ew==')])
2026-03-12 05:06:34  INFO      HTTP Request: HEAD https://huggingface.co/Xenova/clip-vit-base-patch32/resolve/main/onnx/text_model.onnx "HTTP/1.1 302 Found"
2026-03-12 05:06:34  DEBUG     receive_response_body.started request=<Request [b'HEAD']>
2026-03-12 05:06:34  DEBUG     receive_response_body.complete
2026-03-12 05:06:34  DEBUG     response_closed.started
2026-03-12 05:06:34  DEBUG     response_closed.complete
2026-03-12 05:06:34  DEBUG     send_request_headers.started request=<Request [b'HEAD']>
2026-03-12 05:06:34  DEBUG     send_request_headers.complete
2026-03-12 05:06:34  DEBUG     send_request_body.started request=<Request [b'HEAD']>
2026-03-12 05:06:34  DEBUG     send_request_body.complete
2026-03-12 05:06:34  DEBUG     receive_response_headers.started request=<Request [b'HEAD']>
2026-03-12 05:06:34  DEBUG     receive_response_headers.complete return_value=(b'HTTP/1.1', 307, b'Temporary Redirect', [(b'Content-Type', b'text/plain; charset=utf-8'), (b'Content-Length', b'266'), (b'Connection', b'keep-alive'), (b'Date', b'Thu, 12 Mar 2026 09:06:34 GMT'), (b'Location', b'/api/resolve-cache/models/Xenova/clip-vit-base-patch32/d15189d7028b43f1d3e65039190477f6af591c2a/tokenizer.json?%2FXenova%2Fclip-vit-base-patch32%2Fresolve%2Fmain%2Ftokenizer.json=&etag=%22bc1f77d20440541dd073ebae6f6c401087c7d34e%22'), (b'X-Powered-By', b'huggingface-moon'), (b'X-Request-Id', b'Root=1-69b2821a-4a3abb7c6f8c33cb5081b722;287414ae-b32e-4e68-805b-c9afe63128e8'), (b'RateLimit', b'"resolvers";r=2950;t=70'), (b'RateLimit-Policy', b'"fixed window";"resolvers";q=3000;w=300'), (b'cross-origin-opener-policy', b'same-origin'), (b'Referrer-Policy', b'strict-origin-when-cross-origin'), (b'Access-Control-Max-Age', b'86400'), (b'Access-Control-Allow-Origin', b'https://huggingface.co'), (b'Vary', b'Origin, Accept'), (b'Access-Control-Expose-Headers', b'X-Repo-Commit,X-Request-Id,X-Error-Code,X-Error-Message,X-Total-Count,ETag,Link,Accept-Ranges,Content-Range,X-Linked-Size,X-Linked-ETag,X-Xet-Hash'), (b'X-Repo-Commit', b'd15189d7028b43f1d3e65039190477f6af591c2a'), (b'Accept-Ranges', b'bytes'), (b'X-HF-Warning', b'unauthenticated; Warning: You are sending unauthenticated requests to the HF Hub. Please set a HF_TOKEN to enable higher rate limits and faster downloads.'), (b'X-Hub-Cache', b'MISS'), (b'Content-Disposition', b'inline; filename*=UTF-8\'\'tokenizer.json; filename="tokenizer.json";'), (b'Content-Security-Policy', b"default-src 'none'; sandbox"), (b'X-Linked-ETag', b'"bc1f77d20440541dd073ebae6f6c401087c7d34e"'), (b'X-Cache', b'Miss from cloudfront'), (b'Via', b'1.1 183e1b2ed65c15b51027fb51a0b1c3b6.cloudfront.net (CloudFront)'), (b'X-Amz-Cf-Pop', b'ATL59-P13'), (b'X-Amz-Cf-Id', b'29uYnQTh-NRDpBlifcyz2ds9X3MqozR-G-T8IF3zhpTKnEphDx5G_w==')])
2026-03-12 05:06:34  INFO      HTTP Request: HEAD https://huggingface.co/Xenova/clip-vit-base-patch32/resolve/main/tokenizer.json "HTTP/1.1 307 Temporary Redirect"
2026-03-12 05:06:34  DEBUG     receive_response_body.started request=<Request [b'HEAD']>
2026-03-12 05:06:34  DEBUG     receive_response_body.complete
2026-03-12 05:06:34  DEBUG     response_closed.started
2026-03-12 05:06:34  DEBUG     response_closed.complete
2026-03-12 05:06:34  DEBUG     send_request_headers.started request=<Request [b'HEAD']>
2026-03-12 05:06:34  DEBUG     send_request_headers.complete
2026-03-12 05:06:34  DEBUG     send_request_body.started request=<Request [b'HEAD']>
2026-03-12 05:06:34  DEBUG     send_request_body.complete
2026-03-12 05:06:34  DEBUG     receive_response_headers.started request=<Request [b'HEAD']>
2026-03-12 05:06:34  DEBUG     receive_response_headers.complete return_value=(b'HTTP/1.1', 200, b'OK', [(b'Content-Type', b'text/plain; charset=utf-8'), (b'Content-Length', b'2224119'), (b'Connection', b'keep-alive'), (b'Date', b'Thu, 12 Mar 2026 07:58:57 GMT'), (b'ETag', b'"bc1f77d20440541dd073ebae6f6c401087c7d34e"'), (b'X-Powered-By', b'huggingface-moon'), (b'X-Request-Id', b'Root=1-69b27241-2462f936318f7477324cbe43;a7186e2e-02c1-43f0-a55e-3012e1162472'), (b'RateLimit', b'"resolvers";r=2996;t=227'), (b'RateLimit-Policy', b'"fixed window";"resolvers";q=3000;w=300'), (b'cross-origin-opener-policy', b'same-origin'), (b'Referrer-Policy', b'strict-origin-when-cross-origin'), (b'Access-Control-Max-Age', b'86400'), (b'Access-Control-Allow-Origin', b'https://huggingface.co'), (b'Access-Control-Expose-Headers', b'X-Repo-Commit,X-Request-Id,X-Error-Code,X-Error-Message,X-Total-Count,ETag,Link,Accept-Ranges,Content-Range,X-Linked-Size,X-Linked-ETag,X-Xet-Hash'), (b'X-Repo-Commit', b'd15189d7028b43f1d3e65039190477f6af591c2a'), (b'Accept-Ranges', b'bytes'), (b'X-Hub-Cache', b'MISS'), (b'Content-Disposition', b'inline; filename*=UTF-8\'\'tokenizer.json; filename="tokenizer.json";'), (b'Content-Security-Policy', b"default-src 'none'; sandbox"), (b'Vary', b'Origin'), (b'X-Cache', b'Hit from cloudfront'), (b'Via', b'1.1 183e1b2ed65c15b51027fb51a0b1c3b6.cloudfront.net (CloudFront)'), (b'X-Amz-Cf-Pop', b'ATL59-P13'), (b'X-Amz-Cf-Id', b'ytEOL6IHl3YYI2IvAZobqsqEj1Vl_V0x9JLdq2vmc9UL5I27pb0FWg=='), (b'Age', b'4057')])
2026-03-12 05:06:34  INFO      HTTP Request: HEAD https://huggingface.co/api/resolve-cache/models/Xenova/clip-vit-base-patch32/d15189d7028b43f1d3e65039190477f6af591c2a/tokenizer.json "HTTP/1.1 200 OK"
2026-03-12 05:06:34  DEBUG     receive_response_body.started request=<Request [b'HEAD']>
2026-03-12 05:06:34  DEBUG     receive_response_body.complete
2026-03-12 05:06:34  DEBUG     response_closed.started
2026-03-12 05:06:34  DEBUG     response_closed.complete
2026-03-12 05:06:34  INFO      Loading CLIP visual model …
2026-03-12 05:06:35  INFO      Loading CLIP text model …
2026-03-12 05:06:35  INFO      Loading tokenizer …
2026-03-12 05:06:35  INFO      Pre-computing text embeddings for 701 tags …
2026-03-12 05:06:42  INFO      Text embeddings ready: shape (701, 512)
2026-03-12 05:06:42  INFO      [1/4] Tagging: /Users/ben/Dev/imgtagplus/sandbox/pexels-connorscottmcmanus-12797153.jpg
2026-03-12 05:06:42  INFO        -> 1 tag(s): overcast
2026-03-12 05:06:42  INFO      [2/4] Tagging: /Users/ben/Dev/imgtagplus/sandbox/pexels-connorscottmcmanus-12797165.jpg
2026-03-12 05:06:42  INFO        -> 1 tag(s): rooftop
2026-03-12 05:06:42  INFO      [3/4] Tagging: /Users/ben/Dev/imgtagplus/sandbox/pexels-david-martin-jr-291182065-13185335.jpg
2026-03-12 05:06:42  INFO        -> 1 tag(s): bridge
2026-03-12 05:06:42  INFO      [4/4] Tagging: /Users/ben/Dev/imgtagplus/sandbox/pexels-david-martin-jr-291182065-13185339.jpg
2026-03-12 05:06:42  INFO        -> 1 tag(s): drone photography
