2026-03-12 10:06:32  INFO      Model       : florence-2-base (microsoft/Florence-2-base)
2026-03-12 10:06:32  INFO      Recursive   : True
2026-03-12 10:06:32  INFO      Max tags    : 20
2026-03-12 10:06:32  INFO      Silent      : True
2026-03-12 10:06:32  INFO      Continue err: True
2026-03-12 10:06:32  INFO      Log file    : /Users/ben/Dev/imgtagplus/imgtagplus_20260312_100632.log
2026-03-12 10:06:32  INFO      Found 4 image(s) scanning /Users/ben/Dev/imgtagplus/sandbox (recursively)
2026-03-12 10:06:32  INFO      Images to process: 4
2026-03-12 10:06:32  INFO      Resolved florence-2-base to Hugging Face ID: microsoft/Florence-2-base
2026-03-12 10:06:33  INFO      GPU environment detected. Loading native microsoft/Florence-2-base on mps with eager attention...
2026-03-12 10:06:33  DEBUG     connect_tcp.started host='huggingface.co' port=443 local_address=None timeout=10 socket_options=None
2026-03-12 10:06:33  DEBUG     connect_tcp.complete return_value=<httpcore._backends.sync.SyncStream object at 0x116cabb60>
2026-03-12 10:06:33  DEBUG     start_tls.started ssl_context=<ssl.SSLContext object at 0x116c9b2f0> server_hostname='huggingface.co' timeout=10
2026-03-12 10:06:33  DEBUG     start_tls.complete return_value=<httpcore._backends.sync.SyncStream object at 0x114ff9bd0>
2026-03-12 10:06:33  DEBUG     send_request_headers.started request=<Request [b'HEAD']>
2026-03-12 10:06:33  DEBUG     send_request_headers.complete
2026-03-12 10:06:33  DEBUG     send_request_body.started request=<Request [b'HEAD']>
2026-03-12 10:06:33  DEBUG     send_request_body.complete
2026-03-12 10:06:33  DEBUG     receive_response_headers.started request=<Request [b'HEAD']>
2026-03-12 10:06:33  DEBUG     receive_response_headers.complete return_value=(b'HTTP/1.1', 404, b'Not Found', [(b'Content-Type', b'text/plain; charset=utf-8'), (b'Content-Length', b'15'), (b'Connection', b'keep-alive'), (b'Date', b'Thu, 12 Mar 2026 14:06:33 GMT'), (b'ETag', b'W/"f-mY2VvLxuxB7KhsoOdQTlMTccuAQ"'), (b'X-Powered-By', b'huggingface-moon'), (b'X-Request-Id', b'Root=1-69b2c869-19055e0f5d79ded05b0b3efb;4f2f9913-635e-4cf0-9e08-7e5f613b0604'), (b'RateLimit', b'"resolvers";r=2999;t=71'), (b'RateLimit-Policy', b'"fixed window";"resolvers";q=3000;w=300'), (b'cross-origin-opener-policy', b'same-origin'), (b'Referrer-Policy', b'strict-origin-when-cross-origin'), (b'Access-Control-Max-Age', b'86400'), (b'Access-Control-Allow-Origin', b'https://huggingface.co'), (b'Vary', b'Origin'), (b'Access-Control-Expose-Headers', b'X-Repo-Commit,X-Request-Id,X-Error-Code,X-Error-Message,X-Total-Count,ETag,Link,Accept-Ranges,Content-Range,X-Linked-Size,X-Linked-ETag,X-Xet-Hash'), (b'X-Repo-Commit', b'5ca5edf5bd017b9919c05d08aebef5e4c7ac3bac'), (b'Accept-Ranges', b'bytes'), (b'X-Hub-Cache', b'MISS'), (b'X-Error-Code', b'EntryNotFound'), (b'X-Error-Message', b'Entry not found'), (b'X-Cache', b'Error from cloudfront'), (b'Via', b'1.1 c4f304e7786da519d49ea9f064843ae4.cloudfront.net (CloudFront)'), (b'X-Amz-Cf-Pop', b'ATL59-P13'), (b'X-Amz-Cf-Id', b'z1JtNkEl1aIe-It8Vo__wVmdLE82dUH-UDn9E_QUmcbwyrajFNbc9Q==')])
2026-03-12 10:06:33  INFO      HTTP Request: HEAD https://huggingface.co/microsoft/Florence-2-base/resolve/main/processor_config.json "HTTP/1.1 404 Not Found"
2026-03-12 10:06:33  DEBUG     receive_response_body.started request=<Request [b'HEAD']>
2026-03-12 10:06:33  DEBUG     receive_response_body.complete
2026-03-12 10:06:33  DEBUG     response_closed.started
2026-03-12 10:06:33  DEBUG     response_closed.complete
2026-03-12 10:06:34  DEBUG     send_request_headers.started request=<Request [b'HEAD']>
2026-03-12 10:06:34  DEBUG     send_request_headers.complete
2026-03-12 10:06:34  DEBUG     send_request_body.started request=<Request [b'HEAD']>
2026-03-12 10:06:34  DEBUG     send_request_body.complete
2026-03-12 10:06:34  DEBUG     receive_response_headers.started request=<Request [b'HEAD']>
2026-03-12 10:06:34  DEBUG     receive_response_headers.complete return_value=(b'HTTP/1.1', 307, b'Temporary Redirect', [(b'Content-Type', b'text/plain; charset=utf-8'), (b'Content-Length', b'280'), (b'Connection', b'keep-alive'), (b'Date', b'Thu, 12 Mar 2026 14:06:34 GMT'), (b'Location', b'/api/resolve-cache/models/microsoft/Florence-2-base/5ca5edf5bd017b9919c05d08aebef5e4c7ac3bac/preprocessor_config.json?%2Fmicrosoft%2FFlorence-2-base%2Fresolve%2Fmain%2Fpreprocessor_config.json=&etag=%2285cd7be3568df661ad536b6ab20d59b08ba079ae%22'), (b'X-Powered-By', b'huggingface-moon'), (b'X-Request-Id', b'Root=1-69b2c86a-51de224335cb704826295e82;0aa0773a-b2c2-475e-8830-ac48d1b77fbb'), (b'RateLimit', b'"resolvers";r=2998;t=70'), (b'RateLimit-Policy', b'"fixed window";"resolvers";q=3000;w=300'), (b'cross-origin-opener-policy', b'same-origin'), (b'Referrer-Policy', b'strict-origin-when-cross-origin'), (b'Access-Control-Max-Age', b'86400'), (b'Access-Control-Allow-Origin', b'https://huggingface.co'), (b'Vary', b'Origin, Accept'), (b'Access-Control-Expose-Headers', b'X-Repo-Commit,X-Request-Id,X-Error-Code,X-Error-Message,X-Total-Count,ETag,Link,Accept-Ranges,Content-Range,X-Linked-Size,X-Linked-ETag,X-Xet-Hash'), (b'X-Repo-Commit', b'5ca5edf5bd017b9919c05d08aebef5e4c7ac3bac'), (b'Accept-Ranges', b'bytes'), (b'X-Hub-Cache', b'HIT'), (b'Content-Disposition', b'inline; filename*=UTF-8\'\'preprocessor_config.json; filename="preprocessor_config.json";'), (b'Content-Security-Policy', b"default-src 'none'; sandbox"), (b'X-Linked-ETag', b'"85cd7be3568df661ad536b6ab20d59b08ba079ae"'), (b'X-Cache', b'Miss from cloudfront'), (b'Via', b'1.1 c4f304e7786da519d49ea9f064843ae4.cloudfront.net (CloudFront)'), (b'X-Amz-Cf-Pop', b'ATL59-P13'), (b'X-Amz-Cf-Id', b'hjQBrkSh49-U61CHG5X7tDxMIoUxa8hpvmpKk-VuWThmmO4pgshB_Q==')])
2026-03-12 10:06:34  INFO      HTTP Request: HEAD https://huggingface.co/microsoft/Florence-2-base/resolve/main/preprocessor_config.json "HTTP/1.1 307 Temporary Redirect"
2026-03-12 10:06:34  DEBUG     receive_response_body.started request=<Request [b'HEAD']>
2026-03-12 10:06:34  DEBUG     receive_response_body.complete
2026-03-12 10:06:34  DEBUG     response_closed.started
2026-03-12 10:06:34  DEBUG     response_closed.complete
2026-03-12 10:06:34  DEBUG     send_request_headers.started request=<Request [b'HEAD']>
2026-03-12 10:06:34  DEBUG     send_request_headers.complete
2026-03-12 10:06:34  DEBUG     send_request_body.started request=<Request [b'HEAD']>
2026-03-12 10:06:34  DEBUG     send_request_body.complete
2026-03-12 10:06:34  DEBUG     receive_response_headers.started request=<Request [b'HEAD']>
2026-03-12 10:06:34  DEBUG     receive_response_headers.complete return_value=(b'HTTP/1.1', 200, b'OK', [(b'Content-Type', b'text/plain; charset=utf-8'), (b'Content-Length', b'806'), (b'Connection', b'keep-alive'), (b'Date', b'Tue, 27 Jan 2026 01:41:37 GMT'), (b'ETag', b'"85cd7be3568df661ad536b6ab20d59b08ba079ae"'), (b'X-Powered-By', b'huggingface-moon'), (b'X-Request-Id', b'Root=1-697817d0-059260574dd4c8de754bd81a;3efadae7-e406-40ec-9d8a-654040c73720'), (b'RateLimit', b'"resolvers";r=2998;t=196'), (b'RateLimit-Policy', b'"fixed window";"resolvers";q=3000;w=300'), (b'cross-origin-opener-policy', b'same-origin'), (b'Referrer-Policy', b'strict-origin-when-cross-origin'), (b'Access-Control-Max-Age', b'86400'), (b'Access-Control-Allow-Origin', b'https://huggingface.co'), (b'Access-Control-Expose-Headers', b'X-Repo-Commit,X-Request-Id,X-Error-Code,X-Error-Message,X-Total-Count,ETag,Link,Accept-Ranges,Content-Range,X-Linked-Size,X-Linked-ETag,X-Xet-Hash'), (b'X-Repo-Commit', b'5ca5edf5bd017b9919c05d08aebef5e4c7ac3bac'), (b'Accept-Ranges', b'bytes'), (b'Content-Disposition', b'inline; filename*=UTF-8\'\'preprocessor_config.json; filename="preprocessor_config.json";'), (b'Content-Security-Policy', b"default-src 'none'; sandbox"), (b'Vary', b'Origin'), (b'X-Cache', b'Hit from cloudfront'), (b'Via', b'1.1 c4f304e7786da519d49ea9f064843ae4.cloudfront.net (CloudFront)'), (b'X-Amz-Cf-Pop', b'ATL59-P13'), (b'X-Amz-Cf-Id', b'yeZtkFQfRknuMXJnOd4HIJCCLcY4pIZufgak6xS9zmlCMDtoBrznbA=='), (b'Age', b'3846297')])
2026-03-12 10:06:34  INFO      HTTP Request: HEAD https://huggingface.co/api/resolve-cache/models/microsoft/Florence-2-base/5ca5edf5bd017b9919c05d08aebef5e4c7ac3bac/preprocessor_config.json "HTTP/1.1 200 OK"
2026-03-12 10:06:34  DEBUG     receive_response_body.started request=<Request [b'HEAD']>
2026-03-12 10:06:34  DEBUG     receive_response_body.complete
2026-03-12 10:06:34  DEBUG     response_closed.started
2026-03-12 10:06:34  DEBUG     response_closed.complete
2026-03-12 10:06:34  DEBUG     send_request_headers.started request=<Request [b'HEAD']>
2026-03-12 10:06:34  DEBUG     send_request_headers.complete
2026-03-12 10:06:34  DEBUG     send_request_body.started request=<Request [b'HEAD']>
2026-03-12 10:06:34  DEBUG     send_request_body.complete
2026-03-12 10:06:34  DEBUG     receive_response_headers.started request=<Request [b'HEAD']>
2026-03-12 10:06:34  DEBUG     receive_response_headers.complete return_value=(b'HTTP/1.1', 404, b'Not Found', [(b'Content-Type', b'text/plain; charset=utf-8'), (b'Content-Length', b'15'), (b'Connection', b'keep-alive'), (b'Date', b'Thu, 12 Mar 2026 14:06:34 GMT'), (b'ETag', b'W/"f-mY2VvLxuxB7KhsoOdQTlMTccuAQ"'), (b'X-Powered-By', b'huggingface-moon'), (b'X-Request-Id', b'Root=1-69b2c86a-7db0efec5f50240b71e092b5;6e26b374-717d-4108-8a61-060b6fc67a12'), (b'RateLimit', b'"resolvers";r=2997;t=70'), (b'RateLimit-Policy', b'"fixed window";"resolvers";q=3000;w=300'), (b'cross-origin-opener-policy', b'same-origin'), (b'Referrer-Policy', b'strict-origin-when-cross-origin'), (b'Access-Control-Max-Age', b'86400'), (b'Access-Control-Allow-Origin', b'https://huggingface.co'), (b'Vary', b'Origin'), (b'Access-Control-Expose-Headers', b'X-Repo-Commit,X-Request-Id,X-Error-Code,X-Error-Message,X-Total-Count,ETag,Link,Accept-Ranges,Content-Range,X-Linked-Size,X-Linked-ETag,X-Xet-Hash'), (b'X-Repo-Commit', b'5ca5edf5bd017b9919c05d08aebef5e4c7ac3bac'), (b'Accept-Ranges', b'bytes'), (b'X-Hub-Cache', b'MISS'), (b'X-Error-Code', b'EntryNotFound'), (b'X-Error-Message', b'Entry not found'), (b'X-Cache', b'Error from cloudfront'), (b'Via', b'1.1 c4f304e7786da519d49ea9f064843ae4.cloudfront.net (CloudFront)'), (b'X-Amz-Cf-Pop', b'ATL59-P13'), (b'X-Amz-Cf-Id', b'gd4dJq7euEoQlQGNMSowveIwC1LygCaXXwKWpcJWRnuKsoiXTk70Aw==')])
2026-03-12 10:06:34  INFO      HTTP Request: HEAD https://huggingface.co/microsoft/Florence-2-base/resolve/main/processor_config.json "HTTP/1.1 404 Not Found"
2026-03-12 10:06:34  DEBUG     receive_response_body.started request=<Request [b'HEAD']>
2026-03-12 10:06:34  DEBUG     receive_response_body.complete
2026-03-12 10:06:34  DEBUG     response_closed.started
2026-03-12 10:06:34  DEBUG     response_closed.complete
2026-03-12 10:06:34  DEBUG     send_request_headers.started request=<Request [b'HEAD']>
2026-03-12 10:06:34  DEBUG     send_request_headers.complete
2026-03-12 10:06:34  DEBUG     send_request_body.started request=<Request [b'HEAD']>
2026-03-12 10:06:34  DEBUG     send_request_body.complete
2026-03-12 10:06:34  DEBUG     receive_response_headers.started request=<Request [b'HEAD']>
2026-03-12 10:06:34  DEBUG     receive_response_headers.complete return_value=(b'HTTP/1.1', 307, b'Temporary Redirect', [(b'Content-Type', b'text/plain; charset=utf-8'), (b'Content-Length', b'280'), (b'Connection', b'keep-alive'), (b'Date', b'Thu, 12 Mar 2026 14:06:34 GMT'), (b'Location', b'/api/resolve-cache/models/microsoft/Florence-2-base/5ca5edf5bd017b9919c05d08aebef5e4c7ac3bac/preprocessor_config.json?%2Fmicrosoft%2FFlorence-2-base%2Fresolve%2Fmain%2Fpreprocessor_config.json=&etag=%2285cd7be3568df661ad536b6ab20d59b08ba079ae%22'), (b'X-Powered-By', b'huggingface-moon'), (b'X-Request-Id', b'Root=1-69b2c86a-045c7215215f056815e6abc4;a680186d-19d2-4abd-91ba-9ef37ea45852'), (b'RateLimit', b'"resolvers";r=2996;t=70'), (b'RateLimit-Policy', b'"fixed window";"resolvers";q=3000;w=300'), (b'cross-origin-opener-policy', b'same-origin'), (b'Referrer-Policy', b'strict-origin-when-cross-origin'), (b'Access-Control-Max-Age', b'86400'), (b'Access-Control-Allow-Origin', b'https://huggingface.co'), (b'Vary', b'Origin, Accept'), (b'Access-Control-Expose-Headers', b'X-Repo-Commit,X-Request-Id,X-Error-Code,X-Error-Message,X-Total-Count,ETag,Link,Accept-Ranges,Content-Range,X-Linked-Size,X-Linked-ETag,X-Xet-Hash'), (b'X-Repo-Commit', b'5ca5edf5bd017b9919c05d08aebef5e4c7ac3bac'), (b'Accept-Ranges', b'bytes'), (b'X-Hub-Cache', b'HIT'), (b'Content-Disposition', b'inline; filename*=UTF-8\'\'preprocessor_config.json; filename="preprocessor_config.json";'), (b'Content-Security-Policy', b"default-src 'none'; sandbox"), (b'X-Linked-ETag', b'"85cd7be3568df661ad536b6ab20d59b08ba079ae"'), (b'X-Cache', b'Miss from cloudfront'), (b'Via', b'1.1 c4f304e7786da519d49ea9f064843ae4.cloudfront.net (CloudFront)'), (b'X-Amz-Cf-Pop', b'ATL59-P13'), (b'X-Amz-Cf-Id', b'hC54Ej1E7e5mcSMO9VFGYWPDv6MoTY91pkgZmZqEeJrRITsKPBj2DQ==')])
2026-03-12 10:06:34  INFO      HTTP Request: HEAD https://huggingface.co/microsoft/Florence-2-base/resolve/main/preprocessor_config.json "HTTP/1.1 307 Temporary Redirect"
2026-03-12 10:06:34  DEBUG     receive_response_body.started request=<Request [b'HEAD']>
2026-03-12 10:06:34  DEBUG     receive_response_body.complete
2026-03-12 10:06:34  DEBUG     response_closed.started
2026-03-12 10:06:34  DEBUG     response_closed.complete
2026-03-12 10:06:34  DEBUG     send_request_headers.started request=<Request [b'HEAD']>
2026-03-12 10:06:34  DEBUG     send_request_headers.complete
2026-03-12 10:06:34  DEBUG     send_request_body.started request=<Request [b'HEAD']>
2026-03-12 10:06:34  DEBUG     send_request_body.complete
2026-03-12 10:06:34  DEBUG     receive_response_headers.started request=<Request [b'HEAD']>
2026-03-12 10:06:34  DEBUG     receive_response_headers.complete return_value=(b'HTTP/1.1', 200, b'OK', [(b'Content-Type', b'text/plain; charset=utf-8'), (b'Content-Length', b'806'), (b'Connection', b'keep-alive'), (b'Date', b'Fri, 29 Aug 2025 11:01:00 GMT'), (b'ETag', b'"85cd7be3568df661ad536b6ab20d59b08ba079ae"'), (b'X-Powered-By', b'huggingface-moon'), (b'cross-origin-opener-policy', b'same-origin'), (b'Referrer-Policy', b'strict-origin-when-cross-origin'), (b'X-Request-Id', b'Root=1-68b1886c-3d4f6bff3d722a4d12726afd;ef87aadc-03fd-42a9-938c-074af063b721'), (b'Access-Control-Allow-Origin', b'https://huggingface.co'), (b'Access-Control-Expose-Headers', b'X-Repo-Commit,X-Request-Id,X-Error-Code,X-Error-Message,X-Total-Count,ETag,Link,Accept-Ranges,Content-Range,X-Linked-Size,X-Linked-ETag,X-Xet-Hash'), (b'X-Repo-Commit', b'5ca5edf5bd017b9919c05d08aebef5e4c7ac3bac'), (b'Accept-Ranges', b'bytes'), (b'Content-Disposition', b'inline; filename*=UTF-8\'\'preprocessor_config.json; filename="preprocessor_config.json";'), (b'Content-Security-Policy', b"default-src 'none'; sandbox"), (b'Vary', b'Origin'), (b'X-Cache', b'Hit from cloudfront'), (b'Via', b'1.1 c4f304e7786da519d49ea9f064843ae4.cloudfront.net (CloudFront)'), (b'X-Amz-Cf-Pop', b'ATL59-P13'), (b'X-Amz-Cf-Id', b'-ZtcuAsJ0DAWKuwOO9Hi8i7qpVEgNd31u3Edi69Q97KYe33Xc5H_Eg=='), (b'Age', b'16859134')])
2026-03-12 10:06:34  INFO      HTTP Request: HEAD https://huggingface.co/api/resolve-cache/models/microsoft/Florence-2-base/5ca5edf5bd017b9919c05d08aebef5e4c7ac3bac/preprocessor_config.json "HTTP/1.1 200 OK"
2026-03-12 10:06:34  DEBUG     receive_response_body.started request=<Request [b'HEAD']>
2026-03-12 10:06:34  DEBUG     receive_response_body.complete
2026-03-12 10:06:34  DEBUG     response_closed.started
2026-03-12 10:06:34  DEBUG     response_closed.complete
2026-03-12 10:06:34  DEBUG     send_request_headers.started request=<Request [b'HEAD']>
2026-03-12 10:06:34  DEBUG     send_request_headers.complete
2026-03-12 10:06:34  DEBUG     send_request_body.started request=<Request [b'HEAD']>
2026-03-12 10:06:34  DEBUG     send_request_body.complete
2026-03-12 10:06:34  DEBUG     receive_response_headers.started request=<Request [b'HEAD']>
2026-03-12 10:06:34  DEBUG     receive_response_headers.complete return_value=(b'HTTP/1.1', 307, b'Temporary Redirect', [(b'Content-Type', b'text/plain; charset=utf-8'), (b'Content-Length', b'278'), (b'Connection', b'keep-alive'), (b'Date', b'Thu, 12 Mar 2026 14:06:34 GMT'), (b'Location', b'/api/resolve-cache/models/microsoft/Florence-2-base/5ca5edf5bd017b9919c05d08aebef5e4c7ac3bac/processing_florence2.py?%2Fmicrosoft%2FFlorence-2-base%2Fresolve%2Fmain%2Fprocessing_florence2.py=&etag=%223cd9815895c8c2b355f1e07ff983186f1e05c9e9%22'), (b'X-Powered-By', b'huggingface-moon'), (b'X-Request-Id', b'Root=1-69b2c86a-65ec12f5257c9066605d421a;83649a08-6438-4973-a84a-a6ce12772c34'), (b'RateLimit', b'"resolvers";r=2995;t=70'), (b'RateLimit-Policy', b'"fixed window";"resolvers";q=3000;w=300'), (b'cross-origin-opener-policy', b'same-origin'), (b'Referrer-Policy', b'strict-origin-when-cross-origin'), (b'Access-Control-Max-Age', b'86400'), (b'Access-Control-Allow-Origin', b'https://huggingface.co'), (b'Vary', b'Origin, Accept'), (b'Access-Control-Expose-Headers', b'X-Repo-Commit,X-Request-Id,X-Error-Code,X-Error-Message,X-Total-Count,ETag,Link,Accept-Ranges,Content-Range,X-Linked-Size,X-Linked-ETag,X-Xet-Hash'), (b'X-Repo-Commit', b'5ca5edf5bd017b9919c05d08aebef5e4c7ac3bac'), (b'Accept-Ranges', b'bytes'), (b'X-Hub-Cache', b'HIT'), (b'Content-Disposition', b'inline; filename*=UTF-8\'\'processing_florence2.py; filename="processing_florence2.py";'), (b'Content-Security-Policy', b"default-src 'none'; sandbox"), (b'X-Linked-ETag', b'"3cd9815895c8c2b355f1e07ff983186f1e05c9e9"'), (b'X-Cache', b'Miss from cloudfront'), (b'Via', b'1.1 c4f304e7786da519d49ea9f064843ae4.cloudfront.net (CloudFront)'), (b'X-Amz-Cf-Pop', b'ATL59-P13'), (b'X-Amz-Cf-Id', b'F1Cim-aTUqXQiZ34fikCX8spYbF3nXmpSa9jgmBe0j5yGbFxfhiBYA==')])
2026-03-12 10:06:34  INFO      HTTP Request: HEAD https://huggingface.co/microsoft/Florence-2-base/resolve/main/processing_florence2.py "HTTP/1.1 307 Temporary Redirect"
2026-03-12 10:06:34  DEBUG     receive_response_body.started request=<Request [b'HEAD']>
2026-03-12 10:06:34  DEBUG     receive_response_body.complete
2026-03-12 10:06:34  DEBUG     response_closed.started
2026-03-12 10:06:34  DEBUG     response_closed.complete
2026-03-12 10:06:34  DEBUG     send_request_headers.started request=<Request [b'HEAD']>
2026-03-12 10:06:34  DEBUG     send_request_headers.complete
2026-03-12 10:06:34  DEBUG     send_request_body.started request=<Request [b'HEAD']>
2026-03-12 10:06:34  DEBUG     send_request_body.complete
2026-03-12 10:06:34  DEBUG     receive_response_headers.started request=<Request [b'HEAD']>
2026-03-12 10:06:34  DEBUG     receive_response_headers.complete return_value=(b'HTTP/1.1', 200, b'OK', [(b'Content-Type', b'text/plain; charset=utf-8'), (b'Content-Length', b'48676'), (b'Connection', b'keep-alive'), (b'Date', b'Tue, 27 Jan 2026 01:41:37 GMT'), (b'ETag', b'"3cd9815895c8c2b355f1e07ff983186f1e05c9e9"'), (b'X-Powered-By', b'huggingface-moon'), (b'X-Request-Id', b'Root=1-697817d1-2010b7734ab967d303e2217d;477500f6-2525-48f6-abf8-0aa01b00427e'), (b'RateLimit', b'"resolvers";r=2998;t=79'), (b'RateLimit-Policy', b'"fixed window";"resolvers";q=3000;w=300'), (b'cross-origin-opener-policy', b'same-origin'), (b'Referrer-Policy', b'strict-origin-when-cross-origin'), (b'Access-Control-Max-Age', b'86400'), (b'Access-Control-Allow-Origin', b'https://huggingface.co'), (b'Access-Control-Expose-Headers', b'X-Repo-Commit,X-Request-Id,X-Error-Code,X-Error-Message,X-Total-Count,ETag,Link,Accept-Ranges,Content-Range,X-Linked-Size,X-Linked-ETag,X-Xet-Hash'), (b'X-Repo-Commit', b'5ca5edf5bd017b9919c05d08aebef5e4c7ac3bac'), (b'Accept-Ranges', b'bytes'), (b'Content-Disposition', b'inline; filename*=UTF-8\'\'processing_florence2.py; filename="processing_florence2.py";'), (b'Content-Security-Policy', b"default-src 'none'; sandbox"), (b'Vary', b'Origin'), (b'X-Cache', b'Hit from cloudfront'), (b'Via', b'1.1 c4f304e7786da519d49ea9f064843ae4.cloudfront.net (CloudFront)'), (b'X-Amz-Cf-Pop', b'ATL59-P13'), (b'X-Amz-Cf-Id', b'WXcCkYN8eW-9mc9vzVn1czwNCoJ7PI2ODL0G2nnbI-RBrjBcIyXKhA=='), (b'Age', b'3846297')])
2026-03-12 10:06:34  INFO      HTTP Request: HEAD https://huggingface.co/api/resolve-cache/models/microsoft/Florence-2-base/5ca5edf5bd017b9919c05d08aebef5e4c7ac3bac/processing_florence2.py "HTTP/1.1 200 OK"
2026-03-12 10:06:34  DEBUG     receive_response_body.started request=<Request [b'HEAD']>
2026-03-12 10:06:34  DEBUG     receive_response_body.complete
2026-03-12 10:06:34  DEBUG     response_closed.started
2026-03-12 10:06:34  DEBUG     response_closed.complete
2026-03-12 10:06:34  DEBUG     send_request_headers.started request=<Request [b'GET']>
2026-03-12 10:06:34  DEBUG     send_request_headers.complete
2026-03-12 10:06:34  DEBUG     send_request_body.started request=<Request [b'GET']>
2026-03-12 10:06:34  DEBUG     send_request_body.complete
2026-03-12 10:06:34  DEBUG     receive_response_headers.started request=<Request [b'GET']>
2026-03-12 10:06:34  DEBUG     receive_response_headers.complete return_value=(b'HTTP/1.1', 404, b'Not Found', [(b'Content-Type', b'application/json; charset=utf-8'), (b'Content-Length', b'64'), (b'Connection', b'keep-alive'), (b'Date', b'Thu, 12 Mar 2026 14:06:34 GMT'), (b'ETag', b'W/"40-09f9IAqP13xarAhQxFS2W8rvRkM"'), (b'X-Powered-By', b'huggingface-moon'), (b'X-Request-Id', b'Root=1-69b2c86a-3cdf14f3517e4b231bdc8d1b;6a5a97cb-2eb1-470b-8c5f-3134fc890854'), (b'RateLimit', b'"api";r=499;t=70'), (b'RateLimit-Policy', b'"fixed window";"api";q=500;w=300'), (b'cross-origin-opener-policy', b'same-origin'), (b'Referrer-Policy', b'strict-origin-when-cross-origin'), (b'Access-Control-Max-Age', b'86400'), (b'Access-Control-Allow-Origin', b'https://huggingface.co'), (b'Vary', b'Origin'), (b'Access-Control-Expose-Headers', b'X-Repo-Commit,X-Request-Id,X-Error-Code,X-Error-Message,X-Total-Count,ETag,Link,Accept-Ranges,Content-Range,X-Linked-Size,X-Linked-ETag,X-Xet-Hash'), (b'X-Error-Code', b'EntryNotFound'), (b'X-Error-Message', b'additional_chat_templates does not exist on "main"'), (b'X-Cache', b'Error from cloudfront'), (b'Via', b'1.1 c4f304e7786da519d49ea9f064843ae4.cloudfront.net (CloudFront)'), (b'X-Amz-Cf-Pop', b'ATL59-P13'), (b'X-Amz-Cf-Id', b'jBnsEWJU2759uOuXW1l31w2me-76A_mbU8OE4xPYv4tpIH2l2gQujw==')])
2026-03-12 10:06:34  INFO      HTTP Request: GET https://huggingface.co/api/models/microsoft/Florence-2-base/tree/main/additional_chat_templates?recursive=false&expand=false "HTTP/1.1 404 Not Found"
2026-03-12 10:06:34  DEBUG     receive_response_body.started request=<Request [b'GET']>
2026-03-12 10:06:34  DEBUG     receive_response_body.complete
2026-03-12 10:06:34  DEBUG     response_closed.started
2026-03-12 10:06:34  DEBUG     response_closed.complete
2026-03-12 10:06:34  DEBUG     send_request_headers.started request=<Request [b'HEAD']>
2026-03-12 10:06:34  DEBUG     send_request_headers.complete
2026-03-12 10:06:34  DEBUG     send_request_body.started request=<Request [b'HEAD']>
2026-03-12 10:06:34  DEBUG     send_request_body.complete
2026-03-12 10:06:34  DEBUG     receive_response_headers.started request=<Request [b'HEAD']>
2026-03-12 10:06:34  DEBUG     receive_response_headers.complete return_value=(b'HTTP/1.1', 404, b'Not Found', [(b'Content-Type', b'text/plain; charset=utf-8'), (b'Content-Length', b'15'), (b'Connection', b'keep-alive'), (b'Date', b'Thu, 12 Mar 2026 14:06:34 GMT'), (b'ETag', b'W/"f-mY2VvLxuxB7KhsoOdQTlMTccuAQ"'), (b'X-Powered-By', b'huggingface-moon'), (b'X-Request-Id', b'Root=1-69b2c86a-64eba7c000d3f43756f43b55;c2cb2d30-1348-4eaf-b387-0554fa7e57dc'), (b'RateLimit', b'"resolvers";r=2994;t=70'), (b'RateLimit-Policy', b'"fixed window";"resolvers";q=3000;w=300'), (b'cross-origin-opener-policy', b'same-origin'), (b'Referrer-Policy', b'strict-origin-when-cross-origin'), (b'Access-Control-Max-Age', b'86400'), (b'Access-Control-Allow-Origin', b'https://huggingface.co'), (b'Vary', b'Origin'), (b'Access-Control-Expose-Headers', b'X-Repo-Commit,X-Request-Id,X-Error-Code,X-Error-Message,X-Total-Count,ETag,Link,Accept-Ranges,Content-Range,X-Linked-Size,X-Linked-ETag,X-Xet-Hash'), (b'X-Repo-Commit', b'5ca5edf5bd017b9919c05d08aebef5e4c7ac3bac'), (b'Accept-Ranges', b'bytes'), (b'X-Hub-Cache', b'MISS'), (b'X-Error-Code', b'EntryNotFound'), (b'X-Error-Message', b'Entry not found'), (b'X-Cache', b'Error from cloudfront'), (b'Via', b'1.1 c4f304e7786da519d49ea9f064843ae4.cloudfront.net (CloudFront)'), (b'X-Amz-Cf-Pop', b'ATL59-P13'), (b'X-Amz-Cf-Id', b'Vv6xZRBq1tjICF2sKWDRoLfnlhmRvD07_fNUeESBjTjcoSyMbjZyBw==')])
2026-03-12 10:06:34  INFO      HTTP Request: HEAD https://huggingface.co/microsoft/Florence-2-base/resolve/main/processor_config.json "HTTP/1.1 404 Not Found"
2026-03-12 10:06:34  DEBUG     receive_response_body.started request=<Request [b'HEAD']>
2026-03-12 10:06:34  DEBUG     receive_response_body.complete
2026-03-12 10:06:34  DEBUG     response_closed.started
2026-03-12 10:06:34  DEBUG     response_closed.complete
2026-03-12 10:06:34  DEBUG     send_request_headers.started request=<Request [b'HEAD']>
2026-03-12 10:06:34  DEBUG     send_request_headers.complete
2026-03-12 10:06:34  DEBUG     send_request_body.started request=<Request [b'HEAD']>
2026-03-12 10:06:34  DEBUG     send_request_body.complete
2026-03-12 10:06:34  DEBUG     receive_response_headers.started request=<Request [b'HEAD']>
2026-03-12 10:06:34  DEBUG     receive_response_headers.complete return_value=(b'HTTP/1.1', 404, b'Not Found', [(b'Content-Type', b'text/plain; charset=utf-8'), (b'Content-Length', b'15'), (b'Connection', b'keep-alive'), (b'Date', b'Thu, 12 Mar 2026 14:06:34 GMT'), (b'ETag', b'W/"f-mY2VvLxuxB7KhsoOdQTlMTccuAQ"'), (b'X-Powered-By', b'huggingface-moon'), (b'X-Request-Id', b'Root=1-69b2c86a-4d1109101c873ca60ebf7957;09f84178-b06d-4af3-82d9-e8931e8c3439'), (b'RateLimit', b'"resolvers";r=2993;t=70'), (b'RateLimit-Policy', b'"fixed window";"resolvers";q=3000;w=300'), (b'cross-origin-opener-policy', b'same-origin'), (b'Referrer-Policy', b'strict-origin-when-cross-origin'), (b'Access-Control-Max-Age', b'86400'), (b'Access-Control-Allow-Origin', b'https://huggingface.co'), (b'Vary', b'Origin'), (b'Access-Control-Expose-Headers', b'X-Repo-Commit,X-Request-Id,X-Error-Code,X-Error-Message,X-Total-Count,ETag,Link,Accept-Ranges,Content-Range,X-Linked-Size,X-Linked-ETag,X-Xet-Hash'), (b'X-Repo-Commit', b'5ca5edf5bd017b9919c05d08aebef5e4c7ac3bac'), (b'Accept-Ranges', b'bytes'), (b'X-Hub-Cache', b'MISS'), (b'X-Error-Code', b'EntryNotFound'), (b'X-Error-Message', b'Entry not found'), (b'X-Cache', b'Error from cloudfront'), (b'Via', b'1.1 c4f304e7786da519d49ea9f064843ae4.cloudfront.net (CloudFront)'), (b'X-Amz-Cf-Pop', b'ATL59-P13'), (b'X-Amz-Cf-Id', b's1qrkW8DVAil_PdPhrOEAgcYfNdGvlHO5-W_a3dXzup7tlNBn0evUA==')])
2026-03-12 10:06:34  INFO      HTTP Request: HEAD https://huggingface.co/microsoft/Florence-2-base/resolve/main/chat_template.json "HTTP/1.1 404 Not Found"
2026-03-12 10:06:34  DEBUG     receive_response_body.started request=<Request [b'HEAD']>
2026-03-12 10:06:34  DEBUG     receive_response_body.complete
2026-03-12 10:06:34  DEBUG     response_closed.started
2026-03-12 10:06:34  DEBUG     response_closed.complete
2026-03-12 10:06:34  DEBUG     send_request_headers.started request=<Request [b'HEAD']>
2026-03-12 10:06:34  DEBUG     send_request_headers.complete
2026-03-12 10:06:34  DEBUG     send_request_body.started request=<Request [b'HEAD']>
2026-03-12 10:06:34  DEBUG     send_request_body.complete
2026-03-12 10:06:34  DEBUG     receive_response_headers.started request=<Request [b'HEAD']>
2026-03-12 10:06:34  DEBUG     receive_response_headers.complete return_value=(b'HTTP/1.1', 404, b'Not Found', [(b'Content-Type', b'text/plain; charset=utf-8'), (b'Content-Length', b'15'), (b'Connection', b'keep-alive'), (b'Date', b'Thu, 12 Mar 2026 14:06:34 GMT'), (b'ETag', b'W/"f-mY2VvLxuxB7KhsoOdQTlMTccuAQ"'), (b'X-Powered-By', b'huggingface-moon'), (b'X-Request-Id', b'Root=1-69b2c86a-302f44411398459d2a2ba57c;84261893-ffda-4a58-a669-47f2b83eca29'), (b'RateLimit', b'"resolvers";r=2992;t=70'), (b'RateLimit-Policy', b'"fixed window";"resolvers";q=3000;w=300'), (b'cross-origin-opener-policy', b'same-origin'), (b'Referrer-Policy', b'strict-origin-when-cross-origin'), (b'Access-Control-Max-Age', b'86400'), (b'Access-Control-Allow-Origin', b'https://huggingface.co'), (b'Vary', b'Origin'), (b'Access-Control-Expose-Headers', b'X-Repo-Commit,X-Request-Id,X-Error-Code,X-Error-Message,X-Total-Count,ETag,Link,Accept-Ranges,Content-Range,X-Linked-Size,X-Linked-ETag,X-Xet-Hash'), (b'X-Repo-Commit', b'5ca5edf5bd017b9919c05d08aebef5e4c7ac3bac'), (b'Accept-Ranges', b'bytes'), (b'X-Hub-Cache', b'MISS'), (b'X-Error-Code', b'EntryNotFound'), (b'X-Error-Message', b'Entry not found'), (b'X-Cache', b'Error from cloudfront'), (b'Via', b'1.1 c4f304e7786da519d49ea9f064843ae4.cloudfront.net (CloudFront)'), (b'X-Amz-Cf-Pop', b'ATL59-P13'), (b'X-Amz-Cf-Id', b'1iRkQh-ad13tCAVpEFtw2-rDkUPM8JnjJhXGK3nfTiWQEUqsuxci4Q==')])
2026-03-12 10:06:34  INFO      HTTP Request: HEAD https://huggingface.co/microsoft/Florence-2-base/resolve/main/chat_template.jinja "HTTP/1.1 404 Not Found"
2026-03-12 10:06:34  DEBUG     receive_response_body.started request=<Request [b'HEAD']>
2026-03-12 10:06:34  DEBUG     receive_response_body.complete
2026-03-12 10:06:34  DEBUG     response_closed.started
2026-03-12 10:06:34  DEBUG     response_closed.complete
2026-03-12 10:06:34  DEBUG     send_request_headers.started request=<Request [b'HEAD']>
2026-03-12 10:06:34  DEBUG     send_request_headers.complete
2026-03-12 10:06:34  DEBUG     send_request_body.started request=<Request [b'HEAD']>
2026-03-12 10:06:34  DEBUG     send_request_body.complete
2026-03-12 10:06:34  DEBUG     receive_response_headers.started request=<Request [b'HEAD']>
2026-03-12 10:06:34  DEBUG     receive_response_headers.complete return_value=(b'HTTP/1.1', 404, b'Not Found', [(b'Content-Type', b'text/plain; charset=utf-8'), (b'Content-Length', b'15'), (b'Connection', b'keep-alive'), (b'Date', b'Thu, 12 Mar 2026 14:06:34 GMT'), (b'ETag', b'W/"f-mY2VvLxuxB7KhsoOdQTlMTccuAQ"'), (b'X-Powered-By', b'huggingface-moon'), (b'X-Request-Id', b'Root=1-69b2c86a-79df4354127baa76527b2bed;fcef34e7-3a7d-466c-afa0-b00fdfadb4f2'), (b'RateLimit', b'"resolvers";r=2991;t=70'), (b'RateLimit-Policy', b'"fixed window";"resolvers";q=3000;w=300'), (b'cross-origin-opener-policy', b'same-origin'), (b'Referrer-Policy', b'strict-origin-when-cross-origin'), (b'Access-Control-Max-Age', b'86400'), (b'Access-Control-Allow-Origin', b'https://huggingface.co'), (b'Vary', b'Origin'), (b'Access-Control-Expose-Headers', b'X-Repo-Commit,X-Request-Id,X-Error-Code,X-Error-Message,X-Total-Count,ETag,Link,Accept-Ranges,Content-Range,X-Linked-Size,X-Linked-ETag,X-Xet-Hash'), (b'X-Repo-Commit', b'5ca5edf5bd017b9919c05d08aebef5e4c7ac3bac'), (b'Accept-Ranges', b'bytes'), (b'X-Hub-Cache', b'MISS'), (b'X-Error-Code', b'EntryNotFound'), (b'X-Error-Message', b'Entry not found'), (b'X-Cache', b'Error from cloudfront'), (b'Via', b'1.1 c4f304e7786da519d49ea9f064843ae4.cloudfront.net (CloudFront)'), (b'X-Amz-Cf-Pop', b'ATL59-P13'), (b'X-Amz-Cf-Id', b'0XM3drxWreTgrrRwsOXKMLV_ppXjqVhfjP6yx0vSxOrUDQrRAxhsLA==')])
2026-03-12 10:06:34  INFO      HTTP Request: HEAD https://huggingface.co/microsoft/Florence-2-base/resolve/main/audio_tokenizer_config.json "HTTP/1.1 404 Not Found"
2026-03-12 10:06:34  DEBUG     receive_response_body.started request=<Request [b'HEAD']>
2026-03-12 10:06:34  DEBUG     receive_response_body.complete
2026-03-12 10:06:34  DEBUG     response_closed.started
2026-03-12 10:06:34  DEBUG     response_closed.complete
2026-03-12 10:06:34  DEBUG     send_request_headers.started request=<Request [b'HEAD']>
2026-03-12 10:06:34  DEBUG     send_request_headers.complete
2026-03-12 10:06:34  DEBUG     send_request_body.started request=<Request [b'HEAD']>
2026-03-12 10:06:34  DEBUG     send_request_body.complete
2026-03-12 10:06:34  DEBUG     receive_response_headers.started request=<Request [b'HEAD']>
2026-03-12 10:06:34  DEBUG     receive_response_headers.complete return_value=(b'HTTP/1.1', 404, b'Not Found', [(b'Content-Type', b'text/plain; charset=utf-8'), (b'Content-Length', b'15'), (b'Connection', b'keep-alive'), (b'Date', b'Thu, 12 Mar 2026 14:06:34 GMT'), (b'ETag', b'W/"f-mY2VvLxuxB7KhsoOdQTlMTccuAQ"'), (b'X-Powered-By', b'huggingface-moon'), (b'X-Request-Id', b'Root=1-69b2c86a-5a0e66b902dfe4d53f45c7eb;f25b7dd1-95a1-43ff-aafe-46f0166ee97f'), (b'RateLimit', b'"resolvers";r=2990;t=70'), (b'RateLimit-Policy', b'"fixed window";"resolvers";q=3000;w=300'), (b'cross-origin-opener-policy', b'same-origin'), (b'Referrer-Policy', b'strict-origin-when-cross-origin'), (b'Access-Control-Max-Age', b'86400'), (b'Access-Control-Allow-Origin', b'https://huggingface.co'), (b'Vary', b'Origin'), (b'Access-Control-Expose-Headers', b'X-Repo-Commit,X-Request-Id,X-Error-Code,X-Error-Message,X-Total-Count,ETag,Link,Accept-Ranges,Content-Range,X-Linked-Size,X-Linked-ETag,X-Xet-Hash'), (b'X-Repo-Commit', b'5ca5edf5bd017b9919c05d08aebef5e4c7ac3bac'), (b'Accept-Ranges', b'bytes'), (b'X-HF-Warning', b'unauthenticated; Warning: You are sending unauthenticated requests to the HF Hub. Please set a HF_TOKEN to enable higher rate limits and faster downloads.'), (b'X-Hub-Cache', b'MISS'), (b'X-Error-Code', b'EntryNotFound'), (b'X-Error-Message', b'Entry not found'), (b'X-Cache', b'Error from cloudfront'), (b'Via', b'1.1 c4f304e7786da519d49ea9f064843ae4.cloudfront.net (CloudFront)'), (b'X-Amz-Cf-Pop', b'ATL59-P13'), (b'X-Amz-Cf-Id', b'Y4_7pFm2dMNQudVtIo77QiKM7KvgNw4RY2A15AfvsVWXwRZ_oKvOuQ==')])
2026-03-12 10:06:34  INFO      HTTP Request: HEAD https://huggingface.co/microsoft/Florence-2-base/resolve/main/processor_config.json "HTTP/1.1 404 Not Found"
2026-03-12 10:06:34  DEBUG     receive_response_body.started request=<Request [b'HEAD']>
2026-03-12 10:06:34  DEBUG     receive_response_body.complete
2026-03-12 10:06:34  DEBUG     response_closed.started
2026-03-12 10:06:34  DEBUG     response_closed.complete
2026-03-12 10:06:34  WARNING   Warning: You are sending unauthenticated requests to the HF Hub. Please set a HF_TOKEN to enable higher rate limits and faster downloads.
2026-03-12 10:06:34  DEBUG     send_request_headers.started request=<Request [b'HEAD']>
2026-03-12 10:06:34  DEBUG     send_request_headers.complete
2026-03-12 10:06:34  DEBUG     send_request_body.started request=<Request [b'HEAD']>
2026-03-12 10:06:34  DEBUG     send_request_body.complete
2026-03-12 10:06:34  DEBUG     receive_response_headers.started request=<Request [b'HEAD']>
2026-03-12 10:06:34  DEBUG     receive_response_headers.complete return_value=(b'HTTP/1.1', 307, b'Temporary Redirect', [(b'Content-Type', b'text/plain; charset=utf-8'), (b'Content-Length', b'280'), (b'Connection', b'keep-alive'), (b'Date', b'Thu, 12 Mar 2026 14:06:34 GMT'), (b'Location', b'/api/resolve-cache/models/microsoft/Florence-2-base/5ca5edf5bd017b9919c05d08aebef5e4c7ac3bac/preprocessor_config.json?%2Fmicrosoft%2FFlorence-2-base%2Fresolve%2Fmain%2Fpreprocessor_config.json=&etag=%2285cd7be3568df661ad536b6ab20d59b08ba079ae%22'), (b'X-Powered-By', b'huggingface-moon'), (b'X-Request-Id', b'Root=1-69b2c86a-2c11607e4d61d69736739b23;803ae08d-a545-42c6-935a-4d590bd637de'), (b'RateLimit', b'"resolvers";r=2989;t=70'), (b'RateLimit-Policy', b'"fixed window";"resolvers";q=3000;w=300'), (b'cross-origin-opener-policy', b'same-origin'), (b'Referrer-Policy', b'strict-origin-when-cross-origin'), (b'Access-Control-Max-Age', b'86400'), (b'Access-Control-Allow-Origin', b'https://huggingface.co'), (b'Vary', b'Origin, Accept'), (b'Access-Control-Expose-Headers', b'X-Repo-Commit,X-Request-Id,X-Error-Code,X-Error-Message,X-Total-Count,ETag,Link,Accept-Ranges,Content-Range,X-Linked-Size,X-Linked-ETag,X-Xet-Hash'), (b'X-Repo-Commit', b'5ca5edf5bd017b9919c05d08aebef5e4c7ac3bac'), (b'Accept-Ranges', b'bytes'), (b'X-Hub-Cache', b'HIT'), (b'Content-Disposition', b'inline; filename*=UTF-8\'\'preprocessor_config.json; filename="preprocessor_config.json";'), (b'Content-Security-Policy', b"default-src 'none'; sandbox"), (b'X-Linked-ETag', b'"85cd7be3568df661ad536b6ab20d59b08ba079ae"'), (b'X-Cache', b'Miss from cloudfront'), (b'Via', b'1.1 c4f304e7786da519d49ea9f064843ae4.cloudfront.net (CloudFront)'), (b'X-Amz-Cf-Pop', b'ATL59-P13'), (b'X-Amz-Cf-Id', b'bscoaCvt_6ynSVqdOPgrgOP5HSkmXXvF8VIn0gc9pv_PON6nkE2GlA==')])
2026-03-12 10:06:34  INFO      HTTP Request: HEAD https://huggingface.co/microsoft/Florence-2-base/resolve/main/preprocessor_config.json "HTTP/1.1 307 Temporary Redirect"
2026-03-12 10:06:34  DEBUG     receive_response_body.started request=<Request [b'HEAD']>
2026-03-12 10:06:34  DEBUG     receive_response_body.complete
2026-03-12 10:06:34  DEBUG     response_closed.started
2026-03-12 10:06:34  DEBUG     response_closed.complete
2026-03-12 10:06:34  DEBUG     send_request_headers.started request=<Request [b'HEAD']>
2026-03-12 10:06:34  DEBUG     send_request_headers.complete
2026-03-12 10:06:34  DEBUG     send_request_body.started request=<Request [b'HEAD']>
2026-03-12 10:06:34  DEBUG     send_request_body.complete
2026-03-12 10:06:34  DEBUG     receive_response_headers.started request=<Request [b'HEAD']>
2026-03-12 10:06:35  DEBUG     receive_response_headers.complete return_value=(b'HTTP/1.1', 200, b'OK', [(b'Content-Type', b'text/plain; charset=utf-8'), (b'Content-Length', b'806'), (b'Connection', b'keep-alive'), (b'Date', b'Fri, 29 Aug 2025 11:01:00 GMT'), (b'ETag', b'"85cd7be3568df661ad536b6ab20d59b08ba079ae"'), (b'X-Powered-By', b'huggingface-moon'), (b'cross-origin-opener-policy', b'same-origin'), (b'Referrer-Policy', b'strict-origin-when-cross-origin'), (b'X-Request-Id', b'Root=1-68b1886c-3d4f6bff3d722a4d12726afd;ef87aadc-03fd-42a9-938c-074af063b721'), (b'Access-Control-Allow-Origin', b'https://huggingface.co'), (b'Access-Control-Expose-Headers', b'X-Repo-Commit,X-Request-Id,X-Error-Code,X-Error-Message,X-Total-Count,ETag,Link,Accept-Ranges,Content-Range,X-Linked-Size,X-Linked-ETag,X-Xet-Hash'), (b'X-Repo-Commit', b'5ca5edf5bd017b9919c05d08aebef5e4c7ac3bac'), (b'Accept-Ranges', b'bytes'), (b'Content-Disposition', b'inline; filename*=UTF-8\'\'preprocessor_config.json; filename="preprocessor_config.json";'), (b'Content-Security-Policy', b"default-src 'none'; sandbox"), (b'Vary', b'Origin'), (b'X-Cache', b'Hit from cloudfront'), (b'Via', b'1.1 c4f304e7786da519d49ea9f064843ae4.cloudfront.net (CloudFront)'), (b'X-Amz-Cf-Pop', b'ATL59-P13'), (b'X-Amz-Cf-Id', b'l62FFcwcO6tbztLqRJV5tj5vJ7NlMU0FwWftiER5R047XliBXPrf3Q=='), (b'Age', b'16859135')])
2026-03-12 10:06:35  INFO      HTTP Request: HEAD https://huggingface.co/api/resolve-cache/models/microsoft/Florence-2-base/5ca5edf5bd017b9919c05d08aebef5e4c7ac3bac/preprocessor_config.json "HTTP/1.1 200 OK"
2026-03-12 10:06:35  DEBUG     receive_response_body.started request=<Request [b'HEAD']>
2026-03-12 10:06:35  DEBUG     receive_response_body.complete
2026-03-12 10:06:35  DEBUG     response_closed.started
2026-03-12 10:06:35  DEBUG     response_closed.complete
2026-03-12 10:06:35  DEBUG     send_request_headers.started request=<Request [b'HEAD']>
2026-03-12 10:06:35  DEBUG     send_request_headers.complete
2026-03-12 10:06:35  DEBUG     send_request_body.started request=<Request [b'HEAD']>
2026-03-12 10:06:35  DEBUG     send_request_body.complete
2026-03-12 10:06:35  DEBUG     receive_response_headers.started request=<Request [b'HEAD']>
2026-03-12 10:06:35  DEBUG     receive_response_headers.complete return_value=(b'HTTP/1.1', 404, b'Not Found', [(b'Content-Type', b'text/plain; charset=utf-8'), (b'Content-Length', b'15'), (b'Connection', b'keep-alive'), (b'Date', b'Thu, 12 Mar 2026 14:06:35 GMT'), (b'ETag', b'W/"f-mY2VvLxuxB7KhsoOdQTlMTccuAQ"'), (b'X-Powered-By', b'huggingface-moon'), (b'X-Request-Id', b'Root=1-69b2c86b-7e73f6233f6a94610252c6a9;662fdfad-2774-48d8-9e42-c108bdfe5e31'), (b'RateLimit', b'"resolvers";r=2988;t=69'), (b'RateLimit-Policy', b'"fixed window";"resolvers";q=3000;w=300'), (b'cross-origin-opener-policy', b'same-origin'), (b'Referrer-Policy', b'strict-origin-when-cross-origin'), (b'Access-Control-Max-Age', b'86400'), (b'Access-Control-Allow-Origin', b'https://huggingface.co'), (b'Vary', b'Origin'), (b'Access-Control-Expose-Headers', b'X-Repo-Commit,X-Request-Id,X-Error-Code,X-Error-Message,X-Total-Count,ETag,Link,Accept-Ranges,Content-Range,X-Linked-Size,X-Linked-ETag,X-Xet-Hash'), (b'X-Repo-Commit', b'5ca5edf5bd017b9919c05d08aebef5e4c7ac3bac'), (b'Accept-Ranges', b'bytes'), (b'X-Hub-Cache', b'MISS'), (b'X-Error-Code', b'EntryNotFound'), (b'X-Error-Message', b'Entry not found'), (b'X-Cache', b'Error from cloudfront'), (b'Via', b'1.1 c4f304e7786da519d49ea9f064843ae4.cloudfront.net (CloudFront)'), (b'X-Amz-Cf-Pop', b'ATL59-P13'), (b'X-Amz-Cf-Id', b'GLoMuKqkOVIlbS4qsJ15cinAsU1Tnvksryp9-CEVevc-gZA33-pIBQ==')])
2026-03-12 10:06:35  INFO      HTTP Request: HEAD https://huggingface.co/microsoft/Florence-2-base/resolve/main/processor_config.json "HTTP/1.1 404 Not Found"
2026-03-12 10:06:35  DEBUG     receive_response_body.started request=<Request [b'HEAD']>
2026-03-12 10:06:35  DEBUG     receive_response_body.complete
2026-03-12 10:06:35  DEBUG     response_closed.started
2026-03-12 10:06:35  DEBUG     response_closed.complete
2026-03-12 10:06:35  DEBUG     send_request_headers.started request=<Request [b'HEAD']>
2026-03-12 10:06:35  DEBUG     send_request_headers.complete
2026-03-12 10:06:35  DEBUG     send_request_body.started request=<Request [b'HEAD']>
2026-03-12 10:06:35  DEBUG     send_request_body.complete
2026-03-12 10:06:35  DEBUG     receive_response_headers.started request=<Request [b'HEAD']>
2026-03-12 10:06:35  DEBUG     receive_response_headers.complete return_value=(b'HTTP/1.1', 307, b'Temporary Redirect', [(b'Content-Type', b'text/plain; charset=utf-8'), (b'Content-Length', b'280'), (b'Connection', b'keep-alive'), (b'Date', b'Thu, 12 Mar 2026 14:06:35 GMT'), (b'Location', b'/api/resolve-cache/models/microsoft/Florence-2-base/5ca5edf5bd017b9919c05d08aebef5e4c7ac3bac/preprocessor_config.json?%2Fmicrosoft%2FFlorence-2-base%2Fresolve%2Fmain%2Fpreprocessor_config.json=&etag=%2285cd7be3568df661ad536b6ab20d59b08ba079ae%22'), (b'X-Powered-By', b'huggingface-moon'), (b'X-Request-Id', b'Root=1-69b2c86b-120ce30c4e3d949966820410;be45eafa-0887-45b2-b50e-d49c3b7560a2'), (b'RateLimit', b'"resolvers";r=2987;t=69'), (b'RateLimit-Policy', b'"fixed window";"resolvers";q=3000;w=300'), (b'cross-origin-opener-policy', b'same-origin'), (b'Referrer-Policy', b'strict-origin-when-cross-origin'), (b'Access-Control-Max-Age', b'86400'), (b'Access-Control-Allow-Origin', b'https://huggingface.co'), (b'Vary', b'Origin, Accept'), (b'Access-Control-Expose-Headers', b'X-Repo-Commit,X-Request-Id,X-Error-Code,X-Error-Message,X-Total-Count,ETag,Link,Accept-Ranges,Content-Range,X-Linked-Size,X-Linked-ETag,X-Xet-Hash'), (b'X-Repo-Commit', b'5ca5edf5bd017b9919c05d08aebef5e4c7ac3bac'), (b'Accept-Ranges', b'bytes'), (b'X-Hub-Cache', b'HIT'), (b'Content-Disposition', b'inline; filename*=UTF-8\'\'preprocessor_config.json; filename="preprocessor_config.json";'), (b'Content-Security-Policy', b"default-src 'none'; sandbox"), (b'X-Linked-ETag', b'"85cd7be3568df661ad536b6ab20d59b08ba079ae"'), (b'X-Cache', b'Miss from cloudfront'), (b'Via', b'1.1 c4f304e7786da519d49ea9f064843ae4.cloudfront.net (CloudFront)'), (b'X-Amz-Cf-Pop', b'ATL59-P13'), (b'X-Amz-Cf-Id', b'Nrlu2_aoVVQ_nyM10ZTaMMzxYw2FbwbatMn6Yk7teWhgkFFWv88PgQ==')])
2026-03-12 10:06:35  INFO      HTTP Request: HEAD https://huggingface.co/microsoft/Florence-2-base/resolve/main/preprocessor_config.json "HTTP/1.1 307 Temporary Redirect"
2026-03-12 10:06:35  DEBUG     receive_response_body.started request=<Request [b'HEAD']>
2026-03-12 10:06:35  DEBUG     receive_response_body.complete
2026-03-12 10:06:35  DEBUG     response_closed.started
2026-03-12 10:06:35  DEBUG     response_closed.complete
2026-03-12 10:06:35  DEBUG     send_request_headers.started request=<Request [b'HEAD']>
2026-03-12 10:06:35  DEBUG     send_request_headers.complete
2026-03-12 10:06:35  DEBUG     send_request_body.started request=<Request [b'HEAD']>
2026-03-12 10:06:35  DEBUG     send_request_body.complete
2026-03-12 10:06:35  DEBUG     receive_response_headers.started request=<Request [b'HEAD']>
2026-03-12 10:06:35  DEBUG     receive_response_headers.complete return_value=(b'HTTP/1.1', 200, b'OK', [(b'Content-Type', b'text/plain; charset=utf-8'), (b'Content-Length', b'806'), (b'Connection', b'keep-alive'), (b'Date', b'Fri, 29 Aug 2025 11:01:00 GMT'), (b'ETag', b'"85cd7be3568df661ad536b6ab20d59b08ba079ae"'), (b'X-Powered-By', b'huggingface-moon'), (b'cross-origin-opener-policy', b'same-origin'), (b'Referrer-Policy', b'strict-origin-when-cross-origin'), (b'X-Request-Id', b'Root=1-68b1886c-3d4f6bff3d722a4d12726afd;ef87aadc-03fd-42a9-938c-074af063b721'), (b'Access-Control-Allow-Origin', b'https://huggingface.co'), (b'Access-Control-Expose-Headers', b'X-Repo-Commit,X-Request-Id,X-Error-Code,X-Error-Message,X-Total-Count,ETag,Link,Accept-Ranges,Content-Range,X-Linked-Size,X-Linked-ETag,X-Xet-Hash'), (b'X-Repo-Commit', b'5ca5edf5bd017b9919c05d08aebef5e4c7ac3bac'), (b'Accept-Ranges', b'bytes'), (b'Content-Disposition', b'inline; filename*=UTF-8\'\'preprocessor_config.json; filename="preprocessor_config.json";'), (b'Content-Security-Policy', b"default-src 'none'; sandbox"), (b'Vary', b'Origin'), (b'X-Cache', b'Hit from cloudfront'), (b'Via', b'1.1 c4f304e7786da519d49ea9f064843ae4.cloudfront.net (CloudFront)'), (b'X-Amz-Cf-Pop', b'ATL59-P13'), (b'X-Amz-Cf-Id', b'DGSPeiRtKlBD6elnxWOnhXUmY4b5OmGNZncXSVq5wrVYtpAsaWdV0w=='), (b'Age', b'16859135')])
2026-03-12 10:06:35  INFO      HTTP Request: HEAD https://huggingface.co/api/resolve-cache/models/microsoft/Florence-2-base/5ca5edf5bd017b9919c05d08aebef5e4c7ac3bac/preprocessor_config.json "HTTP/1.1 200 OK"
2026-03-12 10:06:35  DEBUG     receive_response_body.started request=<Request [b'HEAD']>
2026-03-12 10:06:35  DEBUG     receive_response_body.complete
2026-03-12 10:06:35  DEBUG     response_closed.started
2026-03-12 10:06:35  DEBUG     response_closed.complete
2026-03-12 10:06:35  DEBUG     send_request_headers.started request=<Request [b'HEAD']>
2026-03-12 10:06:35  DEBUG     send_request_headers.complete
2026-03-12 10:06:35  DEBUG     send_request_body.started request=<Request [b'HEAD']>
2026-03-12 10:06:35  DEBUG     send_request_body.complete
2026-03-12 10:06:35  DEBUG     receive_response_headers.started request=<Request [b'HEAD']>
2026-03-12 10:06:35  DEBUG     receive_response_headers.complete return_value=(b'HTTP/1.1', 307, b'Temporary Redirect', [(b'Content-Type', b'text/plain; charset=utf-8'), (b'Content-Length', b'254'), (b'Connection', b'keep-alive'), (b'Date', b'Thu, 12 Mar 2026 14:06:35 GMT'), (b'Location', b'/api/resolve-cache/models/microsoft/Florence-2-base/5ca5edf5bd017b9919c05d08aebef5e4c7ac3bac/config.json?%2Fmicrosoft%2FFlorence-2-base%2Fresolve%2Fmain%2Fconfig.json=&etag=%2274a4482afd52515c89ae8d7d388a537a16f5d350%22'), (b'X-Powered-By', b'huggingface-moon'), (b'X-Request-Id', b'Root=1-69b2c86b-03cd0c4222807fc956b7a791;db3e2965-c3c4-40cc-9b8e-d543fb5d7744'), (b'RateLimit', b'"resolvers";r=2986;t=69'), (b'RateLimit-Policy', b'"fixed window";"resolvers";q=3000;w=300'), (b'cross-origin-opener-policy', b'same-origin'), (b'Referrer-Policy', b'strict-origin-when-cross-origin'), (b'Access-Control-Max-Age', b'86400'), (b'Access-Control-Allow-Origin', b'https://huggingface.co'), (b'Vary', b'Origin, Accept'), (b'Access-Control-Expose-Headers', b'X-Repo-Commit,X-Request-Id,X-Error-Code,X-Error-Message,X-Total-Count,ETag,Link,Accept-Ranges,Content-Range,X-Linked-Size,X-Linked-ETag,X-Xet-Hash'), (b'X-Repo-Commit', b'5ca5edf5bd017b9919c05d08aebef5e4c7ac3bac'), (b'Accept-Ranges', b'bytes'), (b'X-Hub-Cache', b'HIT'), (b'Content-Disposition', b'inline; filename*=UTF-8\'\'config.json; filename="config.json";'), (b'Content-Security-Policy', b"default-src 'none'; sandbox"), (b'X-Linked-ETag', b'"74a4482afd52515c89ae8d7d388a537a16f5d350"'), (b'X-Cache', b'Miss from cloudfront'), (b'Via', b'1.1 c4f304e7786da519d49ea9f064843ae4.cloudfront.net (CloudFront)'), (b'X-Amz-Cf-Pop', b'ATL59-P13'), (b'X-Amz-Cf-Id', b'Qa0lQbAaYmFpFKJ6BM1mlYZWrWJoDGYZxNZhuf7Cn0gTElYkxnz9VA==')])
2026-03-12 10:06:35  INFO      HTTP Request: HEAD https://huggingface.co/microsoft/Florence-2-base/resolve/main/config.json "HTTP/1.1 307 Temporary Redirect"
2026-03-12 10:06:35  DEBUG     receive_response_body.started request=<Request [b'HEAD']>
2026-03-12 10:06:35  DEBUG     receive_response_body.complete
2026-03-12 10:06:35  DEBUG     response_closed.started
2026-03-12 10:06:35  DEBUG     response_closed.complete
2026-03-12 10:06:35  DEBUG     send_request_headers.started request=<Request [b'HEAD']>
2026-03-12 10:06:35  DEBUG     send_request_headers.complete
2026-03-12 10:06:35  DEBUG     send_request_body.started request=<Request [b'HEAD']>
2026-03-12 10:06:35  DEBUG     send_request_body.complete
2026-03-12 10:06:35  DEBUG     receive_response_headers.started request=<Request [b'HEAD']>
2026-03-12 10:06:35  DEBUG     receive_response_headers.complete return_value=(b'HTTP/1.1', 200, b'OK', [(b'Content-Type', b'text/plain; charset=utf-8'), (b'Content-Length', b'2430'), (b'Connection', b'keep-alive'), (b'Date', b'Fri, 29 Aug 2025 10:27:59 GMT'), (b'ETag', b'"74a4482afd52515c89ae8d7d388a537a16f5d350"'), (b'X-Powered-By', b'huggingface-moon'), (b'cross-origin-opener-policy', b'same-origin'), (b'Referrer-Policy', b'strict-origin-when-cross-origin'), (b'X-Request-Id', b'Root=1-68b180af-2bdeb06a69de599e4d19f3fe;3c79d66e-c4e0-4ed2-b6ce-cc626ee80382'), (b'Access-Control-Allow-Origin', b'https://huggingface.co'), (b'Access-Control-Expose-Headers', b'X-Repo-Commit,X-Request-Id,X-Error-Code,X-Error-Message,X-Total-Count,ETag,Link,Accept-Ranges,Content-Range,X-Linked-Size,X-Linked-ETag,X-Xet-Hash'), (b'X-Repo-Commit', b'5ca5edf5bd017b9919c05d08aebef5e4c7ac3bac'), (b'Accept-Ranges', b'bytes'), (b'Content-Disposition', b'inline; filename*=UTF-8\'\'config.json; filename="config.json";'), (b'Content-Security-Policy', b"default-src 'none'; sandbox"), (b'Vary', b'Origin'), (b'X-Cache', b'Hit from cloudfront'), (b'Via', b'1.1 c4f304e7786da519d49ea9f064843ae4.cloudfront.net (CloudFront)'), (b'X-Amz-Cf-Pop', b'ATL59-P13'), (b'X-Amz-Cf-Id', b'w2l0mV9cDoufCW0uloIKTJc6Ucr4_9R-O2Xxaxj5TQBXv7pFGhfG1g=='), (b'Age', b'16861116')])
2026-03-12 10:06:35  INFO      HTTP Request: HEAD https://huggingface.co/api/resolve-cache/models/microsoft/Florence-2-base/5ca5edf5bd017b9919c05d08aebef5e4c7ac3bac/config.json "HTTP/1.1 200 OK"
2026-03-12 10:06:35  DEBUG     receive_response_body.started request=<Request [b'HEAD']>
2026-03-12 10:06:35  DEBUG     receive_response_body.complete
2026-03-12 10:06:35  DEBUG     response_closed.started
2026-03-12 10:06:35  DEBUG     response_closed.complete
2026-03-12 10:06:35  DEBUG     send_request_headers.started request=<Request [b'HEAD']>
2026-03-12 10:06:35  DEBUG     send_request_headers.complete
2026-03-12 10:06:35  DEBUG     send_request_body.started request=<Request [b'HEAD']>
2026-03-12 10:06:35  DEBUG     send_request_body.complete
2026-03-12 10:06:35  DEBUG     receive_response_headers.started request=<Request [b'HEAD']>
2026-03-12 10:06:35  DEBUG     receive_response_headers.complete return_value=(b'HTTP/1.1', 307, b'Temporary Redirect', [(b'Content-Type', b'text/plain; charset=utf-8'), (b'Content-Length', b'284'), (b'Connection', b'keep-alive'), (b'Date', b'Thu, 12 Mar 2026 14:06:35 GMT'), (b'Location', b'/api/resolve-cache/models/microsoft/Florence-2-base/5ca5edf5bd017b9919c05d08aebef5e4c7ac3bac/configuration_florence2.py?%2Fmicrosoft%2FFlorence-2-base%2Fresolve%2Fmain%2Fconfiguration_florence2.py=&etag=%22b8869617ef8dfd0f04d421cf59b83ca662c363ad%22'), (b'X-Powered-By', b'huggingface-moon'), (b'X-Request-Id', b'Root=1-69b2c86b-1eef1382715a6c7d27b905b2;5e25a6d4-924e-40a1-8aef-0f19786ec9e1'), (b'RateLimit', b'"resolvers";r=2985;t=69'), (b'RateLimit-Policy', b'"fixed window";"resolvers";q=3000;w=300'), (b'cross-origin-opener-policy', b'same-origin'), (b'Referrer-Policy', b'strict-origin-when-cross-origin'), (b'Access-Control-Max-Age', b'86400'), (b'Access-Control-Allow-Origin', b'https://huggingface.co'), (b'Vary', b'Origin, Accept'), (b'Access-Control-Expose-Headers', b'X-Repo-Commit,X-Request-Id,X-Error-Code,X-Error-Message,X-Total-Count,ETag,Link,Accept-Ranges,Content-Range,X-Linked-Size,X-Linked-ETag,X-Xet-Hash'), (b'X-Repo-Commit', b'5ca5edf5bd017b9919c05d08aebef5e4c7ac3bac'), (b'Accept-Ranges', b'bytes'), (b'X-HF-Warning', b'unauthenticated; Warning: You are sending unauthenticated requests to the HF Hub. Please set a HF_TOKEN to enable higher rate limits and faster downloads.'), (b'X-Hub-Cache', b'HIT'), (b'Content-Disposition', b'inline; filename*=UTF-8\'\'configuration_florence2.py; filename="configuration_florence2.py";'), (b'Content-Security-Policy', b"default-src 'none'; sandbox"), (b'X-Linked-ETag', b'"b8869617ef8dfd0f04d421cf59b83ca662c363ad"'), (b'X-Cache', b'Miss from cloudfront'), (b'Via', b'1.1 c4f304e7786da519d49ea9f064843ae4.cloudfront.net (CloudFront)'), (b'X-Amz-Cf-Pop', b'ATL59-P13'), (b'X-Amz-Cf-Id', b'Sh-8nkKszMKCImDFGTR989iTQqMKc7baifvIxKFl88mPkm7t1SNCPg==')])
2026-03-12 10:06:35  INFO      HTTP Request: HEAD https://huggingface.co/microsoft/Florence-2-base/resolve/main/configuration_florence2.py "HTTP/1.1 307 Temporary Redirect"
2026-03-12 10:06:35  DEBUG     receive_response_body.started request=<Request [b'HEAD']>
2026-03-12 10:06:35  DEBUG     receive_response_body.complete
2026-03-12 10:06:35  DEBUG     response_closed.started
2026-03-12 10:06:35  DEBUG     response_closed.complete
2026-03-12 10:06:35  DEBUG     send_request_headers.started request=<Request [b'HEAD']>
2026-03-12 10:06:35  DEBUG     send_request_headers.complete
2026-03-12 10:06:35  DEBUG     send_request_body.started request=<Request [b'HEAD']>
2026-03-12 10:06:35  DEBUG     send_request_body.complete
2026-03-12 10:06:35  DEBUG     receive_response_headers.started request=<Request [b'HEAD']>
2026-03-12 10:06:35  DEBUG     receive_response_headers.complete return_value=(b'HTTP/1.1', 200, b'OK', [(b'Content-Type', b'text/plain; charset=utf-8'), (b'Content-Length', b'15119'), (b'Connection', b'keep-alive'), (b'Date', b'Fri, 29 Aug 2025 10:28:00 GMT'), (b'ETag', b'"b8869617ef8dfd0f04d421cf59b83ca662c363ad"'), (b'X-Powered-By', b'huggingface-moon'), (b'cross-origin-opener-policy', b'same-origin'), (b'Referrer-Policy', b'strict-origin-when-cross-origin'), (b'X-Request-Id', b'Root=1-68b180b0-2c44fee4114328806c9f1031;1bfda5f7-3121-4226-a1e6-bfc61b7768cf'), (b'Access-Control-Allow-Origin', b'https://huggingface.co'), (b'Access-Control-Expose-Headers', b'X-Repo-Commit,X-Request-Id,X-Error-Code,X-Error-Message,X-Total-Count,ETag,Link,Accept-Ranges,Content-Range,X-Linked-Size,X-Linked-ETag,X-Xet-Hash'), (b'X-Repo-Commit', b'5ca5edf5bd017b9919c05d08aebef5e4c7ac3bac'), (b'Accept-Ranges', b'bytes'), (b'Content-Disposition', b'inline; filename*=UTF-8\'\'configuration_florence2.py; filename="configuration_florence2.py";'), (b'Content-Security-Policy', b"default-src 'none'; sandbox"), (b'Vary', b'Origin'), (b'X-Cache', b'Hit from cloudfront'), (b'Via', b'1.1 c4f304e7786da519d49ea9f064843ae4.cloudfront.net (CloudFront)'), (b'X-Amz-Cf-Pop', b'ATL59-P13'), (b'X-Amz-Cf-Id', b'0PmySDEXIM-PjKUuBWYs2ZtvhLOSARxQxtV_MgIKBpWBOShSHzzq7A=='), (b'Age', b'16861115')])
2026-03-12 10:06:35  INFO      HTTP Request: HEAD https://huggingface.co/api/resolve-cache/models/microsoft/Florence-2-base/5ca5edf5bd017b9919c05d08aebef5e4c7ac3bac/configuration_florence2.py "HTTP/1.1 200 OK"
2026-03-12 10:06:35  DEBUG     receive_response_body.started request=<Request [b'HEAD']>
2026-03-12 10:06:35  DEBUG     receive_response_body.complete
2026-03-12 10:06:35  DEBUG     response_closed.started
2026-03-12 10:06:35  DEBUG     response_closed.complete
2026-03-12 10:06:35  DEBUG     send_request_headers.started request=<Request [b'HEAD']>
2026-03-12 10:06:35  DEBUG     send_request_headers.complete
2026-03-12 10:06:35  DEBUG     send_request_body.started request=<Request [b'HEAD']>
2026-03-12 10:06:35  DEBUG     send_request_body.complete
2026-03-12 10:06:35  DEBUG     receive_response_headers.started request=<Request [b'HEAD']>
2026-03-12 10:06:35  DEBUG     receive_response_headers.complete return_value=(b'HTTP/1.1', 307, b'Temporary Redirect', [(b'Content-Type', b'text/plain; charset=utf-8'), (b'Content-Length', b'254'), (b'Connection', b'keep-alive'), (b'Date', b'Thu, 12 Mar 2026 14:06:35 GMT'), (b'Location', b'/api/resolve-cache/models/microsoft/Florence-2-base/5ca5edf5bd017b9919c05d08aebef5e4c7ac3bac/config.json?%2Fmicrosoft%2FFlorence-2-base%2Fresolve%2Fmain%2Fconfig.json=&etag=%2274a4482afd52515c89ae8d7d388a537a16f5d350%22'), (b'X-Powered-By', b'huggingface-moon'), (b'X-Request-Id', b'Root=1-69b2c86b-5c7d498a30edb7632ea14e7f;0099432f-d652-44e4-ab79-c17b53370963'), (b'RateLimit', b'"resolvers";r=2984;t=69'), (b'RateLimit-Policy', b'"fixed window";"resolvers";q=3000;w=300'), (b'cross-origin-opener-policy', b'same-origin'), (b'Referrer-Policy', b'strict-origin-when-cross-origin'), (b'Access-Control-Max-Age', b'86400'), (b'Access-Control-Allow-Origin', b'https://huggingface.co'), (b'Vary', b'Origin, Accept'), (b'Access-Control-Expose-Headers', b'X-Repo-Commit,X-Request-Id,X-Error-Code,X-Error-Message,X-Total-Count,ETag,Link,Accept-Ranges,Content-Range,X-Linked-Size,X-Linked-ETag,X-Xet-Hash'), (b'X-Repo-Commit', b'5ca5edf5bd017b9919c05d08aebef5e4c7ac3bac'), (b'Accept-Ranges', b'bytes'), (b'X-Hub-Cache', b'HIT'), (b'Content-Disposition', b'inline; filename*=UTF-8\'\'config.json; filename="config.json";'), (b'Content-Security-Policy', b"default-src 'none'; sandbox"), (b'X-Linked-ETag', b'"74a4482afd52515c89ae8d7d388a537a16f5d350"'), (b'X-Cache', b'Miss from cloudfront'), (b'Via', b'1.1 c4f304e7786da519d49ea9f064843ae4.cloudfront.net (CloudFront)'), (b'X-Amz-Cf-Pop', b'ATL59-P13'), (b'X-Amz-Cf-Id', b'UwKsKa5YuwMMAui9UotWSmkmh6AhuThZdeHuX86KfcztIpc2OJJKWQ==')])
2026-03-12 10:06:35  INFO      HTTP Request: HEAD https://huggingface.co/microsoft/Florence-2-base/resolve/main/config.json "HTTP/1.1 307 Temporary Redirect"
2026-03-12 10:06:35  DEBUG     receive_response_body.started request=<Request [b'HEAD']>
2026-03-12 10:06:35  DEBUG     receive_response_body.complete
2026-03-12 10:06:35  DEBUG     response_closed.started
2026-03-12 10:06:35  DEBUG     response_closed.complete
2026-03-12 10:06:35  DEBUG     send_request_headers.started request=<Request [b'HEAD']>
2026-03-12 10:06:35  DEBUG     send_request_headers.complete
2026-03-12 10:06:35  DEBUG     send_request_body.started request=<Request [b'HEAD']>
2026-03-12 10:06:35  DEBUG     send_request_body.complete
2026-03-12 10:06:35  DEBUG     receive_response_headers.started request=<Request [b'HEAD']>
2026-03-12 10:06:35  DEBUG     receive_response_headers.complete return_value=(b'HTTP/1.1', 200, b'OK', [(b'Content-Type', b'text/plain; charset=utf-8'), (b'Content-Length', b'2430'), (b'Connection', b'keep-alive'), (b'Date', b'Fri, 29 Aug 2025 10:27:59 GMT'), (b'ETag', b'"74a4482afd52515c89ae8d7d388a537a16f5d350"'), (b'X-Powered-By', b'huggingface-moon'), (b'cross-origin-opener-policy', b'same-origin'), (b'Referrer-Policy', b'strict-origin-when-cross-origin'), (b'X-Request-Id', b'Root=1-68b180af-2bdeb06a69de599e4d19f3fe;3c79d66e-c4e0-4ed2-b6ce-cc626ee80382'), (b'Access-Control-Allow-Origin', b'https://huggingface.co'), (b'Access-Control-Expose-Headers', b'X-Repo-Commit,X-Request-Id,X-Error-Code,X-Error-Message,X-Total-Count,ETag,Link,Accept-Ranges,Content-Range,X-Linked-Size,X-Linked-ETag,X-Xet-Hash'), (b'X-Repo-Commit', b'5ca5edf5bd017b9919c05d08aebef5e4c7ac3bac'), (b'Accept-Ranges', b'bytes'), (b'Content-Disposition', b'inline; filename*=UTF-8\'\'config.json; filename="config.json";'), (b'Content-Security-Policy', b"default-src 'none'; sandbox"), (b'Vary', b'Origin'), (b'X-Cache', b'Hit from cloudfront'), (b'Via', b'1.1 c4f304e7786da519d49ea9f064843ae4.cloudfront.net (CloudFront)'), (b'X-Amz-Cf-Pop', b'ATL59-P13'), (b'X-Amz-Cf-Id', b'qq-w6rxqKujSJz-i2BNuGEcyOdmwBBC5cikcQ2iQapivbw8-Gyk7pw=='), (b'Age', b'16861116')])
2026-03-12 10:06:35  INFO      HTTP Request: HEAD https://huggingface.co/api/resolve-cache/models/microsoft/Florence-2-base/5ca5edf5bd017b9919c05d08aebef5e4c7ac3bac/config.json "HTTP/1.1 200 OK"
2026-03-12 10:06:35  DEBUG     receive_response_body.started request=<Request [b'HEAD']>
2026-03-12 10:06:35  DEBUG     receive_response_body.complete
2026-03-12 10:06:35  DEBUG     response_closed.started
2026-03-12 10:06:35  DEBUG     response_closed.complete
2026-03-12 10:06:35  DEBUG     send_request_headers.started request=<Request [b'HEAD']>
2026-03-12 10:06:35  DEBUG     send_request_headers.complete
2026-03-12 10:06:35  DEBUG     send_request_body.started request=<Request [b'HEAD']>
2026-03-12 10:06:35  DEBUG     send_request_body.complete
2026-03-12 10:06:35  DEBUG     receive_response_headers.started request=<Request [b'HEAD']>
2026-03-12 10:06:35  DEBUG     receive_response_headers.complete return_value=(b'HTTP/1.1', 307, b'Temporary Redirect', [(b'Content-Type', b'text/plain; charset=utf-8'), (b'Content-Length', b'274'), (b'Connection', b'keep-alive'), (b'Date', b'Thu, 12 Mar 2026 14:06:35 GMT'), (b'Location', b'/api/resolve-cache/models/microsoft/Florence-2-base/5ca5edf5bd017b9919c05d08aebef5e4c7ac3bac/tokenizer_config.json?%2Fmicrosoft%2FFlorence-2-base%2Fresolve%2Fmain%2Ftokenizer_config.json=&etag=%2244784bc58d4cb18d3549ad71e062efcf032d9ef5%22'), (b'X-Powered-By', b'huggingface-moon'), (b'X-Request-Id', b'Root=1-69b2c86b-70e640645a88ccc24f658357;74a6d604-1685-48cd-a576-e3ebba7d6f31'), (b'RateLimit', b'"resolvers";r=2983;t=69'), (b'RateLimit-Policy', b'"fixed window";"resolvers";q=3000;w=300'), (b'cross-origin-opener-policy', b'same-origin'), (b'Referrer-Policy', b'strict-origin-when-cross-origin'), (b'Access-Control-Max-Age', b'86400'), (b'Access-Control-Allow-Origin', b'https://huggingface.co'), (b'Vary', b'Origin, Accept'), (b'Access-Control-Expose-Headers', b'X-Repo-Commit,X-Request-Id,X-Error-Code,X-Error-Message,X-Total-Count,ETag,Link,Accept-Ranges,Content-Range,X-Linked-Size,X-Linked-ETag,X-Xet-Hash'), (b'X-Repo-Commit', b'5ca5edf5bd017b9919c05d08aebef5e4c7ac3bac'), (b'Accept-Ranges', b'bytes'), (b'X-Hub-Cache', b'HIT'), (b'Content-Disposition', b'inline; filename*=UTF-8\'\'tokenizer_config.json; filename="tokenizer_config.json";'), (b'Content-Security-Policy', b"default-src 'none'; sandbox"), (b'X-Linked-ETag', b'"44784bc58d4cb18d3549ad71e062efcf032d9ef5"'), (b'X-Cache', b'Miss from cloudfront'), (b'Via', b'1.1 c4f304e7786da519d49ea9f064843ae4.cloudfront.net (CloudFront)'), (b'X-Amz-Cf-Pop', b'ATL59-P13'), (b'X-Amz-Cf-Id', b'CSUahIz2pP6BYQfbGc8T6Xvbc1-36k7z7tJOsujNP_HK4cNfJ4ovBg==')])
2026-03-12 10:06:35  INFO      HTTP Request: HEAD https://huggingface.co/microsoft/Florence-2-base/resolve/main/tokenizer_config.json "HTTP/1.1 307 Temporary Redirect"
2026-03-12 10:06:35  DEBUG     receive_response_body.started request=<Request [b'HEAD']>
2026-03-12 10:06:35  DEBUG     receive_response_body.complete
2026-03-12 10:06:35  DEBUG     response_closed.started
2026-03-12 10:06:35  DEBUG     response_closed.complete
2026-03-12 10:06:35  DEBUG     send_request_headers.started request=<Request [b'HEAD']>
2026-03-12 10:06:35  DEBUG     send_request_headers.complete
2026-03-12 10:06:35  DEBUG     send_request_body.started request=<Request [b'HEAD']>
2026-03-12 10:06:35  DEBUG     send_request_body.complete
2026-03-12 10:06:35  DEBUG     receive_response_headers.started request=<Request [b'HEAD']>
2026-03-12 10:06:35  DEBUG     receive_response_headers.complete return_value=(b'HTTP/1.1', 200, b'OK', [(b'Content-Type', b'text/plain; charset=utf-8'), (b'Content-Length', b'34'), (b'Connection', b'keep-alive'), (b'Date', b'Mon, 26 Jan 2026 18:36:12 GMT'), (b'ETag', b'"44784bc58d4cb18d3549ad71e062efcf032d9ef5"'), (b'X-Powered-By', b'huggingface-moon'), (b'X-Request-Id', b'Root=1-6977b41c-7cd2987d3ffd44cd050df45a;73bcbb39-bec3-4d34-8af5-f5d3a4176c48'), (b'RateLimit', b'"resolvers";r=2999;t=224'), (b'RateLimit-Policy', b'"fixed window";"resolvers";q=3000;w=300'), (b'cross-origin-opener-policy', b'same-origin'), (b'Referrer-Policy', b'strict-origin-when-cross-origin'), (b'Access-Control-Max-Age', b'86400'), (b'Access-Control-Allow-Origin', b'https://huggingface.co'), (b'Access-Control-Expose-Headers', b'X-Repo-Commit,X-Request-Id,X-Error-Code,X-Error-Message,X-Total-Count,ETag,Link,Accept-Ranges,Content-Range,X-Linked-Size,X-Linked-ETag,X-Xet-Hash'), (b'X-Repo-Commit', b'5ca5edf5bd017b9919c05d08aebef5e4c7ac3bac'), (b'Accept-Ranges', b'bytes'), (b'Content-Disposition', b'inline; filename*=UTF-8\'\'tokenizer_config.json; filename="tokenizer_config.json";'), (b'Content-Security-Policy', b"default-src 'none'; sandbox"), (b'Vary', b'Origin'), (b'X-Cache', b'Hit from cloudfront'), (b'Via', b'1.1 c4f304e7786da519d49ea9f064843ae4.cloudfront.net (CloudFront)'), (b'X-Amz-Cf-Pop', b'ATL59-P13'), (b'X-Amz-Cf-Id', b'swmz6nNyxvOJvUMc7BNwvs3l_Uyll2_pEqlL5B3dhYla03c4j_Niow=='), (b'Age', b'3871823')])
2026-03-12 10:06:35  INFO      HTTP Request: HEAD https://huggingface.co/api/resolve-cache/models/microsoft/Florence-2-base/5ca5edf5bd017b9919c05d08aebef5e4c7ac3bac/tokenizer_config.json "HTTP/1.1 200 OK"
2026-03-12 10:06:35  DEBUG     receive_response_body.started request=<Request [b'HEAD']>
2026-03-12 10:06:35  DEBUG     receive_response_body.complete
2026-03-12 10:06:35  DEBUG     response_closed.started
2026-03-12 10:06:35  DEBUG     response_closed.complete
2026-03-12 10:06:35  DEBUG     send_request_headers.started request=<Request [b'GET']>
2026-03-12 10:06:35  DEBUG     send_request_headers.complete
2026-03-12 10:06:35  DEBUG     send_request_body.started request=<Request [b'GET']>
2026-03-12 10:06:35  DEBUG     send_request_body.complete
2026-03-12 10:06:35  DEBUG     receive_response_headers.started request=<Request [b'GET']>
2026-03-12 10:06:35  DEBUG     receive_response_headers.complete return_value=(b'HTTP/1.1', 404, b'Not Found', [(b'Content-Type', b'application/json; charset=utf-8'), (b'Content-Length', b'64'), (b'Connection', b'keep-alive'), (b'Date', b'Thu, 12 Mar 2026 14:06:35 GMT'), (b'ETag', b'W/"40-09f9IAqP13xarAhQxFS2W8rvRkM"'), (b'X-Powered-By', b'huggingface-moon'), (b'X-Request-Id', b'Root=1-69b2c86b-2bd56c197234e3fe4fe3927d;0056e694-f731-48a1-98d6-d5a10d909dc1'), (b'RateLimit', b'"api";r=498;t=69'), (b'RateLimit-Policy', b'"fixed window";"api";q=500;w=300'), (b'cross-origin-opener-policy', b'same-origin'), (b'Referrer-Policy', b'strict-origin-when-cross-origin'), (b'Access-Control-Max-Age', b'86400'), (b'Access-Control-Allow-Origin', b'https://huggingface.co'), (b'Vary', b'Origin'), (b'Access-Control-Expose-Headers', b'X-Repo-Commit,X-Request-Id,X-Error-Code,X-Error-Message,X-Total-Count,ETag,Link,Accept-Ranges,Content-Range,X-Linked-Size,X-Linked-ETag,X-Xet-Hash'), (b'X-Error-Code', b'EntryNotFound'), (b'X-Error-Message', b'additional_chat_templates does not exist on "main"'), (b'X-Cache', b'Error from cloudfront'), (b'Via', b'1.1 c4f304e7786da519d49ea9f064843ae4.cloudfront.net (CloudFront)'), (b'X-Amz-Cf-Pop', b'ATL59-P13'), (b'X-Amz-Cf-Id', b'zt6GQyAXAB5bH6fVgGkMynt713wEOMQCysz3D2k4_T9BsfjMoXE-Jw==')])
2026-03-12 10:06:35  INFO      HTTP Request: GET https://huggingface.co/api/models/microsoft/Florence-2-base/tree/main/additional_chat_templates?recursive=false&expand=false "HTTP/1.1 404 Not Found"
2026-03-12 10:06:35  DEBUG     receive_response_body.started request=<Request [b'GET']>
2026-03-12 10:06:35  DEBUG     receive_response_body.complete
2026-03-12 10:06:35  DEBUG     response_closed.started
2026-03-12 10:06:35  DEBUG     response_closed.complete
2026-03-12 10:06:35  DEBUG     send_request_headers.started request=<Request [b'GET']>
2026-03-12 10:06:35  DEBUG     send_request_headers.complete
2026-03-12 10:06:35  DEBUG     send_request_body.started request=<Request [b'GET']>
2026-03-12 10:06:35  DEBUG     send_request_body.complete
2026-03-12 10:06:35  DEBUG     receive_response_headers.started request=<Request [b'GET']>
2026-03-12 10:06:35  DEBUG     receive_response_headers.complete return_value=(b'HTTP/1.1', 200, b'OK', [(b'Content-Type', b'application/json; charset=utf-8'), (b'Transfer-Encoding', b'chunked'), (b'Connection', b'keep-alive'), (b'Date', b'Thu, 12 Mar 2026 14:06:35 GMT'), (b'Access-Control-Expose-Headers', b'X-Repo-Commit,X-Request-Id,X-Error-Code,X-Error-Message,X-Total-Count,ETag,Link,Accept-Ranges,Content-Range,X-Linked-Size,X-Linked-ETag,X-Xet-Hash'), (b'content-encoding', b'gzip'), (b'X-Powered-By', b'huggingface-moon'), (b'X-Request-Id', b'Root=1-69b2c86b-1a02ee1c5bdebfd277c5474c;0b5840bf-4098-4347-b064-cdf3a699435e'), (b'RateLimit', b'"api";r=497;t=69'), (b'RateLimit-Policy', b'"fixed window";"api";q=500;w=300'), (b'cross-origin-opener-policy', b'same-origin'), (b'Referrer-Policy', b'strict-origin-when-cross-origin'), (b'Access-Control-Max-Age', b'86400'), (b'Access-Control-Allow-Origin', b'https://huggingface.co'), (b'Vary', b'Origin'), (b'vary', b'accept-encoding'), (b'ETag', b'W/"801-8wfJdkULAAa2bZfXhisB0NSy3Jo"'), (b'X-Cache', b'Miss from cloudfront'), (b'Via', b'1.1 c4f304e7786da519d49ea9f064843ae4.cloudfront.net (CloudFront)'), (b'X-Amz-Cf-Pop', b'ATL59-P13'), (b'X-Amz-Cf-Id', b'b8i3rOrc32tzi6vVU6reYxG0Z-gDqtvExxYXrBel81tlgOn0TSunIQ==')])
2026-03-12 10:06:35  INFO      HTTP Request: GET https://huggingface.co/api/models/microsoft/Florence-2-base/tree/main?recursive=true&expand=false "HTTP/1.1 200 OK"
2026-03-12 10:06:35  DEBUG     receive_response_body.started request=<Request [b'GET']>
2026-03-12 10:06:35  DEBUG     receive_response_body.complete
2026-03-12 10:06:35  DEBUG     response_closed.started
2026-03-12 10:06:35  DEBUG     response_closed.complete
2026-03-12 10:06:35  DEBUG     send_request_headers.started request=<Request [b'HEAD']>
2026-03-12 10:06:35  DEBUG     send_request_headers.complete
2026-03-12 10:06:35  DEBUG     send_request_body.started request=<Request [b'HEAD']>
2026-03-12 10:06:35  DEBUG     send_request_body.complete
2026-03-12 10:06:35  DEBUG     receive_response_headers.started request=<Request [b'HEAD']>
2026-03-12 10:06:36  DEBUG     receive_response_headers.complete return_value=(b'HTTP/1.1', 307, b'Temporary Redirect', [(b'Content-Type', b'text/plain; charset=utf-8'), (b'Content-Length', b'254'), (b'Connection', b'keep-alive'), (b'Date', b'Thu, 12 Mar 2026 14:06:36 GMT'), (b'Location', b'/api/resolve-cache/models/microsoft/Florence-2-base/5ca5edf5bd017b9919c05d08aebef5e4c7ac3bac/config.json?%2Fmicrosoft%2FFlorence-2-base%2Fresolve%2Fmain%2Fconfig.json=&etag=%2274a4482afd52515c89ae8d7d388a537a16f5d350%22'), (b'X-Powered-By', b'huggingface-moon'), (b'X-Request-Id', b'Root=1-69b2c86c-5e3c3bc72f92d9e7220b1b13;4cff9322-edd7-4b4f-8d7e-1c35dde0da74'), (b'RateLimit', b'"resolvers";r=2982;t=68'), (b'RateLimit-Policy', b'"fixed window";"resolvers";q=3000;w=300'), (b'cross-origin-opener-policy', b'same-origin'), (b'Referrer-Policy', b'strict-origin-when-cross-origin'), (b'Access-Control-Max-Age', b'86400'), (b'Access-Control-Allow-Origin', b'https://huggingface.co'), (b'Vary', b'Origin, Accept'), (b'Access-Control-Expose-Headers', b'X-Repo-Commit,X-Request-Id,X-Error-Code,X-Error-Message,X-Total-Count,ETag,Link,Accept-Ranges,Content-Range,X-Linked-Size,X-Linked-ETag,X-Xet-Hash'), (b'X-Repo-Commit', b'5ca5edf5bd017b9919c05d08aebef5e4c7ac3bac'), (b'Accept-Ranges', b'bytes'), (b'X-Hub-Cache', b'HIT'), (b'Content-Disposition', b'inline; filename*=UTF-8\'\'config.json; filename="config.json";'), (b'Content-Security-Policy', b"default-src 'none'; sandbox"), (b'X-Linked-ETag', b'"74a4482afd52515c89ae8d7d388a537a16f5d350"'), (b'X-Cache', b'Miss from cloudfront'), (b'Via', b'1.1 c4f304e7786da519d49ea9f064843ae4.cloudfront.net (CloudFront)'), (b'X-Amz-Cf-Pop', b'ATL59-P13'), (b'X-Amz-Cf-Id', b'ybB5Y4Da2p6ZoSP51e6zVACCEfj0iTr9NPO4pdnAhvHWlDiZxdnSfQ==')])
2026-03-12 10:06:36  INFO      HTTP Request: HEAD https://huggingface.co/microsoft/Florence-2-base/resolve/main/config.json "HTTP/1.1 307 Temporary Redirect"
2026-03-12 10:06:36  DEBUG     receive_response_body.started request=<Request [b'HEAD']>
2026-03-12 10:06:36  DEBUG     receive_response_body.complete
2026-03-12 10:06:36  DEBUG     response_closed.started
2026-03-12 10:06:36  DEBUG     response_closed.complete
2026-03-12 10:06:36  DEBUG     send_request_headers.started request=<Request [b'HEAD']>
2026-03-12 10:06:36  DEBUG     send_request_headers.complete
2026-03-12 10:06:36  DEBUG     send_request_body.started request=<Request [b'HEAD']>
2026-03-12 10:06:36  DEBUG     send_request_body.complete
2026-03-12 10:06:36  DEBUG     receive_response_headers.started request=<Request [b'HEAD']>
2026-03-12 10:06:36  DEBUG     receive_response_headers.complete return_value=(b'HTTP/1.1', 200, b'OK', [(b'Content-Type', b'text/plain; charset=utf-8'), (b'Content-Length', b'2430'), (b'Connection', b'keep-alive'), (b'Date', b'Fri, 29 Aug 2025 10:27:59 GMT'), (b'ETag', b'"74a4482afd52515c89ae8d7d388a537a16f5d350"'), (b'X-Powered-By', b'huggingface-moon'), (b'cross-origin-opener-policy', b'same-origin'), (b'Referrer-Policy', b'strict-origin-when-cross-origin'), (b'X-Request-Id', b'Root=1-68b180af-2bdeb06a69de599e4d19f3fe;3c79d66e-c4e0-4ed2-b6ce-cc626ee80382'), (b'Access-Control-Allow-Origin', b'https://huggingface.co'), (b'Access-Control-Expose-Headers', b'X-Repo-Commit,X-Request-Id,X-Error-Code,X-Error-Message,X-Total-Count,ETag,Link,Accept-Ranges,Content-Range,X-Linked-Size,X-Linked-ETag,X-Xet-Hash'), (b'X-Repo-Commit', b'5ca5edf5bd017b9919c05d08aebef5e4c7ac3bac'), (b'Accept-Ranges', b'bytes'), (b'Content-Disposition', b'inline; filename*=UTF-8\'\'config.json; filename="config.json";'), (b'Content-Security-Policy', b"default-src 'none'; sandbox"), (b'Vary', b'Origin'), (b'X-Cache', b'Hit from cloudfront'), (b'Via', b'1.1 c4f304e7786da519d49ea9f064843ae4.cloudfront.net (CloudFront)'), (b'X-Amz-Cf-Pop', b'ATL59-P13'), (b'X-Amz-Cf-Id', b'I8qUkJmJxGlNrmoeDm8bSYbnnsEeykZwmKkJ3KFm65McXI2sJAxa0g=='), (b'Age', b'16861117')])
2026-03-12 10:06:36  INFO      HTTP Request: HEAD https://huggingface.co/api/resolve-cache/models/microsoft/Florence-2-base/5ca5edf5bd017b9919c05d08aebef5e4c7ac3bac/config.json "HTTP/1.1 200 OK"
2026-03-12 10:06:36  DEBUG     receive_response_body.started request=<Request [b'HEAD']>
2026-03-12 10:06:36  DEBUG     receive_response_body.complete
2026-03-12 10:06:36  DEBUG     response_closed.started
2026-03-12 10:06:36  DEBUG     response_closed.complete
2026-03-12 10:06:36  DEBUG     send_request_headers.started request=<Request [b'HEAD']>
2026-03-12 10:06:36  DEBUG     send_request_headers.complete
2026-03-12 10:06:36  DEBUG     send_request_body.started request=<Request [b'HEAD']>
2026-03-12 10:06:36  DEBUG     send_request_body.complete
2026-03-12 10:06:36  DEBUG     receive_response_headers.started request=<Request [b'HEAD']>
2026-03-12 10:06:36  DEBUG     receive_response_headers.complete return_value=(b'HTTP/1.1', 307, b'Temporary Redirect', [(b'Content-Type', b'text/plain; charset=utf-8'), (b'Content-Length', b'284'), (b'Connection', b'keep-alive'), (b'Date', b'Thu, 12 Mar 2026 14:06:36 GMT'), (b'Location', b'/api/resolve-cache/models/microsoft/Florence-2-base/5ca5edf5bd017b9919c05d08aebef5e4c7ac3bac/configuration_florence2.py?%2Fmicrosoft%2FFlorence-2-base%2Fresolve%2Fmain%2Fconfiguration_florence2.py=&etag=%22b8869617ef8dfd0f04d421cf59b83ca662c363ad%22'), (b'X-Powered-By', b'huggingface-moon'), (b'X-Request-Id', b'Root=1-69b2c86c-65b86dee79bfa2ce268845ad;6ad71e17-7931-421d-8c4b-10962ffd4321'), (b'RateLimit', b'"resolvers";r=2981;t=68'), (b'RateLimit-Policy', b'"fixed window";"resolvers";q=3000;w=300'), (b'cross-origin-opener-policy', b'same-origin'), (b'Referrer-Policy', b'strict-origin-when-cross-origin'), (b'Access-Control-Max-Age', b'86400'), (b'Access-Control-Allow-Origin', b'https://huggingface.co'), (b'Vary', b'Origin, Accept'), (b'Access-Control-Expose-Headers', b'X-Repo-Commit,X-Request-Id,X-Error-Code,X-Error-Message,X-Total-Count,ETag,Link,Accept-Ranges,Content-Range,X-Linked-Size,X-Linked-ETag,X-Xet-Hash'), (b'X-Repo-Commit', b'5ca5edf5bd017b9919c05d08aebef5e4c7ac3bac'), (b'Accept-Ranges', b'bytes'), (b'X-Hub-Cache', b'HIT'), (b'Content-Disposition', b'inline; filename*=UTF-8\'\'configuration_florence2.py; filename="configuration_florence2.py";'), (b'Content-Security-Policy', b"default-src 'none'; sandbox"), (b'X-Linked-ETag', b'"b8869617ef8dfd0f04d421cf59b83ca662c363ad"'), (b'X-Cache', b'Miss from cloudfront'), (b'Via', b'1.1 c4f304e7786da519d49ea9f064843ae4.cloudfront.net (CloudFront)'), (b'X-Amz-Cf-Pop', b'ATL59-P13'), (b'X-Amz-Cf-Id', b'QxcI3EN-go4U4q2258752Dup10kBpUuVn5mZvhGOQFQ72yYmSJ9URA==')])
2026-03-12 10:06:36  INFO      HTTP Request: HEAD https://huggingface.co/microsoft/Florence-2-base/resolve/main/configuration_florence2.py "HTTP/1.1 307 Temporary Redirect"
2026-03-12 10:06:36  DEBUG     receive_response_body.started request=<Request [b'HEAD']>
2026-03-12 10:06:36  DEBUG     receive_response_body.complete
2026-03-12 10:06:36  DEBUG     response_closed.started
2026-03-12 10:06:36  DEBUG     response_closed.complete
2026-03-12 10:06:36  DEBUG     send_request_headers.started request=<Request [b'HEAD']>
2026-03-12 10:06:36  DEBUG     send_request_headers.complete
2026-03-12 10:06:36  DEBUG     send_request_body.started request=<Request [b'HEAD']>
2026-03-12 10:06:36  DEBUG     send_request_body.complete
2026-03-12 10:06:36  DEBUG     receive_response_headers.started request=<Request [b'HEAD']>
2026-03-12 10:06:36  DEBUG     receive_response_headers.complete return_value=(b'HTTP/1.1', 200, b'OK', [(b'Content-Type', b'text/plain; charset=utf-8'), (b'Content-Length', b'15119'), (b'Connection', b'keep-alive'), (b'Date', b'Fri, 29 Aug 2025 10:28:00 GMT'), (b'ETag', b'"b8869617ef8dfd0f04d421cf59b83ca662c363ad"'), (b'X-Powered-By', b'huggingface-moon'), (b'cross-origin-opener-policy', b'same-origin'), (b'Referrer-Policy', b'strict-origin-when-cross-origin'), (b'X-Request-Id', b'Root=1-68b180b0-2c44fee4114328806c9f1031;1bfda5f7-3121-4226-a1e6-bfc61b7768cf'), (b'Access-Control-Allow-Origin', b'https://huggingface.co'), (b'Access-Control-Expose-Headers', b'X-Repo-Commit,X-Request-Id,X-Error-Code,X-Error-Message,X-Total-Count,ETag,Link,Accept-Ranges,Content-Range,X-Linked-Size,X-Linked-ETag,X-Xet-Hash'), (b'X-Repo-Commit', b'5ca5edf5bd017b9919c05d08aebef5e4c7ac3bac'), (b'Accept-Ranges', b'bytes'), (b'Content-Disposition', b'inline; filename*=UTF-8\'\'configuration_florence2.py; filename="configuration_florence2.py";'), (b'Content-Security-Policy', b"default-src 'none'; sandbox"), (b'Vary', b'Origin'), (b'X-Cache', b'Hit from cloudfront'), (b'Via', b'1.1 c4f304e7786da519d49ea9f064843ae4.cloudfront.net (CloudFront)'), (b'X-Amz-Cf-Pop', b'ATL59-P13'), (b'X-Amz-Cf-Id', b'Rff28UzybTgvAmgk8DeCB-a2AQJGsa9nte_CbvvD2Qys4pkCqobLhQ=='), (b'Age', b'16861116')])
2026-03-12 10:06:36  INFO      HTTP Request: HEAD https://huggingface.co/api/resolve-cache/models/microsoft/Florence-2-base/5ca5edf5bd017b9919c05d08aebef5e4c7ac3bac/configuration_florence2.py "HTTP/1.1 200 OK"
2026-03-12 10:06:36  DEBUG     receive_response_body.started request=<Request [b'HEAD']>
2026-03-12 10:06:36  DEBUG     receive_response_body.complete
2026-03-12 10:06:36  DEBUG     response_closed.started
2026-03-12 10:06:36  DEBUG     response_closed.complete
2026-03-12 10:06:36  DEBUG     send_request_headers.started request=<Request [b'HEAD']>
2026-03-12 10:06:36  DEBUG     send_request_headers.complete
2026-03-12 10:06:36  DEBUG     send_request_body.started request=<Request [b'HEAD']>
2026-03-12 10:06:36  DEBUG     send_request_body.complete
2026-03-12 10:06:36  DEBUG     receive_response_headers.started request=<Request [b'HEAD']>
2026-03-12 10:06:36  DEBUG     receive_response_headers.complete return_value=(b'HTTP/1.1', 307, b'Temporary Redirect', [(b'Content-Type', b'text/plain; charset=utf-8'), (b'Content-Length', b'274'), (b'Connection', b'keep-alive'), (b'Date', b'Thu, 12 Mar 2026 14:06:36 GMT'), (b'Location', b'/api/resolve-cache/models/microsoft/Florence-2-base/5ca5edf5bd017b9919c05d08aebef5e4c7ac3bac/modeling_florence2.py?%2Fmicrosoft%2FFlorence-2-base%2Fresolve%2Fmain%2Fmodeling_florence2.py=&etag=%2290208540137fcf518aa92186e58ac964213c6420%22'), (b'X-Powered-By', b'huggingface-moon'), (b'X-Request-Id', b'Root=1-69b2c86c-6adbf0a722c7f59a31c3b837;dde2aab5-f432-450a-8281-e9e5ba41177f'), (b'RateLimit', b'"resolvers";r=2980;t=68'), (b'RateLimit-Policy', b'"fixed window";"resolvers";q=3000;w=300'), (b'cross-origin-opener-policy', b'same-origin'), (b'Referrer-Policy', b'strict-origin-when-cross-origin'), (b'Access-Control-Max-Age', b'86400'), (b'Access-Control-Allow-Origin', b'https://huggingface.co'), (b'Vary', b'Origin, Accept'), (b'Access-Control-Expose-Headers', b'X-Repo-Commit,X-Request-Id,X-Error-Code,X-Error-Message,X-Total-Count,ETag,Link,Accept-Ranges,Content-Range,X-Linked-Size,X-Linked-ETag,X-Xet-Hash'), (b'X-Repo-Commit', b'5ca5edf5bd017b9919c05d08aebef5e4c7ac3bac'), (b'Accept-Ranges', b'bytes'), (b'X-Hub-Cache', b'HIT'), (b'Content-Disposition', b'inline; filename*=UTF-8\'\'modeling_florence2.py; filename="modeling_florence2.py";'), (b'Content-Security-Policy', b"default-src 'none'; sandbox"), (b'X-Linked-ETag', b'"90208540137fcf518aa92186e58ac964213c6420"'), (b'X-Cache', b'Miss from cloudfront'), (b'Via', b'1.1 c4f304e7786da519d49ea9f064843ae4.cloudfront.net (CloudFront)'), (b'X-Amz-Cf-Pop', b'ATL59-P13'), (b'X-Amz-Cf-Id', b'tcgFK4iXF99_oYRqkoOfSvJ_kS-tppe3Ii-5ReuoQNF5Hc-ldmVeiw==')])
2026-03-12 10:06:36  INFO      HTTP Request: HEAD https://huggingface.co/microsoft/Florence-2-base/resolve/main/modeling_florence2.py "HTTP/1.1 307 Temporary Redirect"
2026-03-12 10:06:36  DEBUG     receive_response_body.started request=<Request [b'HEAD']>
2026-03-12 10:06:36  DEBUG     receive_response_body.complete
2026-03-12 10:06:36  DEBUG     response_closed.started
2026-03-12 10:06:36  DEBUG     response_closed.complete
2026-03-12 10:06:36  DEBUG     send_request_headers.started request=<Request [b'HEAD']>
2026-03-12 10:06:36  DEBUG     send_request_headers.complete
2026-03-12 10:06:36  DEBUG     send_request_body.started request=<Request [b'HEAD']>
2026-03-12 10:06:36  DEBUG     send_request_body.complete
2026-03-12 10:06:36  DEBUG     receive_response_headers.started request=<Request [b'HEAD']>
2026-03-12 10:06:36  DEBUG     receive_response_headers.complete return_value=(b'HTTP/1.1', 200, b'OK', [(b'Content-Type', b'text/plain; charset=utf-8'), (b'Content-Length', b'127455'), (b'Connection', b'keep-alive'), (b'Date', b'Wed, 19 Nov 2025 08:12:19 GMT'), (b'ETag', b'"90208540137fcf518aa92186e58ac964213c6420"'), (b'X-Powered-By', b'huggingface-moon'), (b'X-Request-Id', b'Root=1-691d7be3-146ffe9163c907c9448807a2;2c1f7b86-092c-45f3-894a-42ec9d831910'), (b'RateLimit', b'"resolvers";r=2104;t=49'), (b'RateLimit-Policy', b'"fixed window";"resolvers";q=3000;w=300'), (b'cross-origin-opener-policy', b'same-origin'), (b'Referrer-Policy', b'strict-origin-when-cross-origin'), (b'Access-Control-Max-Age', b'86400'), (b'Access-Control-Allow-Origin', b'https://huggingface.co'), (b'Access-Control-Expose-Headers', b'X-Repo-Commit,X-Request-Id,X-Error-Code,X-Error-Message,X-Total-Count,ETag,Link,Accept-Ranges,Content-Range,X-Linked-Size,X-Linked-ETag,X-Xet-Hash'), (b'X-Repo-Commit', b'5ca5edf5bd017b9919c05d08aebef5e4c7ac3bac'), (b'Accept-Ranges', b'bytes'), (b'Content-Disposition', b'inline; filename*=UTF-8\'\'modeling_florence2.py; filename="modeling_florence2.py";'), (b'Content-Security-Policy', b"default-src 'none'; sandbox"), (b'Vary', b'Origin'), (b'X-Cache', b'Hit from cloudfront'), (b'Via', b'1.1 c4f304e7786da519d49ea9f064843ae4.cloudfront.net (CloudFront)'), (b'X-Amz-Cf-Pop', b'ATL59-P13'), (b'X-Amz-Cf-Id', b'wmJ04-ziRure0VXQFYMSHEjxceDgaLPd9E8XY7KlRFoKhVoexP9uJw=='), (b'Age', b'9784457')])
2026-03-12 10:06:36  INFO      HTTP Request: HEAD https://huggingface.co/api/resolve-cache/models/microsoft/Florence-2-base/5ca5edf5bd017b9919c05d08aebef5e4c7ac3bac/modeling_florence2.py "HTTP/1.1 200 OK"
2026-03-12 10:06:36  DEBUG     receive_response_body.started request=<Request [b'HEAD']>
2026-03-12 10:06:36  DEBUG     receive_response_body.complete
2026-03-12 10:06:36  DEBUG     response_closed.started
2026-03-12 10:06:36  DEBUG     response_closed.complete
2026-03-12 10:06:36  ERROR     Failed to load AI model: Tensor.item() cannot be called on meta tensors
Traceback (most recent call last):
  File "/Users/ben/Dev/imgtagplus/imgtagplus/app.py", line 146, in run
    tagger = FlorenceTagger(model_id=hf_model_id, model_dir=args.model_dir)
  File "/Users/ben/Dev/imgtagplus/imgtagplus/vlm.py", line 115, in __init__
    self.model = AutoModelForCausalLM.from_pretrained(
                 ~~~~~~~~~~~~~~~~~~~~~~~~~~~~~~~~~~~~^
        self._model_id,
        ^^^^^^^^^^^^^^^
    ...<3 lines>...
        cache_dir=str(self._model_dir)
        ^^^^^^^^^^^^^^^^^^^^^^^^^^^^^^
    ).to(self.device)
    ^
  File "/Users/ben/Dev/imgtagplus/.venv/lib/python3.14/site-packages/transformers/models/auto/auto_factory.py", line 367, in from_pretrained
    return model_class.from_pretrained(
           ~~~~~~~~~~~~~~~~~~~~~~~~~~~^
        pretrained_model_name_or_path, *model_args, config=config, **hub_kwargs, **kwargs
        ^^^^^^^^^^^^^^^^^^^^^^^^^^^^^^^^^^^^^^^^^^^^^^^^^^^^^^^^^^^^^^^^^^^^^^^^^^^^^^^^^
    )
    ^
  File "/Users/ben/Dev/imgtagplus/.venv/lib/python3.14/site-packages/transformers/modeling_utils.py", line 4094, in from_pretrained
    model = cls(config, *model_args, **model_kwargs)
  File "/Users/ben/.cache/imgtagplus/modules/transformers_modules/microsoft/Florence_hyphen_2_hyphen_base/5ca5edf5bd017b9919c05d08aebef5e4c7ac3bac/modeling_florence2.py", line 2537, in __init__
    self.vision_tower = DaViT.from_config(config=config.vision_config)
                        ~~~~~~~~~~~~~~~~~^^^^^^^^^^^^^^^^^^^^^^^^^^^^^
  File "/Users/ben/.cache/imgtagplus/modules/transformers_modules/microsoft/Florence_hyphen_2_hyphen_base/5ca5edf5bd017b9919c05d08aebef5e4c7ac3bac/modeling_florence2.py", line 650, in from_config
    return cls(
        depths=config.depths,
    ...<8 lines>...
        window_size=config.window_size,
    )
  File "/Users/ben/.cache/imgtagplus/modules/transformers_modules/microsoft/Florence_hyphen_2_hyphen_base/5ca5edf5bd017b9919c05d08aebef5e4c7ac3bac/modeling_florence2.py", line 557, in __init__
    dpr = [x.item() for x in torch.linspace(0, drop_path_rate, sum(depths)*2)]
           ~~~~~~^^
  File "/Users/ben/Dev/imgtagplus/.venv/lib/python3.14/site-packages/torch/utils/_device.py", line 109, in __torch_function__
    return func(*args, **kwargs)
  File "/Users/ben/Dev/imgtagplus/.venv/lib/python3.14/site-packages/torch/_meta_registrations.py", line 7779, in meta_local_scalar_dense
    raise RuntimeError("Tensor.item() cannot be called on meta tensors")
RuntimeError: Tensor.item() cannot be called on meta tensors
