2026-03-12 05:35:46  INFO      Model       : florence-2-base (microsoft/Florence-2-base)
2026-03-12 05:35:46  INFO      Recursive   : True
2026-03-12 05:35:46  INFO      Max tags    : 20
2026-03-12 05:35:46  INFO      Silent      : True
2026-03-12 05:35:46  INFO      Continue err: True
2026-03-12 05:35:46  INFO      Log file    : /Users/ben/Dev/imgtagplus/imgtagplus_20260312_053546.log
2026-03-12 05:35:46  INFO      Found 4 image(s) scanning /Users/ben/Dev/imgtagplus/sandbox (recursively)
2026-03-12 05:35:46  INFO      Images to process: 4
2026-03-12 05:35:46  INFO      Resolved florence-2-base to Hugging Face ID: microsoft/Florence-2-base
2026-03-12 05:35:47  INFO      GPU environment detected. Loading native microsoft/Florence-2-base on mps with SDPA...
2026-03-12 05:35:47  DEBUG     connect_tcp.started host='huggingface.co' port=443 local_address=None timeout=10 socket_options=None
2026-03-12 05:35:47  DEBUG     connect_tcp.complete return_value=<httpcore._backends.sync.SyncStream object at 0x116aa7cb0>
2026-03-12 05:35:47  DEBUG     start_tls.started ssl_context=<ssl.SSLContext object at 0x116a934a0> server_hostname='huggingface.co' timeout=10
2026-03-12 05:35:47  DEBUG     start_tls.complete return_value=<httpcore._backends.sync.SyncStream object at 0x114e29a90>
2026-03-12 05:35:47  DEBUG     send_request_headers.started request=<Request [b'HEAD']>
2026-03-12 05:35:47  DEBUG     send_request_headers.complete
2026-03-12 05:35:47  DEBUG     send_request_body.started request=<Request [b'HEAD']>
2026-03-12 05:35:47  DEBUG     send_request_body.complete
2026-03-12 05:35:47  DEBUG     receive_response_headers.started request=<Request [b'HEAD']>
2026-03-12 05:35:47  DEBUG     receive_response_headers.complete return_value=(b'HTTP/1.1', 404, b'Not Found', [(b'Content-Type', b'text/plain; charset=utf-8'), (b'Content-Length', b'15'), (b'Connection', b'keep-alive'), (b'Date', b'Thu, 12 Mar 2026 09:35:47 GMT'), (b'ETag', b'W/"f-mY2VvLxuxB7KhsoOdQTlMTccuAQ"'), (b'X-Powered-By', b'huggingface-moon'), (b'X-Request-Id', b'Root=1-69b288f3-57d6f589566d3b5f729e4098;8c13054d-7038-437c-a882-ba0c9ea047b9'), (b'RateLimit', b'"resolvers";r=2999;t=117'), (b'RateLimit-Policy', b'"fixed window";"resolvers";q=3000;w=300'), (b'cross-origin-opener-policy', b'same-origin'), (b'Referrer-Policy', b'strict-origin-when-cross-origin'), (b'Access-Control-Max-Age', b'86400'), (b'Access-Control-Allow-Origin', b'https://huggingface.co'), (b'Vary', b'Origin'), (b'Access-Control-Expose-Headers', b'X-Repo-Commit,X-Request-Id,X-Error-Code,X-Error-Message,X-Total-Count,ETag,Link,Accept-Ranges,Content-Range,X-Linked-Size,X-Linked-ETag,X-Xet-Hash'), (b'X-Repo-Commit', b'5ca5edf5bd017b9919c05d08aebef5e4c7ac3bac'), (b'Accept-Ranges', b'bytes'), (b'X-Hub-Cache', b'MISS'), (b'X-Error-Code', b'EntryNotFound'), (b'X-Error-Message', b'Entry not found'), (b'X-Cache', b'Error from cloudfront'), (b'Via', b'1.1 e0e949594cce7c263bdabed0c4ea0c9c.cloudfront.net (CloudFront)'), (b'X-Amz-Cf-Pop', b'ATL59-P13'), (b'X-Amz-Cf-Id', b'AexpgMLsHCfH338HIM4p27BaALCFQz812BBy7lJC9X8vzAivBEodYg==')])
2026-03-12 05:35:47  INFO      HTTP Request: HEAD https://huggingface.co/microsoft/Florence-2-base/resolve/main/processor_config.json "HTTP/1.1 404 Not Found"
2026-03-12 05:35:47  DEBUG     receive_response_body.started request=<Request [b'HEAD']>
2026-03-12 05:35:47  DEBUG     receive_response_body.complete
2026-03-12 05:35:47  DEBUG     response_closed.started
2026-03-12 05:35:47  DEBUG     response_closed.complete
2026-03-12 05:35:47  DEBUG     send_request_headers.started request=<Request [b'HEAD']>
2026-03-12 05:35:47  DEBUG     send_request_headers.complete
2026-03-12 05:35:47  DEBUG     send_request_body.started request=<Request [b'HEAD']>
2026-03-12 05:35:47  DEBUG     send_request_body.complete
2026-03-12 05:35:47  DEBUG     receive_response_headers.started request=<Request [b'HEAD']>
2026-03-12 05:35:47  DEBUG     receive_response_headers.complete return_value=(b'HTTP/1.1', 307, b'Temporary Redirect', [(b'Content-Type', b'text/plain; charset=utf-8'), (b'Content-Length', b'280'), (b'Connection', b'keep-alive'), (b'Date', b'Thu, 12 Mar 2026 09:35:47 GMT'), (b'Location', b'/api/resolve-cache/models/microsoft/Florence-2-base/5ca5edf5bd017b9919c05d08aebef5e4c7ac3bac/preprocessor_config.json?%2Fmicrosoft%2FFlorence-2-base%2Fresolve%2Fmain%2Fpreprocessor_config.json=&etag=%2285cd7be3568df661ad536b6ab20d59b08ba079ae%22'), (b'X-Powered-By', b'huggingface-moon'), (b'X-Request-Id', b'Root=1-69b288f3-0ad7caa16d7c39ec1312fe8f;c46a37ba-fc6b-48e2-8502-7eee32b4e8af'), (b'RateLimit', b'"resolvers";r=2998;t=117'), (b'RateLimit-Policy', b'"fixed window";"resolvers";q=3000;w=300'), (b'cross-origin-opener-policy', b'same-origin'), (b'Referrer-Policy', b'strict-origin-when-cross-origin'), (b'Access-Control-Max-Age', b'86400'), (b'Access-Control-Allow-Origin', b'https://huggingface.co'), (b'Vary', b'Origin, Accept'), (b'Access-Control-Expose-Headers', b'X-Repo-Commit,X-Request-Id,X-Error-Code,X-Error-Message,X-Total-Count,ETag,Link,Accept-Ranges,Content-Range,X-Linked-Size,X-Linked-ETag,X-Xet-Hash'), (b'X-Repo-Commit', b'5ca5edf5bd017b9919c05d08aebef5e4c7ac3bac'), (b'Accept-Ranges', b'bytes'), (b'X-Hub-Cache', b'HIT'), (b'Content-Disposition', b'inline; filename*=UTF-8\'\'preprocessor_config.json; filename="preprocessor_config.json";'), (b'Content-Security-Policy', b"default-src 'none'; sandbox"), (b'X-Linked-ETag', b'"85cd7be3568df661ad536b6ab20d59b08ba079ae"'), (b'X-Cache', b'Miss from cloudfront'), (b'Via', b'1.1 e0e949594cce7c263bdabed0c4ea0c9c.cloudfront.net (CloudFront)'), (b'X-Amz-Cf-Pop', b'ATL59-P13'), (b'X-Amz-Cf-Id', b'Pl8aK9db4iuhCZr_ChcTyT1NjhNVQBuuiqb5doXdRnCX31VfxpiXYw==')])
2026-03-12 05:35:47  INFO      HTTP Request: HEAD https://huggingface.co/microsoft/Florence-2-base/resolve/main/preprocessor_config.json "HTTP/1.1 307 Temporary Redirect"
2026-03-12 05:35:47  DEBUG     receive_response_body.started request=<Request [b'HEAD']>
2026-03-12 05:35:47  DEBUG     receive_response_body.complete
2026-03-12 05:35:47  DEBUG     response_closed.started
2026-03-12 05:35:47  DEBUG     response_closed.complete
2026-03-12 05:35:47  DEBUG     send_request_headers.started request=<Request [b'HEAD']>
2026-03-12 05:35:47  DEBUG     send_request_headers.complete
2026-03-12 05:35:47  DEBUG     send_request_body.started request=<Request [b'HEAD']>
2026-03-12 05:35:47  DEBUG     send_request_body.complete
2026-03-12 05:35:47  DEBUG     receive_response_headers.started request=<Request [b'HEAD']>
2026-03-12 05:35:47  DEBUG     receive_response_headers.complete return_value=(b'HTTP/1.1', 200, b'OK', [(b'Content-Type', b'text/plain; charset=utf-8'), (b'Content-Length', b'806'), (b'Connection', b'keep-alive'), (b'Date', b'Tue, 27 Jan 2026 01:41:37 GMT'), (b'ETag', b'"85cd7be3568df661ad536b6ab20d59b08ba079ae"'), (b'X-Powered-By', b'huggingface-moon'), (b'X-Request-Id', b'Root=1-697817d0-059260574dd4c8de754bd81a;3efadae7-e406-40ec-9d8a-654040c73720'), (b'RateLimit', b'"resolvers";r=2998;t=196'), (b'RateLimit-Policy', b'"fixed window";"resolvers";q=3000;w=300'), (b'cross-origin-opener-policy', b'same-origin'), (b'Referrer-Policy', b'strict-origin-when-cross-origin'), (b'Access-Control-Max-Age', b'86400'), (b'Access-Control-Allow-Origin', b'https://huggingface.co'), (b'Access-Control-Expose-Headers', b'X-Repo-Commit,X-Request-Id,X-Error-Code,X-Error-Message,X-Total-Count,ETag,Link,Accept-Ranges,Content-Range,X-Linked-Size,X-Linked-ETag,X-Xet-Hash'), (b'X-Repo-Commit', b'5ca5edf5bd017b9919c05d08aebef5e4c7ac3bac'), (b'Accept-Ranges', b'bytes'), (b'Content-Disposition', b'inline; filename*=UTF-8\'\'preprocessor_config.json; filename="preprocessor_config.json";'), (b'Content-Security-Policy', b"default-src 'none'; sandbox"), (b'Vary', b'Origin'), (b'X-Cache', b'Hit from cloudfront'), (b'Via', b'1.1 e0e949594cce7c263bdabed0c4ea0c9c.cloudfront.net (CloudFront)'), (b'X-Amz-Cf-Pop', b'ATL59-P13'), (b'X-Amz-Cf-Id', b'2pGvGoGAsI-QKKAq8CHg9JR0ndeY7czWeu395O77SsfIXUZpM8RgWA=='), (b'Age', b'3830050')])
2026-03-12 05:35:47  INFO      HTTP Request: HEAD https://huggingface.co/api/resolve-cache/models/microsoft/Florence-2-base/5ca5edf5bd017b9919c05d08aebef5e4c7ac3bac/preprocessor_config.json "HTTP/1.1 200 OK"
2026-03-12 05:35:47  DEBUG     receive_response_body.started request=<Request [b'HEAD']>
2026-03-12 05:35:47  DEBUG     receive_response_body.complete
2026-03-12 05:35:47  DEBUG     response_closed.started
2026-03-12 05:35:47  DEBUG     response_closed.complete
2026-03-12 05:35:47  DEBUG     send_request_headers.started request=<Request [b'HEAD']>
2026-03-12 05:35:47  DEBUG     send_request_headers.complete
2026-03-12 05:35:47  DEBUG     send_request_body.started request=<Request [b'HEAD']>
2026-03-12 05:35:47  DEBUG     send_request_body.complete
2026-03-12 05:35:47  DEBUG     receive_response_headers.started request=<Request [b'HEAD']>
2026-03-12 05:35:47  DEBUG     receive_response_headers.complete return_value=(b'HTTP/1.1', 404, b'Not Found', [(b'Content-Type', b'text/plain; charset=utf-8'), (b'Content-Length', b'15'), (b'Connection', b'keep-alive'), (b'Date', b'Thu, 12 Mar 2026 09:35:47 GMT'), (b'ETag', b'W/"f-mY2VvLxuxB7KhsoOdQTlMTccuAQ"'), (b'X-Powered-By', b'huggingface-moon'), (b'X-Request-Id', b'Root=1-69b288f3-59f15be91828e07225cdbc90;b2aa85f3-667a-4f6f-b122-9bda49c19691'), (b'RateLimit', b'"resolvers";r=2997;t=117'), (b'RateLimit-Policy', b'"fixed window";"resolvers";q=3000;w=300'), (b'cross-origin-opener-policy', b'same-origin'), (b'Referrer-Policy', b'strict-origin-when-cross-origin'), (b'Access-Control-Max-Age', b'86400'), (b'Access-Control-Allow-Origin', b'https://huggingface.co'), (b'Vary', b'Origin'), (b'Access-Control-Expose-Headers', b'X-Repo-Commit,X-Request-Id,X-Error-Code,X-Error-Message,X-Total-Count,ETag,Link,Accept-Ranges,Content-Range,X-Linked-Size,X-Linked-ETag,X-Xet-Hash'), (b'X-Repo-Commit', b'5ca5edf5bd017b9919c05d08aebef5e4c7ac3bac'), (b'Accept-Ranges', b'bytes'), (b'X-Hub-Cache', b'MISS'), (b'X-Error-Code', b'EntryNotFound'), (b'X-Error-Message', b'Entry not found'), (b'X-Cache', b'Error from cloudfront'), (b'Via', b'1.1 e0e949594cce7c263bdabed0c4ea0c9c.cloudfront.net (CloudFront)'), (b'X-Amz-Cf-Pop', b'ATL59-P13'), (b'X-Amz-Cf-Id', b'Y30zoxtgxKlpEQU4oqjdD-2Q-T0qe0Y2ta9UeS1JPwDevFf2h8QPdg==')])
2026-03-12 05:35:47  INFO      HTTP Request: HEAD https://huggingface.co/microsoft/Florence-2-base/resolve/main/processor_config.json "HTTP/1.1 404 Not Found"
2026-03-12 05:35:47  DEBUG     receive_response_body.started request=<Request [b'HEAD']>
2026-03-12 05:35:47  DEBUG     receive_response_body.complete
2026-03-12 05:35:47  DEBUG     response_closed.started
2026-03-12 05:35:47  DEBUG     response_closed.complete
2026-03-12 05:35:47  DEBUG     send_request_headers.started request=<Request [b'HEAD']>
2026-03-12 05:35:47  DEBUG     send_request_headers.complete
2026-03-12 05:35:47  DEBUG     send_request_body.started request=<Request [b'HEAD']>
2026-03-12 05:35:47  DEBUG     send_request_body.complete
2026-03-12 05:35:47  DEBUG     receive_response_headers.started request=<Request [b'HEAD']>
2026-03-12 05:35:47  DEBUG     receive_response_headers.complete return_value=(b'HTTP/1.1', 307, b'Temporary Redirect', [(b'Content-Type', b'text/plain; charset=utf-8'), (b'Content-Length', b'280'), (b'Connection', b'keep-alive'), (b'Date', b'Thu, 12 Mar 2026 09:35:47 GMT'), (b'Location', b'/api/resolve-cache/models/microsoft/Florence-2-base/5ca5edf5bd017b9919c05d08aebef5e4c7ac3bac/preprocessor_config.json?%2Fmicrosoft%2FFlorence-2-base%2Fresolve%2Fmain%2Fpreprocessor_config.json=&etag=%2285cd7be3568df661ad536b6ab20d59b08ba079ae%22'), (b'X-Powered-By', b'huggingface-moon'), (b'X-Request-Id', b'Root=1-69b288f3-6723f99e184d333278b2e279;0daa0680-5205-44a9-b951-002b7b3f4453'), (b'RateLimit', b'"resolvers";r=2996;t=117'), (b'RateLimit-Policy', b'"fixed window";"resolvers";q=3000;w=300'), (b'cross-origin-opener-policy', b'same-origin'), (b'Referrer-Policy', b'strict-origin-when-cross-origin'), (b'Access-Control-Max-Age', b'86400'), (b'Access-Control-Allow-Origin', b'https://huggingface.co'), (b'Vary', b'Origin, Accept'), (b'Access-Control-Expose-Headers', b'X-Repo-Commit,X-Request-Id,X-Error-Code,X-Error-Message,X-Total-Count,ETag,Link,Accept-Ranges,Content-Range,X-Linked-Size,X-Linked-ETag,X-Xet-Hash'), (b'X-Repo-Commit', b'5ca5edf5bd017b9919c05d08aebef5e4c7ac3bac'), (b'Accept-Ranges', b'bytes'), (b'X-HF-Warning', b'unauthenticated; Warning: You are sending unauthenticated requests to the HF Hub. Please set a HF_TOKEN to enable higher rate limits and faster downloads.'), (b'X-Hub-Cache', b'HIT'), (b'Content-Disposition', b'inline; filename*=UTF-8\'\'preprocessor_config.json; filename="preprocessor_config.json";'), (b'Content-Security-Policy', b"default-src 'none'; sandbox"), (b'X-Linked-ETag', b'"85cd7be3568df661ad536b6ab20d59b08ba079ae"'), (b'X-Cache', b'Miss from cloudfront'), (b'Via', b'1.1 e0e949594cce7c263bdabed0c4ea0c9c.cloudfront.net (CloudFront)'), (b'X-Amz-Cf-Pop', b'ATL59-P13'), (b'X-Amz-Cf-Id', b'xfosEdq8bHZ4dHIRYacLhfLwbkdai5plY0vUHIaSQ-PSN58GHWKcgg==')])
2026-03-12 05:35:47  INFO      HTTP Request: HEAD https://huggingface.co/microsoft/Florence-2-base/resolve/main/preprocessor_config.json "HTTP/1.1 307 Temporary Redirect"
2026-03-12 05:35:47  DEBUG     receive_response_body.started request=<Request [b'HEAD']>
2026-03-12 05:35:47  DEBUG     receive_response_body.complete
2026-03-12 05:35:47  DEBUG     response_closed.started
2026-03-12 05:35:47  DEBUG     response_closed.complete
2026-03-12 05:35:47  WARNING   Warning: You are sending unauthenticated requests to the HF Hub. Please set a HF_TOKEN to enable higher rate limits and faster downloads.
2026-03-12 05:35:47  DEBUG     send_request_headers.started request=<Request [b'HEAD']>
2026-03-12 05:35:47  DEBUG     send_request_headers.complete
2026-03-12 05:35:47  DEBUG     send_request_body.started request=<Request [b'HEAD']>
2026-03-12 05:35:47  DEBUG     send_request_body.complete
2026-03-12 05:35:47  DEBUG     receive_response_headers.started request=<Request [b'HEAD']>
2026-03-12 05:35:47  DEBUG     receive_response_headers.complete return_value=(b'HTTP/1.1', 200, b'OK', [(b'Content-Type', b'text/plain; charset=utf-8'), (b'Content-Length', b'806'), (b'Connection', b'keep-alive'), (b'Date', b'Fri, 29 Aug 2025 11:01:00 GMT'), (b'ETag', b'"85cd7be3568df661ad536b6ab20d59b08ba079ae"'), (b'X-Powered-By', b'huggingface-moon'), (b'cross-origin-opener-policy', b'same-origin'), (b'Referrer-Policy', b'strict-origin-when-cross-origin'), (b'X-Request-Id', b'Root=1-68b1886c-3d4f6bff3d722a4d12726afd;ef87aadc-03fd-42a9-938c-074af063b721'), (b'Access-Control-Allow-Origin', b'https://huggingface.co'), (b'Access-Control-Expose-Headers', b'X-Repo-Commit,X-Request-Id,X-Error-Code,X-Error-Message,X-Total-Count,ETag,Link,Accept-Ranges,Content-Range,X-Linked-Size,X-Linked-ETag,X-Xet-Hash'), (b'X-Repo-Commit', b'5ca5edf5bd017b9919c05d08aebef5e4c7ac3bac'), (b'Accept-Ranges', b'bytes'), (b'Content-Disposition', b'inline; filename*=UTF-8\'\'preprocessor_config.json; filename="preprocessor_config.json";'), (b'Content-Security-Policy', b"default-src 'none'; sandbox"), (b'Vary', b'Origin'), (b'X-Cache', b'Hit from cloudfront'), (b'Via', b'1.1 e0e949594cce7c263bdabed0c4ea0c9c.cloudfront.net (CloudFront)'), (b'X-Amz-Cf-Pop', b'ATL59-P13'), (b'X-Amz-Cf-Id', b'5swDuWy4B4dPrOP5_LzQFiOzXJTmm9KA8Dv3Bm7Txm7hf-_pPdvuZg=='), (b'Age', b'16842887')])
2026-03-12 05:35:47  INFO      HTTP Request: HEAD https://huggingface.co/api/resolve-cache/models/microsoft/Florence-2-base/5ca5edf5bd017b9919c05d08aebef5e4c7ac3bac/preprocessor_config.json "HTTP/1.1 200 OK"
2026-03-12 05:35:47  DEBUG     receive_response_body.started request=<Request [b'HEAD']>
2026-03-12 05:35:47  DEBUG     receive_response_body.complete
2026-03-12 05:35:47  DEBUG     response_closed.started
2026-03-12 05:35:47  DEBUG     response_closed.complete
2026-03-12 05:35:47  DEBUG     send_request_headers.started request=<Request [b'HEAD']>
2026-03-12 05:35:47  DEBUG     send_request_headers.complete
2026-03-12 05:35:47  DEBUG     send_request_body.started request=<Request [b'HEAD']>
2026-03-12 05:35:47  DEBUG     send_request_body.complete
2026-03-12 05:35:47  DEBUG     receive_response_headers.started request=<Request [b'HEAD']>
2026-03-12 05:35:47  DEBUG     receive_response_headers.complete return_value=(b'HTTP/1.1', 307, b'Temporary Redirect', [(b'Content-Type', b'text/plain; charset=utf-8'), (b'Content-Length', b'278'), (b'Connection', b'keep-alive'), (b'Date', b'Thu, 12 Mar 2026 09:35:47 GMT'), (b'Location', b'/api/resolve-cache/models/microsoft/Florence-2-base/5ca5edf5bd017b9919c05d08aebef5e4c7ac3bac/processing_florence2.py?%2Fmicrosoft%2FFlorence-2-base%2Fresolve%2Fmain%2Fprocessing_florence2.py=&etag=%223cd9815895c8c2b355f1e07ff983186f1e05c9e9%22'), (b'X-Powered-By', b'huggingface-moon'), (b'X-Request-Id', b'Root=1-69b288f3-23fd4f27346ff5e86d8e3c41;1edf394f-502c-46c7-8cef-ff5d7159ab7b'), (b'RateLimit', b'"resolvers";r=2995;t=117'), (b'RateLimit-Policy', b'"fixed window";"resolvers";q=3000;w=300'), (b'cross-origin-opener-policy', b'same-origin'), (b'Referrer-Policy', b'strict-origin-when-cross-origin'), (b'Access-Control-Max-Age', b'86400'), (b'Access-Control-Allow-Origin', b'https://huggingface.co'), (b'Vary', b'Origin, Accept'), (b'Access-Control-Expose-Headers', b'X-Repo-Commit,X-Request-Id,X-Error-Code,X-Error-Message,X-Total-Count,ETag,Link,Accept-Ranges,Content-Range,X-Linked-Size,X-Linked-ETag,X-Xet-Hash'), (b'X-Repo-Commit', b'5ca5edf5bd017b9919c05d08aebef5e4c7ac3bac'), (b'Accept-Ranges', b'bytes'), (b'X-Hub-Cache', b'HIT'), (b'Content-Disposition', b'inline; filename*=UTF-8\'\'processing_florence2.py; filename="processing_florence2.py";'), (b'Content-Security-Policy', b"default-src 'none'; sandbox"), (b'X-Linked-ETag', b'"3cd9815895c8c2b355f1e07ff983186f1e05c9e9"'), (b'X-Cache', b'Miss from cloudfront'), (b'Via', b'1.1 e0e949594cce7c263bdabed0c4ea0c9c.cloudfront.net (CloudFront)'), (b'X-Amz-Cf-Pop', b'ATL59-P13'), (b'X-Amz-Cf-Id', b'RQf5cX2pxW6lQ4X0IGeFVsYMIYb9doMoPjvSj4H4adAitUBgvHm2Cw==')])
2026-03-12 05:35:47  INFO      HTTP Request: HEAD https://huggingface.co/microsoft/Florence-2-base/resolve/main/processing_florence2.py "HTTP/1.1 307 Temporary Redirect"
2026-03-12 05:35:47  DEBUG     receive_response_body.started request=<Request [b'HEAD']>
2026-03-12 05:35:47  DEBUG     receive_response_body.complete
2026-03-12 05:35:47  DEBUG     response_closed.started
2026-03-12 05:35:47  DEBUG     response_closed.complete
2026-03-12 05:35:47  DEBUG     send_request_headers.started request=<Request [b'HEAD']>
2026-03-12 05:35:47  DEBUG     send_request_headers.complete
2026-03-12 05:35:47  DEBUG     send_request_body.started request=<Request [b'HEAD']>
2026-03-12 05:35:47  DEBUG     send_request_body.complete
2026-03-12 05:35:47  DEBUG     receive_response_headers.started request=<Request [b'HEAD']>
2026-03-12 05:35:47  DEBUG     receive_response_headers.complete return_value=(b'HTTP/1.1', 200, b'OK', [(b'Content-Type', b'text/plain; charset=utf-8'), (b'Content-Length', b'48676'), (b'Connection', b'keep-alive'), (b'Date', b'Tue, 27 Jan 2026 01:41:37 GMT'), (b'ETag', b'"3cd9815895c8c2b355f1e07ff983186f1e05c9e9"'), (b'X-Powered-By', b'huggingface-moon'), (b'X-Request-Id', b'Root=1-697817d1-2010b7734ab967d303e2217d;477500f6-2525-48f6-abf8-0aa01b00427e'), (b'RateLimit', b'"resolvers";r=2998;t=79'), (b'RateLimit-Policy', b'"fixed window";"resolvers";q=3000;w=300'), (b'cross-origin-opener-policy', b'same-origin'), (b'Referrer-Policy', b'strict-origin-when-cross-origin'), (b'Access-Control-Max-Age', b'86400'), (b'Access-Control-Allow-Origin', b'https://huggingface.co'), (b'Access-Control-Expose-Headers', b'X-Repo-Commit,X-Request-Id,X-Error-Code,X-Error-Message,X-Total-Count,ETag,Link,Accept-Ranges,Content-Range,X-Linked-Size,X-Linked-ETag,X-Xet-Hash'), (b'X-Repo-Commit', b'5ca5edf5bd017b9919c05d08aebef5e4c7ac3bac'), (b'Accept-Ranges', b'bytes'), (b'Content-Disposition', b'inline; filename*=UTF-8\'\'processing_florence2.py; filename="processing_florence2.py";'), (b'Content-Security-Policy', b"default-src 'none'; sandbox"), (b'Vary', b'Origin'), (b'X-Cache', b'Hit from cloudfront'), (b'Via', b'1.1 e0e949594cce7c263bdabed0c4ea0c9c.cloudfront.net (CloudFront)'), (b'X-Amz-Cf-Pop', b'ATL59-P13'), (b'X-Amz-Cf-Id', b'B7QJ6cm5Hrg3LMutEUoGEXGPd718JUafnBv0ockpD0UJ3FGcZpiDFA=='), (b'Age', b'3830050')])
2026-03-12 05:35:47  INFO      HTTP Request: HEAD https://huggingface.co/api/resolve-cache/models/microsoft/Florence-2-base/5ca5edf5bd017b9919c05d08aebef5e4c7ac3bac/processing_florence2.py "HTTP/1.1 200 OK"
2026-03-12 05:35:47  DEBUG     receive_response_body.started request=<Request [b'HEAD']>
2026-03-12 05:35:47  DEBUG     receive_response_body.complete
2026-03-12 05:35:47  DEBUG     response_closed.started
2026-03-12 05:35:47  DEBUG     response_closed.complete
2026-03-12 05:35:48  DEBUG     send_request_headers.started request=<Request [b'GET']>
2026-03-12 05:35:48  DEBUG     send_request_headers.complete
2026-03-12 05:35:48  DEBUG     send_request_body.started request=<Request [b'GET']>
2026-03-12 05:35:48  DEBUG     send_request_body.complete
2026-03-12 05:35:48  DEBUG     receive_response_headers.started request=<Request [b'GET']>
2026-03-12 05:35:48  DEBUG     receive_response_headers.complete return_value=(b'HTTP/1.1', 404, b'Not Found', [(b'Content-Type', b'application/json; charset=utf-8'), (b'Content-Length', b'64'), (b'Connection', b'keep-alive'), (b'Date', b'Thu, 12 Mar 2026 09:35:48 GMT'), (b'ETag', b'W/"40-09f9IAqP13xarAhQxFS2W8rvRkM"'), (b'X-Powered-By', b'huggingface-moon'), (b'X-Request-Id', b'Root=1-69b288f4-706d31f4256f998646ac47f7;5c0ba0e2-f309-46ea-bba1-ffa8e0aae200'), (b'RateLimit', b'"api";r=499;t=116'), (b'RateLimit-Policy', b'"fixed window";"api";q=500;w=300'), (b'cross-origin-opener-policy', b'same-origin'), (b'Referrer-Policy', b'strict-origin-when-cross-origin'), (b'Access-Control-Max-Age', b'86400'), (b'Access-Control-Allow-Origin', b'https://huggingface.co'), (b'Vary', b'Origin'), (b'Access-Control-Expose-Headers', b'X-Repo-Commit,X-Request-Id,X-Error-Code,X-Error-Message,X-Total-Count,ETag,Link,Accept-Ranges,Content-Range,X-Linked-Size,X-Linked-ETag,X-Xet-Hash'), (b'X-Error-Code', b'EntryNotFound'), (b'X-Error-Message', b'additional_chat_templates does not exist on "main"'), (b'X-Cache', b'Error from cloudfront'), (b'Via', b'1.1 e0e949594cce7c263bdabed0c4ea0c9c.cloudfront.net (CloudFront)'), (b'X-Amz-Cf-Pop', b'ATL59-P13'), (b'X-Amz-Cf-Id', b'-GUOb1yCeVhZHoUS05PHPWsj0qHimkf0qih2ImBE7oXhz53ZZZRYlw==')])
2026-03-12 05:35:48  INFO      HTTP Request: GET https://huggingface.co/api/models/microsoft/Florence-2-base/tree/main/additional_chat_templates?recursive=false&expand=false "HTTP/1.1 404 Not Found"
2026-03-12 05:35:48  DEBUG     receive_response_body.started request=<Request [b'GET']>
2026-03-12 05:35:48  DEBUG     receive_response_body.complete
2026-03-12 05:35:48  DEBUG     response_closed.started
2026-03-12 05:35:48  DEBUG     response_closed.complete
2026-03-12 05:35:48  DEBUG     send_request_headers.started request=<Request [b'HEAD']>
2026-03-12 05:35:48  DEBUG     send_request_headers.complete
2026-03-12 05:35:48  DEBUG     send_request_body.started request=<Request [b'HEAD']>
2026-03-12 05:35:48  DEBUG     send_request_body.complete
2026-03-12 05:35:48  DEBUG     receive_response_headers.started request=<Request [b'HEAD']>
2026-03-12 05:35:48  DEBUG     receive_response_headers.complete return_value=(b'HTTP/1.1', 404, b'Not Found', [(b'Content-Type', b'text/plain; charset=utf-8'), (b'Content-Length', b'15'), (b'Connection', b'keep-alive'), (b'Date', b'Thu, 12 Mar 2026 09:35:48 GMT'), (b'ETag', b'W/"f-mY2VvLxuxB7KhsoOdQTlMTccuAQ"'), (b'X-Powered-By', b'huggingface-moon'), (b'X-Request-Id', b'Root=1-69b288f4-1ada27c82c57fd1243f11c76;af7d654f-4523-493e-b89a-030591618783'), (b'RateLimit', b'"resolvers";r=2994;t=116'), (b'RateLimit-Policy', b'"fixed window";"resolvers";q=3000;w=300'), (b'cross-origin-opener-policy', b'same-origin'), (b'Referrer-Policy', b'strict-origin-when-cross-origin'), (b'Access-Control-Max-Age', b'86400'), (b'Access-Control-Allow-Origin', b'https://huggingface.co'), (b'Vary', b'Origin'), (b'Access-Control-Expose-Headers', b'X-Repo-Commit,X-Request-Id,X-Error-Code,X-Error-Message,X-Total-Count,ETag,Link,Accept-Ranges,Content-Range,X-Linked-Size,X-Linked-ETag,X-Xet-Hash'), (b'X-Repo-Commit', b'5ca5edf5bd017b9919c05d08aebef5e4c7ac3bac'), (b'Accept-Ranges', b'bytes'), (b'X-Hub-Cache', b'MISS'), (b'X-Error-Code', b'EntryNotFound'), (b'X-Error-Message', b'Entry not found'), (b'X-Cache', b'Error from cloudfront'), (b'Via', b'1.1 e0e949594cce7c263bdabed0c4ea0c9c.cloudfront.net (CloudFront)'), (b'X-Amz-Cf-Pop', b'ATL59-P13'), (b'X-Amz-Cf-Id', b'fZQ1hFwPvxGljmij9SaqHXVRRNKVB8RBhSVamv0uMOjV3XPHpMXWrw==')])
2026-03-12 05:35:48  INFO      HTTP Request: HEAD https://huggingface.co/microsoft/Florence-2-base/resolve/main/processor_config.json "HTTP/1.1 404 Not Found"
2026-03-12 05:35:48  DEBUG     receive_response_body.started request=<Request [b'HEAD']>
2026-03-12 05:35:48  DEBUG     receive_response_body.complete
2026-03-12 05:35:48  DEBUG     response_closed.started
2026-03-12 05:35:48  DEBUG     response_closed.complete
2026-03-12 05:35:48  DEBUG     send_request_headers.started request=<Request [b'HEAD']>
2026-03-12 05:35:48  DEBUG     send_request_headers.complete
2026-03-12 05:35:48  DEBUG     send_request_body.started request=<Request [b'HEAD']>
2026-03-12 05:35:48  DEBUG     send_request_body.complete
2026-03-12 05:35:48  DEBUG     receive_response_headers.started request=<Request [b'HEAD']>
2026-03-12 05:35:48  DEBUG     receive_response_headers.complete return_value=(b'HTTP/1.1', 404, b'Not Found', [(b'Content-Type', b'text/plain; charset=utf-8'), (b'Content-Length', b'15'), (b'Connection', b'keep-alive'), (b'Date', b'Thu, 12 Mar 2026 09:35:48 GMT'), (b'ETag', b'W/"f-mY2VvLxuxB7KhsoOdQTlMTccuAQ"'), (b'X-Powered-By', b'huggingface-moon'), (b'X-Request-Id', b'Root=1-69b288f4-527e96f4148f078f26dc55bb;2368ff72-87fb-4b38-9f7b-b7a7b3810f58'), (b'RateLimit', b'"resolvers";r=2993;t=116'), (b'RateLimit-Policy', b'"fixed window";"resolvers";q=3000;w=300'), (b'cross-origin-opener-policy', b'same-origin'), (b'Referrer-Policy', b'strict-origin-when-cross-origin'), (b'Access-Control-Max-Age', b'86400'), (b'Access-Control-Allow-Origin', b'https://huggingface.co'), (b'Vary', b'Origin'), (b'Access-Control-Expose-Headers', b'X-Repo-Commit,X-Request-Id,X-Error-Code,X-Error-Message,X-Total-Count,ETag,Link,Accept-Ranges,Content-Range,X-Linked-Size,X-Linked-ETag,X-Xet-Hash'), (b'X-Repo-Commit', b'5ca5edf5bd017b9919c05d08aebef5e4c7ac3bac'), (b'Accept-Ranges', b'bytes'), (b'X-HF-Warning', b'unauthenticated; Warning: You are sending unauthenticated requests to the HF Hub. Please set a HF_TOKEN to enable higher rate limits and faster downloads.'), (b'X-Hub-Cache', b'MISS'), (b'X-Error-Code', b'EntryNotFound'), (b'X-Error-Message', b'Entry not found'), (b'X-Cache', b'Error from cloudfront'), (b'Via', b'1.1 e0e949594cce7c263bdabed0c4ea0c9c.cloudfront.net (CloudFront)'), (b'X-Amz-Cf-Pop', b'ATL59-P13'), (b'X-Amz-Cf-Id', b'fzfzljrAfJurw6NUv9S8PrmPsqYWVU1NZ8ISlgqUkCiw6i6xqkqDsg==')])
2026-03-12 05:35:48  INFO      HTTP Request: HEAD https://huggingface.co/microsoft/Florence-2-base/resolve/main/chat_template.json "HTTP/1.1 404 Not Found"
2026-03-12 05:35:48  DEBUG     receive_response_body.started request=<Request [b'HEAD']>
2026-03-12 05:35:48  DEBUG     receive_response_body.complete
2026-03-12 05:35:48  DEBUG     response_closed.started
2026-03-12 05:35:48  DEBUG     response_closed.complete
2026-03-12 05:35:48  DEBUG     send_request_headers.started request=<Request [b'HEAD']>
2026-03-12 05:35:48  DEBUG     send_request_headers.complete
2026-03-12 05:35:48  DEBUG     send_request_body.started request=<Request [b'HEAD']>
2026-03-12 05:35:48  DEBUG     send_request_body.complete
2026-03-12 05:35:48  DEBUG     receive_response_headers.started request=<Request [b'HEAD']>
2026-03-12 05:35:48  DEBUG     receive_response_headers.complete return_value=(b'HTTP/1.1', 404, b'Not Found', [(b'Content-Type', b'text/plain; charset=utf-8'), (b'Content-Length', b'15'), (b'Connection', b'keep-alive'), (b'Date', b'Thu, 12 Mar 2026 09:35:48 GMT'), (b'ETag', b'W/"f-mY2VvLxuxB7KhsoOdQTlMTccuAQ"'), (b'X-Powered-By', b'huggingface-moon'), (b'X-Request-Id', b'Root=1-69b288f4-3a2ed82c75d13cca2d095112;5258768c-d75d-4050-9e0d-aa08f1212c6b'), (b'RateLimit', b'"resolvers";r=2992;t=116'), (b'RateLimit-Policy', b'"fixed window";"resolvers";q=3000;w=300'), (b'cross-origin-opener-policy', b'same-origin'), (b'Referrer-Policy', b'strict-origin-when-cross-origin'), (b'Access-Control-Max-Age', b'86400'), (b'Access-Control-Allow-Origin', b'https://huggingface.co'), (b'Vary', b'Origin'), (b'Access-Control-Expose-Headers', b'X-Repo-Commit,X-Request-Id,X-Error-Code,X-Error-Message,X-Total-Count,ETag,Link,Accept-Ranges,Content-Range,X-Linked-Size,X-Linked-ETag,X-Xet-Hash'), (b'X-Repo-Commit', b'5ca5edf5bd017b9919c05d08aebef5e4c7ac3bac'), (b'Accept-Ranges', b'bytes'), (b'X-Hub-Cache', b'MISS'), (b'X-Error-Code', b'EntryNotFound'), (b'X-Error-Message', b'Entry not found'), (b'X-Cache', b'Error from cloudfront'), (b'Via', b'1.1 e0e949594cce7c263bdabed0c4ea0c9c.cloudfront.net (CloudFront)'), (b'X-Amz-Cf-Pop', b'ATL59-P13'), (b'X-Amz-Cf-Id', b'rCWz023YioHJBu37A8DSNaWavWeEKOZ3CL9_fI8yF7NHT__ilF0crQ==')])
2026-03-12 05:35:48  INFO      HTTP Request: HEAD https://huggingface.co/microsoft/Florence-2-base/resolve/main/chat_template.jinja "HTTP/1.1 404 Not Found"
2026-03-12 05:35:48  DEBUG     receive_response_body.started request=<Request [b'HEAD']>
2026-03-12 05:35:48  DEBUG     receive_response_body.complete
2026-03-12 05:35:48  DEBUG     response_closed.started
2026-03-12 05:35:48  DEBUG     response_closed.complete
2026-03-12 05:35:48  DEBUG     send_request_headers.started request=<Request [b'HEAD']>
2026-03-12 05:35:48  DEBUG     send_request_headers.complete
2026-03-12 05:35:48  DEBUG     send_request_body.started request=<Request [b'HEAD']>
2026-03-12 05:35:48  DEBUG     send_request_body.complete
2026-03-12 05:35:48  DEBUG     receive_response_headers.started request=<Request [b'HEAD']>
2026-03-12 05:35:48  DEBUG     receive_response_headers.complete return_value=(b'HTTP/1.1', 404, b'Not Found', [(b'Content-Type', b'text/plain; charset=utf-8'), (b'Content-Length', b'15'), (b'Connection', b'keep-alive'), (b'Date', b'Thu, 12 Mar 2026 09:35:48 GMT'), (b'ETag', b'W/"f-mY2VvLxuxB7KhsoOdQTlMTccuAQ"'), (b'X-Powered-By', b'huggingface-moon'), (b'X-Request-Id', b'Root=1-69b288f4-2e6af7ed66def3201d82a1ca;251423e7-165f-4df6-b0eb-b5595e2f69c0'), (b'RateLimit', b'"resolvers";r=2991;t=116'), (b'RateLimit-Policy', b'"fixed window";"resolvers";q=3000;w=300'), (b'cross-origin-opener-policy', b'same-origin'), (b'Referrer-Policy', b'strict-origin-when-cross-origin'), (b'Access-Control-Max-Age', b'86400'), (b'Access-Control-Allow-Origin', b'https://huggingface.co'), (b'Vary', b'Origin'), (b'Access-Control-Expose-Headers', b'X-Repo-Commit,X-Request-Id,X-Error-Code,X-Error-Message,X-Total-Count,ETag,Link,Accept-Ranges,Content-Range,X-Linked-Size,X-Linked-ETag,X-Xet-Hash'), (b'X-Repo-Commit', b'5ca5edf5bd017b9919c05d08aebef5e4c7ac3bac'), (b'Accept-Ranges', b'bytes'), (b'X-Hub-Cache', b'MISS'), (b'X-Error-Code', b'EntryNotFound'), (b'X-Error-Message', b'Entry not found'), (b'X-Cache', b'Error from cloudfront'), (b'Via', b'1.1 e0e949594cce7c263bdabed0c4ea0c9c.cloudfront.net (CloudFront)'), (b'X-Amz-Cf-Pop', b'ATL59-P13'), (b'X-Amz-Cf-Id', b'Y0zrDNzI1-8T8koMpBmimV5NrdeopL7_DUCg6Gto2ywRV6btrDWvzQ==')])
2026-03-12 05:35:48  INFO      HTTP Request: HEAD https://huggingface.co/microsoft/Florence-2-base/resolve/main/audio_tokenizer_config.json "HTTP/1.1 404 Not Found"
2026-03-12 05:35:48  DEBUG     receive_response_body.started request=<Request [b'HEAD']>
2026-03-12 05:35:48  DEBUG     receive_response_body.complete
2026-03-12 05:35:48  DEBUG     response_closed.started
2026-03-12 05:35:48  DEBUG     response_closed.complete
2026-03-12 05:35:48  DEBUG     send_request_headers.started request=<Request [b'HEAD']>
2026-03-12 05:35:48  DEBUG     send_request_headers.complete
2026-03-12 05:35:48  DEBUG     send_request_body.started request=<Request [b'HEAD']>
2026-03-12 05:35:48  DEBUG     send_request_body.complete
2026-03-12 05:35:48  DEBUG     receive_response_headers.started request=<Request [b'HEAD']>
2026-03-12 05:35:48  DEBUG     receive_response_headers.complete return_value=(b'HTTP/1.1', 404, b'Not Found', [(b'Content-Type', b'text/plain; charset=utf-8'), (b'Content-Length', b'15'), (b'Connection', b'keep-alive'), (b'Date', b'Thu, 12 Mar 2026 09:35:48 GMT'), (b'ETag', b'W/"f-mY2VvLxuxB7KhsoOdQTlMTccuAQ"'), (b'X-Powered-By', b'huggingface-moon'), (b'X-Request-Id', b'Root=1-69b288f4-0b69568c3074f97309a347c0;e5f2b5a4-09e4-49fb-b9e1-153e1671495b'), (b'RateLimit', b'"resolvers";r=2990;t=116'), (b'RateLimit-Policy', b'"fixed window";"resolvers";q=3000;w=300'), (b'cross-origin-opener-policy', b'same-origin'), (b'Referrer-Policy', b'strict-origin-when-cross-origin'), (b'Access-Control-Max-Age', b'86400'), (b'Access-Control-Allow-Origin', b'https://huggingface.co'), (b'Vary', b'Origin'), (b'Access-Control-Expose-Headers', b'X-Repo-Commit,X-Request-Id,X-Error-Code,X-Error-Message,X-Total-Count,ETag,Link,Accept-Ranges,Content-Range,X-Linked-Size,X-Linked-ETag,X-Xet-Hash'), (b'X-Repo-Commit', b'5ca5edf5bd017b9919c05d08aebef5e4c7ac3bac'), (b'Accept-Ranges', b'bytes'), (b'X-Hub-Cache', b'MISS'), (b'X-Error-Code', b'EntryNotFound'), (b'X-Error-Message', b'Entry not found'), (b'X-Cache', b'Error from cloudfront'), (b'Via', b'1.1 e0e949594cce7c263bdabed0c4ea0c9c.cloudfront.net (CloudFront)'), (b'X-Amz-Cf-Pop', b'ATL59-P13'), (b'X-Amz-Cf-Id', b'RUjlYxzZTQq5qmhPWAI5-zzB3QceziX9fUy8uFtkVr3esc2gSHuJEg==')])
2026-03-12 05:35:48  INFO      HTTP Request: HEAD https://huggingface.co/microsoft/Florence-2-base/resolve/main/processor_config.json "HTTP/1.1 404 Not Found"
2026-03-12 05:35:48  DEBUG     receive_response_body.started request=<Request [b'HEAD']>
2026-03-12 05:35:48  DEBUG     receive_response_body.complete
2026-03-12 05:35:48  DEBUG     response_closed.started
2026-03-12 05:35:48  DEBUG     response_closed.complete
2026-03-12 05:35:48  DEBUG     send_request_headers.started request=<Request [b'HEAD']>
2026-03-12 05:35:48  DEBUG     send_request_headers.complete
2026-03-12 05:35:48  DEBUG     send_request_body.started request=<Request [b'HEAD']>
2026-03-12 05:35:48  DEBUG     send_request_body.complete
2026-03-12 05:35:48  DEBUG     receive_response_headers.started request=<Request [b'HEAD']>
2026-03-12 05:35:48  DEBUG     receive_response_headers.complete return_value=(b'HTTP/1.1', 307, b'Temporary Redirect', [(b'Content-Type', b'text/plain; charset=utf-8'), (b'Content-Length', b'280'), (b'Connection', b'keep-alive'), (b'Date', b'Thu, 12 Mar 2026 09:35:48 GMT'), (b'Location', b'/api/resolve-cache/models/microsoft/Florence-2-base/5ca5edf5bd017b9919c05d08aebef5e4c7ac3bac/preprocessor_config.json?%2Fmicrosoft%2FFlorence-2-base%2Fresolve%2Fmain%2Fpreprocessor_config.json=&etag=%2285cd7be3568df661ad536b6ab20d59b08ba079ae%22'), (b'X-Powered-By', b'huggingface-moon'), (b'X-Request-Id', b'Root=1-69b288f4-3e31353c1e06a0e12e86b4bf;7698c657-9051-47f0-bb38-89e749916cf5'), (b'RateLimit', b'"resolvers";r=2989;t=116'), (b'RateLimit-Policy', b'"fixed window";"resolvers";q=3000;w=300'), (b'cross-origin-opener-policy', b'same-origin'), (b'Referrer-Policy', b'strict-origin-when-cross-origin'), (b'Access-Control-Max-Age', b'86400'), (b'Access-Control-Allow-Origin', b'https://huggingface.co'), (b'Vary', b'Origin, Accept'), (b'Access-Control-Expose-Headers', b'X-Repo-Commit,X-Request-Id,X-Error-Code,X-Error-Message,X-Total-Count,ETag,Link,Accept-Ranges,Content-Range,X-Linked-Size,X-Linked-ETag,X-Xet-Hash'), (b'X-Repo-Commit', b'5ca5edf5bd017b9919c05d08aebef5e4c7ac3bac'), (b'Accept-Ranges', b'bytes'), (b'X-Hub-Cache', b'HIT'), (b'Content-Disposition', b'inline; filename*=UTF-8\'\'preprocessor_config.json; filename="preprocessor_config.json";'), (b'Content-Security-Policy', b"default-src 'none'; sandbox"), (b'X-Linked-ETag', b'"85cd7be3568df661ad536b6ab20d59b08ba079ae"'), (b'X-Cache', b'Miss from cloudfront'), (b'Via', b'1.1 e0e949594cce7c263bdabed0c4ea0c9c.cloudfront.net (CloudFront)'), (b'X-Amz-Cf-Pop', b'ATL59-P13'), (b'X-Amz-Cf-Id', b'GBzn4EN_PNbbiKXN-TgZJdwpN37LHGXbA-jmRfK4FQ9cJUTS3DV18A==')])
2026-03-12 05:35:48  INFO      HTTP Request: HEAD https://huggingface.co/microsoft/Florence-2-base/resolve/main/preprocessor_config.json "HTTP/1.1 307 Temporary Redirect"
2026-03-12 05:35:48  DEBUG     receive_response_body.started request=<Request [b'HEAD']>
2026-03-12 05:35:48  DEBUG     receive_response_body.complete
2026-03-12 05:35:48  DEBUG     response_closed.started
2026-03-12 05:35:48  DEBUG     response_closed.complete
2026-03-12 05:35:48  DEBUG     send_request_headers.started request=<Request [b'HEAD']>
2026-03-12 05:35:48  DEBUG     send_request_headers.complete
2026-03-12 05:35:48  DEBUG     send_request_body.started request=<Request [b'HEAD']>
2026-03-12 05:35:48  DEBUG     send_request_body.complete
2026-03-12 05:35:48  DEBUG     receive_response_headers.started request=<Request [b'HEAD']>
2026-03-12 05:35:48  DEBUG     receive_response_headers.complete return_value=(b'HTTP/1.1', 200, b'OK', [(b'Content-Type', b'text/plain; charset=utf-8'), (b'Content-Length', b'806'), (b'Connection', b'keep-alive'), (b'Date', b'Fri, 29 Aug 2025 11:01:00 GMT'), (b'ETag', b'"85cd7be3568df661ad536b6ab20d59b08ba079ae"'), (b'X-Powered-By', b'huggingface-moon'), (b'cross-origin-opener-policy', b'same-origin'), (b'Referrer-Policy', b'strict-origin-when-cross-origin'), (b'X-Request-Id', b'Root=1-68b1886c-3d4f6bff3d722a4d12726afd;ef87aadc-03fd-42a9-938c-074af063b721'), (b'Access-Control-Allow-Origin', b'https://huggingface.co'), (b'Access-Control-Expose-Headers', b'X-Repo-Commit,X-Request-Id,X-Error-Code,X-Error-Message,X-Total-Count,ETag,Link,Accept-Ranges,Content-Range,X-Linked-Size,X-Linked-ETag,X-Xet-Hash'), (b'X-Repo-Commit', b'5ca5edf5bd017b9919c05d08aebef5e4c7ac3bac'), (b'Accept-Ranges', b'bytes'), (b'Content-Disposition', b'inline; filename*=UTF-8\'\'preprocessor_config.json; filename="preprocessor_config.json";'), (b'Content-Security-Policy', b"default-src 'none'; sandbox"), (b'Vary', b'Origin'), (b'X-Cache', b'Hit from cloudfront'), (b'Via', b'1.1 e0e949594cce7c263bdabed0c4ea0c9c.cloudfront.net (CloudFront)'), (b'X-Amz-Cf-Pop', b'ATL59-P13'), (b'X-Amz-Cf-Id', b'J8EftPJEFwUbVfoObvrhrBg-s4yjOLqsKuI3l3ajIVtZyDY8hiDfkQ=='), (b'Age', b'16842888')])
2026-03-12 05:35:48  INFO      HTTP Request: HEAD https://huggingface.co/api/resolve-cache/models/microsoft/Florence-2-base/5ca5edf5bd017b9919c05d08aebef5e4c7ac3bac/preprocessor_config.json "HTTP/1.1 200 OK"
2026-03-12 05:35:48  DEBUG     receive_response_body.started request=<Request [b'HEAD']>
2026-03-12 05:35:48  DEBUG     receive_response_body.complete
2026-03-12 05:35:48  DEBUG     response_closed.started
2026-03-12 05:35:48  DEBUG     response_closed.complete
2026-03-12 05:35:48  DEBUG     send_request_headers.started request=<Request [b'HEAD']>
2026-03-12 05:35:48  DEBUG     send_request_headers.complete
2026-03-12 05:35:48  DEBUG     send_request_body.started request=<Request [b'HEAD']>
2026-03-12 05:35:48  DEBUG     send_request_body.complete
2026-03-12 05:35:48  DEBUG     receive_response_headers.started request=<Request [b'HEAD']>
2026-03-12 05:35:48  DEBUG     receive_response_headers.complete return_value=(b'HTTP/1.1', 404, b'Not Found', [(b'Content-Type', b'text/plain; charset=utf-8'), (b'Content-Length', b'15'), (b'Connection', b'keep-alive'), (b'Date', b'Thu, 12 Mar 2026 09:35:48 GMT'), (b'ETag', b'W/"f-mY2VvLxuxB7KhsoOdQTlMTccuAQ"'), (b'X-Powered-By', b'huggingface-moon'), (b'X-Request-Id', b'Root=1-69b288f4-7d963b385e935a7121e3e204;4279ec5b-1a49-4b94-b5cf-652572761a7d'), (b'RateLimit', b'"resolvers";r=2988;t=116'), (b'RateLimit-Policy', b'"fixed window";"resolvers";q=3000;w=300'), (b'cross-origin-opener-policy', b'same-origin'), (b'Referrer-Policy', b'strict-origin-when-cross-origin'), (b'Access-Control-Max-Age', b'86400'), (b'Access-Control-Allow-Origin', b'https://huggingface.co'), (b'Vary', b'Origin'), (b'Access-Control-Expose-Headers', b'X-Repo-Commit,X-Request-Id,X-Error-Code,X-Error-Message,X-Total-Count,ETag,Link,Accept-Ranges,Content-Range,X-Linked-Size,X-Linked-ETag,X-Xet-Hash'), (b'X-Repo-Commit', b'5ca5edf5bd017b9919c05d08aebef5e4c7ac3bac'), (b'Accept-Ranges', b'bytes'), (b'X-Hub-Cache', b'MISS'), (b'X-Error-Code', b'EntryNotFound'), (b'X-Error-Message', b'Entry not found'), (b'X-Cache', b'Error from cloudfront'), (b'Via', b'1.1 e0e949594cce7c263bdabed0c4ea0c9c.cloudfront.net (CloudFront)'), (b'X-Amz-Cf-Pop', b'ATL59-P13'), (b'X-Amz-Cf-Id', b'Z0GECNkZw-DBFh_cPQuVZvO5yfsdcc38wQomme4KAuD5qiMO6WBiDQ==')])
2026-03-12 05:35:48  INFO      HTTP Request: HEAD https://huggingface.co/microsoft/Florence-2-base/resolve/main/processor_config.json "HTTP/1.1 404 Not Found"
2026-03-12 05:35:48  DEBUG     receive_response_body.started request=<Request [b'HEAD']>
2026-03-12 05:35:48  DEBUG     receive_response_body.complete
2026-03-12 05:35:48  DEBUG     response_closed.started
2026-03-12 05:35:48  DEBUG     response_closed.complete
2026-03-12 05:35:48  DEBUG     send_request_headers.started request=<Request [b'HEAD']>
2026-03-12 05:35:48  DEBUG     send_request_headers.complete
2026-03-12 05:35:48  DEBUG     send_request_body.started request=<Request [b'HEAD']>
2026-03-12 05:35:48  DEBUG     send_request_body.complete
2026-03-12 05:35:48  DEBUG     receive_response_headers.started request=<Request [b'HEAD']>
2026-03-12 05:35:48  DEBUG     receive_response_headers.complete return_value=(b'HTTP/1.1', 307, b'Temporary Redirect', [(b'Content-Type', b'text/plain; charset=utf-8'), (b'Content-Length', b'280'), (b'Connection', b'keep-alive'), (b'Date', b'Thu, 12 Mar 2026 09:35:48 GMT'), (b'Location', b'/api/resolve-cache/models/microsoft/Florence-2-base/5ca5edf5bd017b9919c05d08aebef5e4c7ac3bac/preprocessor_config.json?%2Fmicrosoft%2FFlorence-2-base%2Fresolve%2Fmain%2Fpreprocessor_config.json=&etag=%2285cd7be3568df661ad536b6ab20d59b08ba079ae%22'), (b'X-Powered-By', b'huggingface-moon'), (b'X-Request-Id', b'Root=1-69b288f4-25af1d222dace412380df976;e088e7d1-1704-4ee3-a53d-4d0e8d9b3533'), (b'RateLimit', b'"resolvers";r=2987;t=116'), (b'RateLimit-Policy', b'"fixed window";"resolvers";q=3000;w=300'), (b'cross-origin-opener-policy', b'same-origin'), (b'Referrer-Policy', b'strict-origin-when-cross-origin'), (b'Access-Control-Max-Age', b'86400'), (b'Access-Control-Allow-Origin', b'https://huggingface.co'), (b'Vary', b'Origin, Accept'), (b'Access-Control-Expose-Headers', b'X-Repo-Commit,X-Request-Id,X-Error-Code,X-Error-Message,X-Total-Count,ETag,Link,Accept-Ranges,Content-Range,X-Linked-Size,X-Linked-ETag,X-Xet-Hash'), (b'X-Repo-Commit', b'5ca5edf5bd017b9919c05d08aebef5e4c7ac3bac'), (b'Accept-Ranges', b'bytes'), (b'X-Hub-Cache', b'HIT'), (b'Content-Disposition', b'inline; filename*=UTF-8\'\'preprocessor_config.json; filename="preprocessor_config.json";'), (b'Content-Security-Policy', b"default-src 'none'; sandbox"), (b'X-Linked-ETag', b'"85cd7be3568df661ad536b6ab20d59b08ba079ae"'), (b'X-Cache', b'Miss from cloudfront'), (b'Via', b'1.1 e0e949594cce7c263bdabed0c4ea0c9c.cloudfront.net (CloudFront)'), (b'X-Amz-Cf-Pop', b'ATL59-P13'), (b'X-Amz-Cf-Id', b'viBqz0RWxO88UFVVtI75uYJ_2XQLZpR1abaMhEkmv_lGcBRNMmImkQ==')])
2026-03-12 05:35:48  INFO      HTTP Request: HEAD https://huggingface.co/microsoft/Florence-2-base/resolve/main/preprocessor_config.json "HTTP/1.1 307 Temporary Redirect"
2026-03-12 05:35:48  DEBUG     receive_response_body.started request=<Request [b'HEAD']>
2026-03-12 05:35:48  DEBUG     receive_response_body.complete
2026-03-12 05:35:48  DEBUG     response_closed.started
2026-03-12 05:35:48  DEBUG     response_closed.complete
2026-03-12 05:35:48  DEBUG     send_request_headers.started request=<Request [b'HEAD']>
2026-03-12 05:35:48  DEBUG     send_request_headers.complete
2026-03-12 05:35:48  DEBUG     send_request_body.started request=<Request [b'HEAD']>
2026-03-12 05:35:48  DEBUG     send_request_body.complete
2026-03-12 05:35:48  DEBUG     receive_response_headers.started request=<Request [b'HEAD']>
2026-03-12 05:35:48  DEBUG     receive_response_headers.complete return_value=(b'HTTP/1.1', 200, b'OK', [(b'Content-Type', b'text/plain; charset=utf-8'), (b'Content-Length', b'806'), (b'Connection', b'keep-alive'), (b'Date', b'Fri, 29 Aug 2025 11:01:00 GMT'), (b'ETag', b'"85cd7be3568df661ad536b6ab20d59b08ba079ae"'), (b'X-Powered-By', b'huggingface-moon'), (b'cross-origin-opener-policy', b'same-origin'), (b'Referrer-Policy', b'strict-origin-when-cross-origin'), (b'X-Request-Id', b'Root=1-68b1886c-3d4f6bff3d722a4d12726afd;ef87aadc-03fd-42a9-938c-074af063b721'), (b'Access-Control-Allow-Origin', b'https://huggingface.co'), (b'Access-Control-Expose-Headers', b'X-Repo-Commit,X-Request-Id,X-Error-Code,X-Error-Message,X-Total-Count,ETag,Link,Accept-Ranges,Content-Range,X-Linked-Size,X-Linked-ETag,X-Xet-Hash'), (b'X-Repo-Commit', b'5ca5edf5bd017b9919c05d08aebef5e4c7ac3bac'), (b'Accept-Ranges', b'bytes'), (b'Content-Disposition', b'inline; filename*=UTF-8\'\'preprocessor_config.json; filename="preprocessor_config.json";'), (b'Content-Security-Policy', b"default-src 'none'; sandbox"), (b'Vary', b'Origin'), (b'X-Cache', b'Hit from cloudfront'), (b'Via', b'1.1 e0e949594cce7c263bdabed0c4ea0c9c.cloudfront.net (CloudFront)'), (b'X-Amz-Cf-Pop', b'ATL59-P13'), (b'X-Amz-Cf-Id', b'CGaJggGx9PpkvuyfR8lFCu8fgOS1J0arDVjh5txyLnMoxCTKNNWABQ=='), (b'Age', b'16842888')])
2026-03-12 05:35:48  INFO      HTTP Request: HEAD https://huggingface.co/api/resolve-cache/models/microsoft/Florence-2-base/5ca5edf5bd017b9919c05d08aebef5e4c7ac3bac/preprocessor_config.json "HTTP/1.1 200 OK"
2026-03-12 05:35:48  DEBUG     receive_response_body.started request=<Request [b'HEAD']>
2026-03-12 05:35:48  DEBUG     receive_response_body.complete
2026-03-12 05:35:48  DEBUG     response_closed.started
2026-03-12 05:35:48  DEBUG     response_closed.complete
2026-03-12 05:35:48  DEBUG     send_request_headers.started request=<Request [b'HEAD']>
2026-03-12 05:35:48  DEBUG     send_request_headers.complete
2026-03-12 05:35:48  DEBUG     send_request_body.started request=<Request [b'HEAD']>
2026-03-12 05:35:48  DEBUG     send_request_body.complete
2026-03-12 05:35:48  DEBUG     receive_response_headers.started request=<Request [b'HEAD']>
2026-03-12 05:35:48  DEBUG     receive_response_headers.complete return_value=(b'HTTP/1.1', 307, b'Temporary Redirect', [(b'Content-Type', b'text/plain; charset=utf-8'), (b'Content-Length', b'254'), (b'Connection', b'keep-alive'), (b'Date', b'Thu, 12 Mar 2026 09:35:48 GMT'), (b'Location', b'/api/resolve-cache/models/microsoft/Florence-2-base/5ca5edf5bd017b9919c05d08aebef5e4c7ac3bac/config.json?%2Fmicrosoft%2FFlorence-2-base%2Fresolve%2Fmain%2Fconfig.json=&etag=%2274a4482afd52515c89ae8d7d388a537a16f5d350%22'), (b'X-Powered-By', b'huggingface-moon'), (b'X-Request-Id', b'Root=1-69b288f4-48420c305bd9935a104af7d3;e56fc47b-ffd5-461a-aa55-8dbcd50f6740'), (b'RateLimit', b'"resolvers";r=2986;t=116'), (b'RateLimit-Policy', b'"fixed window";"resolvers";q=3000;w=300'), (b'cross-origin-opener-policy', b'same-origin'), (b'Referrer-Policy', b'strict-origin-when-cross-origin'), (b'Access-Control-Max-Age', b'86400'), (b'Access-Control-Allow-Origin', b'https://huggingface.co'), (b'Vary', b'Origin, Accept'), (b'Access-Control-Expose-Headers', b'X-Repo-Commit,X-Request-Id,X-Error-Code,X-Error-Message,X-Total-Count,ETag,Link,Accept-Ranges,Content-Range,X-Linked-Size,X-Linked-ETag,X-Xet-Hash'), (b'X-Repo-Commit', b'5ca5edf5bd017b9919c05d08aebef5e4c7ac3bac'), (b'Accept-Ranges', b'bytes'), (b'X-HF-Warning', b'unauthenticated; Warning: You are sending unauthenticated requests to the HF Hub. Please set a HF_TOKEN to enable higher rate limits and faster downloads.'), (b'X-Hub-Cache', b'HIT'), (b'Content-Disposition', b'inline; filename*=UTF-8\'\'config.json; filename="config.json";'), (b'Content-Security-Policy', b"default-src 'none'; sandbox"), (b'X-Linked-ETag', b'"74a4482afd52515c89ae8d7d388a537a16f5d350"'), (b'X-Cache', b'Miss from cloudfront'), (b'Via', b'1.1 e0e949594cce7c263bdabed0c4ea0c9c.cloudfront.net (CloudFront)'), (b'X-Amz-Cf-Pop', b'ATL59-P13'), (b'X-Amz-Cf-Id', b'GplJQndbt0CEB5vjnSBQ2cJJFggiaukdJGvWAtB5fSDsqFlvybSN1g==')])
2026-03-12 05:35:48  INFO      HTTP Request: HEAD https://huggingface.co/microsoft/Florence-2-base/resolve/main/config.json "HTTP/1.1 307 Temporary Redirect"
2026-03-12 05:35:48  DEBUG     receive_response_body.started request=<Request [b'HEAD']>
2026-03-12 05:35:48  DEBUG     receive_response_body.complete
2026-03-12 05:35:48  DEBUG     response_closed.started
2026-03-12 05:35:48  DEBUG     response_closed.complete
2026-03-12 05:35:48  DEBUG     send_request_headers.started request=<Request [b'HEAD']>
2026-03-12 05:35:48  DEBUG     send_request_headers.complete
2026-03-12 05:35:48  DEBUG     send_request_body.started request=<Request [b'HEAD']>
2026-03-12 05:35:48  DEBUG     send_request_body.complete
2026-03-12 05:35:48  DEBUG     receive_response_headers.started request=<Request [b'HEAD']>
2026-03-12 05:35:48  DEBUG     receive_response_headers.complete return_value=(b'HTTP/1.1', 200, b'OK', [(b'Content-Type', b'text/plain; charset=utf-8'), (b'Content-Length', b'2430'), (b'Connection', b'keep-alive'), (b'Date', b'Fri, 29 Aug 2025 10:27:59 GMT'), (b'ETag', b'"74a4482afd52515c89ae8d7d388a537a16f5d350"'), (b'X-Powered-By', b'huggingface-moon'), (b'cross-origin-opener-policy', b'same-origin'), (b'Referrer-Policy', b'strict-origin-when-cross-origin'), (b'X-Request-Id', b'Root=1-68b180af-2bdeb06a69de599e4d19f3fe;3c79d66e-c4e0-4ed2-b6ce-cc626ee80382'), (b'Access-Control-Allow-Origin', b'https://huggingface.co'), (b'Access-Control-Expose-Headers', b'X-Repo-Commit,X-Request-Id,X-Error-Code,X-Error-Message,X-Total-Count,ETag,Link,Accept-Ranges,Content-Range,X-Linked-Size,X-Linked-ETag,X-Xet-Hash'), (b'X-Repo-Commit', b'5ca5edf5bd017b9919c05d08aebef5e4c7ac3bac'), (b'Accept-Ranges', b'bytes'), (b'Content-Disposition', b'inline; filename*=UTF-8\'\'config.json; filename="config.json";'), (b'Content-Security-Policy', b"default-src 'none'; sandbox"), (b'Vary', b'Origin'), (b'X-Cache', b'Hit from cloudfront'), (b'Via', b'1.1 e0e949594cce7c263bdabed0c4ea0c9c.cloudfront.net (CloudFront)'), (b'X-Amz-Cf-Pop', b'ATL59-P13'), (b'X-Amz-Cf-Id', b'PObVbPr-IWlzWyxdfA9Apx3J-uYtl1pBC0oZ5FwjESoPzWy70a9Q5g=='), (b'Age', b'16844869')])
2026-03-12 05:35:48  INFO      HTTP Request: HEAD https://huggingface.co/api/resolve-cache/models/microsoft/Florence-2-base/5ca5edf5bd017b9919c05d08aebef5e4c7ac3bac/config.json "HTTP/1.1 200 OK"
2026-03-12 05:35:48  DEBUG     receive_response_body.started request=<Request [b'HEAD']>
2026-03-12 05:35:48  DEBUG     receive_response_body.complete
2026-03-12 05:35:48  DEBUG     response_closed.started
2026-03-12 05:35:48  DEBUG     response_closed.complete
2026-03-12 05:35:48  DEBUG     send_request_headers.started request=<Request [b'HEAD']>
2026-03-12 05:35:48  DEBUG     send_request_headers.complete
2026-03-12 05:35:48  DEBUG     send_request_body.started request=<Request [b'HEAD']>
2026-03-12 05:35:48  DEBUG     send_request_body.complete
2026-03-12 05:35:48  DEBUG     receive_response_headers.started request=<Request [b'HEAD']>
2026-03-12 05:35:48  DEBUG     receive_response_headers.complete return_value=(b'HTTP/1.1', 307, b'Temporary Redirect', [(b'Content-Type', b'text/plain; charset=utf-8'), (b'Content-Length', b'284'), (b'Connection', b'keep-alive'), (b'Date', b'Thu, 12 Mar 2026 09:35:48 GMT'), (b'Location', b'/api/resolve-cache/models/microsoft/Florence-2-base/5ca5edf5bd017b9919c05d08aebef5e4c7ac3bac/configuration_florence2.py?%2Fmicrosoft%2FFlorence-2-base%2Fresolve%2Fmain%2Fconfiguration_florence2.py=&etag=%22b8869617ef8dfd0f04d421cf59b83ca662c363ad%22'), (b'X-Powered-By', b'huggingface-moon'), (b'X-Request-Id', b'Root=1-69b288f4-4f741e106f62e3013cc9feb9;53268181-ff5c-49ea-98f9-5883c6b94e05'), (b'RateLimit', b'"resolvers";r=2985;t=116'), (b'RateLimit-Policy', b'"fixed window";"resolvers";q=3000;w=300'), (b'cross-origin-opener-policy', b'same-origin'), (b'Referrer-Policy', b'strict-origin-when-cross-origin'), (b'Access-Control-Max-Age', b'86400'), (b'Access-Control-Allow-Origin', b'https://huggingface.co'), (b'Vary', b'Origin, Accept'), (b'Access-Control-Expose-Headers', b'X-Repo-Commit,X-Request-Id,X-Error-Code,X-Error-Message,X-Total-Count,ETag,Link,Accept-Ranges,Content-Range,X-Linked-Size,X-Linked-ETag,X-Xet-Hash'), (b'X-Repo-Commit', b'5ca5edf5bd017b9919c05d08aebef5e4c7ac3bac'), (b'Accept-Ranges', b'bytes'), (b'X-Hub-Cache', b'HIT'), (b'Content-Disposition', b'inline; filename*=UTF-8\'\'configuration_florence2.py; filename="configuration_florence2.py";'), (b'Content-Security-Policy', b"default-src 'none'; sandbox"), (b'X-Linked-ETag', b'"b8869617ef8dfd0f04d421cf59b83ca662c363ad"'), (b'X-Cache', b'Miss from cloudfront'), (b'Via', b'1.1 e0e949594cce7c263bdabed0c4ea0c9c.cloudfront.net (CloudFront)'), (b'X-Amz-Cf-Pop', b'ATL59-P13'), (b'X-Amz-Cf-Id', b'z84QhP7n2kNaR2AQz2v-wne0zv4U0EOuoxSUxEcDa60hP--F_4YQZA==')])
2026-03-12 05:35:48  INFO      HTTP Request: HEAD https://huggingface.co/microsoft/Florence-2-base/resolve/main/configuration_florence2.py "HTTP/1.1 307 Temporary Redirect"
2026-03-12 05:35:48  DEBUG     receive_response_body.started request=<Request [b'HEAD']>
2026-03-12 05:35:48  DEBUG     receive_response_body.complete
2026-03-12 05:35:48  DEBUG     response_closed.started
2026-03-12 05:35:48  DEBUG     response_closed.complete
2026-03-12 05:35:48  DEBUG     send_request_headers.started request=<Request [b'HEAD']>
2026-03-12 05:35:48  DEBUG     send_request_headers.complete
2026-03-12 05:35:48  DEBUG     send_request_body.started request=<Request [b'HEAD']>
2026-03-12 05:35:48  DEBUG     send_request_body.complete
2026-03-12 05:35:48  DEBUG     receive_response_headers.started request=<Request [b'HEAD']>
2026-03-12 05:35:48  DEBUG     receive_response_headers.complete return_value=(b'HTTP/1.1', 200, b'OK', [(b'Content-Type', b'text/plain; charset=utf-8'), (b'Content-Length', b'15119'), (b'Connection', b'keep-alive'), (b'Date', b'Fri, 29 Aug 2025 10:28:00 GMT'), (b'ETag', b'"b8869617ef8dfd0f04d421cf59b83ca662c363ad"'), (b'X-Powered-By', b'huggingface-moon'), (b'cross-origin-opener-policy', b'same-origin'), (b'Referrer-Policy', b'strict-origin-when-cross-origin'), (b'X-Request-Id', b'Root=1-68b180b0-2c44fee4114328806c9f1031;1bfda5f7-3121-4226-a1e6-bfc61b7768cf'), (b'Access-Control-Allow-Origin', b'https://huggingface.co'), (b'Access-Control-Expose-Headers', b'X-Repo-Commit,X-Request-Id,X-Error-Code,X-Error-Message,X-Total-Count,ETag,Link,Accept-Ranges,Content-Range,X-Linked-Size,X-Linked-ETag,X-Xet-Hash'), (b'X-Repo-Commit', b'5ca5edf5bd017b9919c05d08aebef5e4c7ac3bac'), (b'Accept-Ranges', b'bytes'), (b'Content-Disposition', b'inline; filename*=UTF-8\'\'configuration_florence2.py; filename="configuration_florence2.py";'), (b'Content-Security-Policy', b"default-src 'none'; sandbox"), (b'Vary', b'Origin'), (b'X-Cache', b'Hit from cloudfront'), (b'Via', b'1.1 e0e949594cce7c263bdabed0c4ea0c9c.cloudfront.net (CloudFront)'), (b'X-Amz-Cf-Pop', b'ATL59-P13'), (b'X-Amz-Cf-Id', b'REdnyiYFug1pCwjk4wUJRHVdlvemLK24hEudW9BRC_Drvb0I5Fk5aw=='), (b'Age', b'16844868')])
2026-03-12 05:35:48  INFO      HTTP Request: HEAD https://huggingface.co/api/resolve-cache/models/microsoft/Florence-2-base/5ca5edf5bd017b9919c05d08aebef5e4c7ac3bac/configuration_florence2.py "HTTP/1.1 200 OK"
2026-03-12 05:35:48  DEBUG     receive_response_body.started request=<Request [b'HEAD']>
2026-03-12 05:35:48  DEBUG     receive_response_body.complete
2026-03-12 05:35:48  DEBUG     response_closed.started
2026-03-12 05:35:48  DEBUG     response_closed.complete
2026-03-12 05:35:48  DEBUG     send_request_headers.started request=<Request [b'HEAD']>
2026-03-12 05:35:48  DEBUG     send_request_headers.complete
2026-03-12 05:35:48  DEBUG     send_request_body.started request=<Request [b'HEAD']>
2026-03-12 05:35:48  DEBUG     send_request_body.complete
2026-03-12 05:35:48  DEBUG     receive_response_headers.started request=<Request [b'HEAD']>
2026-03-12 05:35:48  DEBUG     receive_response_headers.complete return_value=(b'HTTP/1.1', 307, b'Temporary Redirect', [(b'Content-Type', b'text/plain; charset=utf-8'), (b'Content-Length', b'254'), (b'Connection', b'keep-alive'), (b'Date', b'Thu, 12 Mar 2026 09:35:48 GMT'), (b'Location', b'/api/resolve-cache/models/microsoft/Florence-2-base/5ca5edf5bd017b9919c05d08aebef5e4c7ac3bac/config.json?%2Fmicrosoft%2FFlorence-2-base%2Fresolve%2Fmain%2Fconfig.json=&etag=%2274a4482afd52515c89ae8d7d388a537a16f5d350%22'), (b'X-Powered-By', b'huggingface-moon'), (b'X-Request-Id', b'Root=1-69b288f4-7c2be6401e5f486b0c2113eb;e71fa3de-651e-451a-b3f0-69e8ab87f6e5'), (b'RateLimit', b'"resolvers";r=2984;t=116'), (b'RateLimit-Policy', b'"fixed window";"resolvers";q=3000;w=300'), (b'cross-origin-opener-policy', b'same-origin'), (b'Referrer-Policy', b'strict-origin-when-cross-origin'), (b'Access-Control-Max-Age', b'86400'), (b'Access-Control-Allow-Origin', b'https://huggingface.co'), (b'Vary', b'Origin, Accept'), (b'Access-Control-Expose-Headers', b'X-Repo-Commit,X-Request-Id,X-Error-Code,X-Error-Message,X-Total-Count,ETag,Link,Accept-Ranges,Content-Range,X-Linked-Size,X-Linked-ETag,X-Xet-Hash'), (b'X-Repo-Commit', b'5ca5edf5bd017b9919c05d08aebef5e4c7ac3bac'), (b'Accept-Ranges', b'bytes'), (b'X-HF-Warning', b'unauthenticated; Warning: You are sending unauthenticated requests to the HF Hub. Please set a HF_TOKEN to enable higher rate limits and faster downloads.'), (b'X-Hub-Cache', b'HIT'), (b'Content-Disposition', b'inline; filename*=UTF-8\'\'config.json; filename="config.json";'), (b'Content-Security-Policy', b"default-src 'none'; sandbox"), (b'X-Linked-ETag', b'"74a4482afd52515c89ae8d7d388a537a16f5d350"'), (b'X-Cache', b'Miss from cloudfront'), (b'Via', b'1.1 e0e949594cce7c263bdabed0c4ea0c9c.cloudfront.net (CloudFront)'), (b'X-Amz-Cf-Pop', b'ATL59-P13'), (b'X-Amz-Cf-Id', b'sYa_KVzyckwr-jqCNychnS9mlgRLzHtfL-QSJC7IMzUqtLrjC71-Gg==')])
2026-03-12 05:35:48  INFO      HTTP Request: HEAD https://huggingface.co/microsoft/Florence-2-base/resolve/main/config.json "HTTP/1.1 307 Temporary Redirect"
2026-03-12 05:35:48  DEBUG     receive_response_body.started request=<Request [b'HEAD']>
2026-03-12 05:35:48  DEBUG     receive_response_body.complete
2026-03-12 05:35:48  DEBUG     response_closed.started
2026-03-12 05:35:48  DEBUG     response_closed.complete
2026-03-12 05:35:48  DEBUG     send_request_headers.started request=<Request [b'HEAD']>
2026-03-12 05:35:48  DEBUG     send_request_headers.complete
2026-03-12 05:35:48  DEBUG     send_request_body.started request=<Request [b'HEAD']>
2026-03-12 05:35:48  DEBUG     send_request_body.complete
2026-03-12 05:35:48  DEBUG     receive_response_headers.started request=<Request [b'HEAD']>
2026-03-12 05:35:49  DEBUG     receive_response_headers.complete return_value=(b'HTTP/1.1', 200, b'OK', [(b'Content-Type', b'text/plain; charset=utf-8'), (b'Content-Length', b'2430'), (b'Connection', b'keep-alive'), (b'Date', b'Fri, 29 Aug 2025 10:27:59 GMT'), (b'ETag', b'"74a4482afd52515c89ae8d7d388a537a16f5d350"'), (b'X-Powered-By', b'huggingface-moon'), (b'cross-origin-opener-policy', b'same-origin'), (b'Referrer-Policy', b'strict-origin-when-cross-origin'), (b'X-Request-Id', b'Root=1-68b180af-2bdeb06a69de599e4d19f3fe;3c79d66e-c4e0-4ed2-b6ce-cc626ee80382'), (b'Access-Control-Allow-Origin', b'https://huggingface.co'), (b'Access-Control-Expose-Headers', b'X-Repo-Commit,X-Request-Id,X-Error-Code,X-Error-Message,X-Total-Count,ETag,Link,Accept-Ranges,Content-Range,X-Linked-Size,X-Linked-ETag,X-Xet-Hash'), (b'X-Repo-Commit', b'5ca5edf5bd017b9919c05d08aebef5e4c7ac3bac'), (b'Accept-Ranges', b'bytes'), (b'Content-Disposition', b'inline; filename*=UTF-8\'\'config.json; filename="config.json";'), (b'Content-Security-Policy', b"default-src 'none'; sandbox"), (b'Vary', b'Origin'), (b'X-Cache', b'Hit from cloudfront'), (b'Via', b'1.1 e0e949594cce7c263bdabed0c4ea0c9c.cloudfront.net (CloudFront)'), (b'X-Amz-Cf-Pop', b'ATL59-P13'), (b'X-Amz-Cf-Id', b'XaUbgIZGrANbEKDFmEb5VYCm-QD4lqq73wD8K2ULKtEauXE8p5xO8A=='), (b'Age', b'16844870')])
2026-03-12 05:35:49  INFO      HTTP Request: HEAD https://huggingface.co/api/resolve-cache/models/microsoft/Florence-2-base/5ca5edf5bd017b9919c05d08aebef5e4c7ac3bac/config.json "HTTP/1.1 200 OK"
2026-03-12 05:35:49  DEBUG     receive_response_body.started request=<Request [b'HEAD']>
2026-03-12 05:35:49  DEBUG     receive_response_body.complete
2026-03-12 05:35:49  DEBUG     response_closed.started
2026-03-12 05:35:49  DEBUG     response_closed.complete
2026-03-12 05:35:49  DEBUG     send_request_headers.started request=<Request [b'HEAD']>
2026-03-12 05:35:49  DEBUG     send_request_headers.complete
2026-03-12 05:35:49  DEBUG     send_request_body.started request=<Request [b'HEAD']>
2026-03-12 05:35:49  DEBUG     send_request_body.complete
2026-03-12 05:35:49  DEBUG     receive_response_headers.started request=<Request [b'HEAD']>
2026-03-12 05:35:49  DEBUG     receive_response_headers.complete return_value=(b'HTTP/1.1', 307, b'Temporary Redirect', [(b'Content-Type', b'text/plain; charset=utf-8'), (b'Content-Length', b'254'), (b'Connection', b'keep-alive'), (b'Date', b'Thu, 12 Mar 2026 09:35:49 GMT'), (b'Location', b'/api/resolve-cache/models/microsoft/Florence-2-base/5ca5edf5bd017b9919c05d08aebef5e4c7ac3bac/config.json?%2Fmicrosoft%2FFlorence-2-base%2Fresolve%2Fmain%2Fconfig.json=&etag=%2274a4482afd52515c89ae8d7d388a537a16f5d350%22'), (b'X-Powered-By', b'huggingface-moon'), (b'X-Request-Id', b'Root=1-69b288f5-209928906ef92d3d0bb38ec0;09315fce-257f-4a6d-a231-3743b8cde236'), (b'RateLimit', b'"resolvers";r=2983;t=115'), (b'RateLimit-Policy', b'"fixed window";"resolvers";q=3000;w=300'), (b'cross-origin-opener-policy', b'same-origin'), (b'Referrer-Policy', b'strict-origin-when-cross-origin'), (b'Access-Control-Max-Age', b'86400'), (b'Access-Control-Allow-Origin', b'https://huggingface.co'), (b'Vary', b'Origin, Accept'), (b'Access-Control-Expose-Headers', b'X-Repo-Commit,X-Request-Id,X-Error-Code,X-Error-Message,X-Total-Count,ETag,Link,Accept-Ranges,Content-Range,X-Linked-Size,X-Linked-ETag,X-Xet-Hash'), (b'X-Repo-Commit', b'5ca5edf5bd017b9919c05d08aebef5e4c7ac3bac'), (b'Accept-Ranges', b'bytes'), (b'X-Hub-Cache', b'HIT'), (b'Content-Disposition', b'inline; filename*=UTF-8\'\'config.json; filename="config.json";'), (b'Content-Security-Policy', b"default-src 'none'; sandbox"), (b'X-Linked-ETag', b'"74a4482afd52515c89ae8d7d388a537a16f5d350"'), (b'X-Cache', b'Miss from cloudfront'), (b'Via', b'1.1 e0e949594cce7c263bdabed0c4ea0c9c.cloudfront.net (CloudFront)'), (b'X-Amz-Cf-Pop', b'ATL59-P13'), (b'X-Amz-Cf-Id', b'rOlC5gQvPlj4biaxUTRce2JxLnqVJ5PkuZAAta183DjsgmrKaxxdXw==')])
2026-03-12 05:35:49  INFO      HTTP Request: HEAD https://huggingface.co/microsoft/Florence-2-base/resolve/main/config.json "HTTP/1.1 307 Temporary Redirect"
2026-03-12 05:35:49  DEBUG     receive_response_body.started request=<Request [b'HEAD']>
2026-03-12 05:35:49  DEBUG     receive_response_body.complete
2026-03-12 05:35:49  DEBUG     response_closed.started
2026-03-12 05:35:49  DEBUG     response_closed.complete
2026-03-12 05:35:49  DEBUG     send_request_headers.started request=<Request [b'HEAD']>
2026-03-12 05:35:49  DEBUG     send_request_headers.complete
2026-03-12 05:35:49  DEBUG     send_request_body.started request=<Request [b'HEAD']>
2026-03-12 05:35:49  DEBUG     send_request_body.complete
2026-03-12 05:35:49  DEBUG     receive_response_headers.started request=<Request [b'HEAD']>
2026-03-12 05:35:49  DEBUG     receive_response_headers.complete return_value=(b'HTTP/1.1', 200, b'OK', [(b'Content-Type', b'text/plain; charset=utf-8'), (b'Content-Length', b'2430'), (b'Connection', b'keep-alive'), (b'Date', b'Fri, 29 Aug 2025 10:27:59 GMT'), (b'ETag', b'"74a4482afd52515c89ae8d7d388a537a16f5d350"'), (b'X-Powered-By', b'huggingface-moon'), (b'cross-origin-opener-policy', b'same-origin'), (b'Referrer-Policy', b'strict-origin-when-cross-origin'), (b'X-Request-Id', b'Root=1-68b180af-2bdeb06a69de599e4d19f3fe;3c79d66e-c4e0-4ed2-b6ce-cc626ee80382'), (b'Access-Control-Allow-Origin', b'https://huggingface.co'), (b'Access-Control-Expose-Headers', b'X-Repo-Commit,X-Request-Id,X-Error-Code,X-Error-Message,X-Total-Count,ETag,Link,Accept-Ranges,Content-Range,X-Linked-Size,X-Linked-ETag,X-Xet-Hash'), (b'X-Repo-Commit', b'5ca5edf5bd017b9919c05d08aebef5e4c7ac3bac'), (b'Accept-Ranges', b'bytes'), (b'Content-Disposition', b'inline; filename*=UTF-8\'\'config.json; filename="config.json";'), (b'Content-Security-Policy', b"default-src 'none'; sandbox"), (b'Vary', b'Origin'), (b'X-Cache', b'Hit from cloudfront'), (b'Via', b'1.1 e0e949594cce7c263bdabed0c4ea0c9c.cloudfront.net (CloudFront)'), (b'X-Amz-Cf-Pop', b'ATL59-P13'), (b'X-Amz-Cf-Id', b'iFyF6RLASMFp21YjZP4VWfif2Gli7iMJ0jLyq66nRj5Ox-5AnI0Ogw=='), (b'Age', b'16844870')])
2026-03-12 05:35:49  INFO      HTTP Request: HEAD https://huggingface.co/api/resolve-cache/models/microsoft/Florence-2-base/5ca5edf5bd017b9919c05d08aebef5e4c7ac3bac/config.json "HTTP/1.1 200 OK"
2026-03-12 05:35:49  DEBUG     receive_response_body.started request=<Request [b'HEAD']>
2026-03-12 05:35:49  DEBUG     receive_response_body.complete
2026-03-12 05:35:49  DEBUG     response_closed.started
2026-03-12 05:35:49  DEBUG     response_closed.complete
2026-03-12 05:35:49  DEBUG     send_request_headers.started request=<Request [b'HEAD']>
2026-03-12 05:35:49  DEBUG     send_request_headers.complete
2026-03-12 05:35:49  DEBUG     send_request_body.started request=<Request [b'HEAD']>
2026-03-12 05:35:49  DEBUG     send_request_body.complete
2026-03-12 05:35:49  DEBUG     receive_response_headers.started request=<Request [b'HEAD']>
2026-03-12 05:35:49  DEBUG     receive_response_headers.complete return_value=(b'HTTP/1.1', 307, b'Temporary Redirect', [(b'Content-Type', b'text/plain; charset=utf-8'), (b'Content-Length', b'274'), (b'Connection', b'keep-alive'), (b'Date', b'Thu, 12 Mar 2026 09:35:49 GMT'), (b'Location', b'/api/resolve-cache/models/microsoft/Florence-2-base/5ca5edf5bd017b9919c05d08aebef5e4c7ac3bac/tokenizer_config.json?%2Fmicrosoft%2FFlorence-2-base%2Fresolve%2Fmain%2Ftokenizer_config.json=&etag=%2244784bc58d4cb18d3549ad71e062efcf032d9ef5%22'), (b'X-Powered-By', b'huggingface-moon'), (b'X-Request-Id', b'Root=1-69b288f5-1441f49f104cdf6b05efd91f;19fafcdd-411c-44ad-b280-88924508cd29'), (b'RateLimit', b'"resolvers";r=2982;t=115'), (b'RateLimit-Policy', b'"fixed window";"resolvers";q=3000;w=300'), (b'cross-origin-opener-policy', b'same-origin'), (b'Referrer-Policy', b'strict-origin-when-cross-origin'), (b'Access-Control-Max-Age', b'86400'), (b'Access-Control-Allow-Origin', b'https://huggingface.co'), (b'Vary', b'Origin, Accept'), (b'Access-Control-Expose-Headers', b'X-Repo-Commit,X-Request-Id,X-Error-Code,X-Error-Message,X-Total-Count,ETag,Link,Accept-Ranges,Content-Range,X-Linked-Size,X-Linked-ETag,X-Xet-Hash'), (b'X-Repo-Commit', b'5ca5edf5bd017b9919c05d08aebef5e4c7ac3bac'), (b'Accept-Ranges', b'bytes'), (b'X-Hub-Cache', b'MISS'), (b'Content-Disposition', b'inline; filename*=UTF-8\'\'tokenizer_config.json; filename="tokenizer_config.json";'), (b'Content-Security-Policy', b"default-src 'none'; sandbox"), (b'X-Linked-ETag', b'"44784bc58d4cb18d3549ad71e062efcf032d9ef5"'), (b'X-Cache', b'Miss from cloudfront'), (b'Via', b'1.1 e0e949594cce7c263bdabed0c4ea0c9c.cloudfront.net (CloudFront)'), (b'X-Amz-Cf-Pop', b'ATL59-P13'), (b'X-Amz-Cf-Id', b'J9gcWUsBAhNpXNtrK29BbhdMGyo6CnpjztrZfcW65LL8hTU7475Xeg==')])
2026-03-12 05:35:49  INFO      HTTP Request: HEAD https://huggingface.co/microsoft/Florence-2-base/resolve/main/tokenizer_config.json "HTTP/1.1 307 Temporary Redirect"
2026-03-12 05:35:49  DEBUG     receive_response_body.started request=<Request [b'HEAD']>
2026-03-12 05:35:49  DEBUG     receive_response_body.complete
2026-03-12 05:35:49  DEBUG     response_closed.started
2026-03-12 05:35:49  DEBUG     response_closed.complete
2026-03-12 05:35:49  DEBUG     send_request_headers.started request=<Request [b'HEAD']>
2026-03-12 05:35:49  DEBUG     send_request_headers.complete
2026-03-12 05:35:49  DEBUG     send_request_body.started request=<Request [b'HEAD']>
2026-03-12 05:35:49  DEBUG     send_request_body.complete
2026-03-12 05:35:49  DEBUG     receive_response_headers.started request=<Request [b'HEAD']>
2026-03-12 05:35:49  DEBUG     receive_response_headers.complete return_value=(b'HTTP/1.1', 200, b'OK', [(b'Content-Type', b'text/plain; charset=utf-8'), (b'Content-Length', b'34'), (b'Connection', b'keep-alive'), (b'Date', b'Mon, 26 Jan 2026 18:36:12 GMT'), (b'ETag', b'"44784bc58d4cb18d3549ad71e062efcf032d9ef5"'), (b'X-Powered-By', b'huggingface-moon'), (b'X-Request-Id', b'Root=1-6977b41c-7cd2987d3ffd44cd050df45a;73bcbb39-bec3-4d34-8af5-f5d3a4176c48'), (b'RateLimit', b'"resolvers";r=2999;t=224'), (b'RateLimit-Policy', b'"fixed window";"resolvers";q=3000;w=300'), (b'cross-origin-opener-policy', b'same-origin'), (b'Referrer-Policy', b'strict-origin-when-cross-origin'), (b'Access-Control-Max-Age', b'86400'), (b'Access-Control-Allow-Origin', b'https://huggingface.co'), (b'Access-Control-Expose-Headers', b'X-Repo-Commit,X-Request-Id,X-Error-Code,X-Error-Message,X-Total-Count,ETag,Link,Accept-Ranges,Content-Range,X-Linked-Size,X-Linked-ETag,X-Xet-Hash'), (b'X-Repo-Commit', b'5ca5edf5bd017b9919c05d08aebef5e4c7ac3bac'), (b'Accept-Ranges', b'bytes'), (b'Content-Disposition', b'inline; filename*=UTF-8\'\'tokenizer_config.json; filename="tokenizer_config.json";'), (b'Content-Security-Policy', b"default-src 'none'; sandbox"), (b'Vary', b'Origin'), (b'X-Cache', b'Hit from cloudfront'), (b'Via', b'1.1 e0e949594cce7c263bdabed0c4ea0c9c.cloudfront.net (CloudFront)'), (b'X-Amz-Cf-Pop', b'ATL59-P13'), (b'X-Amz-Cf-Id', b'tXlWnTLq7Az1HkKUjbqEvhrwzoNazJ0U36XQU6cQTsidVmWnjcKF4A=='), (b'Age', b'3855577')])
2026-03-12 05:35:49  INFO      HTTP Request: HEAD https://huggingface.co/api/resolve-cache/models/microsoft/Florence-2-base/5ca5edf5bd017b9919c05d08aebef5e4c7ac3bac/tokenizer_config.json "HTTP/1.1 200 OK"
2026-03-12 05:35:49  DEBUG     receive_response_body.started request=<Request [b'HEAD']>
2026-03-12 05:35:49  DEBUG     receive_response_body.complete
2026-03-12 05:35:49  DEBUG     response_closed.started
2026-03-12 05:35:49  DEBUG     response_closed.complete
2026-03-12 05:35:49  DEBUG     send_request_headers.started request=<Request [b'GET']>
2026-03-12 05:35:49  DEBUG     send_request_headers.complete
2026-03-12 05:35:49  DEBUG     send_request_body.started request=<Request [b'GET']>
2026-03-12 05:35:49  DEBUG     send_request_body.complete
2026-03-12 05:35:49  DEBUG     receive_response_headers.started request=<Request [b'GET']>
2026-03-12 05:35:49  DEBUG     receive_response_headers.complete return_value=(b'HTTP/1.1', 404, b'Not Found', [(b'Content-Type', b'application/json; charset=utf-8'), (b'Content-Length', b'64'), (b'Connection', b'keep-alive'), (b'Date', b'Thu, 12 Mar 2026 09:35:49 GMT'), (b'ETag', b'W/"40-09f9IAqP13xarAhQxFS2W8rvRkM"'), (b'X-Powered-By', b'huggingface-moon'), (b'X-Request-Id', b'Root=1-69b288f5-4ed4d22f718d6253736b3228;a2f4d3e6-4807-4fe3-8c6a-af9fa5499346'), (b'RateLimit', b'"api";r=498;t=115'), (b'RateLimit-Policy', b'"fixed window";"api";q=500;w=300'), (b'cross-origin-opener-policy', b'same-origin'), (b'Referrer-Policy', b'strict-origin-when-cross-origin'), (b'Access-Control-Max-Age', b'86400'), (b'Access-Control-Allow-Origin', b'https://huggingface.co'), (b'Vary', b'Origin'), (b'Access-Control-Expose-Headers', b'X-Repo-Commit,X-Request-Id,X-Error-Code,X-Error-Message,X-Total-Count,ETag,Link,Accept-Ranges,Content-Range,X-Linked-Size,X-Linked-ETag,X-Xet-Hash'), (b'X-Error-Code', b'EntryNotFound'), (b'X-Error-Message', b'additional_chat_templates does not exist on "main"'), (b'X-Cache', b'Error from cloudfront'), (b'Via', b'1.1 e0e949594cce7c263bdabed0c4ea0c9c.cloudfront.net (CloudFront)'), (b'X-Amz-Cf-Pop', b'ATL59-P13'), (b'X-Amz-Cf-Id', b'uy-6AsDrlooS44cO51rdZ_WdgOXPGiaYcTrk_6tUPhDNs8BB0G2Weg==')])
2026-03-12 05:35:49  INFO      HTTP Request: GET https://huggingface.co/api/models/microsoft/Florence-2-base/tree/main/additional_chat_templates?recursive=false&expand=false "HTTP/1.1 404 Not Found"
2026-03-12 05:35:49  DEBUG     receive_response_body.started request=<Request [b'GET']>
2026-03-12 05:35:49  DEBUG     receive_response_body.complete
2026-03-12 05:35:49  DEBUG     response_closed.started
2026-03-12 05:35:49  DEBUG     response_closed.complete
2026-03-12 05:35:49  DEBUG     send_request_headers.started request=<Request [b'GET']>
2026-03-12 05:35:49  DEBUG     send_request_headers.complete
2026-03-12 05:35:49  DEBUG     send_request_body.started request=<Request [b'GET']>
2026-03-12 05:35:49  DEBUG     send_request_body.complete
2026-03-12 05:35:49  DEBUG     receive_response_headers.started request=<Request [b'GET']>
2026-03-12 05:35:49  DEBUG     receive_response_headers.complete return_value=(b'HTTP/1.1', 200, b'OK', [(b'Content-Type', b'application/json; charset=utf-8'), (b'Transfer-Encoding', b'chunked'), (b'Connection', b'keep-alive'), (b'Date', b'Thu, 12 Mar 2026 09:35:49 GMT'), (b'Access-Control-Expose-Headers', b'X-Repo-Commit,X-Request-Id,X-Error-Code,X-Error-Message,X-Total-Count,ETag,Link,Accept-Ranges,Content-Range,X-Linked-Size,X-Linked-ETag,X-Xet-Hash'), (b'content-encoding', b'gzip'), (b'X-Powered-By', b'huggingface-moon'), (b'X-Request-Id', b'Root=1-69b288f5-7c5e2bf50d3da77f5faec7c8;2337605e-d285-4f60-bba1-3e89cc2a87e4'), (b'RateLimit', b'"api";r=497;t=115'), (b'RateLimit-Policy', b'"fixed window";"api";q=500;w=300'), (b'cross-origin-opener-policy', b'same-origin'), (b'Referrer-Policy', b'strict-origin-when-cross-origin'), (b'Access-Control-Max-Age', b'86400'), (b'Access-Control-Allow-Origin', b'https://huggingface.co'), (b'Vary', b'Origin'), (b'vary', b'accept-encoding'), (b'ETag', b'W/"801-8wfJdkULAAa2bZfXhisB0NSy3Jo"'), (b'X-Cache', b'Miss from cloudfront'), (b'Via', b'1.1 e0e949594cce7c263bdabed0c4ea0c9c.cloudfront.net (CloudFront)'), (b'X-Amz-Cf-Pop', b'ATL59-P13'), (b'X-Amz-Cf-Id', b'19fbdvBKnNpyhsDWViQKvICae7bFuCer992o2Ijou-vcII7ptezFqA==')])
2026-03-12 05:35:49  INFO      HTTP Request: GET https://huggingface.co/api/models/microsoft/Florence-2-base/tree/main?recursive=true&expand=false "HTTP/1.1 200 OK"
2026-03-12 05:35:49  DEBUG     receive_response_body.started request=<Request [b'GET']>
2026-03-12 05:35:49  DEBUG     receive_response_body.complete
2026-03-12 05:35:49  DEBUG     response_closed.started
2026-03-12 05:35:49  DEBUG     response_closed.complete
2026-03-12 05:35:49  DEBUG     send_request_headers.started request=<Request [b'HEAD']>
2026-03-12 05:35:49  DEBUG     send_request_headers.complete
2026-03-12 05:35:49  DEBUG     send_request_body.started request=<Request [b'HEAD']>
2026-03-12 05:35:49  DEBUG     send_request_body.complete
2026-03-12 05:35:49  DEBUG     receive_response_headers.started request=<Request [b'HEAD']>
2026-03-12 05:35:49  DEBUG     receive_response_headers.complete return_value=(b'HTTP/1.1', 307, b'Temporary Redirect', [(b'Content-Type', b'text/plain; charset=utf-8'), (b'Content-Length', b'254'), (b'Connection', b'keep-alive'), (b'Date', b'Thu, 12 Mar 2026 09:35:49 GMT'), (b'Location', b'/api/resolve-cache/models/microsoft/Florence-2-base/5ca5edf5bd017b9919c05d08aebef5e4c7ac3bac/config.json?%2Fmicrosoft%2FFlorence-2-base%2Fresolve%2Fmain%2Fconfig.json=&etag=%2274a4482afd52515c89ae8d7d388a537a16f5d350%22'), (b'X-Powered-By', b'huggingface-moon'), (b'X-Request-Id', b'Root=1-69b288f5-218e8ac33c149b800db20a62;c58004ec-aaa1-4dee-809d-a341b511749d'), (b'RateLimit', b'"resolvers";r=2981;t=115'), (b'RateLimit-Policy', b'"fixed window";"resolvers";q=3000;w=300'), (b'cross-origin-opener-policy', b'same-origin'), (b'Referrer-Policy', b'strict-origin-when-cross-origin'), (b'Access-Control-Max-Age', b'86400'), (b'Access-Control-Allow-Origin', b'https://huggingface.co'), (b'Vary', b'Origin, Accept'), (b'Access-Control-Expose-Headers', b'X-Repo-Commit,X-Request-Id,X-Error-Code,X-Error-Message,X-Total-Count,ETag,Link,Accept-Ranges,Content-Range,X-Linked-Size,X-Linked-ETag,X-Xet-Hash'), (b'X-Repo-Commit', b'5ca5edf5bd017b9919c05d08aebef5e4c7ac3bac'), (b'Accept-Ranges', b'bytes'), (b'X-Hub-Cache', b'HIT'), (b'Content-Disposition', b'inline; filename*=UTF-8\'\'config.json; filename="config.json";'), (b'Content-Security-Policy', b"default-src 'none'; sandbox"), (b'X-Linked-ETag', b'"74a4482afd52515c89ae8d7d388a537a16f5d350"'), (b'X-Cache', b'Miss from cloudfront'), (b'Via', b'1.1 e0e949594cce7c263bdabed0c4ea0c9c.cloudfront.net (CloudFront)'), (b'X-Amz-Cf-Pop', b'ATL59-P13'), (b'X-Amz-Cf-Id', b'IQN-58gw8wz6dY3BqWRIHsHs7vPTcrlVZVVIYBQ1kKIZtJts1y45ig==')])
2026-03-12 05:35:49  INFO      HTTP Request: HEAD https://huggingface.co/microsoft/Florence-2-base/resolve/main/config.json "HTTP/1.1 307 Temporary Redirect"
2026-03-12 05:35:49  DEBUG     receive_response_body.started request=<Request [b'HEAD']>
2026-03-12 05:35:49  DEBUG     receive_response_body.complete
2026-03-12 05:35:49  DEBUG     response_closed.started
2026-03-12 05:35:49  DEBUG     response_closed.complete
2026-03-12 05:35:49  DEBUG     send_request_headers.started request=<Request [b'HEAD']>
2026-03-12 05:35:49  DEBUG     send_request_headers.complete
2026-03-12 05:35:49  DEBUG     send_request_body.started request=<Request [b'HEAD']>
2026-03-12 05:35:49  DEBUG     send_request_body.complete
2026-03-12 05:35:49  DEBUG     receive_response_headers.started request=<Request [b'HEAD']>
2026-03-12 05:35:49  DEBUG     receive_response_headers.complete return_value=(b'HTTP/1.1', 200, b'OK', [(b'Content-Type', b'text/plain; charset=utf-8'), (b'Content-Length', b'2430'), (b'Connection', b'keep-alive'), (b'Date', b'Fri, 29 Aug 2025 10:27:59 GMT'), (b'ETag', b'"74a4482afd52515c89ae8d7d388a537a16f5d350"'), (b'X-Powered-By', b'huggingface-moon'), (b'cross-origin-opener-policy', b'same-origin'), (b'Referrer-Policy', b'strict-origin-when-cross-origin'), (b'X-Request-Id', b'Root=1-68b180af-2bdeb06a69de599e4d19f3fe;3c79d66e-c4e0-4ed2-b6ce-cc626ee80382'), (b'Access-Control-Allow-Origin', b'https://huggingface.co'), (b'Access-Control-Expose-Headers', b'X-Repo-Commit,X-Request-Id,X-Error-Code,X-Error-Message,X-Total-Count,ETag,Link,Accept-Ranges,Content-Range,X-Linked-Size,X-Linked-ETag,X-Xet-Hash'), (b'X-Repo-Commit', b'5ca5edf5bd017b9919c05d08aebef5e4c7ac3bac'), (b'Accept-Ranges', b'bytes'), (b'Content-Disposition', b'inline; filename*=UTF-8\'\'config.json; filename="config.json";'), (b'Content-Security-Policy', b"default-src 'none'; sandbox"), (b'Vary', b'Origin'), (b'X-Cache', b'Hit from cloudfront'), (b'Via', b'1.1 e0e949594cce7c263bdabed0c4ea0c9c.cloudfront.net (CloudFront)'), (b'X-Amz-Cf-Pop', b'ATL59-P13'), (b'X-Amz-Cf-Id', b'OWOvAQYyNzJjyVLqCw4k_CXqPQs4LMLLM3TKsioNWzaXO5T5P7lvcg=='), (b'Age', b'16844870')])
2026-03-12 05:35:49  INFO      HTTP Request: HEAD https://huggingface.co/api/resolve-cache/models/microsoft/Florence-2-base/5ca5edf5bd017b9919c05d08aebef5e4c7ac3bac/config.json "HTTP/1.1 200 OK"
2026-03-12 05:35:49  DEBUG     receive_response_body.started request=<Request [b'HEAD']>
2026-03-12 05:35:49  DEBUG     receive_response_body.complete
2026-03-12 05:35:49  DEBUG     response_closed.started
2026-03-12 05:35:49  DEBUG     response_closed.complete
2026-03-12 05:35:49  DEBUG     send_request_headers.started request=<Request [b'HEAD']>
2026-03-12 05:35:49  DEBUG     send_request_headers.complete
2026-03-12 05:35:49  DEBUG     send_request_body.started request=<Request [b'HEAD']>
2026-03-12 05:35:49  DEBUG     send_request_body.complete
2026-03-12 05:35:49  DEBUG     receive_response_headers.started request=<Request [b'HEAD']>
2026-03-12 05:35:49  DEBUG     receive_response_headers.complete return_value=(b'HTTP/1.1', 307, b'Temporary Redirect', [(b'Content-Type', b'text/plain; charset=utf-8'), (b'Content-Length', b'284'), (b'Connection', b'keep-alive'), (b'Date', b'Thu, 12 Mar 2026 09:35:49 GMT'), (b'Location', b'/api/resolve-cache/models/microsoft/Florence-2-base/5ca5edf5bd017b9919c05d08aebef5e4c7ac3bac/configuration_florence2.py?%2Fmicrosoft%2FFlorence-2-base%2Fresolve%2Fmain%2Fconfiguration_florence2.py=&etag=%22b8869617ef8dfd0f04d421cf59b83ca662c363ad%22'), (b'X-Powered-By', b'huggingface-moon'), (b'X-Request-Id', b'Root=1-69b288f5-7dd3dd50256d9d65281c7989;08e1a93b-8709-4a97-9cdc-5e693428a914'), (b'RateLimit', b'"resolvers";r=2980;t=115'), (b'RateLimit-Policy', b'"fixed window";"resolvers";q=3000;w=300'), (b'cross-origin-opener-policy', b'same-origin'), (b'Referrer-Policy', b'strict-origin-when-cross-origin'), (b'Access-Control-Max-Age', b'86400'), (b'Access-Control-Allow-Origin', b'https://huggingface.co'), (b'Vary', b'Origin, Accept'), (b'Access-Control-Expose-Headers', b'X-Repo-Commit,X-Request-Id,X-Error-Code,X-Error-Message,X-Total-Count,ETag,Link,Accept-Ranges,Content-Range,X-Linked-Size,X-Linked-ETag,X-Xet-Hash'), (b'X-Repo-Commit', b'5ca5edf5bd017b9919c05d08aebef5e4c7ac3bac'), (b'Accept-Ranges', b'bytes'), (b'X-Hub-Cache', b'HIT'), (b'Content-Disposition', b'inline; filename*=UTF-8\'\'configuration_florence2.py; filename="configuration_florence2.py";'), (b'Content-Security-Policy', b"default-src 'none'; sandbox"), (b'X-Linked-ETag', b'"b8869617ef8dfd0f04d421cf59b83ca662c363ad"'), (b'X-Cache', b'Miss from cloudfront'), (b'Via', b'1.1 e0e949594cce7c263bdabed0c4ea0c9c.cloudfront.net (CloudFront)'), (b'X-Amz-Cf-Pop', b'ATL59-P13'), (b'X-Amz-Cf-Id', b'mGuiWma0CgUpzYQ4wMPEUH49n02o1P7kAa_G0khd3pEqt3ouJm27mw==')])
2026-03-12 05:35:49  INFO      HTTP Request: HEAD https://huggingface.co/microsoft/Florence-2-base/resolve/main/configuration_florence2.py "HTTP/1.1 307 Temporary Redirect"
2026-03-12 05:35:49  DEBUG     receive_response_body.started request=<Request [b'HEAD']>
2026-03-12 05:35:49  DEBUG     receive_response_body.complete
2026-03-12 05:35:49  DEBUG     response_closed.started
2026-03-12 05:35:49  DEBUG     response_closed.complete
2026-03-12 05:35:49  DEBUG     send_request_headers.started request=<Request [b'HEAD']>
2026-03-12 05:35:49  DEBUG     send_request_headers.complete
2026-03-12 05:35:49  DEBUG     send_request_body.started request=<Request [b'HEAD']>
2026-03-12 05:35:49  DEBUG     send_request_body.complete
2026-03-12 05:35:49  DEBUG     receive_response_headers.started request=<Request [b'HEAD']>
2026-03-12 05:35:49  DEBUG     receive_response_headers.complete return_value=(b'HTTP/1.1', 200, b'OK', [(b'Content-Type', b'text/plain; charset=utf-8'), (b'Content-Length', b'15119'), (b'Connection', b'keep-alive'), (b'Date', b'Fri, 29 Aug 2025 10:28:00 GMT'), (b'ETag', b'"b8869617ef8dfd0f04d421cf59b83ca662c363ad"'), (b'X-Powered-By', b'huggingface-moon'), (b'cross-origin-opener-policy', b'same-origin'), (b'Referrer-Policy', b'strict-origin-when-cross-origin'), (b'X-Request-Id', b'Root=1-68b180b0-2c44fee4114328806c9f1031;1bfda5f7-3121-4226-a1e6-bfc61b7768cf'), (b'Access-Control-Allow-Origin', b'https://huggingface.co'), (b'Access-Control-Expose-Headers', b'X-Repo-Commit,X-Request-Id,X-Error-Code,X-Error-Message,X-Total-Count,ETag,Link,Accept-Ranges,Content-Range,X-Linked-Size,X-Linked-ETag,X-Xet-Hash'), (b'X-Repo-Commit', b'5ca5edf5bd017b9919c05d08aebef5e4c7ac3bac'), (b'Accept-Ranges', b'bytes'), (b'Content-Disposition', b'inline; filename*=UTF-8\'\'configuration_florence2.py; filename="configuration_florence2.py";'), (b'Content-Security-Policy', b"default-src 'none'; sandbox"), (b'Vary', b'Origin'), (b'X-Cache', b'Hit from cloudfront'), (b'Via', b'1.1 e0e949594cce7c263bdabed0c4ea0c9c.cloudfront.net (CloudFront)'), (b'X-Amz-Cf-Pop', b'ATL59-P13'), (b'X-Amz-Cf-Id', b'obKEHt12ZInV1LQJixNv_00wZRFh3fOT6vf1avmrEYX5nBgVTeHDUg=='), (b'Age', b'16844869')])
2026-03-12 05:35:49  INFO      HTTP Request: HEAD https://huggingface.co/api/resolve-cache/models/microsoft/Florence-2-base/5ca5edf5bd017b9919c05d08aebef5e4c7ac3bac/configuration_florence2.py "HTTP/1.1 200 OK"
2026-03-12 05:35:49  DEBUG     receive_response_body.started request=<Request [b'HEAD']>
2026-03-12 05:35:49  DEBUG     receive_response_body.complete
2026-03-12 05:35:49  DEBUG     response_closed.started
2026-03-12 05:35:49  DEBUG     response_closed.complete
2026-03-12 05:35:49  ERROR     Failed to load AI model: 'Florence2LanguageConfig' object has no attribute 'forced_bos_token_id'
Traceback (most recent call last):
  File "/Users/ben/Dev/imgtagplus/imgtagplus/app.py", line 146, in run
    tagger = FlorenceTagger(model_id=hf_model_id, model_dir=args.model_dir)
  File "/Users/ben/Dev/imgtagplus/imgtagplus/vlm.py", line 86, in __init__
    self.model = AutoModelForCausalLM.from_pretrained(
                 ~~~~~~~~~~~~~~~~~~~~~~~~~~~~~~~~~~~~^
        self._model_id,
        ^^^^^^^^^^^^^^^
    ...<3 lines>...
        cache_dir=str(self._model_dir)
        ^^^^^^^^^^^^^^^^^^^^^^^^^^^^^^
    ).to(self.device)
    ^
  File "/Users/ben/Dev/imgtagplus/.venv/lib/python3.14/site-packages/transformers/models/auto/auto_factory.py", line 319, in from_pretrained
    config, kwargs = AutoConfig.from_pretrained(
                     ~~~~~~~~~~~~~~~~~~~~~~~~~~^
        pretrained_model_name_or_path,
        ^^^^^^^^^^^^^^^^^^^^^^^^^^^^^^
    ...<4 lines>...
        **kwargs,
        ^^^^^^^^^
    )
    ^
  File "/Users/ben/Dev/imgtagplus/.venv/lib/python3.14/site-packages/transformers/models/auto/configuration_auto.py", line 1447, in from_pretrained
    return config_class.from_pretrained(pretrained_model_name_or_path, **kwargs)
           ~~~~~~~~~~~~~~~~~~~~~~~~~~~~^^^^^^^^^^^^^^^^^^^^^^^^^^^^^^^^^^^^^^^^^
  File "/Users/ben/Dev/imgtagplus/.venv/lib/python3.14/site-packages/transformers/configuration_utils.py", line 554, in from_pretrained
    return cls.from_dict(config_dict, **kwargs)
           ~~~~~~~~~~~~~^^^^^^^^^^^^^^^^^^^^^^^
  File "/Users/ben/Dev/imgtagplus/.venv/lib/python3.14/site-packages/transformers/configuration_utils.py", line 716, in from_dict
    config = cls(**config_dict)
  File "/Users/ben/.cache/imgtagplus/modules/transformers_modules/microsoft/Florence_hyphen_2_hyphen_base/5ca5edf5bd017b9919c05d08aebef5e4c7ac3bac/configuration_florence2.py", line 336, in __init__
    self.text_config = Florence2LanguageConfig(**text_config)
                       ~~~~~~~~~~~~~~~~~~~~~~~^^^^^^^^^^^^^^^
  File "/Users/ben/.cache/imgtagplus/modules/transformers_modules/microsoft/Florence_hyphen_2_hyphen_base/5ca5edf5bd017b9919c05d08aebef5e4c7ac3bac/configuration_florence2.py", line 265, in __init__
    if self.forced_bos_token_id is None and kwargs.get("force_bos_token_to_be_generated", False):
       ^^^^^^^^^^^^^^^^^^^^^^^^
  File "/Users/ben/Dev/imgtagplus/.venv/lib/python3.14/site-packages/transformers/configuration_utils.py", line 164, in __getattribute__
    return super().__getattribute__(key)
           ~~~~~~~~~~~~~~~~~~~~~~~~^^^^^
AttributeError: 'Florence2LanguageConfig' object has no attribute 'forced_bos_token_id'
