2026-03-12 10:28:46  INFO      Model       : florence-2-base (microsoft/Florence-2-base)
2026-03-12 10:28:46  INFO      Recursive   : True
2026-03-12 10:28:46  INFO      Max tags    : 20
2026-03-12 10:28:46  INFO      Silent      : True
2026-03-12 10:28:46  INFO      Continue err: True
2026-03-12 10:28:46  INFO      Log file    : /Users/ben/Dev/imgtagplus/imgtagplus_20260312_102846.log
2026-03-12 10:28:46  INFO      Found 4 image(s) scanning /Users/ben/Dev/imgtagplus/sandbox (recursively)
2026-03-12 10:28:46  INFO      Images to process: 4
2026-03-12 10:28:46  INFO      Resolved florence-2-base to Hugging Face ID: microsoft/Florence-2-base
2026-03-12 10:28:47  INFO      GPU environment detected. Loading native microsoft/Florence-2-base on mps with eager attention...
2026-03-12 10:28:47  DEBUG     connect_tcp.started host='huggingface.co' port=443 local_address=None timeout=10 socket_options=None
2026-03-12 10:28:47  DEBUG     connect_tcp.complete return_value=<httpcore._backends.sync.SyncStream object at 0x112b07b60>
2026-03-12 10:28:47  DEBUG     start_tls.started ssl_context=<ssl.SSLContext object at 0x112af72f0> server_hostname='huggingface.co' timeout=10
2026-03-12 10:28:47  DEBUG     start_tls.complete return_value=<httpcore._backends.sync.SyncStream object at 0x110fdde50>
2026-03-12 10:28:47  DEBUG     send_request_headers.started request=<Request [b'HEAD']>
2026-03-12 10:28:47  DEBUG     send_request_headers.complete
2026-03-12 10:28:47  DEBUG     send_request_body.started request=<Request [b'HEAD']>
2026-03-12 10:28:47  DEBUG     send_request_body.complete
2026-03-12 10:28:47  DEBUG     receive_response_headers.started request=<Request [b'HEAD']>
2026-03-12 10:28:47  DEBUG     receive_response_headers.complete return_value=(b'HTTP/1.1', 404, b'Not Found', [(b'Content-Type', b'text/plain; charset=utf-8'), (b'Content-Length', b'15'), (b'Connection', b'keep-alive'), (b'Date', b'Thu, 12 Mar 2026 14:28:47 GMT'), (b'ETag', b'W/"f-mY2VvLxuxB7KhsoOdQTlMTccuAQ"'), (b'X-Powered-By', b'huggingface-moon'), (b'X-Request-Id', b'Root=1-69b2cd9f-621e0c32188c102c5cdbeb96;01f189bf-fa1e-4531-a561-afde5d9390f4'), (b'RateLimit', b'"resolvers";r=2999;t=237'), (b'RateLimit-Policy', b'"fixed window";"resolvers";q=3000;w=300'), (b'cross-origin-opener-policy', b'same-origin'), (b'Referrer-Policy', b'strict-origin-when-cross-origin'), (b'Access-Control-Max-Age', b'86400'), (b'Access-Control-Allow-Origin', b'https://huggingface.co'), (b'Vary', b'Origin'), (b'Access-Control-Expose-Headers', b'X-Repo-Commit,X-Request-Id,X-Error-Code,X-Error-Message,X-Total-Count,ETag,Link,Accept-Ranges,Content-Range,X-Linked-Size,X-Linked-ETag,X-Xet-Hash'), (b'X-Repo-Commit', b'5ca5edf5bd017b9919c05d08aebef5e4c7ac3bac'), (b'Accept-Ranges', b'bytes'), (b'X-HF-Warning', b'unauthenticated; Warning: You are sending unauthenticated requests to the HF Hub. Please set a HF_TOKEN to enable higher rate limits and faster downloads.'), (b'X-Hub-Cache', b'MISS'), (b'X-Error-Code', b'EntryNotFound'), (b'X-Error-Message', b'Entry not found'), (b'X-Cache', b'Error from cloudfront'), (b'Via', b'1.1 c4f304e7786da519d49ea9f064843ae4.cloudfront.net (CloudFront)'), (b'X-Amz-Cf-Pop', b'ATL59-P13'), (b'X-Amz-Cf-Id', b'i9-uA_nm3oZFuUzlDxvsJKx1aKtsGNUk1DiEZuk5o-6Ua9mdPE4zEg==')])
2026-03-12 10:28:47  INFO      HTTP Request: HEAD https://huggingface.co/microsoft/Florence-2-base/resolve/main/processor_config.json "HTTP/1.1 404 Not Found"
2026-03-12 10:28:47  DEBUG     receive_response_body.started request=<Request [b'HEAD']>
2026-03-12 10:28:47  DEBUG     receive_response_body.complete
2026-03-12 10:28:47  DEBUG     response_closed.started
2026-03-12 10:28:47  DEBUG     response_closed.complete
2026-03-12 10:28:47  WARNING   Warning: You are sending unauthenticated requests to the HF Hub. Please set a HF_TOKEN to enable higher rate limits and faster downloads.
2026-03-12 10:28:47  DEBUG     send_request_headers.started request=<Request [b'HEAD']>
2026-03-12 10:28:47  DEBUG     send_request_headers.complete
2026-03-12 10:28:47  DEBUG     send_request_body.started request=<Request [b'HEAD']>
2026-03-12 10:28:47  DEBUG     send_request_body.complete
2026-03-12 10:28:47  DEBUG     receive_response_headers.started request=<Request [b'HEAD']>
2026-03-12 10:28:47  DEBUG     receive_response_headers.complete return_value=(b'HTTP/1.1', 307, b'Temporary Redirect', [(b'Content-Type', b'text/plain; charset=utf-8'), (b'Content-Length', b'280'), (b'Connection', b'keep-alive'), (b'Date', b'Thu, 12 Mar 2026 14:28:47 GMT'), (b'Location', b'/api/resolve-cache/models/microsoft/Florence-2-base/5ca5edf5bd017b9919c05d08aebef5e4c7ac3bac/preprocessor_config.json?%2Fmicrosoft%2FFlorence-2-base%2Fresolve%2Fmain%2Fpreprocessor_config.json=&etag=%2285cd7be3568df661ad536b6ab20d59b08ba079ae%22'), (b'X-Powered-By', b'huggingface-moon'), (b'X-Request-Id', b'Root=1-69b2cd9f-0f70c180020ea6fd2e2a16a6;2ff4d645-2f69-4e28-96d6-36642d708fb6'), (b'RateLimit', b'"resolvers";r=2998;t=237'), (b'RateLimit-Policy', b'"fixed window";"resolvers";q=3000;w=300'), (b'cross-origin-opener-policy', b'same-origin'), (b'Referrer-Policy', b'strict-origin-when-cross-origin'), (b'Access-Control-Max-Age', b'86400'), (b'Access-Control-Allow-Origin', b'https://huggingface.co'), (b'Vary', b'Origin, Accept'), (b'Access-Control-Expose-Headers', b'X-Repo-Commit,X-Request-Id,X-Error-Code,X-Error-Message,X-Total-Count,ETag,Link,Accept-Ranges,Content-Range,X-Linked-Size,X-Linked-ETag,X-Xet-Hash'), (b'X-Repo-Commit', b'5ca5edf5bd017b9919c05d08aebef5e4c7ac3bac'), (b'Accept-Ranges', b'bytes'), (b'X-Hub-Cache', b'HIT'), (b'Content-Disposition', b'inline; filename*=UTF-8\'\'preprocessor_config.json; filename="preprocessor_config.json";'), (b'Content-Security-Policy', b"default-src 'none'; sandbox"), (b'X-Linked-ETag', b'"85cd7be3568df661ad536b6ab20d59b08ba079ae"'), (b'X-Cache', b'Miss from cloudfront'), (b'Via', b'1.1 c4f304e7786da519d49ea9f064843ae4.cloudfront.net (CloudFront)'), (b'X-Amz-Cf-Pop', b'ATL59-P13'), (b'X-Amz-Cf-Id', b'7zTrodYbuFsHNkVpdRqt0KiAXFACjhFoDK-uJjcaTemVp-BJOLfjgg==')])
2026-03-12 10:28:47  INFO      HTTP Request: HEAD https://huggingface.co/microsoft/Florence-2-base/resolve/main/preprocessor_config.json "HTTP/1.1 307 Temporary Redirect"
2026-03-12 10:28:47  DEBUG     receive_response_body.started request=<Request [b'HEAD']>
2026-03-12 10:28:47  DEBUG     receive_response_body.complete
2026-03-12 10:28:47  DEBUG     response_closed.started
2026-03-12 10:28:47  DEBUG     response_closed.complete
2026-03-12 10:28:47  DEBUG     send_request_headers.started request=<Request [b'HEAD']>
2026-03-12 10:28:47  DEBUG     send_request_headers.complete
2026-03-12 10:28:47  DEBUG     send_request_body.started request=<Request [b'HEAD']>
2026-03-12 10:28:47  DEBUG     send_request_body.complete
2026-03-12 10:28:47  DEBUG     receive_response_headers.started request=<Request [b'HEAD']>
2026-03-12 10:28:47  DEBUG     receive_response_headers.complete return_value=(b'HTTP/1.1', 200, b'OK', [(b'Content-Type', b'text/plain; charset=utf-8'), (b'Content-Length', b'806'), (b'Connection', b'keep-alive'), (b'Date', b'Tue, 27 Jan 2026 01:41:37 GMT'), (b'ETag', b'"85cd7be3568df661ad536b6ab20d59b08ba079ae"'), (b'X-Powered-By', b'huggingface-moon'), (b'X-Request-Id', b'Root=1-697817d0-059260574dd4c8de754bd81a;3efadae7-e406-40ec-9d8a-654040c73720'), (b'RateLimit', b'"resolvers";r=2998;t=196'), (b'RateLimit-Policy', b'"fixed window";"resolvers";q=3000;w=300'), (b'cross-origin-opener-policy', b'same-origin'), (b'Referrer-Policy', b'strict-origin-when-cross-origin'), (b'Access-Control-Max-Age', b'86400'), (b'Access-Control-Allow-Origin', b'https://huggingface.co'), (b'Access-Control-Expose-Headers', b'X-Repo-Commit,X-Request-Id,X-Error-Code,X-Error-Message,X-Total-Count,ETag,Link,Accept-Ranges,Content-Range,X-Linked-Size,X-Linked-ETag,X-Xet-Hash'), (b'X-Repo-Commit', b'5ca5edf5bd017b9919c05d08aebef5e4c7ac3bac'), (b'Accept-Ranges', b'bytes'), (b'Content-Disposition', b'inline; filename*=UTF-8\'\'preprocessor_config.json; filename="preprocessor_config.json";'), (b'Content-Security-Policy', b"default-src 'none'; sandbox"), (b'Vary', b'Origin'), (b'X-Cache', b'Hit from cloudfront'), (b'Via', b'1.1 c4f304e7786da519d49ea9f064843ae4.cloudfront.net (CloudFront)'), (b'X-Amz-Cf-Pop', b'ATL59-P13'), (b'X-Amz-Cf-Id', b'kBe_W27Mw6OMMzZwqkdz15ry4_BZMM0eb1G62RvDt3zjOa5So4N-EQ=='), (b'Age', b'3847630')])
2026-03-12 10:28:47  INFO      HTTP Request: HEAD https://huggingface.co/api/resolve-cache/models/microsoft/Florence-2-base/5ca5edf5bd017b9919c05d08aebef5e4c7ac3bac/preprocessor_config.json "HTTP/1.1 200 OK"
2026-03-12 10:28:47  DEBUG     receive_response_body.started request=<Request [b'HEAD']>
2026-03-12 10:28:47  DEBUG     receive_response_body.complete
2026-03-12 10:28:47  DEBUG     response_closed.started
2026-03-12 10:28:47  DEBUG     response_closed.complete
2026-03-12 10:28:47  DEBUG     send_request_headers.started request=<Request [b'HEAD']>
2026-03-12 10:28:47  DEBUG     send_request_headers.complete
2026-03-12 10:28:47  DEBUG     send_request_body.started request=<Request [b'HEAD']>
2026-03-12 10:28:47  DEBUG     send_request_body.complete
2026-03-12 10:28:47  DEBUG     receive_response_headers.started request=<Request [b'HEAD']>
2026-03-12 10:28:48  DEBUG     receive_response_headers.complete return_value=(b'HTTP/1.1', 404, b'Not Found', [(b'Content-Type', b'text/plain; charset=utf-8'), (b'Content-Length', b'15'), (b'Connection', b'keep-alive'), (b'Date', b'Thu, 12 Mar 2026 14:28:48 GMT'), (b'ETag', b'W/"f-mY2VvLxuxB7KhsoOdQTlMTccuAQ"'), (b'X-Powered-By', b'huggingface-moon'), (b'X-Request-Id', b'Root=1-69b2cd9f-491f2569507bc5457ed941b9;d08413f7-a46e-4782-98b3-205c6216a832'), (b'RateLimit', b'"resolvers";r=2997;t=236'), (b'RateLimit-Policy', b'"fixed window";"resolvers";q=3000;w=300'), (b'cross-origin-opener-policy', b'same-origin'), (b'Referrer-Policy', b'strict-origin-when-cross-origin'), (b'Access-Control-Max-Age', b'86400'), (b'Access-Control-Allow-Origin', b'https://huggingface.co'), (b'Vary', b'Origin'), (b'Access-Control-Expose-Headers', b'X-Repo-Commit,X-Request-Id,X-Error-Code,X-Error-Message,X-Total-Count,ETag,Link,Accept-Ranges,Content-Range,X-Linked-Size,X-Linked-ETag,X-Xet-Hash'), (b'X-Repo-Commit', b'5ca5edf5bd017b9919c05d08aebef5e4c7ac3bac'), (b'Accept-Ranges', b'bytes'), (b'X-Hub-Cache', b'MISS'), (b'X-Error-Code', b'EntryNotFound'), (b'X-Error-Message', b'Entry not found'), (b'X-Cache', b'Error from cloudfront'), (b'Via', b'1.1 c4f304e7786da519d49ea9f064843ae4.cloudfront.net (CloudFront)'), (b'X-Amz-Cf-Pop', b'ATL59-P13'), (b'X-Amz-Cf-Id', b'YBL90xW9TJPH6YRda5JSe9uU3CkWpRKir4URS--uxaNWb6T_DbZ6uw==')])
2026-03-12 10:28:48  INFO      HTTP Request: HEAD https://huggingface.co/microsoft/Florence-2-base/resolve/main/processor_config.json "HTTP/1.1 404 Not Found"
2026-03-12 10:28:48  DEBUG     receive_response_body.started request=<Request [b'HEAD']>
2026-03-12 10:28:48  DEBUG     receive_response_body.complete
2026-03-12 10:28:48  DEBUG     response_closed.started
2026-03-12 10:28:48  DEBUG     response_closed.complete
2026-03-12 10:28:48  DEBUG     send_request_headers.started request=<Request [b'HEAD']>
2026-03-12 10:28:48  DEBUG     send_request_headers.complete
2026-03-12 10:28:48  DEBUG     send_request_body.started request=<Request [b'HEAD']>
2026-03-12 10:28:48  DEBUG     send_request_body.complete
2026-03-12 10:28:48  DEBUG     receive_response_headers.started request=<Request [b'HEAD']>
2026-03-12 10:28:48  DEBUG     receive_response_headers.complete return_value=(b'HTTP/1.1', 307, b'Temporary Redirect', [(b'Content-Type', b'text/plain; charset=utf-8'), (b'Content-Length', b'280'), (b'Connection', b'keep-alive'), (b'Date', b'Thu, 12 Mar 2026 14:28:48 GMT'), (b'Location', b'/api/resolve-cache/models/microsoft/Florence-2-base/5ca5edf5bd017b9919c05d08aebef5e4c7ac3bac/preprocessor_config.json?%2Fmicrosoft%2FFlorence-2-base%2Fresolve%2Fmain%2Fpreprocessor_config.json=&etag=%2285cd7be3568df661ad536b6ab20d59b08ba079ae%22'), (b'X-Powered-By', b'huggingface-moon'), (b'X-Request-Id', b'Root=1-69b2cda0-02bc2a154fd6f7694fa1320f;0d1c79a4-6f24-4928-8eed-b83c281b306b'), (b'RateLimit', b'"resolvers";r=2996;t=236'), (b'RateLimit-Policy', b'"fixed window";"resolvers";q=3000;w=300'), (b'cross-origin-opener-policy', b'same-origin'), (b'Referrer-Policy', b'strict-origin-when-cross-origin'), (b'Access-Control-Max-Age', b'86400'), (b'Access-Control-Allow-Origin', b'https://huggingface.co'), (b'Vary', b'Origin, Accept'), (b'Access-Control-Expose-Headers', b'X-Repo-Commit,X-Request-Id,X-Error-Code,X-Error-Message,X-Total-Count,ETag,Link,Accept-Ranges,Content-Range,X-Linked-Size,X-Linked-ETag,X-Xet-Hash'), (b'X-Repo-Commit', b'5ca5edf5bd017b9919c05d08aebef5e4c7ac3bac'), (b'Accept-Ranges', b'bytes'), (b'X-Hub-Cache', b'HIT'), (b'Content-Disposition', b'inline; filename*=UTF-8\'\'preprocessor_config.json; filename="preprocessor_config.json";'), (b'Content-Security-Policy', b"default-src 'none'; sandbox"), (b'X-Linked-ETag', b'"85cd7be3568df661ad536b6ab20d59b08ba079ae"'), (b'X-Cache', b'Miss from cloudfront'), (b'Via', b'1.1 c4f304e7786da519d49ea9f064843ae4.cloudfront.net (CloudFront)'), (b'X-Amz-Cf-Pop', b'ATL59-P13'), (b'X-Amz-Cf-Id', b'GgyE-RY-0l3efmhyFLa0b7E6QS5y2W4DFf2n55WbJwd0IPZWa8O85A==')])
2026-03-12 10:28:48  INFO      HTTP Request: HEAD https://huggingface.co/microsoft/Florence-2-base/resolve/main/preprocessor_config.json "HTTP/1.1 307 Temporary Redirect"
2026-03-12 10:28:48  DEBUG     receive_response_body.started request=<Request [b'HEAD']>
2026-03-12 10:28:48  DEBUG     receive_response_body.complete
2026-03-12 10:28:48  DEBUG     response_closed.started
2026-03-12 10:28:48  DEBUG     response_closed.complete
2026-03-12 10:28:48  DEBUG     send_request_headers.started request=<Request [b'HEAD']>
2026-03-12 10:28:48  DEBUG     send_request_headers.complete
2026-03-12 10:28:48  DEBUG     send_request_body.started request=<Request [b'HEAD']>
2026-03-12 10:28:48  DEBUG     send_request_body.complete
2026-03-12 10:28:48  DEBUG     receive_response_headers.started request=<Request [b'HEAD']>
2026-03-12 10:28:48  DEBUG     receive_response_headers.complete return_value=(b'HTTP/1.1', 200, b'OK', [(b'Content-Type', b'text/plain; charset=utf-8'), (b'Content-Length', b'806'), (b'Connection', b'keep-alive'), (b'Date', b'Fri, 29 Aug 2025 11:01:00 GMT'), (b'ETag', b'"85cd7be3568df661ad536b6ab20d59b08ba079ae"'), (b'X-Powered-By', b'huggingface-moon'), (b'cross-origin-opener-policy', b'same-origin'), (b'Referrer-Policy', b'strict-origin-when-cross-origin'), (b'X-Request-Id', b'Root=1-68b1886c-3d4f6bff3d722a4d12726afd;ef87aadc-03fd-42a9-938c-074af063b721'), (b'Access-Control-Allow-Origin', b'https://huggingface.co'), (b'Access-Control-Expose-Headers', b'X-Repo-Commit,X-Request-Id,X-Error-Code,X-Error-Message,X-Total-Count,ETag,Link,Accept-Ranges,Content-Range,X-Linked-Size,X-Linked-ETag,X-Xet-Hash'), (b'X-Repo-Commit', b'5ca5edf5bd017b9919c05d08aebef5e4c7ac3bac'), (b'Accept-Ranges', b'bytes'), (b'Content-Disposition', b'inline; filename*=UTF-8\'\'preprocessor_config.json; filename="preprocessor_config.json";'), (b'Content-Security-Policy', b"default-src 'none'; sandbox"), (b'Vary', b'Origin'), (b'X-Cache', b'Hit from cloudfront'), (b'Via', b'1.1 c4f304e7786da519d49ea9f064843ae4.cloudfront.net (CloudFront)'), (b'X-Amz-Cf-Pop', b'ATL59-P13'), (b'X-Amz-Cf-Id', b'MrKUeujb5JbCxGhOFHKrWpDWK7SbcHV7cBuToZZNb3LkEzI63sLzdw=='), (b'Age', b'16860468')])
2026-03-12 10:28:48  INFO      HTTP Request: HEAD https://huggingface.co/api/resolve-cache/models/microsoft/Florence-2-base/5ca5edf5bd017b9919c05d08aebef5e4c7ac3bac/preprocessor_config.json "HTTP/1.1 200 OK"
2026-03-12 10:28:48  DEBUG     receive_response_body.started request=<Request [b'HEAD']>
2026-03-12 10:28:48  DEBUG     receive_response_body.complete
2026-03-12 10:28:48  DEBUG     response_closed.started
2026-03-12 10:28:48  DEBUG     response_closed.complete
2026-03-12 10:28:48  DEBUG     send_request_headers.started request=<Request [b'HEAD']>
2026-03-12 10:28:48  DEBUG     send_request_headers.complete
2026-03-12 10:28:48  DEBUG     send_request_body.started request=<Request [b'HEAD']>
2026-03-12 10:28:48  DEBUG     send_request_body.complete
2026-03-12 10:28:48  DEBUG     receive_response_headers.started request=<Request [b'HEAD']>
2026-03-12 10:28:48  DEBUG     receive_response_headers.complete return_value=(b'HTTP/1.1', 307, b'Temporary Redirect', [(b'Content-Type', b'text/plain; charset=utf-8'), (b'Content-Length', b'278'), (b'Connection', b'keep-alive'), (b'Date', b'Thu, 12 Mar 2026 14:28:48 GMT'), (b'Location', b'/api/resolve-cache/models/microsoft/Florence-2-base/5ca5edf5bd017b9919c05d08aebef5e4c7ac3bac/processing_florence2.py?%2Fmicrosoft%2FFlorence-2-base%2Fresolve%2Fmain%2Fprocessing_florence2.py=&etag=%223cd9815895c8c2b355f1e07ff983186f1e05c9e9%22'), (b'X-Powered-By', b'huggingface-moon'), (b'X-Request-Id', b'Root=1-69b2cda0-01836228495c3d7450d6b877;87c43908-9dcb-4cb0-a9a5-39b43bfe0ebd'), (b'RateLimit', b'"resolvers";r=2995;t=236'), (b'RateLimit-Policy', b'"fixed window";"resolvers";q=3000;w=300'), (b'cross-origin-opener-policy', b'same-origin'), (b'Referrer-Policy', b'strict-origin-when-cross-origin'), (b'Access-Control-Max-Age', b'86400'), (b'Access-Control-Allow-Origin', b'https://huggingface.co'), (b'Vary', b'Origin, Accept'), (b'Access-Control-Expose-Headers', b'X-Repo-Commit,X-Request-Id,X-Error-Code,X-Error-Message,X-Total-Count,ETag,Link,Accept-Ranges,Content-Range,X-Linked-Size,X-Linked-ETag,X-Xet-Hash'), (b'X-Repo-Commit', b'5ca5edf5bd017b9919c05d08aebef5e4c7ac3bac'), (b'Accept-Ranges', b'bytes'), (b'X-HF-Warning', b'unauthenticated; Warning: You are sending unauthenticated requests to the HF Hub. Please set a HF_TOKEN to enable higher rate limits and faster downloads.'), (b'X-Hub-Cache', b'HIT'), (b'Content-Disposition', b'inline; filename*=UTF-8\'\'processing_florence2.py; filename="processing_florence2.py";'), (b'Content-Security-Policy', b"default-src 'none'; sandbox"), (b'X-Linked-ETag', b'"3cd9815895c8c2b355f1e07ff983186f1e05c9e9"'), (b'X-Cache', b'Miss from cloudfront'), (b'Via', b'1.1 c4f304e7786da519d49ea9f064843ae4.cloudfront.net (CloudFront)'), (b'X-Amz-Cf-Pop', b'ATL59-P13'), (b'X-Amz-Cf-Id', b'5d0vU4SPtPobwASImdXUkWpezy0XZqnEkhP57qgFsKCmTbyxyn0o9w==')])
2026-03-12 10:28:48  INFO      HTTP Request: HEAD https://huggingface.co/microsoft/Florence-2-base/resolve/main/processing_florence2.py "HTTP/1.1 307 Temporary Redirect"
2026-03-12 10:28:48  DEBUG     receive_response_body.started request=<Request [b'HEAD']>
2026-03-12 10:28:48  DEBUG     receive_response_body.complete
2026-03-12 10:28:48  DEBUG     response_closed.started
2026-03-12 10:28:48  DEBUG     response_closed.complete
2026-03-12 10:28:48  DEBUG     send_request_headers.started request=<Request [b'HEAD']>
2026-03-12 10:28:48  DEBUG     send_request_headers.complete
2026-03-12 10:28:48  DEBUG     send_request_body.started request=<Request [b'HEAD']>
2026-03-12 10:28:48  DEBUG     send_request_body.complete
2026-03-12 10:28:48  DEBUG     receive_response_headers.started request=<Request [b'HEAD']>
2026-03-12 10:28:48  DEBUG     receive_response_headers.complete return_value=(b'HTTP/1.1', 200, b'OK', [(b'Content-Type', b'text/plain; charset=utf-8'), (b'Content-Length', b'48676'), (b'Connection', b'keep-alive'), (b'Date', b'Tue, 27 Jan 2026 01:41:37 GMT'), (b'ETag', b'"3cd9815895c8c2b355f1e07ff983186f1e05c9e9"'), (b'X-Powered-By', b'huggingface-moon'), (b'X-Request-Id', b'Root=1-697817d1-2010b7734ab967d303e2217d;477500f6-2525-48f6-abf8-0aa01b00427e'), (b'RateLimit', b'"resolvers";r=2998;t=79'), (b'RateLimit-Policy', b'"fixed window";"resolvers";q=3000;w=300'), (b'cross-origin-opener-policy', b'same-origin'), (b'Referrer-Policy', b'strict-origin-when-cross-origin'), (b'Access-Control-Max-Age', b'86400'), (b'Access-Control-Allow-Origin', b'https://huggingface.co'), (b'Access-Control-Expose-Headers', b'X-Repo-Commit,X-Request-Id,X-Error-Code,X-Error-Message,X-Total-Count,ETag,Link,Accept-Ranges,Content-Range,X-Linked-Size,X-Linked-ETag,X-Xet-Hash'), (b'X-Repo-Commit', b'5ca5edf5bd017b9919c05d08aebef5e4c7ac3bac'), (b'Accept-Ranges', b'bytes'), (b'Content-Disposition', b'inline; filename*=UTF-8\'\'processing_florence2.py; filename="processing_florence2.py";'), (b'Content-Security-Policy', b"default-src 'none'; sandbox"), (b'Vary', b'Origin'), (b'X-Cache', b'Hit from cloudfront'), (b'Via', b'1.1 c4f304e7786da519d49ea9f064843ae4.cloudfront.net (CloudFront)'), (b'X-Amz-Cf-Pop', b'ATL59-P13'), (b'X-Amz-Cf-Id', b'6sVrtrNGA8cRKMJke5O2yDiBKKdfhqFiU_7XbTa-3I-wJvYGvwHG5g=='), (b'Age', b'3847631')])
2026-03-12 10:28:48  INFO      HTTP Request: HEAD https://huggingface.co/api/resolve-cache/models/microsoft/Florence-2-base/5ca5edf5bd017b9919c05d08aebef5e4c7ac3bac/processing_florence2.py "HTTP/1.1 200 OK"
2026-03-12 10:28:48  DEBUG     receive_response_body.started request=<Request [b'HEAD']>
2026-03-12 10:28:48  DEBUG     receive_response_body.complete
2026-03-12 10:28:48  DEBUG     response_closed.started
2026-03-12 10:28:48  DEBUG     response_closed.complete
2026-03-12 10:28:48  DEBUG     send_request_headers.started request=<Request [b'GET']>
2026-03-12 10:28:48  DEBUG     send_request_headers.complete
2026-03-12 10:28:48  DEBUG     send_request_body.started request=<Request [b'GET']>
2026-03-12 10:28:48  DEBUG     send_request_body.complete
2026-03-12 10:28:48  DEBUG     receive_response_headers.started request=<Request [b'GET']>
2026-03-12 10:28:48  DEBUG     receive_response_headers.complete return_value=(b'HTTP/1.1', 404, b'Not Found', [(b'Content-Type', b'application/json; charset=utf-8'), (b'Content-Length', b'64'), (b'Connection', b'keep-alive'), (b'Date', b'Thu, 12 Mar 2026 14:28:48 GMT'), (b'ETag', b'W/"40-09f9IAqP13xarAhQxFS2W8rvRkM"'), (b'X-Powered-By', b'huggingface-moon'), (b'X-Request-Id', b'Root=1-69b2cda0-51d716b27dbd919a23e5fe4d;4e40f0d8-8107-4591-802d-55abfceb7bee'), (b'RateLimit', b'"api";r=499;t=236'), (b'RateLimit-Policy', b'"fixed window";"api";q=500;w=300'), (b'cross-origin-opener-policy', b'same-origin'), (b'Referrer-Policy', b'strict-origin-when-cross-origin'), (b'Access-Control-Max-Age', b'86400'), (b'Access-Control-Allow-Origin', b'https://huggingface.co'), (b'Vary', b'Origin'), (b'Access-Control-Expose-Headers', b'X-Repo-Commit,X-Request-Id,X-Error-Code,X-Error-Message,X-Total-Count,ETag,Link,Accept-Ranges,Content-Range,X-Linked-Size,X-Linked-ETag,X-Xet-Hash'), (b'X-Error-Code', b'EntryNotFound'), (b'X-Error-Message', b'additional_chat_templates does not exist on "main"'), (b'X-Cache', b'Error from cloudfront'), (b'Via', b'1.1 c4f304e7786da519d49ea9f064843ae4.cloudfront.net (CloudFront)'), (b'X-Amz-Cf-Pop', b'ATL59-P13'), (b'X-Amz-Cf-Id', b'YLPpC7GV9nH1I10wTa8OAbl2xB4RbOLOlknu-36s_dC7NEY69dC9fw==')])
2026-03-12 10:28:48  INFO      HTTP Request: GET https://huggingface.co/api/models/microsoft/Florence-2-base/tree/main/additional_chat_templates?recursive=false&expand=false "HTTP/1.1 404 Not Found"
2026-03-12 10:28:48  DEBUG     receive_response_body.started request=<Request [b'GET']>
2026-03-12 10:28:48  DEBUG     receive_response_body.complete
2026-03-12 10:28:48  DEBUG     response_closed.started
2026-03-12 10:28:48  DEBUG     response_closed.complete
2026-03-12 10:28:48  DEBUG     send_request_headers.started request=<Request [b'HEAD']>
2026-03-12 10:28:48  DEBUG     send_request_headers.complete
2026-03-12 10:28:48  DEBUG     send_request_body.started request=<Request [b'HEAD']>
2026-03-12 10:28:48  DEBUG     send_request_body.complete
2026-03-12 10:28:48  DEBUG     receive_response_headers.started request=<Request [b'HEAD']>
2026-03-12 10:28:48  DEBUG     receive_response_headers.complete return_value=(b'HTTP/1.1', 404, b'Not Found', [(b'Content-Type', b'text/plain; charset=utf-8'), (b'Content-Length', b'15'), (b'Connection', b'keep-alive'), (b'Date', b'Thu, 12 Mar 2026 14:28:48 GMT'), (b'ETag', b'W/"f-mY2VvLxuxB7KhsoOdQTlMTccuAQ"'), (b'X-Powered-By', b'huggingface-moon'), (b'X-Request-Id', b'Root=1-69b2cda0-0627c36150a7d60b6b1e874d;629adce3-33cc-46f4-8920-418d3979ea57'), (b'RateLimit', b'"resolvers";r=2994;t=236'), (b'RateLimit-Policy', b'"fixed window";"resolvers";q=3000;w=300'), (b'cross-origin-opener-policy', b'same-origin'), (b'Referrer-Policy', b'strict-origin-when-cross-origin'), (b'Access-Control-Max-Age', b'86400'), (b'Access-Control-Allow-Origin', b'https://huggingface.co'), (b'Vary', b'Origin'), (b'Access-Control-Expose-Headers', b'X-Repo-Commit,X-Request-Id,X-Error-Code,X-Error-Message,X-Total-Count,ETag,Link,Accept-Ranges,Content-Range,X-Linked-Size,X-Linked-ETag,X-Xet-Hash'), (b'X-Repo-Commit', b'5ca5edf5bd017b9919c05d08aebef5e4c7ac3bac'), (b'Accept-Ranges', b'bytes'), (b'X-HF-Warning', b'unauthenticated; Warning: You are sending unauthenticated requests to the HF Hub. Please set a HF_TOKEN to enable higher rate limits and faster downloads.'), (b'X-Hub-Cache', b'MISS'), (b'X-Error-Code', b'EntryNotFound'), (b'X-Error-Message', b'Entry not found'), (b'X-Cache', b'Error from cloudfront'), (b'Via', b'1.1 c4f304e7786da519d49ea9f064843ae4.cloudfront.net (CloudFront)'), (b'X-Amz-Cf-Pop', b'ATL59-P13'), (b'X-Amz-Cf-Id', b'IMFaSbGvIKmOfGFB4BId3S2KLIM0BeI17DFzzEW1DRg95Al_C2CAIA==')])
2026-03-12 10:28:48  INFO      HTTP Request: HEAD https://huggingface.co/microsoft/Florence-2-base/resolve/main/processor_config.json "HTTP/1.1 404 Not Found"
2026-03-12 10:28:48  DEBUG     receive_response_body.started request=<Request [b'HEAD']>
2026-03-12 10:28:48  DEBUG     receive_response_body.complete
2026-03-12 10:28:48  DEBUG     response_closed.started
2026-03-12 10:28:48  DEBUG     response_closed.complete
2026-03-12 10:28:48  DEBUG     send_request_headers.started request=<Request [b'HEAD']>
2026-03-12 10:28:48  DEBUG     send_request_headers.complete
2026-03-12 10:28:48  DEBUG     send_request_body.started request=<Request [b'HEAD']>
2026-03-12 10:28:48  DEBUG     send_request_body.complete
2026-03-12 10:28:48  DEBUG     receive_response_headers.started request=<Request [b'HEAD']>
2026-03-12 10:28:48  DEBUG     receive_response_headers.complete return_value=(b'HTTP/1.1', 404, b'Not Found', [(b'Content-Type', b'text/plain; charset=utf-8'), (b'Content-Length', b'15'), (b'Connection', b'keep-alive'), (b'Date', b'Thu, 12 Mar 2026 14:28:48 GMT'), (b'ETag', b'W/"f-mY2VvLxuxB7KhsoOdQTlMTccuAQ"'), (b'X-Powered-By', b'huggingface-moon'), (b'X-Request-Id', b'Root=1-69b2cda0-7617c067603b4d381c34d050;79faf09f-fd75-4eb3-b0de-8bb101d4e96d'), (b'RateLimit', b'"resolvers";r=2993;t=236'), (b'RateLimit-Policy', b'"fixed window";"resolvers";q=3000;w=300'), (b'cross-origin-opener-policy', b'same-origin'), (b'Referrer-Policy', b'strict-origin-when-cross-origin'), (b'Access-Control-Max-Age', b'86400'), (b'Access-Control-Allow-Origin', b'https://huggingface.co'), (b'Vary', b'Origin'), (b'Access-Control-Expose-Headers', b'X-Repo-Commit,X-Request-Id,X-Error-Code,X-Error-Message,X-Total-Count,ETag,Link,Accept-Ranges,Content-Range,X-Linked-Size,X-Linked-ETag,X-Xet-Hash'), (b'X-Repo-Commit', b'5ca5edf5bd017b9919c05d08aebef5e4c7ac3bac'), (b'Accept-Ranges', b'bytes'), (b'X-Hub-Cache', b'MISS'), (b'X-Error-Code', b'EntryNotFound'), (b'X-Error-Message', b'Entry not found'), (b'X-Cache', b'Error from cloudfront'), (b'Via', b'1.1 c4f304e7786da519d49ea9f064843ae4.cloudfront.net (CloudFront)'), (b'X-Amz-Cf-Pop', b'ATL59-P13'), (b'X-Amz-Cf-Id', b'Mrt7suG-K4YMnIXcIPiEyR6S3-XWbECmGqaxsApi9-qaqJoJ11GJSQ==')])
2026-03-12 10:28:48  INFO      HTTP Request: HEAD https://huggingface.co/microsoft/Florence-2-base/resolve/main/chat_template.json "HTTP/1.1 404 Not Found"
2026-03-12 10:28:48  DEBUG     receive_response_body.started request=<Request [b'HEAD']>
2026-03-12 10:28:48  DEBUG     receive_response_body.complete
2026-03-12 10:28:48  DEBUG     response_closed.started
2026-03-12 10:28:48  DEBUG     response_closed.complete
2026-03-12 10:28:48  DEBUG     send_request_headers.started request=<Request [b'HEAD']>
2026-03-12 10:28:48  DEBUG     send_request_headers.complete
2026-03-12 10:28:48  DEBUG     send_request_body.started request=<Request [b'HEAD']>
2026-03-12 10:28:48  DEBUG     send_request_body.complete
2026-03-12 10:28:48  DEBUG     receive_response_headers.started request=<Request [b'HEAD']>
2026-03-12 10:28:48  DEBUG     receive_response_headers.complete return_value=(b'HTTP/1.1', 404, b'Not Found', [(b'Content-Type', b'text/plain; charset=utf-8'), (b'Content-Length', b'15'), (b'Connection', b'keep-alive'), (b'Date', b'Thu, 12 Mar 2026 14:28:48 GMT'), (b'ETag', b'W/"f-mY2VvLxuxB7KhsoOdQTlMTccuAQ"'), (b'X-Powered-By', b'huggingface-moon'), (b'X-Request-Id', b'Root=1-69b2cda0-738fa66e4e86597c001606cd;c17e6591-e277-4e58-a1c8-3dbe8fd3f409'), (b'RateLimit', b'"resolvers";r=2992;t=236'), (b'RateLimit-Policy', b'"fixed window";"resolvers";q=3000;w=300'), (b'cross-origin-opener-policy', b'same-origin'), (b'Referrer-Policy', b'strict-origin-when-cross-origin'), (b'Access-Control-Max-Age', b'86400'), (b'Access-Control-Allow-Origin', b'https://huggingface.co'), (b'Vary', b'Origin'), (b'Access-Control-Expose-Headers', b'X-Repo-Commit,X-Request-Id,X-Error-Code,X-Error-Message,X-Total-Count,ETag,Link,Accept-Ranges,Content-Range,X-Linked-Size,X-Linked-ETag,X-Xet-Hash'), (b'X-Repo-Commit', b'5ca5edf5bd017b9919c05d08aebef5e4c7ac3bac'), (b'Accept-Ranges', b'bytes'), (b'X-HF-Warning', b'unauthenticated; Warning: You are sending unauthenticated requests to the HF Hub. Please set a HF_TOKEN to enable higher rate limits and faster downloads.'), (b'X-Hub-Cache', b'MISS'), (b'X-Error-Code', b'EntryNotFound'), (b'X-Error-Message', b'Entry not found'), (b'X-Cache', b'Error from cloudfront'), (b'Via', b'1.1 c4f304e7786da519d49ea9f064843ae4.cloudfront.net (CloudFront)'), (b'X-Amz-Cf-Pop', b'ATL59-P13'), (b'X-Amz-Cf-Id', b'v0MDSR6-h6af32gP9zoKGqVLuTerzR026x0y8KpLAY-_HYAeyfYvtg==')])
2026-03-12 10:28:48  INFO      HTTP Request: HEAD https://huggingface.co/microsoft/Florence-2-base/resolve/main/chat_template.jinja "HTTP/1.1 404 Not Found"
2026-03-12 10:28:48  DEBUG     receive_response_body.started request=<Request [b'HEAD']>
2026-03-12 10:28:48  DEBUG     receive_response_body.complete
2026-03-12 10:28:48  DEBUG     response_closed.started
2026-03-12 10:28:48  DEBUG     response_closed.complete
2026-03-12 10:28:48  DEBUG     send_request_headers.started request=<Request [b'HEAD']>
2026-03-12 10:28:48  DEBUG     send_request_headers.complete
2026-03-12 10:28:48  DEBUG     send_request_body.started request=<Request [b'HEAD']>
2026-03-12 10:28:48  DEBUG     send_request_body.complete
2026-03-12 10:28:48  DEBUG     receive_response_headers.started request=<Request [b'HEAD']>
2026-03-12 10:28:48  DEBUG     receive_response_headers.complete return_value=(b'HTTP/1.1', 404, b'Not Found', [(b'Content-Type', b'text/plain; charset=utf-8'), (b'Content-Length', b'15'), (b'Connection', b'keep-alive'), (b'Date', b'Thu, 12 Mar 2026 14:28:48 GMT'), (b'ETag', b'W/"f-mY2VvLxuxB7KhsoOdQTlMTccuAQ"'), (b'X-Powered-By', b'huggingface-moon'), (b'X-Request-Id', b'Root=1-69b2cda0-13b0131f46b475923da513dd;7f66cd59-0ee0-46bc-97d7-f330f16c7275'), (b'RateLimit', b'"resolvers";r=2991;t=236'), (b'RateLimit-Policy', b'"fixed window";"resolvers";q=3000;w=300'), (b'cross-origin-opener-policy', b'same-origin'), (b'Referrer-Policy', b'strict-origin-when-cross-origin'), (b'Access-Control-Max-Age', b'86400'), (b'Access-Control-Allow-Origin', b'https://huggingface.co'), (b'Vary', b'Origin'), (b'Access-Control-Expose-Headers', b'X-Repo-Commit,X-Request-Id,X-Error-Code,X-Error-Message,X-Total-Count,ETag,Link,Accept-Ranges,Content-Range,X-Linked-Size,X-Linked-ETag,X-Xet-Hash'), (b'X-Repo-Commit', b'5ca5edf5bd017b9919c05d08aebef5e4c7ac3bac'), (b'Accept-Ranges', b'bytes'), (b'X-Hub-Cache', b'MISS'), (b'X-Error-Code', b'EntryNotFound'), (b'X-Error-Message', b'Entry not found'), (b'X-Cache', b'Error from cloudfront'), (b'Via', b'1.1 c4f304e7786da519d49ea9f064843ae4.cloudfront.net (CloudFront)'), (b'X-Amz-Cf-Pop', b'ATL59-P13'), (b'X-Amz-Cf-Id', b'vLqxXR7xopcDsqkP3uLLNGjdrXzjZ8CEEi1zz0GEF0GDV1oMWGw9Kw==')])
2026-03-12 10:28:48  INFO      HTTP Request: HEAD https://huggingface.co/microsoft/Florence-2-base/resolve/main/audio_tokenizer_config.json "HTTP/1.1 404 Not Found"
2026-03-12 10:28:48  DEBUG     receive_response_body.started request=<Request [b'HEAD']>
2026-03-12 10:28:48  DEBUG     receive_response_body.complete
2026-03-12 10:28:48  DEBUG     response_closed.started
2026-03-12 10:28:48  DEBUG     response_closed.complete
2026-03-12 10:28:48  DEBUG     send_request_headers.started request=<Request [b'HEAD']>
2026-03-12 10:28:48  DEBUG     send_request_headers.complete
2026-03-12 10:28:48  DEBUG     send_request_body.started request=<Request [b'HEAD']>
2026-03-12 10:28:48  DEBUG     send_request_body.complete
2026-03-12 10:28:48  DEBUG     receive_response_headers.started request=<Request [b'HEAD']>
2026-03-12 10:28:48  DEBUG     receive_response_headers.complete return_value=(b'HTTP/1.1', 404, b'Not Found', [(b'Content-Type', b'text/plain; charset=utf-8'), (b'Content-Length', b'15'), (b'Connection', b'keep-alive'), (b'Date', b'Thu, 12 Mar 2026 14:28:48 GMT'), (b'ETag', b'W/"f-mY2VvLxuxB7KhsoOdQTlMTccuAQ"'), (b'X-Powered-By', b'huggingface-moon'), (b'X-Request-Id', b'Root=1-69b2cda0-6c7db9b855d213357280ddf2;a73569f1-c7b1-4c7d-8b8c-243aa6e04643'), (b'RateLimit', b'"resolvers";r=2990;t=236'), (b'RateLimit-Policy', b'"fixed window";"resolvers";q=3000;w=300'), (b'cross-origin-opener-policy', b'same-origin'), (b'Referrer-Policy', b'strict-origin-when-cross-origin'), (b'Access-Control-Max-Age', b'86400'), (b'Access-Control-Allow-Origin', b'https://huggingface.co'), (b'Vary', b'Origin'), (b'Access-Control-Expose-Headers', b'X-Repo-Commit,X-Request-Id,X-Error-Code,X-Error-Message,X-Total-Count,ETag,Link,Accept-Ranges,Content-Range,X-Linked-Size,X-Linked-ETag,X-Xet-Hash'), (b'X-Repo-Commit', b'5ca5edf5bd017b9919c05d08aebef5e4c7ac3bac'), (b'Accept-Ranges', b'bytes'), (b'X-HF-Warning', b'unauthenticated; Warning: You are sending unauthenticated requests to the HF Hub. Please set a HF_TOKEN to enable higher rate limits and faster downloads.'), (b'X-Hub-Cache', b'MISS'), (b'X-Error-Code', b'EntryNotFound'), (b'X-Error-Message', b'Entry not found'), (b'X-Cache', b'Error from cloudfront'), (b'Via', b'1.1 c4f304e7786da519d49ea9f064843ae4.cloudfront.net (CloudFront)'), (b'X-Amz-Cf-Pop', b'ATL59-P13'), (b'X-Amz-Cf-Id', b'XlRe4rjTQ7wwNXbxZw8pBCglXd1Ry4mmAXL4HlPdk5vzkbtIVBTVZQ==')])
2026-03-12 10:28:48  INFO      HTTP Request: HEAD https://huggingface.co/microsoft/Florence-2-base/resolve/main/processor_config.json "HTTP/1.1 404 Not Found"
2026-03-12 10:28:48  DEBUG     receive_response_body.started request=<Request [b'HEAD']>
2026-03-12 10:28:48  DEBUG     receive_response_body.complete
2026-03-12 10:28:48  DEBUG     response_closed.started
2026-03-12 10:28:48  DEBUG     response_closed.complete
2026-03-12 10:28:48  DEBUG     send_request_headers.started request=<Request [b'HEAD']>
2026-03-12 10:28:48  DEBUG     send_request_headers.complete
2026-03-12 10:28:48  DEBUG     send_request_body.started request=<Request [b'HEAD']>
2026-03-12 10:28:48  DEBUG     send_request_body.complete
2026-03-12 10:28:48  DEBUG     receive_response_headers.started request=<Request [b'HEAD']>
2026-03-12 10:28:48  DEBUG     receive_response_headers.complete return_value=(b'HTTP/1.1', 307, b'Temporary Redirect', [(b'Content-Type', b'text/plain; charset=utf-8'), (b'Content-Length', b'280'), (b'Connection', b'keep-alive'), (b'Date', b'Thu, 12 Mar 2026 14:28:48 GMT'), (b'Location', b'/api/resolve-cache/models/microsoft/Florence-2-base/5ca5edf5bd017b9919c05d08aebef5e4c7ac3bac/preprocessor_config.json?%2Fmicrosoft%2FFlorence-2-base%2Fresolve%2Fmain%2Fpreprocessor_config.json=&etag=%2285cd7be3568df661ad536b6ab20d59b08ba079ae%22'), (b'X-Powered-By', b'huggingface-moon'), (b'X-Request-Id', b'Root=1-69b2cda0-1b93d9ce7de81cfc5d191d36;806a9926-011d-4aa1-9758-dc2b4732dc77'), (b'RateLimit', b'"resolvers";r=2989;t=236'), (b'RateLimit-Policy', b'"fixed window";"resolvers";q=3000;w=300'), (b'cross-origin-opener-policy', b'same-origin'), (b'Referrer-Policy', b'strict-origin-when-cross-origin'), (b'Access-Control-Max-Age', b'86400'), (b'Access-Control-Allow-Origin', b'https://huggingface.co'), (b'Vary', b'Origin, Accept'), (b'Access-Control-Expose-Headers', b'X-Repo-Commit,X-Request-Id,X-Error-Code,X-Error-Message,X-Total-Count,ETag,Link,Accept-Ranges,Content-Range,X-Linked-Size,X-Linked-ETag,X-Xet-Hash'), (b'X-Repo-Commit', b'5ca5edf5bd017b9919c05d08aebef5e4c7ac3bac'), (b'Accept-Ranges', b'bytes'), (b'X-Hub-Cache', b'MISS'), (b'Content-Disposition', b'inline; filename*=UTF-8\'\'preprocessor_config.json; filename="preprocessor_config.json";'), (b'Content-Security-Policy', b"default-src 'none'; sandbox"), (b'X-Linked-ETag', b'"85cd7be3568df661ad536b6ab20d59b08ba079ae"'), (b'X-Cache', b'Miss from cloudfront'), (b'Via', b'1.1 c4f304e7786da519d49ea9f064843ae4.cloudfront.net (CloudFront)'), (b'X-Amz-Cf-Pop', b'ATL59-P13'), (b'X-Amz-Cf-Id', b'BTl2ajgpPqQDJspf9DpYgC8VC8lsvQGlBesDqUxd0iUTZr8BaNh6Kg==')])
2026-03-12 10:28:48  INFO      HTTP Request: HEAD https://huggingface.co/microsoft/Florence-2-base/resolve/main/preprocessor_config.json "HTTP/1.1 307 Temporary Redirect"
2026-03-12 10:28:48  DEBUG     receive_response_body.started request=<Request [b'HEAD']>
2026-03-12 10:28:48  DEBUG     receive_response_body.complete
2026-03-12 10:28:48  DEBUG     response_closed.started
2026-03-12 10:28:48  DEBUG     response_closed.complete
2026-03-12 10:28:48  DEBUG     send_request_headers.started request=<Request [b'HEAD']>
2026-03-12 10:28:48  DEBUG     send_request_headers.complete
2026-03-12 10:28:48  DEBUG     send_request_body.started request=<Request [b'HEAD']>
2026-03-12 10:28:48  DEBUG     send_request_body.complete
2026-03-12 10:28:48  DEBUG     receive_response_headers.started request=<Request [b'HEAD']>
2026-03-12 10:28:48  DEBUG     receive_response_headers.complete return_value=(b'HTTP/1.1', 200, b'OK', [(b'Content-Type', b'text/plain; charset=utf-8'), (b'Content-Length', b'806'), (b'Connection', b'keep-alive'), (b'Date', b'Fri, 29 Aug 2025 11:01:00 GMT'), (b'ETag', b'"85cd7be3568df661ad536b6ab20d59b08ba079ae"'), (b'X-Powered-By', b'huggingface-moon'), (b'cross-origin-opener-policy', b'same-origin'), (b'Referrer-Policy', b'strict-origin-when-cross-origin'), (b'X-Request-Id', b'Root=1-68b1886c-3d4f6bff3d722a4d12726afd;ef87aadc-03fd-42a9-938c-074af063b721'), (b'Access-Control-Allow-Origin', b'https://huggingface.co'), (b'Access-Control-Expose-Headers', b'X-Repo-Commit,X-Request-Id,X-Error-Code,X-Error-Message,X-Total-Count,ETag,Link,Accept-Ranges,Content-Range,X-Linked-Size,X-Linked-ETag,X-Xet-Hash'), (b'X-Repo-Commit', b'5ca5edf5bd017b9919c05d08aebef5e4c7ac3bac'), (b'Accept-Ranges', b'bytes'), (b'Content-Disposition', b'inline; filename*=UTF-8\'\'preprocessor_config.json; filename="preprocessor_config.json";'), (b'Content-Security-Policy', b"default-src 'none'; sandbox"), (b'Vary', b'Origin'), (b'X-Cache', b'Hit from cloudfront'), (b'Via', b'1.1 c4f304e7786da519d49ea9f064843ae4.cloudfront.net (CloudFront)'), (b'X-Amz-Cf-Pop', b'ATL59-P13'), (b'X-Amz-Cf-Id', b'IJMlcOLtuQ6uEZMR9zwE3BwlhmfleAr17xRdKTZDvs0TluP3fkcCbg=='), (b'Age', b'16860468')])
2026-03-12 10:28:48  INFO      HTTP Request: HEAD https://huggingface.co/api/resolve-cache/models/microsoft/Florence-2-base/5ca5edf5bd017b9919c05d08aebef5e4c7ac3bac/preprocessor_config.json "HTTP/1.1 200 OK"
2026-03-12 10:28:48  DEBUG     receive_response_body.started request=<Request [b'HEAD']>
2026-03-12 10:28:48  DEBUG     receive_response_body.complete
2026-03-12 10:28:48  DEBUG     response_closed.started
2026-03-12 10:28:48  DEBUG     response_closed.complete
2026-03-12 10:28:48  DEBUG     send_request_headers.started request=<Request [b'HEAD']>
2026-03-12 10:28:48  DEBUG     send_request_headers.complete
2026-03-12 10:28:48  DEBUG     send_request_body.started request=<Request [b'HEAD']>
2026-03-12 10:28:48  DEBUG     send_request_body.complete
2026-03-12 10:28:48  DEBUG     receive_response_headers.started request=<Request [b'HEAD']>
2026-03-12 10:28:48  DEBUG     receive_response_headers.complete return_value=(b'HTTP/1.1', 404, b'Not Found', [(b'Content-Type', b'text/plain; charset=utf-8'), (b'Content-Length', b'15'), (b'Connection', b'keep-alive'), (b'Date', b'Thu, 12 Mar 2026 14:28:48 GMT'), (b'ETag', b'W/"f-mY2VvLxuxB7KhsoOdQTlMTccuAQ"'), (b'X-Powered-By', b'huggingface-moon'), (b'X-Request-Id', b'Root=1-69b2cda0-3b6975132022a89610a79719;5b9466f8-6cd4-4337-acbd-d014cf2ebc52'), (b'RateLimit', b'"resolvers";r=2988;t=236'), (b'RateLimit-Policy', b'"fixed window";"resolvers";q=3000;w=300'), (b'cross-origin-opener-policy', b'same-origin'), (b'Referrer-Policy', b'strict-origin-when-cross-origin'), (b'Access-Control-Max-Age', b'86400'), (b'Access-Control-Allow-Origin', b'https://huggingface.co'), (b'Vary', b'Origin'), (b'Access-Control-Expose-Headers', b'X-Repo-Commit,X-Request-Id,X-Error-Code,X-Error-Message,X-Total-Count,ETag,Link,Accept-Ranges,Content-Range,X-Linked-Size,X-Linked-ETag,X-Xet-Hash'), (b'X-Repo-Commit', b'5ca5edf5bd017b9919c05d08aebef5e4c7ac3bac'), (b'Accept-Ranges', b'bytes'), (b'X-HF-Warning', b'unauthenticated; Warning: You are sending unauthenticated requests to the HF Hub. Please set a HF_TOKEN to enable higher rate limits and faster downloads.'), (b'X-Hub-Cache', b'MISS'), (b'X-Error-Code', b'EntryNotFound'), (b'X-Error-Message', b'Entry not found'), (b'X-Cache', b'Error from cloudfront'), (b'Via', b'1.1 c4f304e7786da519d49ea9f064843ae4.cloudfront.net (CloudFront)'), (b'X-Amz-Cf-Pop', b'ATL59-P13'), (b'X-Amz-Cf-Id', b'KLWWCAMuevVoev91qZfU9boRbO8zCc2S68l4VRPDvDdkom1xNNjD3Q==')])
2026-03-12 10:28:48  INFO      HTTP Request: HEAD https://huggingface.co/microsoft/Florence-2-base/resolve/main/processor_config.json "HTTP/1.1 404 Not Found"
2026-03-12 10:28:48  DEBUG     receive_response_body.started request=<Request [b'HEAD']>
2026-03-12 10:28:48  DEBUG     receive_response_body.complete
2026-03-12 10:28:48  DEBUG     response_closed.started
2026-03-12 10:28:48  DEBUG     response_closed.complete
2026-03-12 10:28:48  DEBUG     send_request_headers.started request=<Request [b'HEAD']>
2026-03-12 10:28:48  DEBUG     send_request_headers.complete
2026-03-12 10:28:48  DEBUG     send_request_body.started request=<Request [b'HEAD']>
2026-03-12 10:28:48  DEBUG     send_request_body.complete
2026-03-12 10:28:48  DEBUG     receive_response_headers.started request=<Request [b'HEAD']>
2026-03-12 10:28:48  DEBUG     receive_response_headers.complete return_value=(b'HTTP/1.1', 307, b'Temporary Redirect', [(b'Content-Type', b'text/plain; charset=utf-8'), (b'Content-Length', b'280'), (b'Connection', b'keep-alive'), (b'Date', b'Thu, 12 Mar 2026 14:28:48 GMT'), (b'Location', b'/api/resolve-cache/models/microsoft/Florence-2-base/5ca5edf5bd017b9919c05d08aebef5e4c7ac3bac/preprocessor_config.json?%2Fmicrosoft%2FFlorence-2-base%2Fresolve%2Fmain%2Fpreprocessor_config.json=&etag=%2285cd7be3568df661ad536b6ab20d59b08ba079ae%22'), (b'X-Powered-By', b'huggingface-moon'), (b'X-Request-Id', b'Root=1-69b2cda0-16d8ff14450fd995172750ae;9bcd4b19-0352-402a-9ac4-f9741cb32864'), (b'RateLimit', b'"resolvers";r=2987;t=236'), (b'RateLimit-Policy', b'"fixed window";"resolvers";q=3000;w=300'), (b'cross-origin-opener-policy', b'same-origin'), (b'Referrer-Policy', b'strict-origin-when-cross-origin'), (b'Access-Control-Max-Age', b'86400'), (b'Access-Control-Allow-Origin', b'https://huggingface.co'), (b'Vary', b'Origin, Accept'), (b'Access-Control-Expose-Headers', b'X-Repo-Commit,X-Request-Id,X-Error-Code,X-Error-Message,X-Total-Count,ETag,Link,Accept-Ranges,Content-Range,X-Linked-Size,X-Linked-ETag,X-Xet-Hash'), (b'X-Repo-Commit', b'5ca5edf5bd017b9919c05d08aebef5e4c7ac3bac'), (b'Accept-Ranges', b'bytes'), (b'X-Hub-Cache', b'HIT'), (b'Content-Disposition', b'inline; filename*=UTF-8\'\'preprocessor_config.json; filename="preprocessor_config.json";'), (b'Content-Security-Policy', b"default-src 'none'; sandbox"), (b'X-Linked-ETag', b'"85cd7be3568df661ad536b6ab20d59b08ba079ae"'), (b'X-Cache', b'Miss from cloudfront'), (b'Via', b'1.1 c4f304e7786da519d49ea9f064843ae4.cloudfront.net (CloudFront)'), (b'X-Amz-Cf-Pop', b'ATL59-P13'), (b'X-Amz-Cf-Id', b'iqA512733ngSYt_joY9-5_JDf8qXU8Uh3xkNFVchUF-ww0JEQLFqww==')])
2026-03-12 10:28:48  INFO      HTTP Request: HEAD https://huggingface.co/microsoft/Florence-2-base/resolve/main/preprocessor_config.json "HTTP/1.1 307 Temporary Redirect"
2026-03-12 10:28:48  DEBUG     receive_response_body.started request=<Request [b'HEAD']>
2026-03-12 10:28:48  DEBUG     receive_response_body.complete
2026-03-12 10:28:48  DEBUG     response_closed.started
2026-03-12 10:28:48  DEBUG     response_closed.complete
2026-03-12 10:28:48  DEBUG     send_request_headers.started request=<Request [b'HEAD']>
2026-03-12 10:28:48  DEBUG     send_request_headers.complete
2026-03-12 10:28:48  DEBUG     send_request_body.started request=<Request [b'HEAD']>
2026-03-12 10:28:48  DEBUG     send_request_body.complete
2026-03-12 10:28:48  DEBUG     receive_response_headers.started request=<Request [b'HEAD']>
2026-03-12 10:28:48  DEBUG     receive_response_headers.complete return_value=(b'HTTP/1.1', 200, b'OK', [(b'Content-Type', b'text/plain; charset=utf-8'), (b'Content-Length', b'806'), (b'Connection', b'keep-alive'), (b'Date', b'Fri, 29 Aug 2025 11:01:00 GMT'), (b'ETag', b'"85cd7be3568df661ad536b6ab20d59b08ba079ae"'), (b'X-Powered-By', b'huggingface-moon'), (b'cross-origin-opener-policy', b'same-origin'), (b'Referrer-Policy', b'strict-origin-when-cross-origin'), (b'X-Request-Id', b'Root=1-68b1886c-3d4f6bff3d722a4d12726afd;ef87aadc-03fd-42a9-938c-074af063b721'), (b'Access-Control-Allow-Origin', b'https://huggingface.co'), (b'Access-Control-Expose-Headers', b'X-Repo-Commit,X-Request-Id,X-Error-Code,X-Error-Message,X-Total-Count,ETag,Link,Accept-Ranges,Content-Range,X-Linked-Size,X-Linked-ETag,X-Xet-Hash'), (b'X-Repo-Commit', b'5ca5edf5bd017b9919c05d08aebef5e4c7ac3bac'), (b'Accept-Ranges', b'bytes'), (b'Content-Disposition', b'inline; filename*=UTF-8\'\'preprocessor_config.json; filename="preprocessor_config.json";'), (b'Content-Security-Policy', b"default-src 'none'; sandbox"), (b'Vary', b'Origin'), (b'X-Cache', b'Hit from cloudfront'), (b'Via', b'1.1 c4f304e7786da519d49ea9f064843ae4.cloudfront.net (CloudFront)'), (b'X-Amz-Cf-Pop', b'ATL59-P13'), (b'X-Amz-Cf-Id', b'OO7Ore3NOuuqxc9JVVTFgwYNRjHbS_1rF3YuiezjahnGqgOe2zla0A=='), (b'Age', b'16860468')])
2026-03-12 10:28:48  INFO      HTTP Request: HEAD https://huggingface.co/api/resolve-cache/models/microsoft/Florence-2-base/5ca5edf5bd017b9919c05d08aebef5e4c7ac3bac/preprocessor_config.json "HTTP/1.1 200 OK"
2026-03-12 10:28:48  DEBUG     receive_response_body.started request=<Request [b'HEAD']>
2026-03-12 10:28:48  DEBUG     receive_response_body.complete
2026-03-12 10:28:48  DEBUG     response_closed.started
2026-03-12 10:28:48  DEBUG     response_closed.complete
2026-03-12 10:28:48  DEBUG     send_request_headers.started request=<Request [b'HEAD']>
2026-03-12 10:28:48  DEBUG     send_request_headers.complete
2026-03-12 10:28:48  DEBUG     send_request_body.started request=<Request [b'HEAD']>
2026-03-12 10:28:48  DEBUG     send_request_body.complete
2026-03-12 10:28:48  DEBUG     receive_response_headers.started request=<Request [b'HEAD']>
2026-03-12 10:28:49  DEBUG     receive_response_headers.complete return_value=(b'HTTP/1.1', 307, b'Temporary Redirect', [(b'Content-Type', b'text/plain; charset=utf-8'), (b'Content-Length', b'254'), (b'Connection', b'keep-alive'), (b'Date', b'Thu, 12 Mar 2026 14:28:49 GMT'), (b'Location', b'/api/resolve-cache/models/microsoft/Florence-2-base/5ca5edf5bd017b9919c05d08aebef5e4c7ac3bac/config.json?%2Fmicrosoft%2FFlorence-2-base%2Fresolve%2Fmain%2Fconfig.json=&etag=%2274a4482afd52515c89ae8d7d388a537a16f5d350%22'), (b'X-Powered-By', b'huggingface-moon'), (b'X-Request-Id', b'Root=1-69b2cda1-75b5b3124e31054e74423016;749a684e-8dce-4d50-9d43-a235e622a31e'), (b'RateLimit', b'"resolvers";r=2986;t=235'), (b'RateLimit-Policy', b'"fixed window";"resolvers";q=3000;w=300'), (b'cross-origin-opener-policy', b'same-origin'), (b'Referrer-Policy', b'strict-origin-when-cross-origin'), (b'Access-Control-Max-Age', b'86400'), (b'Access-Control-Allow-Origin', b'https://huggingface.co'), (b'Vary', b'Origin, Accept'), (b'Access-Control-Expose-Headers', b'X-Repo-Commit,X-Request-Id,X-Error-Code,X-Error-Message,X-Total-Count,ETag,Link,Accept-Ranges,Content-Range,X-Linked-Size,X-Linked-ETag,X-Xet-Hash'), (b'X-Repo-Commit', b'5ca5edf5bd017b9919c05d08aebef5e4c7ac3bac'), (b'Accept-Ranges', b'bytes'), (b'X-Hub-Cache', b'HIT'), (b'Content-Disposition', b'inline; filename*=UTF-8\'\'config.json; filename="config.json";'), (b'Content-Security-Policy', b"default-src 'none'; sandbox"), (b'X-Linked-ETag', b'"74a4482afd52515c89ae8d7d388a537a16f5d350"'), (b'X-Cache', b'Miss from cloudfront'), (b'Via', b'1.1 c4f304e7786da519d49ea9f064843ae4.cloudfront.net (CloudFront)'), (b'X-Amz-Cf-Pop', b'ATL59-P13'), (b'X-Amz-Cf-Id', b'GRgosgu1ap1cciJxgx2QzdM9OCb1KFZV-r52ryPfPH3hItW78QpV8A==')])
2026-03-12 10:28:49  INFO      HTTP Request: HEAD https://huggingface.co/microsoft/Florence-2-base/resolve/main/config.json "HTTP/1.1 307 Temporary Redirect"
2026-03-12 10:28:49  DEBUG     receive_response_body.started request=<Request [b'HEAD']>
2026-03-12 10:28:49  DEBUG     receive_response_body.complete
2026-03-12 10:28:49  DEBUG     response_closed.started
2026-03-12 10:28:49  DEBUG     response_closed.complete
2026-03-12 10:28:49  DEBUG     send_request_headers.started request=<Request [b'HEAD']>
2026-03-12 10:28:49  DEBUG     send_request_headers.complete
2026-03-12 10:28:49  DEBUG     send_request_body.started request=<Request [b'HEAD']>
2026-03-12 10:28:49  DEBUG     send_request_body.complete
2026-03-12 10:28:49  DEBUG     receive_response_headers.started request=<Request [b'HEAD']>
2026-03-12 10:28:49  DEBUG     receive_response_headers.complete return_value=(b'HTTP/1.1', 200, b'OK', [(b'Content-Type', b'text/plain; charset=utf-8'), (b'Content-Length', b'2430'), (b'Connection', b'keep-alive'), (b'Date', b'Fri, 29 Aug 2025 10:27:59 GMT'), (b'ETag', b'"74a4482afd52515c89ae8d7d388a537a16f5d350"'), (b'X-Powered-By', b'huggingface-moon'), (b'cross-origin-opener-policy', b'same-origin'), (b'Referrer-Policy', b'strict-origin-when-cross-origin'), (b'X-Request-Id', b'Root=1-68b180af-2bdeb06a69de599e4d19f3fe;3c79d66e-c4e0-4ed2-b6ce-cc626ee80382'), (b'Access-Control-Allow-Origin', b'https://huggingface.co'), (b'Access-Control-Expose-Headers', b'X-Repo-Commit,X-Request-Id,X-Error-Code,X-Error-Message,X-Total-Count,ETag,Link,Accept-Ranges,Content-Range,X-Linked-Size,X-Linked-ETag,X-Xet-Hash'), (b'X-Repo-Commit', b'5ca5edf5bd017b9919c05d08aebef5e4c7ac3bac'), (b'Accept-Ranges', b'bytes'), (b'Content-Disposition', b'inline; filename*=UTF-8\'\'config.json; filename="config.json";'), (b'Content-Security-Policy', b"default-src 'none'; sandbox"), (b'Vary', b'Origin'), (b'X-Cache', b'Hit from cloudfront'), (b'Via', b'1.1 c4f304e7786da519d49ea9f064843ae4.cloudfront.net (CloudFront)'), (b'X-Amz-Cf-Pop', b'ATL59-P13'), (b'X-Amz-Cf-Id', b'wCo66_2z9q0IrctSTRZ0UC_oNZBuRRMeLWVWJxRDcvCeB8QhlzNPJg=='), (b'Age', b'16862450')])
2026-03-12 10:28:49  INFO      HTTP Request: HEAD https://huggingface.co/api/resolve-cache/models/microsoft/Florence-2-base/5ca5edf5bd017b9919c05d08aebef5e4c7ac3bac/config.json "HTTP/1.1 200 OK"
2026-03-12 10:28:49  DEBUG     receive_response_body.started request=<Request [b'HEAD']>
2026-03-12 10:28:49  DEBUG     receive_response_body.complete
2026-03-12 10:28:49  DEBUG     response_closed.started
2026-03-12 10:28:49  DEBUG     response_closed.complete
2026-03-12 10:28:49  DEBUG     send_request_headers.started request=<Request [b'HEAD']>
2026-03-12 10:28:49  DEBUG     send_request_headers.complete
2026-03-12 10:28:49  DEBUG     send_request_body.started request=<Request [b'HEAD']>
2026-03-12 10:28:49  DEBUG     send_request_body.complete
2026-03-12 10:28:49  DEBUG     receive_response_headers.started request=<Request [b'HEAD']>
2026-03-12 10:28:49  DEBUG     receive_response_headers.complete return_value=(b'HTTP/1.1', 307, b'Temporary Redirect', [(b'Content-Type', b'text/plain; charset=utf-8'), (b'Content-Length', b'284'), (b'Connection', b'keep-alive'), (b'Date', b'Thu, 12 Mar 2026 14:28:49 GMT'), (b'Location', b'/api/resolve-cache/models/microsoft/Florence-2-base/5ca5edf5bd017b9919c05d08aebef5e4c7ac3bac/configuration_florence2.py?%2Fmicrosoft%2FFlorence-2-base%2Fresolve%2Fmain%2Fconfiguration_florence2.py=&etag=%22b8869617ef8dfd0f04d421cf59b83ca662c363ad%22'), (b'X-Powered-By', b'huggingface-moon'), (b'X-Request-Id', b'Root=1-69b2cda1-39be10be1765338112f0fb93;01e712c8-cd94-4ed6-852d-614366932201'), (b'RateLimit', b'"resolvers";r=2985;t=235'), (b'RateLimit-Policy', b'"fixed window";"resolvers";q=3000;w=300'), (b'cross-origin-opener-policy', b'same-origin'), (b'Referrer-Policy', b'strict-origin-when-cross-origin'), (b'Access-Control-Max-Age', b'86400'), (b'Access-Control-Allow-Origin', b'https://huggingface.co'), (b'Vary', b'Origin, Accept'), (b'Access-Control-Expose-Headers', b'X-Repo-Commit,X-Request-Id,X-Error-Code,X-Error-Message,X-Total-Count,ETag,Link,Accept-Ranges,Content-Range,X-Linked-Size,X-Linked-ETag,X-Xet-Hash'), (b'X-Repo-Commit', b'5ca5edf5bd017b9919c05d08aebef5e4c7ac3bac'), (b'Accept-Ranges', b'bytes'), (b'X-HF-Warning', b'unauthenticated; Warning: You are sending unauthenticated requests to the HF Hub. Please set a HF_TOKEN to enable higher rate limits and faster downloads.'), (b'X-Hub-Cache', b'HIT'), (b'Content-Disposition', b'inline; filename*=UTF-8\'\'configuration_florence2.py; filename="configuration_florence2.py";'), (b'Content-Security-Policy', b"default-src 'none'; sandbox"), (b'X-Linked-ETag', b'"b8869617ef8dfd0f04d421cf59b83ca662c363ad"'), (b'X-Cache', b'Miss from cloudfront'), (b'Via', b'1.1 c4f304e7786da519d49ea9f064843ae4.cloudfront.net (CloudFront)'), (b'X-Amz-Cf-Pop', b'ATL59-P13'), (b'X-Amz-Cf-Id', b'lzX2V_k6F9M-XewHhseodp_yMkmff7BRGdfAnSMhYDPsbTiqw9WxDA==')])
2026-03-12 10:28:49  INFO      HTTP Request: HEAD https://huggingface.co/microsoft/Florence-2-base/resolve/main/configuration_florence2.py "HTTP/1.1 307 Temporary Redirect"
2026-03-12 10:28:49  DEBUG     receive_response_body.started request=<Request [b'HEAD']>
2026-03-12 10:28:49  DEBUG     receive_response_body.complete
2026-03-12 10:28:49  DEBUG     response_closed.started
2026-03-12 10:28:49  DEBUG     response_closed.complete
2026-03-12 10:28:49  DEBUG     send_request_headers.started request=<Request [b'HEAD']>
2026-03-12 10:28:49  DEBUG     send_request_headers.complete
2026-03-12 10:28:49  DEBUG     send_request_body.started request=<Request [b'HEAD']>
2026-03-12 10:28:49  DEBUG     send_request_body.complete
2026-03-12 10:28:49  DEBUG     receive_response_headers.started request=<Request [b'HEAD']>
2026-03-12 10:28:49  DEBUG     receive_response_headers.complete return_value=(b'HTTP/1.1', 200, b'OK', [(b'Content-Type', b'text/plain; charset=utf-8'), (b'Content-Length', b'15119'), (b'Connection', b'keep-alive'), (b'Date', b'Fri, 29 Aug 2025 10:28:00 GMT'), (b'ETag', b'"b8869617ef8dfd0f04d421cf59b83ca662c363ad"'), (b'X-Powered-By', b'huggingface-moon'), (b'cross-origin-opener-policy', b'same-origin'), (b'Referrer-Policy', b'strict-origin-when-cross-origin'), (b'X-Request-Id', b'Root=1-68b180b0-2c44fee4114328806c9f1031;1bfda5f7-3121-4226-a1e6-bfc61b7768cf'), (b'Access-Control-Allow-Origin', b'https://huggingface.co'), (b'Access-Control-Expose-Headers', b'X-Repo-Commit,X-Request-Id,X-Error-Code,X-Error-Message,X-Total-Count,ETag,Link,Accept-Ranges,Content-Range,X-Linked-Size,X-Linked-ETag,X-Xet-Hash'), (b'X-Repo-Commit', b'5ca5edf5bd017b9919c05d08aebef5e4c7ac3bac'), (b'Accept-Ranges', b'bytes'), (b'Content-Disposition', b'inline; filename*=UTF-8\'\'configuration_florence2.py; filename="configuration_florence2.py";'), (b'Content-Security-Policy', b"default-src 'none'; sandbox"), (b'Vary', b'Origin'), (b'X-Cache', b'Hit from cloudfront'), (b'Via', b'1.1 c4f304e7786da519d49ea9f064843ae4.cloudfront.net (CloudFront)'), (b'X-Amz-Cf-Pop', b'ATL59-P13'), (b'X-Amz-Cf-Id', b't9nmqRsqZNmEAV8zj_Tj5WbOk4slY36oD-CVqccWCfyXpp9PlV4o0A=='), (b'Age', b'16862449')])
2026-03-12 10:28:49  INFO      HTTP Request: HEAD https://huggingface.co/api/resolve-cache/models/microsoft/Florence-2-base/5ca5edf5bd017b9919c05d08aebef5e4c7ac3bac/configuration_florence2.py "HTTP/1.1 200 OK"
2026-03-12 10:28:49  DEBUG     receive_response_body.started request=<Request [b'HEAD']>
2026-03-12 10:28:49  DEBUG     receive_response_body.complete
2026-03-12 10:28:49  DEBUG     response_closed.started
2026-03-12 10:28:49  DEBUG     response_closed.complete
2026-03-12 10:28:49  DEBUG     send_request_headers.started request=<Request [b'HEAD']>
2026-03-12 10:28:49  DEBUG     send_request_headers.complete
2026-03-12 10:28:49  DEBUG     send_request_body.started request=<Request [b'HEAD']>
2026-03-12 10:28:49  DEBUG     send_request_body.complete
2026-03-12 10:28:49  DEBUG     receive_response_headers.started request=<Request [b'HEAD']>
2026-03-12 10:28:49  DEBUG     receive_response_headers.complete return_value=(b'HTTP/1.1', 307, b'Temporary Redirect', [(b'Content-Type', b'text/plain; charset=utf-8'), (b'Content-Length', b'254'), (b'Connection', b'keep-alive'), (b'Date', b'Thu, 12 Mar 2026 14:28:49 GMT'), (b'Location', b'/api/resolve-cache/models/microsoft/Florence-2-base/5ca5edf5bd017b9919c05d08aebef5e4c7ac3bac/config.json?%2Fmicrosoft%2FFlorence-2-base%2Fresolve%2Fmain%2Fconfig.json=&etag=%2274a4482afd52515c89ae8d7d388a537a16f5d350%22'), (b'X-Powered-By', b'huggingface-moon'), (b'X-Request-Id', b'Root=1-69b2cda1-43b2b55f4c73fa944f0c4845;ec2c9658-37fa-49ae-98a8-9375c70373e4'), (b'RateLimit', b'"resolvers";r=2984;t=235'), (b'RateLimit-Policy', b'"fixed window";"resolvers";q=3000;w=300'), (b'cross-origin-opener-policy', b'same-origin'), (b'Referrer-Policy', b'strict-origin-when-cross-origin'), (b'Access-Control-Max-Age', b'86400'), (b'Access-Control-Allow-Origin', b'https://huggingface.co'), (b'Vary', b'Origin, Accept'), (b'Access-Control-Expose-Headers', b'X-Repo-Commit,X-Request-Id,X-Error-Code,X-Error-Message,X-Total-Count,ETag,Link,Accept-Ranges,Content-Range,X-Linked-Size,X-Linked-ETag,X-Xet-Hash'), (b'X-Repo-Commit', b'5ca5edf5bd017b9919c05d08aebef5e4c7ac3bac'), (b'Accept-Ranges', b'bytes'), (b'X-HF-Warning', b'unauthenticated; Warning: You are sending unauthenticated requests to the HF Hub. Please set a HF_TOKEN to enable higher rate limits and faster downloads.'), (b'X-Hub-Cache', b'HIT'), (b'Content-Disposition', b'inline; filename*=UTF-8\'\'config.json; filename="config.json";'), (b'Content-Security-Policy', b"default-src 'none'; sandbox"), (b'X-Linked-ETag', b'"74a4482afd52515c89ae8d7d388a537a16f5d350"'), (b'X-Cache', b'Miss from cloudfront'), (b'Via', b'1.1 c4f304e7786da519d49ea9f064843ae4.cloudfront.net (CloudFront)'), (b'X-Amz-Cf-Pop', b'ATL59-P13'), (b'X-Amz-Cf-Id', b'bOunttgMdyKgTCowrgunFiyfWMvH5aYO4mX8k-x6zqhBxSfGexLz7g==')])
2026-03-12 10:28:49  INFO      HTTP Request: HEAD https://huggingface.co/microsoft/Florence-2-base/resolve/main/config.json "HTTP/1.1 307 Temporary Redirect"
2026-03-12 10:28:49  DEBUG     receive_response_body.started request=<Request [b'HEAD']>
2026-03-12 10:28:49  DEBUG     receive_response_body.complete
2026-03-12 10:28:49  DEBUG     response_closed.started
2026-03-12 10:28:49  DEBUG     response_closed.complete
2026-03-12 10:28:49  DEBUG     send_request_headers.started request=<Request [b'HEAD']>
2026-03-12 10:28:49  DEBUG     send_request_headers.complete
2026-03-12 10:28:49  DEBUG     send_request_body.started request=<Request [b'HEAD']>
2026-03-12 10:28:49  DEBUG     send_request_body.complete
2026-03-12 10:28:49  DEBUG     receive_response_headers.started request=<Request [b'HEAD']>
2026-03-12 10:28:49  DEBUG     receive_response_headers.complete return_value=(b'HTTP/1.1', 200, b'OK', [(b'Content-Type', b'text/plain; charset=utf-8'), (b'Content-Length', b'2430'), (b'Connection', b'keep-alive'), (b'Date', b'Fri, 29 Aug 2025 10:27:59 GMT'), (b'ETag', b'"74a4482afd52515c89ae8d7d388a537a16f5d350"'), (b'X-Powered-By', b'huggingface-moon'), (b'cross-origin-opener-policy', b'same-origin'), (b'Referrer-Policy', b'strict-origin-when-cross-origin'), (b'X-Request-Id', b'Root=1-68b180af-2bdeb06a69de599e4d19f3fe;3c79d66e-c4e0-4ed2-b6ce-cc626ee80382'), (b'Access-Control-Allow-Origin', b'https://huggingface.co'), (b'Access-Control-Expose-Headers', b'X-Repo-Commit,X-Request-Id,X-Error-Code,X-Error-Message,X-Total-Count,ETag,Link,Accept-Ranges,Content-Range,X-Linked-Size,X-Linked-ETag,X-Xet-Hash'), (b'X-Repo-Commit', b'5ca5edf5bd017b9919c05d08aebef5e4c7ac3bac'), (b'Accept-Ranges', b'bytes'), (b'Content-Disposition', b'inline; filename*=UTF-8\'\'config.json; filename="config.json";'), (b'Content-Security-Policy', b"default-src 'none'; sandbox"), (b'Vary', b'Origin'), (b'X-Cache', b'Hit from cloudfront'), (b'Via', b'1.1 c4f304e7786da519d49ea9f064843ae4.cloudfront.net (CloudFront)'), (b'X-Amz-Cf-Pop', b'ATL59-P13'), (b'X-Amz-Cf-Id', b'mr_IqM5cV8sDmTUQKRCkrBWabhH-QfX-AuzUsK2rN-187COVrdEbsQ=='), (b'Age', b'16862450')])
2026-03-12 10:28:49  INFO      HTTP Request: HEAD https://huggingface.co/api/resolve-cache/models/microsoft/Florence-2-base/5ca5edf5bd017b9919c05d08aebef5e4c7ac3bac/config.json "HTTP/1.1 200 OK"
2026-03-12 10:28:49  DEBUG     receive_response_body.started request=<Request [b'HEAD']>
2026-03-12 10:28:49  DEBUG     receive_response_body.complete
2026-03-12 10:28:49  DEBUG     response_closed.started
2026-03-12 10:28:49  DEBUG     response_closed.complete
2026-03-12 10:28:49  DEBUG     send_request_headers.started request=<Request [b'HEAD']>
2026-03-12 10:28:49  DEBUG     send_request_headers.complete
2026-03-12 10:28:49  DEBUG     send_request_body.started request=<Request [b'HEAD']>
2026-03-12 10:28:49  DEBUG     send_request_body.complete
2026-03-12 10:28:49  DEBUG     receive_response_headers.started request=<Request [b'HEAD']>
2026-03-12 10:28:49  DEBUG     receive_response_headers.complete return_value=(b'HTTP/1.1', 307, b'Temporary Redirect', [(b'Content-Type', b'text/plain; charset=utf-8'), (b'Content-Length', b'274'), (b'Connection', b'keep-alive'), (b'Date', b'Thu, 12 Mar 2026 14:28:49 GMT'), (b'Location', b'/api/resolve-cache/models/microsoft/Florence-2-base/5ca5edf5bd017b9919c05d08aebef5e4c7ac3bac/tokenizer_config.json?%2Fmicrosoft%2FFlorence-2-base%2Fresolve%2Fmain%2Ftokenizer_config.json=&etag=%2244784bc58d4cb18d3549ad71e062efcf032d9ef5%22'), (b'X-Powered-By', b'huggingface-moon'), (b'X-Request-Id', b'Root=1-69b2cda1-1e3625ff534483864496e0f3;ea19cfca-6e8f-4943-b7b1-0b08ed861378'), (b'RateLimit', b'"resolvers";r=2983;t=235'), (b'RateLimit-Policy', b'"fixed window";"resolvers";q=3000;w=300'), (b'cross-origin-opener-policy', b'same-origin'), (b'Referrer-Policy', b'strict-origin-when-cross-origin'), (b'Access-Control-Max-Age', b'86400'), (b'Access-Control-Allow-Origin', b'https://huggingface.co'), (b'Vary', b'Origin, Accept'), (b'Access-Control-Expose-Headers', b'X-Repo-Commit,X-Request-Id,X-Error-Code,X-Error-Message,X-Total-Count,ETag,Link,Accept-Ranges,Content-Range,X-Linked-Size,X-Linked-ETag,X-Xet-Hash'), (b'X-Repo-Commit', b'5ca5edf5bd017b9919c05d08aebef5e4c7ac3bac'), (b'Accept-Ranges', b'bytes'), (b'X-Hub-Cache', b'HIT'), (b'Content-Disposition', b'inline; filename*=UTF-8\'\'tokenizer_config.json; filename="tokenizer_config.json";'), (b'Content-Security-Policy', b"default-src 'none'; sandbox"), (b'X-Linked-ETag', b'"44784bc58d4cb18d3549ad71e062efcf032d9ef5"'), (b'X-Cache', b'Miss from cloudfront'), (b'Via', b'1.1 c4f304e7786da519d49ea9f064843ae4.cloudfront.net (CloudFront)'), (b'X-Amz-Cf-Pop', b'ATL59-P13'), (b'X-Amz-Cf-Id', b'e-buPjHiegLdgAydSVPQBvm1pGw0du06g6x0EZ411bucs-DRRBM68Q==')])
2026-03-12 10:28:49  INFO      HTTP Request: HEAD https://huggingface.co/microsoft/Florence-2-base/resolve/main/tokenizer_config.json "HTTP/1.1 307 Temporary Redirect"
2026-03-12 10:28:49  DEBUG     receive_response_body.started request=<Request [b'HEAD']>
2026-03-12 10:28:49  DEBUG     receive_response_body.complete
2026-03-12 10:28:49  DEBUG     response_closed.started
2026-03-12 10:28:49  DEBUG     response_closed.complete
2026-03-12 10:28:49  DEBUG     send_request_headers.started request=<Request [b'HEAD']>
2026-03-12 10:28:49  DEBUG     send_request_headers.complete
2026-03-12 10:28:49  DEBUG     send_request_body.started request=<Request [b'HEAD']>
2026-03-12 10:28:49  DEBUG     send_request_body.complete
2026-03-12 10:28:49  DEBUG     receive_response_headers.started request=<Request [b'HEAD']>
2026-03-12 10:28:49  DEBUG     receive_response_headers.complete return_value=(b'HTTP/1.1', 200, b'OK', [(b'Content-Type', b'text/plain; charset=utf-8'), (b'Content-Length', b'34'), (b'Connection', b'keep-alive'), (b'Date', b'Mon, 26 Jan 2026 18:36:12 GMT'), (b'ETag', b'"44784bc58d4cb18d3549ad71e062efcf032d9ef5"'), (b'X-Powered-By', b'huggingface-moon'), (b'X-Request-Id', b'Root=1-6977b41c-7cd2987d3ffd44cd050df45a;73bcbb39-bec3-4d34-8af5-f5d3a4176c48'), (b'RateLimit', b'"resolvers";r=2999;t=224'), (b'RateLimit-Policy', b'"fixed window";"resolvers";q=3000;w=300'), (b'cross-origin-opener-policy', b'same-origin'), (b'Referrer-Policy', b'strict-origin-when-cross-origin'), (b'Access-Control-Max-Age', b'86400'), (b'Access-Control-Allow-Origin', b'https://huggingface.co'), (b'Access-Control-Expose-Headers', b'X-Repo-Commit,X-Request-Id,X-Error-Code,X-Error-Message,X-Total-Count,ETag,Link,Accept-Ranges,Content-Range,X-Linked-Size,X-Linked-ETag,X-Xet-Hash'), (b'X-Repo-Commit', b'5ca5edf5bd017b9919c05d08aebef5e4c7ac3bac'), (b'Accept-Ranges', b'bytes'), (b'Content-Disposition', b'inline; filename*=UTF-8\'\'tokenizer_config.json; filename="tokenizer_config.json";'), (b'Content-Security-Policy', b"default-src 'none'; sandbox"), (b'Vary', b'Origin'), (b'X-Cache', b'Hit from cloudfront'), (b'Via', b'1.1 c4f304e7786da519d49ea9f064843ae4.cloudfront.net (CloudFront)'), (b'X-Amz-Cf-Pop', b'ATL59-P13'), (b'X-Amz-Cf-Id', b'QUuxIT0chXj-pntdFGXWzgJ7z5jOZtGonJEd0s_jzQl_1jSJ-1yPqg=='), (b'Age', b'3873157')])
2026-03-12 10:28:49  INFO      HTTP Request: HEAD https://huggingface.co/api/resolve-cache/models/microsoft/Florence-2-base/5ca5edf5bd017b9919c05d08aebef5e4c7ac3bac/tokenizer_config.json "HTTP/1.1 200 OK"
2026-03-12 10:28:49  DEBUG     receive_response_body.started request=<Request [b'HEAD']>
2026-03-12 10:28:49  DEBUG     receive_response_body.complete
2026-03-12 10:28:49  DEBUG     response_closed.started
2026-03-12 10:28:49  DEBUG     response_closed.complete
2026-03-12 10:28:49  DEBUG     send_request_headers.started request=<Request [b'GET']>
2026-03-12 10:28:49  DEBUG     send_request_headers.complete
2026-03-12 10:28:49  DEBUG     send_request_body.started request=<Request [b'GET']>
2026-03-12 10:28:49  DEBUG     send_request_body.complete
2026-03-12 10:28:49  DEBUG     receive_response_headers.started request=<Request [b'GET']>
2026-03-12 10:28:49  DEBUG     receive_response_headers.complete return_value=(b'HTTP/1.1', 404, b'Not Found', [(b'Content-Type', b'application/json; charset=utf-8'), (b'Content-Length', b'64'), (b'Connection', b'keep-alive'), (b'Date', b'Thu, 12 Mar 2026 14:28:49 GMT'), (b'ETag', b'W/"40-09f9IAqP13xarAhQxFS2W8rvRkM"'), (b'X-Powered-By', b'huggingface-moon'), (b'X-Request-Id', b'Root=1-69b2cda1-2e55af2144cb4bb042a73741;027c5397-b53d-4fc1-bd35-72942c07c76f'), (b'RateLimit', b'"api";r=498;t=235'), (b'RateLimit-Policy', b'"fixed window";"api";q=500;w=300'), (b'cross-origin-opener-policy', b'same-origin'), (b'Referrer-Policy', b'strict-origin-when-cross-origin'), (b'Access-Control-Max-Age', b'86400'), (b'Access-Control-Allow-Origin', b'https://huggingface.co'), (b'Vary', b'Origin'), (b'Access-Control-Expose-Headers', b'X-Repo-Commit,X-Request-Id,X-Error-Code,X-Error-Message,X-Total-Count,ETag,Link,Accept-Ranges,Content-Range,X-Linked-Size,X-Linked-ETag,X-Xet-Hash'), (b'X-Error-Code', b'EntryNotFound'), (b'X-Error-Message', b'additional_chat_templates does not exist on "main"'), (b'X-Cache', b'Error from cloudfront'), (b'Via', b'1.1 c4f304e7786da519d49ea9f064843ae4.cloudfront.net (CloudFront)'), (b'X-Amz-Cf-Pop', b'ATL59-P13'), (b'X-Amz-Cf-Id', b'BTDF_Q-v1Fko5xD5y1yc3jT0JoYKMcGTeSqC2whevVvMupNmXrNfEQ==')])
2026-03-12 10:28:49  INFO      HTTP Request: GET https://huggingface.co/api/models/microsoft/Florence-2-base/tree/main/additional_chat_templates?recursive=false&expand=false "HTTP/1.1 404 Not Found"
2026-03-12 10:28:49  DEBUG     receive_response_body.started request=<Request [b'GET']>
2026-03-12 10:28:49  DEBUG     receive_response_body.complete
2026-03-12 10:28:49  DEBUG     response_closed.started
2026-03-12 10:28:49  DEBUG     response_closed.complete
2026-03-12 10:28:49  DEBUG     send_request_headers.started request=<Request [b'GET']>
2026-03-12 10:28:49  DEBUG     send_request_headers.complete
2026-03-12 10:28:49  DEBUG     send_request_body.started request=<Request [b'GET']>
2026-03-12 10:28:49  DEBUG     send_request_body.complete
2026-03-12 10:28:49  DEBUG     receive_response_headers.started request=<Request [b'GET']>
2026-03-12 10:28:49  DEBUG     receive_response_headers.complete return_value=(b'HTTP/1.1', 200, b'OK', [(b'Content-Type', b'application/json; charset=utf-8'), (b'Transfer-Encoding', b'chunked'), (b'Connection', b'keep-alive'), (b'Date', b'Thu, 12 Mar 2026 14:28:49 GMT'), (b'Access-Control-Expose-Headers', b'X-Repo-Commit,X-Request-Id,X-Error-Code,X-Error-Message,X-Total-Count,ETag,Link,Accept-Ranges,Content-Range,X-Linked-Size,X-Linked-ETag,X-Xet-Hash'), (b'content-encoding', b'gzip'), (b'X-Powered-By', b'huggingface-moon'), (b'X-Request-Id', b'Root=1-69b2cda1-190cda5b119ea011488fdddc;748bb6e1-ad5a-4cd1-925f-7f3bec7712e5'), (b'RateLimit', b'"api";r=497;t=235'), (b'RateLimit-Policy', b'"fixed window";"api";q=500;w=300'), (b'cross-origin-opener-policy', b'same-origin'), (b'Referrer-Policy', b'strict-origin-when-cross-origin'), (b'Access-Control-Max-Age', b'86400'), (b'Access-Control-Allow-Origin', b'https://huggingface.co'), (b'Vary', b'Origin'), (b'vary', b'accept-encoding'), (b'ETag', b'W/"801-8wfJdkULAAa2bZfXhisB0NSy3Jo"'), (b'X-Cache', b'Miss from cloudfront'), (b'Via', b'1.1 c4f304e7786da519d49ea9f064843ae4.cloudfront.net (CloudFront)'), (b'X-Amz-Cf-Pop', b'ATL59-P13'), (b'X-Amz-Cf-Id', b'RhLPL_7zF2xo42IaDNI_53aytuquLdVzEvVBwU7yt9zrUTcdVc5Opw==')])
2026-03-12 10:28:49  INFO      HTTP Request: GET https://huggingface.co/api/models/microsoft/Florence-2-base/tree/main?recursive=true&expand=false "HTTP/1.1 200 OK"
2026-03-12 10:28:49  DEBUG     receive_response_body.started request=<Request [b'GET']>
2026-03-12 10:28:49  DEBUG     receive_response_body.complete
2026-03-12 10:28:49  DEBUG     response_closed.started
2026-03-12 10:28:49  DEBUG     response_closed.complete
2026-03-12 10:28:49  DEBUG     send_request_headers.started request=<Request [b'HEAD']>
2026-03-12 10:28:49  DEBUG     send_request_headers.complete
2026-03-12 10:28:49  DEBUG     send_request_body.started request=<Request [b'HEAD']>
2026-03-12 10:28:49  DEBUG     send_request_body.complete
2026-03-12 10:28:49  DEBUG     receive_response_headers.started request=<Request [b'HEAD']>
2026-03-12 10:28:49  DEBUG     receive_response_headers.complete return_value=(b'HTTP/1.1', 307, b'Temporary Redirect', [(b'Content-Type', b'text/plain; charset=utf-8'), (b'Content-Length', b'254'), (b'Connection', b'keep-alive'), (b'Date', b'Thu, 12 Mar 2026 14:28:49 GMT'), (b'Location', b'/api/resolve-cache/models/microsoft/Florence-2-base/5ca5edf5bd017b9919c05d08aebef5e4c7ac3bac/config.json?%2Fmicrosoft%2FFlorence-2-base%2Fresolve%2Fmain%2Fconfig.json=&etag=%2274a4482afd52515c89ae8d7d388a537a16f5d350%22'), (b'X-Powered-By', b'huggingface-moon'), (b'X-Request-Id', b'Root=1-69b2cda1-3167801f28b75ff413f8463c;0e94723b-75b4-4afc-a5bd-19ddeee4ba9b'), (b'RateLimit', b'"resolvers";r=2982;t=235'), (b'RateLimit-Policy', b'"fixed window";"resolvers";q=3000;w=300'), (b'cross-origin-opener-policy', b'same-origin'), (b'Referrer-Policy', b'strict-origin-when-cross-origin'), (b'Access-Control-Max-Age', b'86400'), (b'Access-Control-Allow-Origin', b'https://huggingface.co'), (b'Vary', b'Origin, Accept'), (b'Access-Control-Expose-Headers', b'X-Repo-Commit,X-Request-Id,X-Error-Code,X-Error-Message,X-Total-Count,ETag,Link,Accept-Ranges,Content-Range,X-Linked-Size,X-Linked-ETag,X-Xet-Hash'), (b'X-Repo-Commit', b'5ca5edf5bd017b9919c05d08aebef5e4c7ac3bac'), (b'Accept-Ranges', b'bytes'), (b'X-Hub-Cache', b'HIT'), (b'Content-Disposition', b'inline; filename*=UTF-8\'\'config.json; filename="config.json";'), (b'Content-Security-Policy', b"default-src 'none'; sandbox"), (b'X-Linked-ETag', b'"74a4482afd52515c89ae8d7d388a537a16f5d350"'), (b'X-Cache', b'Miss from cloudfront'), (b'Via', b'1.1 c4f304e7786da519d49ea9f064843ae4.cloudfront.net (CloudFront)'), (b'X-Amz-Cf-Pop', b'ATL59-P13'), (b'X-Amz-Cf-Id', b'UoNfAdP3V2D0YFil1idfqZSX55Mdj8GOiBHma2gvtTs4eAaBqPshiQ==')])
2026-03-12 10:28:49  INFO      HTTP Request: HEAD https://huggingface.co/microsoft/Florence-2-base/resolve/main/config.json "HTTP/1.1 307 Temporary Redirect"
2026-03-12 10:28:49  DEBUG     receive_response_body.started request=<Request [b'HEAD']>
2026-03-12 10:28:49  DEBUG     receive_response_body.complete
2026-03-12 10:28:49  DEBUG     response_closed.started
2026-03-12 10:28:49  DEBUG     response_closed.complete
2026-03-12 10:28:49  DEBUG     send_request_headers.started request=<Request [b'HEAD']>
2026-03-12 10:28:49  DEBUG     send_request_headers.complete
2026-03-12 10:28:49  DEBUG     send_request_body.started request=<Request [b'HEAD']>
2026-03-12 10:28:49  DEBUG     send_request_body.complete
2026-03-12 10:28:49  DEBUG     receive_response_headers.started request=<Request [b'HEAD']>
2026-03-12 10:28:49  DEBUG     receive_response_headers.complete return_value=(b'HTTP/1.1', 200, b'OK', [(b'Content-Type', b'text/plain; charset=utf-8'), (b'Content-Length', b'2430'), (b'Connection', b'keep-alive'), (b'Date', b'Fri, 29 Aug 2025 10:27:59 GMT'), (b'ETag', b'"74a4482afd52515c89ae8d7d388a537a16f5d350"'), (b'X-Powered-By', b'huggingface-moon'), (b'cross-origin-opener-policy', b'same-origin'), (b'Referrer-Policy', b'strict-origin-when-cross-origin'), (b'X-Request-Id', b'Root=1-68b180af-2bdeb06a69de599e4d19f3fe;3c79d66e-c4e0-4ed2-b6ce-cc626ee80382'), (b'Access-Control-Allow-Origin', b'https://huggingface.co'), (b'Access-Control-Expose-Headers', b'X-Repo-Commit,X-Request-Id,X-Error-Code,X-Error-Message,X-Total-Count,ETag,Link,Accept-Ranges,Content-Range,X-Linked-Size,X-Linked-ETag,X-Xet-Hash'), (b'X-Repo-Commit', b'5ca5edf5bd017b9919c05d08aebef5e4c7ac3bac'), (b'Accept-Ranges', b'bytes'), (b'Content-Disposition', b'inline; filename*=UTF-8\'\'config.json; filename="config.json";'), (b'Content-Security-Policy', b"default-src 'none'; sandbox"), (b'Vary', b'Origin'), (b'X-Cache', b'Hit from cloudfront'), (b'Via', b'1.1 c4f304e7786da519d49ea9f064843ae4.cloudfront.net (CloudFront)'), (b'X-Amz-Cf-Pop', b'ATL59-P13'), (b'X-Amz-Cf-Id', b'Pxx1e4sog8Ryy1p8ZhY2mK0HRAP8VfE7LO3OMqG5vJsNh_AvUBcztg=='), (b'Age', b'16862450')])
2026-03-12 10:28:49  INFO      HTTP Request: HEAD https://huggingface.co/api/resolve-cache/models/microsoft/Florence-2-base/5ca5edf5bd017b9919c05d08aebef5e4c7ac3bac/config.json "HTTP/1.1 200 OK"
2026-03-12 10:28:49  DEBUG     receive_response_body.started request=<Request [b'HEAD']>
2026-03-12 10:28:49  DEBUG     receive_response_body.complete
2026-03-12 10:28:49  DEBUG     response_closed.started
2026-03-12 10:28:49  DEBUG     response_closed.complete
2026-03-12 10:28:49  DEBUG     send_request_headers.started request=<Request [b'HEAD']>
2026-03-12 10:28:49  DEBUG     send_request_headers.complete
2026-03-12 10:28:49  DEBUG     send_request_body.started request=<Request [b'HEAD']>
2026-03-12 10:28:49  DEBUG     send_request_body.complete
2026-03-12 10:28:49  DEBUG     receive_response_headers.started request=<Request [b'HEAD']>
2026-03-12 10:28:49  DEBUG     receive_response_headers.complete return_value=(b'HTTP/1.1', 307, b'Temporary Redirect', [(b'Content-Type', b'text/plain; charset=utf-8'), (b'Content-Length', b'284'), (b'Connection', b'keep-alive'), (b'Date', b'Thu, 12 Mar 2026 14:28:49 GMT'), (b'Location', b'/api/resolve-cache/models/microsoft/Florence-2-base/5ca5edf5bd017b9919c05d08aebef5e4c7ac3bac/configuration_florence2.py?%2Fmicrosoft%2FFlorence-2-base%2Fresolve%2Fmain%2Fconfiguration_florence2.py=&etag=%22b8869617ef8dfd0f04d421cf59b83ca662c363ad%22'), (b'X-Powered-By', b'huggingface-moon'), (b'X-Request-Id', b'Root=1-69b2cda1-6dcc58e17077d7ee14fe7493;de17795e-53c8-44a4-ba05-85bcdc4f4e8b'), (b'RateLimit', b'"resolvers";r=2981;t=235'), (b'RateLimit-Policy', b'"fixed window";"resolvers";q=3000;w=300'), (b'cross-origin-opener-policy', b'same-origin'), (b'Referrer-Policy', b'strict-origin-when-cross-origin'), (b'Access-Control-Max-Age', b'86400'), (b'Access-Control-Allow-Origin', b'https://huggingface.co'), (b'Vary', b'Origin, Accept'), (b'Access-Control-Expose-Headers', b'X-Repo-Commit,X-Request-Id,X-Error-Code,X-Error-Message,X-Total-Count,ETag,Link,Accept-Ranges,Content-Range,X-Linked-Size,X-Linked-ETag,X-Xet-Hash'), (b'X-Repo-Commit', b'5ca5edf5bd017b9919c05d08aebef5e4c7ac3bac'), (b'Accept-Ranges', b'bytes'), (b'X-HF-Warning', b'unauthenticated; Warning: You are sending unauthenticated requests to the HF Hub. Please set a HF_TOKEN to enable higher rate limits and faster downloads.'), (b'X-Hub-Cache', b'HIT'), (b'Content-Disposition', b'inline; filename*=UTF-8\'\'configuration_florence2.py; filename="configuration_florence2.py";'), (b'Content-Security-Policy', b"default-src 'none'; sandbox"), (b'X-Linked-ETag', b'"b8869617ef8dfd0f04d421cf59b83ca662c363ad"'), (b'X-Cache', b'Miss from cloudfront'), (b'Via', b'1.1 c4f304e7786da519d49ea9f064843ae4.cloudfront.net (CloudFront)'), (b'X-Amz-Cf-Pop', b'ATL59-P13'), (b'X-Amz-Cf-Id', b'g8v1jqYlTKtQPELA0o0z0h2DgWwdWKHE6IaGQutNjdF44Eq6aetysw==')])
2026-03-12 10:28:49  INFO      HTTP Request: HEAD https://huggingface.co/microsoft/Florence-2-base/resolve/main/configuration_florence2.py "HTTP/1.1 307 Temporary Redirect"
2026-03-12 10:28:49  DEBUG     receive_response_body.started request=<Request [b'HEAD']>
2026-03-12 10:28:49  DEBUG     receive_response_body.complete
2026-03-12 10:28:49  DEBUG     response_closed.started
2026-03-12 10:28:49  DEBUG     response_closed.complete
2026-03-12 10:28:49  DEBUG     send_request_headers.started request=<Request [b'HEAD']>
2026-03-12 10:28:49  DEBUG     send_request_headers.complete
2026-03-12 10:28:49  DEBUG     send_request_body.started request=<Request [b'HEAD']>
2026-03-12 10:28:49  DEBUG     send_request_body.complete
2026-03-12 10:28:49  DEBUG     receive_response_headers.started request=<Request [b'HEAD']>
2026-03-12 10:28:49  DEBUG     receive_response_headers.complete return_value=(b'HTTP/1.1', 200, b'OK', [(b'Content-Type', b'text/plain; charset=utf-8'), (b'Content-Length', b'15119'), (b'Connection', b'keep-alive'), (b'Date', b'Fri, 29 Aug 2025 10:28:00 GMT'), (b'ETag', b'"b8869617ef8dfd0f04d421cf59b83ca662c363ad"'), (b'X-Powered-By', b'huggingface-moon'), (b'cross-origin-opener-policy', b'same-origin'), (b'Referrer-Policy', b'strict-origin-when-cross-origin'), (b'X-Request-Id', b'Root=1-68b180b0-2c44fee4114328806c9f1031;1bfda5f7-3121-4226-a1e6-bfc61b7768cf'), (b'Access-Control-Allow-Origin', b'https://huggingface.co'), (b'Access-Control-Expose-Headers', b'X-Repo-Commit,X-Request-Id,X-Error-Code,X-Error-Message,X-Total-Count,ETag,Link,Accept-Ranges,Content-Range,X-Linked-Size,X-Linked-ETag,X-Xet-Hash'), (b'X-Repo-Commit', b'5ca5edf5bd017b9919c05d08aebef5e4c7ac3bac'), (b'Accept-Ranges', b'bytes'), (b'Content-Disposition', b'inline; filename*=UTF-8\'\'configuration_florence2.py; filename="configuration_florence2.py";'), (b'Content-Security-Policy', b"default-src 'none'; sandbox"), (b'Vary', b'Origin'), (b'X-Cache', b'Hit from cloudfront'), (b'Via', b'1.1 c4f304e7786da519d49ea9f064843ae4.cloudfront.net (CloudFront)'), (b'X-Amz-Cf-Pop', b'ATL59-P13'), (b'X-Amz-Cf-Id', b'IVEe3lLOqcb-n08PxnOJHYqWowvydEaBK1IoSwsSwvf_0yMWQzYtKQ=='), (b'Age', b'16862449')])
2026-03-12 10:28:49  INFO      HTTP Request: HEAD https://huggingface.co/api/resolve-cache/models/microsoft/Florence-2-base/5ca5edf5bd017b9919c05d08aebef5e4c7ac3bac/configuration_florence2.py "HTTP/1.1 200 OK"
2026-03-12 10:28:49  DEBUG     receive_response_body.started request=<Request [b'HEAD']>
2026-03-12 10:28:49  DEBUG     receive_response_body.complete
2026-03-12 10:28:49  DEBUG     response_closed.started
2026-03-12 10:28:49  DEBUG     response_closed.complete
2026-03-12 10:28:49  DEBUG     send_request_headers.started request=<Request [b'HEAD']>
2026-03-12 10:28:49  DEBUG     send_request_headers.complete
2026-03-12 10:28:49  DEBUG     send_request_body.started request=<Request [b'HEAD']>
2026-03-12 10:28:49  DEBUG     send_request_body.complete
2026-03-12 10:28:49  DEBUG     receive_response_headers.started request=<Request [b'HEAD']>
2026-03-12 10:28:50  DEBUG     receive_response_headers.complete return_value=(b'HTTP/1.1', 307, b'Temporary Redirect', [(b'Content-Type', b'text/plain; charset=utf-8'), (b'Content-Length', b'274'), (b'Connection', b'keep-alive'), (b'Date', b'Thu, 12 Mar 2026 14:28:50 GMT'), (b'Location', b'/api/resolve-cache/models/microsoft/Florence-2-base/5ca5edf5bd017b9919c05d08aebef5e4c7ac3bac/modeling_florence2.py?%2Fmicrosoft%2FFlorence-2-base%2Fresolve%2Fmain%2Fmodeling_florence2.py=&etag=%2290208540137fcf518aa92186e58ac964213c6420%22'), (b'X-Powered-By', b'huggingface-moon'), (b'X-Request-Id', b'Root=1-69b2cda2-0d19f0563f4324af6bbff861;524f7a07-e00e-4027-9d2e-68a1c3907e4b'), (b'RateLimit', b'"resolvers";r=2980;t=234'), (b'RateLimit-Policy', b'"fixed window";"resolvers";q=3000;w=300'), (b'cross-origin-opener-policy', b'same-origin'), (b'Referrer-Policy', b'strict-origin-when-cross-origin'), (b'Access-Control-Max-Age', b'86400'), (b'Access-Control-Allow-Origin', b'https://huggingface.co'), (b'Vary', b'Origin, Accept'), (b'Access-Control-Expose-Headers', b'X-Repo-Commit,X-Request-Id,X-Error-Code,X-Error-Message,X-Total-Count,ETag,Link,Accept-Ranges,Content-Range,X-Linked-Size,X-Linked-ETag,X-Xet-Hash'), (b'X-Repo-Commit', b'5ca5edf5bd017b9919c05d08aebef5e4c7ac3bac'), (b'Accept-Ranges', b'bytes'), (b'X-Hub-Cache', b'HIT'), (b'Content-Disposition', b'inline; filename*=UTF-8\'\'modeling_florence2.py; filename="modeling_florence2.py";'), (b'Content-Security-Policy', b"default-src 'none'; sandbox"), (b'X-Linked-ETag', b'"90208540137fcf518aa92186e58ac964213c6420"'), (b'X-Cache', b'Miss from cloudfront'), (b'Via', b'1.1 c4f304e7786da519d49ea9f064843ae4.cloudfront.net (CloudFront)'), (b'X-Amz-Cf-Pop', b'ATL59-P13'), (b'X-Amz-Cf-Id', b'ExFJGcFeq5ZqxkA8XIWXNfvAUqD4DABBMpeX3iM4DTrU7jFLijAaHg==')])
2026-03-12 10:28:50  INFO      HTTP Request: HEAD https://huggingface.co/microsoft/Florence-2-base/resolve/main/modeling_florence2.py "HTTP/1.1 307 Temporary Redirect"
2026-03-12 10:28:50  DEBUG     receive_response_body.started request=<Request [b'HEAD']>
2026-03-12 10:28:50  DEBUG     receive_response_body.complete
2026-03-12 10:28:50  DEBUG     response_closed.started
2026-03-12 10:28:50  DEBUG     response_closed.complete
2026-03-12 10:28:50  DEBUG     send_request_headers.started request=<Request [b'HEAD']>
2026-03-12 10:28:50  DEBUG     send_request_headers.complete
2026-03-12 10:28:50  DEBUG     send_request_body.started request=<Request [b'HEAD']>
2026-03-12 10:28:50  DEBUG     send_request_body.complete
2026-03-12 10:28:50  DEBUG     receive_response_headers.started request=<Request [b'HEAD']>
2026-03-12 10:28:50  DEBUG     receive_response_headers.complete return_value=(b'HTTP/1.1', 200, b'OK', [(b'Content-Type', b'text/plain; charset=utf-8'), (b'Content-Length', b'127455'), (b'Connection', b'keep-alive'), (b'Date', b'Wed, 19 Nov 2025 08:12:19 GMT'), (b'ETag', b'"90208540137fcf518aa92186e58ac964213c6420"'), (b'X-Powered-By', b'huggingface-moon'), (b'X-Request-Id', b'Root=1-691d7be3-146ffe9163c907c9448807a2;2c1f7b86-092c-45f3-894a-42ec9d831910'), (b'RateLimit', b'"resolvers";r=2104;t=49'), (b'RateLimit-Policy', b'"fixed window";"resolvers";q=3000;w=300'), (b'cross-origin-opener-policy', b'same-origin'), (b'Referrer-Policy', b'strict-origin-when-cross-origin'), (b'Access-Control-Max-Age', b'86400'), (b'Access-Control-Allow-Origin', b'https://huggingface.co'), (b'Access-Control-Expose-Headers', b'X-Repo-Commit,X-Request-Id,X-Error-Code,X-Error-Message,X-Total-Count,ETag,Link,Accept-Ranges,Content-Range,X-Linked-Size,X-Linked-ETag,X-Xet-Hash'), (b'X-Repo-Commit', b'5ca5edf5bd017b9919c05d08aebef5e4c7ac3bac'), (b'Accept-Ranges', b'bytes'), (b'Content-Disposition', b'inline; filename*=UTF-8\'\'modeling_florence2.py; filename="modeling_florence2.py";'), (b'Content-Security-Policy', b"default-src 'none'; sandbox"), (b'Vary', b'Origin'), (b'X-Cache', b'Hit from cloudfront'), (b'Via', b'1.1 c4f304e7786da519d49ea9f064843ae4.cloudfront.net (CloudFront)'), (b'X-Amz-Cf-Pop', b'ATL59-P13'), (b'X-Amz-Cf-Id', b'ATKf3Yjk1ecQlTTfHExJKfQF2zRoj9VSoKo4XGgGsgEBstlEIkjp3Q=='), (b'Age', b'9785791')])
2026-03-12 10:28:50  INFO      HTTP Request: HEAD https://huggingface.co/api/resolve-cache/models/microsoft/Florence-2-base/5ca5edf5bd017b9919c05d08aebef5e4c7ac3bac/modeling_florence2.py "HTTP/1.1 200 OK"
2026-03-12 10:28:50  DEBUG     receive_response_body.started request=<Request [b'HEAD']>
2026-03-12 10:28:50  DEBUG     receive_response_body.complete
2026-03-12 10:28:50  DEBUG     response_closed.started
2026-03-12 10:28:50  DEBUG     response_closed.complete
2026-03-12 10:28:50  ERROR     Failed to load AI model: Tensor.item() cannot be called on meta tensors
Traceback (most recent call last):
  File "/Users/ben/Dev/imgtagplus/imgtagplus/app.py", line 146, in run
    tagger = FlorenceTagger(model_id=hf_model_id, model_dir=args.model_dir)
  File "/Users/ben/Dev/imgtagplus/imgtagplus/vlm.py", line 116, in __init__
    self.model = AutoModelForCausalLM.from_pretrained(
                 ~~~~~~~~~~~~~~~~~~~~~~~~~~~~~~~~~~~~^
        self._model_id,
        ^^^^^^^^^^^^^^^
    ...<4 lines>...
        cache_dir=str(self._model_dir)
        ^^^^^^^^^^^^^^^^^^^^^^^^^^^^^^
    ).to(self.device)
    ^
  File "/Users/ben/Dev/imgtagplus/.venv/lib/python3.14/site-packages/transformers/models/auto/auto_factory.py", line 367, in from_pretrained
    return model_class.from_pretrained(
           ~~~~~~~~~~~~~~~~~~~~~~~~~~~^
        pretrained_model_name_or_path, *model_args, config=config, **hub_kwargs, **kwargs
        ^^^^^^^^^^^^^^^^^^^^^^^^^^^^^^^^^^^^^^^^^^^^^^^^^^^^^^^^^^^^^^^^^^^^^^^^^^^^^^^^^
    )
    ^
  File "/Users/ben/Dev/imgtagplus/.venv/lib/python3.14/site-packages/transformers/modeling_utils.py", line 4094, in from_pretrained
    model = cls(config, *model_args, **model_kwargs)
  File "/Users/ben/.cache/imgtagplus/modules/transformers_modules/microsoft/Florence_hyphen_2_hyphen_base/5ca5edf5bd017b9919c05d08aebef5e4c7ac3bac/modeling_florence2.py", line 2537, in __init__
    self.vision_tower = DaViT.from_config(config=config.vision_config)
                        ~~~~~~~~~~~~~~~~~^^^^^^^^^^^^^^^^^^^^^^^^^^^^^
  File "/Users/ben/.cache/imgtagplus/modules/transformers_modules/microsoft/Florence_hyphen_2_hyphen_base/5ca5edf5bd017b9919c05d08aebef5e4c7ac3bac/modeling_florence2.py", line 650, in from_config
    return cls(
        depths=config.depths,
    ...<8 lines>...
        window_size=config.window_size,
    )
  File "/Users/ben/.cache/imgtagplus/modules/transformers_modules/microsoft/Florence_hyphen_2_hyphen_base/5ca5edf5bd017b9919c05d08aebef5e4c7ac3bac/modeling_florence2.py", line 557, in __init__
    dpr = [x.item() for x in torch.linspace(0, drop_path_rate, sum(depths)*2)]
           ~~~~~~^^
  File "/Users/ben/Dev/imgtagplus/.venv/lib/python3.14/site-packages/torch/utils/_device.py", line 109, in __torch_function__
    return func(*args, **kwargs)
  File "/Users/ben/Dev/imgtagplus/.venv/lib/python3.14/site-packages/torch/_meta_registrations.py", line 7779, in meta_local_scalar_dense
    raise RuntimeError("Tensor.item() cannot be called on meta tensors")
RuntimeError: Tensor.item() cannot be called on meta tensors
