2026-03-12 10:34:48  INFO      Model       : florence-2-base (microsoft/Florence-2-base)
2026-03-12 10:34:48  INFO      Recursive   : True
2026-03-12 10:34:48  INFO      Max tags    : 20
2026-03-12 10:34:48  INFO      Silent      : True
2026-03-12 10:34:48  INFO      Continue err: True
2026-03-12 10:34:48  INFO      Log file    : /Users/ben/Dev/imgtagplus/imgtagplus_20260312_103448.log
2026-03-12 10:34:48  INFO      Found 4 image(s) scanning /Users/ben/Dev/imgtagplus/sandbox (recursively)
2026-03-12 10:34:48  INFO      Images to process: 4
2026-03-12 10:34:48  INFO      Resolved florence-2-base to Hugging Face ID: microsoft/Florence-2-base
2026-03-12 10:34:49  INFO      GPU environment detected. Loading native microsoft/Florence-2-base on mps with eager attention...
2026-03-12 10:34:49  DEBUG     Starting new HTTPS connection (1): huggingface.co:443
2026-03-12 10:34:49  DEBUG     https://huggingface.co:443 "HEAD /microsoft/Florence-2-base/resolve/main/processor_config.json HTTP/1.1" 404 0
2026-03-12 10:34:49  DEBUG     https://huggingface.co:443 "HEAD /microsoft/Florence-2-base/resolve/main/preprocessor_config.json HTTP/1.1" 307 0
2026-03-12 10:34:49  DEBUG     https://huggingface.co:443 "HEAD /api/resolve-cache/models/microsoft/Florence-2-base/5ca5edf5bd017b9919c05d08aebef5e4c7ac3bac/preprocessor_config.json HTTP/1.1" 200 0
2026-03-12 10:34:50  DEBUG     https://huggingface.co:443 "HEAD /microsoft/Florence-2-base/resolve/main/preprocessor_config.json HTTP/1.1" 307 0
2026-03-12 10:34:50  DEBUG     https://huggingface.co:443 "HEAD /api/resolve-cache/models/microsoft/Florence-2-base/5ca5edf5bd017b9919c05d08aebef5e4c7ac3bac/preprocessor_config.json HTTP/1.1" 200 0
2026-03-12 10:34:50  DEBUG     https://huggingface.co:443 "HEAD /microsoft/Florence-2-base/resolve/main/processor_config.json HTTP/1.1" 404 0
2026-03-12 10:34:50  DEBUG     https://huggingface.co:443 "HEAD /microsoft/Florence-2-base/resolve/main/processing_florence2.py HTTP/1.1" 307 0
2026-03-12 10:34:50  DEBUG     https://huggingface.co:443 "HEAD /api/resolve-cache/models/microsoft/Florence-2-base/5ca5edf5bd017b9919c05d08aebef5e4c7ac3bac/processing_florence2.py HTTP/1.1" 200 0
2026-03-12 10:34:50  DEBUG     https://huggingface.co:443 "HEAD /microsoft/Florence-2-base/resolve/main/preprocessor_config.json HTTP/1.1" 307 0
2026-03-12 10:34:50  DEBUG     https://huggingface.co:443 "HEAD /api/resolve-cache/models/microsoft/Florence-2-base/5ca5edf5bd017b9919c05d08aebef5e4c7ac3bac/preprocessor_config.json HTTP/1.1" 200 0
2026-03-12 10:34:50  DEBUG     https://huggingface.co:443 "HEAD /microsoft/Florence-2-base/resolve/main/processor_config.json HTTP/1.1" 404 0
2026-03-12 10:34:50  DEBUG     https://huggingface.co:443 "HEAD /microsoft/Florence-2-base/resolve/main/tokenizer_config.json HTTP/1.1" 307 0
2026-03-12 10:34:50  DEBUG     https://huggingface.co:443 "HEAD /api/resolve-cache/models/microsoft/Florence-2-base/5ca5edf5bd017b9919c05d08aebef5e4c7ac3bac/tokenizer_config.json HTTP/1.1" 200 0
2026-03-12 10:34:50  DEBUG     https://huggingface.co:443 "GET /api/models/microsoft/Florence-2-base/tree/main/additional_chat_templates?recursive=False&expand=False HTTP/1.1" 404 64
2026-03-12 10:34:50  DEBUG     https://huggingface.co:443 "GET /api/models/microsoft/Florence-2-base/tree/main?recursive=True&expand=False HTTP/1.1" 200 None
2026-03-12 10:34:50  DEBUG     https://huggingface.co:443 "HEAD /microsoft/Florence-2-base/resolve/main/configuration_florence2.py HTTP/1.1" 307 0
2026-03-12 10:34:50  DEBUG     https://huggingface.co:443 "HEAD /api/resolve-cache/models/microsoft/Florence-2-base/5ca5edf5bd017b9919c05d08aebef5e4c7ac3bac/configuration_florence2.py HTTP/1.1" 200 0
2026-03-12 10:34:50  DEBUG     https://huggingface.co:443 "GET /api/models/microsoft/Florence-2-base/tree/main/additional_chat_templates?recursive=False&expand=False HTTP/1.1" 404 64
2026-03-12 10:34:51  DEBUG     https://huggingface.co:443 "HEAD /microsoft/Florence-2-base/resolve/main/processor_config.json HTTP/1.1" 404 0
2026-03-12 10:34:51  DEBUG     https://huggingface.co:443 "HEAD /microsoft/Florence-2-base/resolve/main/chat_template.json HTTP/1.1" 404 0
2026-03-12 10:34:51  DEBUG     https://huggingface.co:443 "HEAD /microsoft/Florence-2-base/resolve/main/chat_template.jinja HTTP/1.1" 404 0
2026-03-12 10:34:51  DEBUG     https://huggingface.co:443 "HEAD /microsoft/Florence-2-base/resolve/main/audio_tokenizer_config.json HTTP/1.1" 404 0
2026-03-12 10:34:51  DEBUG     https://huggingface.co:443 "HEAD /microsoft/Florence-2-base/resolve/main/config.json HTTP/1.1" 307 0
2026-03-12 10:34:51  DEBUG     https://huggingface.co:443 "HEAD /api/resolve-cache/models/microsoft/Florence-2-base/5ca5edf5bd017b9919c05d08aebef5e4c7ac3bac/config.json HTTP/1.1" 200 0
2026-03-12 10:34:51  DEBUG     https://huggingface.co:443 "HEAD /microsoft/Florence-2-base/resolve/main/configuration_florence2.py HTTP/1.1" 307 0
2026-03-12 10:34:51  DEBUG     https://huggingface.co:443 "HEAD /api/resolve-cache/models/microsoft/Florence-2-base/5ca5edf5bd017b9919c05d08aebef5e4c7ac3bac/configuration_florence2.py HTTP/1.1" 200 0
2026-03-12 10:34:51  DEBUG     https://huggingface.co:443 "HEAD /microsoft/Florence-2-base/resolve/main/modeling_florence2.py HTTP/1.1" 307 0
2026-03-12 10:34:51  DEBUG     https://huggingface.co:443 "HEAD /api/resolve-cache/models/microsoft/Florence-2-base/5ca5edf5bd017b9919c05d08aebef5e4c7ac3bac/modeling_florence2.py HTTP/1.1" 200 0
2026-03-12 10:34:52  DEBUG     https://huggingface.co:443 "HEAD /microsoft/Florence-2-base/resolve/main/generation_config.json HTTP/1.1" 404 0
2026-03-12 10:34:52  DEBUG     https://huggingface.co:443 "HEAD /microsoft/Florence-2-base/resolve/main/custom_generate/generate.py HTTP/1.1" 404 0
2026-03-12 10:34:52  INFO      [1/4] Tagging: /Users/ben/Dev/imgtagplus/sandbox/pexels-connorscottmcmanus-12797153.jpg
2026-03-12 10:35:08  INFO        -> 20 tag(s): view, charleston, south, carolina, from, top, building, can, see, many …
2026-03-12 10:35:08  INFO      [2/4] Tagging: /Users/ben/Dev/imgtagplus/sandbox/pexels-connorscottmcmanus-12797165.jpg
2026-03-12 10:35:10  INFO        -> 17 tag(s): view, city, from, top, building, many, buildings, trees, foreground, tower …
2026-03-12 10:35:10  INFO      [3/4] Tagging: /Users/ben/Dev/imgtagplus/sandbox/pexels-david-martin-jr-291182065-13185335.jpg
2026-03-12 10:35:12  INFO        -> 20 tag(s): aerial, view, erasmus, bridge, rotterdam, netherlands, can, see, spanning, water …
2026-03-12 10:35:12  INFO      [4/4] Tagging: /Users/ben/Dev/imgtagplus/sandbox/pexels-david-martin-jr-291182065-13185339.jpg
2026-03-12 10:35:15  INFO        -> 20 tag(s): erasmus, bridge, rotterdam, netherlands, sunset, sky, beautiful, mix, oranges, pinks …
